[0.025s] Invoking command in '/home/bluerov/ROS-Humble-BlueRov2-Driver/build/tritech_micron_interfaces': CMAKE_PREFIX_PATH=${CMAKE_PREFIX_PATH}:/home/bluerov/ROS-Humble-BlueRov2-Driver/install/tritech_micron:/home/bluerov/ROS-Humble-BlueRov2-Driver/install/bluerov2_controller:/opt/ros/humble /usr/bin/cmake --build /home/bluerov/ROS-Humble-BlueRov2-Driver/build/tritech_micron_interfaces -- -j8 -l8
[0.121s] [  3%] Built target tritech_micron_interfaces__cpp
[0.123s] [ 12%] Built target tritech_micron_interfaces__rosidl_generator_c
[0.157s] [ 12%] Built target ament_cmake_python_copy_tritech_micron_interfaces
[0.179s] [ 22%] Built target tritech_micron_interfaces__rosidl_typesupport_fastrtps_cpp
[0.187s] [ 32%] Built target tritech_micron_interfaces__rosidl_typesupport_cpp
[0.214s] [ 41%] Built target tritech_micron_interfaces__rosidl_typesupport_introspection_cpp
[0.226s] [ 51%] Built target tritech_micron_interfaces__rosidl_typesupport_fastrtps_c
[0.228s] [ 61%] Built target tritech_micron_interfaces__rosidl_typesupport_introspection_c
[0.229s] [ 70%] Built target tritech_micron_interfaces__rosidl_typesupport_c
[0.276s] [ 70%] Built target tritech_micron_interfaces
[0.319s] [ 74%] Built target tritech_micron_interfaces__py
[0.369s] [ 80%] Built target tritech_micron_interfaces__rosidl_generator_py
[0.427s] [ 96%] Built target tritech_micron_interfaces__rosidl_typesupport_c__pyext
[0.428s] [ 96%] Built target tritech_micron_interfaces__rosidl_typesupport_introspection_c__pyext
[0.429s] [100%] Built target tritech_micron_interfaces__rosidl_typesupport_fastrtps_c__pyext
[0.607s] running egg_info
[0.608s] writing tritech_micron_interfaces.egg-info/PKG-INFO
[0.609s] writing dependency_links to tritech_micron_interfaces.egg-info/dependency_links.txt
[0.609s] writing top-level names to tritech_micron_interfaces.egg-info/top_level.txt
[0.612s] reading manifest file 'tritech_micron_interfaces.egg-info/SOURCES.txt'
[0.613s] writing manifest file 'tritech_micron_interfaces.egg-info/SOURCES.txt'
[0.669s] [100%] Built target ament_cmake_python_build_tritech_micron_interfaces_egg
[0.691s] Invoked command in '/home/bluerov/ROS-Humble-BlueRov2-Driver/build/tritech_micron_interfaces' returned '0': CMAKE_PREFIX_PATH=${CMAKE_PREFIX_PATH}:/home/bluerov/ROS-Humble-BlueRov2-Driver/install/tritech_micron:/home/bluerov/ROS-Humble-BlueRov2-Driver/install/bluerov2_controller:/opt/ros/humble /usr/bin/cmake --build /home/bluerov/ROS-Humble-BlueRov2-Driver/build/tritech_micron_interfaces -- -j8 -l8
[0.831s] Invoking command in '/home/bluerov/ROS-Humble-BlueRov2-Driver/build/tritech_micron_interfaces': CMAKE_PREFIX_PATH=${CMAKE_PREFIX_PATH}:/home/bluerov/ROS-Humble-BlueRov2-Driver/install/tritech_micron:/home/bluerov/ROS-Humble-BlueRov2-Driver/install/bluerov2_controller:/opt/ros/humble /usr/bin/cmake --install /home/bluerov/ROS-Humble-BlueRov2-Driver/build/tritech_micron_interfaces
[0.849s] -- Install configuration: ""
[0.849s] -- Up-to-date: /home/bluerov/ROS-Humble-BlueRov2-Driver/install/tritech_micron_interfaces/share/ament_index/resource_index/rosidl_interfaces/tritech_micron_interfaces
[0.849s] -- Up-to-date: /home/bluerov/ROS-Humble-BlueRov2-Driver/install/tritech_micron_interfaces/include/tritech_micron_interfaces/tritech_micron_interfaces
[0.849s] -- Up-to-date: /home/bluerov/ROS-Humble-BlueRov2-Driver/install/tritech_micron_interfaces/include/tritech_micron_interfaces/tritech_micron_interfaces/msg
[0.850s] -- Up-to-date: /home/bluerov/ROS-Humble-BlueRov2-Driver/install/tritech_micron_interfaces/include/tritech_micron_interfaces/tritech_micron_interfaces/msg/rosidl_generator_c__visibility_control.h
[0.850s] -- Up-to-date: /home/bluerov/ROS-Humble-BlueRov2-Driver/install/tritech_micron_interfaces/include/tritech_micron_interfaces/tritech_micron_interfaces/msg/tritech_micron_config.h
[0.850s] -- Up-to-date: /home/bluerov/ROS-Humble-BlueRov2-Driver/install/tritech_micron_interfaces/include/tritech_micron_interfaces/tritech_micron_interfaces/msg/detail
[0.850s] -- Up-to-date: /home/bluerov/ROS-Humble-BlueRov2-Driver/install/tritech_micron_interfaces/include/tritech_micron_interfaces/tritech_micron_interfaces/msg/detail/tritech_micron_config__functions.h
[0.851s] -- Up-to-date: /home/bluerov/ROS-Humble-BlueRov2-Driver/install/tritech_micron_interfaces/include/tritech_micron_interfaces/tritech_micron_interfaces/msg/detail/tritech_micron_config__type_support.h
[0.851s] -- Up-to-date: /home/bluerov/ROS-Humble-BlueRov2-Driver/install/tritech_micron_interfaces/include/tritech_micron_interfaces/tritech_micron_interfaces/msg/detail/tritech_micron_config__functions.c
[0.851s] -- Up-to-date: /home/bluerov/ROS-Humble-BlueRov2-Driver/install/tritech_micron_interfaces/include/tritech_micron_interfaces/tritech_micron_interfaces/msg/detail/tritech_micron_config__struct.h
[0.851s] -- Up-to-date: /home/bluerov/ROS-Humble-BlueRov2-Driver/install/tritech_micron_interfaces/share/tritech_micron_interfaces/environment/library_path.sh
[0.852s] -- Up-to-date: /home/bluerov/ROS-Humble-BlueRov2-Driver/install/tritech_micron_interfaces/share/tritech_micron_interfaces/environment/library_path.dsv
[0.852s] -- Up-to-date: /home/bluerov/ROS-Humble-BlueRov2-Driver/install/tritech_micron_interfaces/lib/libtritech_micron_interfaces__rosidl_generator_c.so
[0.852s] -- Up-to-date: /home/bluerov/ROS-Humble-BlueRov2-Driver/install/tritech_micron_interfaces/include/tritech_micron_interfaces/tritech_micron_interfaces
[0.853s] -- Up-to-date: /home/bluerov/ROS-Humble-BlueRov2-Driver/install/tritech_micron_interfaces/include/tritech_micron_interfaces/tritech_micron_interfaces/msg
[0.853s] -- Up-to-date: /home/bluerov/ROS-Humble-BlueRov2-Driver/install/tritech_micron_interfaces/include/tritech_micron_interfaces/tritech_micron_interfaces/msg/rosidl_typesupport_fastrtps_c__visibility_control.h
[0.853s] -- Up-to-date: /home/bluerov/ROS-Humble-BlueRov2-Driver/install/tritech_micron_interfaces/include/tritech_micron_interfaces/tritech_micron_interfaces/msg/detail
[0.853s] -- Up-to-date: /home/bluerov/ROS-Humble-BlueRov2-Driver/install/tritech_micron_interfaces/include/tritech_micron_interfaces/tritech_micron_interfaces/msg/detail/tritech_micron_config__rosidl_typesupport_fastrtps_c.h
[0.853s] -- Up-to-date: /home/bluerov/ROS-Humble-BlueRov2-Driver/install/tritech_micron_interfaces/lib/libtritech_micron_interfaces__rosidl_typesupport_fastrtps_c.so
[0.853s] -- Up-to-date: /home/bluerov/ROS-Humble-BlueRov2-Driver/install/tritech_micron_interfaces/include/tritech_micron_interfaces/tritech_micron_interfaces
[0.854s] -- Up-to-date: /home/bluerov/ROS-Humble-BlueRov2-Driver/install/tritech_micron_interfaces/include/tritech_micron_interfaces/tritech_micron_interfaces/msg
[0.854s] -- Up-to-date: /home/bluerov/ROS-Humble-BlueRov2-Driver/install/tritech_micron_interfaces/include/tritech_micron_interfaces/tritech_micron_interfaces/msg/rosidl_typesupport_introspection_c__visibility_control.h
[0.854s] -- Up-to-date: /home/bluerov/ROS-Humble-BlueRov2-Driver/install/tritech_micron_interfaces/include/tritech_micron_interfaces/tritech_micron_interfaces/msg/detail
[0.854s] -- Up-to-date: /home/bluerov/ROS-Humble-BlueRov2-Driver/install/tritech_micron_interfaces/include/tritech_micron_interfaces/tritech_micron_interfaces/msg/detail/tritech_micron_config__type_support.c
[0.854s] -- Up-to-date: /home/bluerov/ROS-Humble-BlueRov2-Driver/install/tritech_micron_interfaces/include/tritech_micron_interfaces/tritech_micron_interfaces/msg/detail/tritech_micron_config__rosidl_typesupport_introspection_c.h
[0.854s] -- Up-to-date: /home/bluerov/ROS-Humble-BlueRov2-Driver/install/tritech_micron_interfaces/lib/libtritech_micron_interfaces__rosidl_typesupport_introspection_c.so
[0.855s] -- Up-to-date: /home/bluerov/ROS-Humble-BlueRov2-Driver/install/tritech_micron_interfaces/lib/libtritech_micron_interfaces__rosidl_typesupport_c.so
[0.855s] -- Up-to-date: /home/bluerov/ROS-Humble-BlueRov2-Driver/install/tritech_micron_interfaces/include/tritech_micron_interfaces/tritech_micron_interfaces
[0.855s] -- Up-to-date: /home/bluerov/ROS-Humble-BlueRov2-Driver/install/tritech_micron_interfaces/include/tritech_micron_interfaces/tritech_micron_interfaces/msg
[0.856s] -- Up-to-date: /home/bluerov/ROS-Humble-BlueRov2-Driver/install/tritech_micron_interfaces/include/tritech_micron_interfaces/tritech_micron_interfaces/msg/tritech_micron_config.hpp
[0.856s] -- Up-to-date: /home/bluerov/ROS-Humble-BlueRov2-Driver/install/tritech_micron_interfaces/include/tritech_micron_interfaces/tritech_micron_interfaces/msg/detail
[0.856s] -- Up-to-date: /home/bluerov/ROS-Humble-BlueRov2-Driver/install/tritech_micron_interfaces/include/tritech_micron_interfaces/tritech_micron_interfaces/msg/detail/tritech_micron_config__builder.hpp
[0.857s] -- Up-to-date: /home/bluerov/ROS-Humble-BlueRov2-Driver/install/tritech_micron_interfaces/include/tritech_micron_interfaces/tritech_micron_interfaces/msg/detail/tritech_micron_config__traits.hpp
[0.857s] -- Up-to-date: /home/bluerov/ROS-Humble-BlueRov2-Driver/install/tritech_micron_interfaces/include/tritech_micron_interfaces/tritech_micron_interfaces/msg/detail/tritech_micron_config__struct.hpp
[0.857s] -- Up-to-date: /home/bluerov/ROS-Humble-BlueRov2-Driver/install/tritech_micron_interfaces/include/tritech_micron_interfaces/tritech_micron_interfaces
[0.857s] -- Up-to-date: /home/bluerov/ROS-Humble-BlueRov2-Driver/install/tritech_micron_interfaces/include/tritech_micron_interfaces/tritech_micron_interfaces/msg
[0.857s] -- Up-to-date: /home/bluerov/ROS-Humble-BlueRov2-Driver/install/tritech_micron_interfaces/include/tritech_micron_interfaces/tritech_micron_interfaces/msg/rosidl_typesupport_fastrtps_cpp__visibility_control.h
[0.858s] -- Up-to-date: /home/bluerov/ROS-Humble-BlueRov2-Driver/install/tritech_micron_interfaces/include/tritech_micron_interfaces/tritech_micron_interfaces/msg/detail
[0.858s] -- Up-to-date: /home/bluerov/ROS-Humble-BlueRov2-Driver/install/tritech_micron_interfaces/include/tritech_micron_interfaces/tritech_micron_interfaces/msg/detail/dds_fastrtps
[0.858s] -- Up-to-date: /home/bluerov/ROS-Humble-BlueRov2-Driver/install/tritech_micron_interfaces/include/tritech_micron_interfaces/tritech_micron_interfaces/msg/detail/tritech_micron_config__rosidl_typesupport_fastrtps_cpp.hpp
[0.858s] -- Up-to-date: /home/bluerov/ROS-Humble-BlueRov2-Driver/install/tritech_micron_interfaces/lib/libtritech_micron_interfaces__rosidl_typesupport_fastrtps_cpp.so
[0.858s] -- Up-to-date: /home/bluerov/ROS-Humble-BlueRov2-Driver/install/tritech_micron_interfaces/include/tritech_micron_interfaces/tritech_micron_interfaces
[0.859s] -- Up-to-date: /home/bluerov/ROS-Humble-BlueRov2-Driver/install/tritech_micron_interfaces/include/tritech_micron_interfaces/tritech_micron_interfaces/msg
[0.859s] -- Up-to-date: /home/bluerov/ROS-Humble-BlueRov2-Driver/install/tritech_micron_interfaces/include/tritech_micron_interfaces/tritech_micron_interfaces/msg/detail
[0.859s] -- Up-to-date: /home/bluerov/ROS-Humble-BlueRov2-Driver/install/tritech_micron_interfaces/include/tritech_micron_interfaces/tritech_micron_interfaces/msg/detail/tritech_micron_config__rosidl_typesupport_introspection_cpp.hpp
[0.859s] -- Up-to-date: /home/bluerov/ROS-Humble-BlueRov2-Driver/install/tritech_micron_interfaces/include/tritech_micron_interfaces/tritech_micron_interfaces/msg/detail/tritech_micron_config__type_support.cpp
[0.859s] -- Up-to-date: /home/bluerov/ROS-Humble-BlueRov2-Driver/install/tritech_micron_interfaces/lib/libtritech_micron_interfaces__rosidl_typesupport_introspection_cpp.so
[0.859s] -- Up-to-date: /home/bluerov/ROS-Humble-BlueRov2-Driver/install/tritech_micron_interfaces/lib/libtritech_micron_interfaces__rosidl_typesupport_cpp.so
[0.860s] -- Up-to-date: /home/bluerov/ROS-Humble-BlueRov2-Driver/install/tritech_micron_interfaces/share/tritech_micron_interfaces/environment/pythonpath.sh
[0.860s] -- Up-to-date: /home/bluerov/ROS-Humble-BlueRov2-Driver/install/tritech_micron_interfaces/share/tritech_micron_interfaces/environment/pythonpath.dsv
[0.860s] -- Up-to-date: /home/bluerov/ROS-Humble-BlueRov2-Driver/install/tritech_micron_interfaces/local/lib/python3.10/dist-packages/tritech_micron_interfaces-0.0.0-py3.10.egg-info
[0.860s] -- Installing: /home/bluerov/ROS-Humble-BlueRov2-Driver/install/tritech_micron_interfaces/local/lib/python3.10/dist-packages/tritech_micron_interfaces-0.0.0-py3.10.egg-info/SOURCES.txt
[0.861s] -- Installing: /home/bluerov/ROS-Humble-BlueRov2-Driver/install/tritech_micron_interfaces/local/lib/python3.10/dist-packages/tritech_micron_interfaces-0.0.0-py3.10.egg-info/PKG-INFO
[0.861s] -- Installing: /home/bluerov/ROS-Humble-BlueRov2-Driver/install/tritech_micron_interfaces/local/lib/python3.10/dist-packages/tritech_micron_interfaces-0.0.0-py3.10.egg-info/dependency_links.txt
[0.861s] -- Installing: /home/bluerov/ROS-Humble-BlueRov2-Driver/install/tritech_micron_interfaces/local/lib/python3.10/dist-packages/tritech_micron_interfaces-0.0.0-py3.10.egg-info/top_level.txt
[0.861s] -- Up-to-date: /home/bluerov/ROS-Humble-BlueRov2-Driver/install/tritech_micron_interfaces/local/lib/python3.10/dist-packages/tritech_micron_interfaces
[0.861s] -- Up-to-date: /home/bluerov/ROS-Humble-BlueRov2-Driver/install/tritech_micron_interfaces/local/lib/python3.10/dist-packages/tritech_micron_interfaces/tritech_micron_interfaces_s__rosidl_typesupport_c.cpython-310-x86_64-linux-gnu.so
[0.861s] -- Up-to-date: /home/bluerov/ROS-Humble-BlueRov2-Driver/install/tritech_micron_interfaces/local/lib/python3.10/dist-packages/tritech_micron_interfaces/_tritech_micron_interfaces_s.ep.rosidl_typesupport_c.c
[0.862s] -- Up-to-date: /home/bluerov/ROS-Humble-BlueRov2-Driver/install/tritech_micron_interfaces/local/lib/python3.10/dist-packages/tritech_micron_interfaces/__init__.py
[0.862s] -- Up-to-date: /home/bluerov/ROS-Humble-BlueRov2-Driver/install/tritech_micron_interfaces/local/lib/python3.10/dist-packages/tritech_micron_interfaces/libtritech_micron_interfaces__rosidl_generator_py.so
[0.862s] -- Up-to-date: /home/bluerov/ROS-Humble-BlueRov2-Driver/install/tritech_micron_interfaces/local/lib/python3.10/dist-packages/tritech_micron_interfaces/tritech_micron_interfaces_s__rosidl_typesupport_fastrtps_c.cpython-310-x86_64-linux-gnu.so
[0.862s] -- Up-to-date: /home/bluerov/ROS-Humble-BlueRov2-Driver/install/tritech_micron_interfaces/local/lib/python3.10/dist-packages/tritech_micron_interfaces/msg
[0.862s] -- Up-to-date: /home/bluerov/ROS-Humble-BlueRov2-Driver/install/tritech_micron_interfaces/local/lib/python3.10/dist-packages/tritech_micron_interfaces/msg/_tritech_micron_config.py
[0.862s] -- Up-to-date: /home/bluerov/ROS-Humble-BlueRov2-Driver/install/tritech_micron_interfaces/local/lib/python3.10/dist-packages/tritech_micron_interfaces/msg/__init__.py
[0.863s] -- Up-to-date: /home/bluerov/ROS-Humble-BlueRov2-Driver/install/tritech_micron_interfaces/local/lib/python3.10/dist-packages/tritech_micron_interfaces/msg/_tritech_micron_config_s.c
[0.863s] -- Up-to-date: /home/bluerov/ROS-Humble-BlueRov2-Driver/install/tritech_micron_interfaces/local/lib/python3.10/dist-packages/tritech_micron_interfaces/tritech_micron_interfaces_s__rosidl_typesupport_introspection_c.cpython-310-x86_64-linux-gnu.so
[0.863s] -- Up-to-date: /home/bluerov/ROS-Humble-BlueRov2-Driver/install/tritech_micron_interfaces/local/lib/python3.10/dist-packages/tritech_micron_interfaces/_tritech_micron_interfaces_s.ep.rosidl_typesupport_introspection_c.c
[0.863s] -- Up-to-date: /home/bluerov/ROS-Humble-BlueRov2-Driver/install/tritech_micron_interfaces/local/lib/python3.10/dist-packages/tritech_micron_interfaces/_tritech_micron_interfaces_s.ep.rosidl_typesupport_fastrtps_c.c
[0.915s] Listing '/home/bluerov/ROS-Humble-BlueRov2-Driver/install/tritech_micron_interfaces/local/lib/python3.10/dist-packages/tritech_micron_interfaces'...
[0.916s] Listing '/home/bluerov/ROS-Humble-BlueRov2-Driver/install/tritech_micron_interfaces/local/lib/python3.10/dist-packages/tritech_micron_interfaces/msg'...
[0.926s] -- Up-to-date: /home/bluerov/ROS-Humble-BlueRov2-Driver/install/tritech_micron_interfaces/local/lib/python3.10/dist-packages/tritech_micron_interfaces/tritech_micron_interfaces_s__rosidl_typesupport_fastrtps_c.cpython-310-x86_64-linux-gnu.so
[0.926s] -- Up-to-date: /home/bluerov/ROS-Humble-BlueRov2-Driver/install/tritech_micron_interfaces/local/lib/python3.10/dist-packages/tritech_micron_interfaces/tritech_micron_interfaces_s__rosidl_typesupport_introspection_c.cpython-310-x86_64-linux-gnu.so
[0.926s] -- Up-to-date: /home/bluerov/ROS-Humble-BlueRov2-Driver/install/tritech_micron_interfaces/local/lib/python3.10/dist-packages/tritech_micron_interfaces/tritech_micron_interfaces_s__rosidl_typesupport_c.cpython-310-x86_64-linux-gnu.so
[0.926s] -- Up-to-date: /home/bluerov/ROS-Humble-BlueRov2-Driver/install/tritech_micron_interfaces/lib/libtritech_micron_interfaces__rosidl_generator_py.so
[0.927s] -- Up-to-date: /home/bluerov/ROS-Humble-BlueRov2-Driver/install/tritech_micron_interfaces/share/tritech_micron_interfaces/msg/TritechMicronConfig.idl
[0.927s] -- Up-to-date: /home/bluerov/ROS-Humble-BlueRov2-Driver/install/tritech_micron_interfaces/share/tritech_micron_interfaces/msg/TritechMicronConfig.msg
[0.927s] -- Up-to-date: /home/bluerov/ROS-Humble-BlueRov2-Driver/install/tritech_micron_interfaces/share/ament_index/resource_index/package_run_dependencies/tritech_micron_interfaces
[0.927s] -- Up-to-date: /home/bluerov/ROS-Humble-BlueRov2-Driver/install/tritech_micron_interfaces/share/ament_index/resource_index/parent_prefix_path/tritech_micron_interfaces
[0.931s] -- Up-to-date: /home/bluerov/ROS-Humble-BlueRov2-Driver/install/tritech_micron_interfaces/share/tritech_micron_interfaces/environment/ament_prefix_path.sh
[0.931s] -- Up-to-date: /home/bluerov/ROS-Humble-BlueRov2-Driver/install/tritech_micron_interfaces/share/tritech_micron_interfaces/environment/ament_prefix_path.dsv
[0.932s] -- Up-to-date: /home/bluerov/ROS-Humble-BlueRov2-Driver/install/tritech_micron_interfaces/share/tritech_micron_interfaces/environment/path.sh
[0.934s] -- Up-to-date: /home/bluerov/ROS-Humble-BlueRov2-Driver/install/tritech_micron_interfaces/share/tritech_micron_interfaces/environment/path.dsv
[0.934s] -- Up-to-date: /home/bluerov/ROS-Humble-BlueRov2-Driver/install/tritech_micron_interfaces/share/tritech_micron_interfaces/local_setup.bash
[0.936s] -- Up-to-date: /home/bluerov/ROS-Humble-BlueRov2-Driver/install/tritech_micron_interfaces/share/tritech_micron_interfaces/local_setup.sh
[0.942s] -- Up-to-date: /home/bluerov/ROS-Humble-BlueRov2-Driver/install/tritech_micron_interfaces/share/tritech_micron_interfaces/local_setup.zsh
[0.942s] -- Up-to-date: /home/bluerov/ROS-Humble-BlueRov2-Driver/install/tritech_micron_interfaces/share/tritech_micron_interfaces/local_setup.dsv
[0.942s] -- Installing: /home/bluerov/ROS-Humble-BlueRov2-Driver/install/tritech_micron_interfaces/share/tritech_micron_interfaces/package.dsv
[0.945s] -- Up-to-date: /home/bluerov/ROS-Humble-BlueRov2-Driver/install/tritech_micron_interfaces/share/ament_index/resource_index/packages/tritech_micron_interfaces
[0.945s] -- Up-to-date: /home/bluerov/ROS-Humble-BlueRov2-Driver/install/tritech_micron_interfaces/share/tritech_micron_interfaces/cmake/export_tritech_micron_interfaces__rosidl_generator_cExport.cmake
[0.945s] -- Up-to-date: /home/bluerov/ROS-Humble-BlueRov2-Driver/install/tritech_micron_interfaces/share/tritech_micron_interfaces/cmake/export_tritech_micron_interfaces__rosidl_generator_cExport-noconfig.cmake
[0.950s] -- Up-to-date: /home/bluerov/ROS-Humble-BlueRov2-Driver/install/tritech_micron_interfaces/share/tritech_micron_interfaces/cmake/export_tritech_micron_interfaces__rosidl_typesupport_fastrtps_cExport.cmake
[0.951s] -- Up-to-date: /home/bluerov/ROS-Humble-BlueRov2-Driver/install/tritech_micron_interfaces/share/tritech_micron_interfaces/cmake/export_tritech_micron_interfaces__rosidl_typesupport_fastrtps_cExport-noconfig.cmake
[0.952s] -- Up-to-date: /home/bluerov/ROS-Humble-BlueRov2-Driver/install/tritech_micron_interfaces/share/tritech_micron_interfaces/cmake/tritech_micron_interfaces__rosidl_typesupport_introspection_cExport.cmake
[0.952s] -- Up-to-date: /home/bluerov/ROS-Humble-BlueRov2-Driver/install/tritech_micron_interfaces/share/tritech_micron_interfaces/cmake/tritech_micron_interfaces__rosidl_typesupport_introspection_cExport-noconfig.cmake
[0.952s] -- Up-to-date: /home/bluerov/ROS-Humble-BlueRov2-Driver/install/tritech_micron_interfaces/share/tritech_micron_interfaces/cmake/tritech_micron_interfaces__rosidl_typesupport_cExport.cmake
[0.953s] -- Up-to-date: /home/bluerov/ROS-Humble-BlueRov2-Driver/install/tritech_micron_interfaces/share/tritech_micron_interfaces/cmake/tritech_micron_interfaces__rosidl_typesupport_cExport-noconfig.cmake
[0.953s] -- Up-to-date: /home/bluerov/ROS-Humble-BlueRov2-Driver/install/tritech_micron_interfaces/share/tritech_micron_interfaces/cmake/export_tritech_micron_interfaces__rosidl_generator_cppExport.cmake
[0.953s] -- Up-to-date: /home/bluerov/ROS-Humble-BlueRov2-Driver/install/tritech_micron_interfaces/share/tritech_micron_interfaces/cmake/export_tritech_micron_interfaces__rosidl_typesupport_fastrtps_cppExport.cmake
[0.954s] -- Up-to-date: /home/bluerov/ROS-Humble-BlueRov2-Driver/install/tritech_micron_interfaces/share/tritech_micron_interfaces/cmake/export_tritech_micron_interfaces__rosidl_typesupport_fastrtps_cppExport-noconfig.cmake
[0.954s] -- Up-to-date: /home/bluerov/ROS-Humble-BlueRov2-Driver/install/tritech_micron_interfaces/share/tritech_micron_interfaces/cmake/tritech_micron_interfaces__rosidl_typesupport_introspection_cppExport.cmake
[0.954s] -- Up-to-date: /home/bluerov/ROS-Humble-BlueRov2-Driver/install/tritech_micron_interfaces/share/tritech_micron_interfaces/cmake/tritech_micron_interfaces__rosidl_typesupport_introspection_cppExport-noconfig.cmake
[0.954s] -- Up-to-date: /home/bluerov/ROS-Humble-BlueRov2-Driver/install/tritech_micron_interfaces/share/tritech_micron_interfaces/cmake/tritech_micron_interfaces__rosidl_typesupport_cppExport.cmake
[0.954s] -- Up-to-date: /home/bluerov/ROS-Humble-BlueRov2-Driver/install/tritech_micron_interfaces/share/tritech_micron_interfaces/cmake/tritech_micron_interfaces__rosidl_typesupport_cppExport-noconfig.cmake
[0.954s] -- Up-to-date: /home/bluerov/ROS-Humble-BlueRov2-Driver/install/tritech_micron_interfaces/share/tritech_micron_interfaces/cmake/export_tritech_micron_interfaces__rosidl_generator_pyExport.cmake
[0.955s] -- Up-to-date: /home/bluerov/ROS-Humble-BlueRov2-Driver/install/tritech_micron_interfaces/share/tritech_micron_interfaces/cmake/export_tritech_micron_interfaces__rosidl_generator_pyExport-noconfig.cmake
[0.955s] -- Up-to-date: /home/bluerov/ROS-Humble-BlueRov2-Driver/install/tritech_micron_interfaces/share/tritech_micron_interfaces/cmake/rosidl_cmake-extras.cmake
[0.956s] -- Up-to-date: /home/bluerov/ROS-Humble-BlueRov2-Driver/install/tritech_micron_interfaces/share/tritech_micron_interfaces/cmake/ament_cmake_export_dependencies-extras.cmake
[0.956s] -- Up-to-date: /home/bluerov/ROS-Humble-BlueRov2-Driver/install/tritech_micron_interfaces/share/tritech_micron_interfaces/cmake/ament_cmake_export_include_directories-extras.cmake
[0.957s] -- Up-to-date: /home/bluerov/ROS-Humble-BlueRov2-Driver/install/tritech_micron_interfaces/share/tritech_micron_interfaces/cmake/ament_cmake_export_libraries-extras.cmake
[0.958s] -- Up-to-date: /home/bluerov/ROS-Humble-BlueRov2-Driver/install/tritech_micron_interfaces/share/tritech_micron_interfaces/cmake/ament_cmake_export_targets-extras.cmake
[0.959s] -- Up-to-date: /home/bluerov/ROS-Humble-BlueRov2-Driver/install/tritech_micron_interfaces/share/tritech_micron_interfaces/cmake/rosidl_cmake_export_typesupport_targets-extras.cmake
[0.959s] -- Up-to-date: /home/bluerov/ROS-Humble-BlueRov2-Driver/install/tritech_micron_interfaces/share/tritech_micron_interfaces/cmake/rosidl_cmake_export_typesupport_libraries-extras.cmake
[0.959s] -- Up-to-date: /home/bluerov/ROS-Humble-BlueRov2-Driver/install/tritech_micron_interfaces/share/tritech_micron_interfaces/cmake/tritech_micron_interfacesConfig.cmake
[0.960s] -- Up-to-date: /home/bluerov/ROS-Humble-BlueRov2-Driver/install/tritech_micron_interfaces/share/tritech_micron_interfaces/cmake/tritech_micron_interfacesConfig-version.cmake
[0.960s] -- Up-to-date: /home/bluerov/ROS-Humble-BlueRov2-Driver/install/tritech_micron_interfaces/share/tritech_micron_interfaces/package.xml
[0.974s] Invoked command in '/home/bluerov/ROS-Humble-BlueRov2-Driver/build/tritech_micron_interfaces' returned '0': CMAKE_PREFIX_PATH=${CMAKE_PREFIX_PATH}:/home/bluerov/ROS-Humble-BlueRov2-Driver/install/tritech_micron:/home/bluerov/ROS-Humble-BlueRov2-Driver/install/bluerov2_controller:/opt/ros/humble /usr/bin/cmake --install /home/bluerov/ROS-Humble-BlueRov2-Driver/build/tritech_micron_interfaces
