[0.019s] Invoking command in '/home/bluerov/ROS-Humble-BlueRov2-Driver/build/bluerov2_interfaces': CMAKE_PREFIX_PATH=${CMAKE_PREFIX_PATH}:/home/bluerov/ROS-Humble-BlueRov2-Driver/install/tritech_micron:/home/bluerov/ROS-Humble-BlueRov2-Driver/install/bluerov2_controller:/opt/ros/humble /usr/bin/cmake --build /home/bluerov/ROS-Humble-BlueRov2-Driver/build/bluerov2_interfaces -- -j8 -l8
[0.114s] [  2%] Built target bluerov2_interfaces__cpp
[0.119s] [ 12%] Built target bluerov2_interfaces__rosidl_generator_c
[0.153s] [ 12%] Built target ament_cmake_python_copy_bluerov2_interfaces
[0.181s] [ 23%] Built target bluerov2_interfaces__rosidl_typesupport_fastrtps_cpp
[0.189s] [ 34%] Built target bluerov2_interfaces__rosidl_typesupport_introspection_cpp
[0.195s] [ 44%] Built target bluerov2_interfaces__rosidl_typesupport_fastrtps_c
[0.203s] [ 55%] Built target bluerov2_interfaces__rosidl_typesupport_cpp
[0.208s] [ 65%] Built target bluerov2_interfaces__rosidl_typesupport_c
[0.212s] [ 76%] Built target bluerov2_interfaces__rosidl_typesupport_introspection_c
[0.249s] [ 76%] Built target bluerov2_interfaces
[0.282s] [ 78%] Built target bluerov2_interfaces__py
[0.333s] [ 87%] Built target bluerov2_interfaces__rosidl_generator_py
[0.383s] [ 91%] Built target bluerov2_interfaces__rosidl_typesupport_c__pyext
[0.386s] [ 97%] Built target bluerov2_interfaces__rosidl_typesupport_fastrtps_c__pyext
[0.386s] [100%] Built target bluerov2_interfaces__rosidl_typesupport_introspection_c__pyext
[0.588s] running egg_info
[0.589s] writing bluerov2_interfaces.egg-info/PKG-INFO
[0.589s] writing dependency_links to bluerov2_interfaces.egg-info/dependency_links.txt
[0.590s] writing top-level names to bluerov2_interfaces.egg-info/top_level.txt
[0.593s] reading manifest file 'bluerov2_interfaces.egg-info/SOURCES.txt'
[0.594s] writing manifest file 'bluerov2_interfaces.egg-info/SOURCES.txt'
[0.642s] [100%] Built target ament_cmake_python_build_bluerov2_interfaces_egg
[0.662s] Invoked command in '/home/bluerov/ROS-Humble-BlueRov2-Driver/build/bluerov2_interfaces' returned '0': CMAKE_PREFIX_PATH=${CMAKE_PREFIX_PATH}:/home/bluerov/ROS-Humble-BlueRov2-Driver/install/tritech_micron:/home/bluerov/ROS-Humble-BlueRov2-Driver/install/bluerov2_controller:/opt/ros/humble /usr/bin/cmake --build /home/bluerov/ROS-Humble-BlueRov2-Driver/build/bluerov2_interfaces -- -j8 -l8
[0.838s] Invoking command in '/home/bluerov/ROS-Humble-BlueRov2-Driver/build/bluerov2_interfaces': CMAKE_PREFIX_PATH=${CMAKE_PREFIX_PATH}:/home/bluerov/ROS-Humble-BlueRov2-Driver/install/tritech_micron:/home/bluerov/ROS-Humble-BlueRov2-Driver/install/bluerov2_controller:/opt/ros/humble /usr/bin/cmake --install /home/bluerov/ROS-Humble-BlueRov2-Driver/build/bluerov2_interfaces
[0.853s] -- Install configuration: ""
[0.853s] -- Up-to-date: /home/bluerov/ROS-Humble-BlueRov2-Driver/install/bluerov2_interfaces/share/ament_index/resource_index/rosidl_interfaces/bluerov2_interfaces
[0.853s] -- Up-to-date: /home/bluerov/ROS-Humble-BlueRov2-Driver/install/bluerov2_interfaces/include/bluerov2_interfaces/bluerov2_interfaces
[0.853s] -- Up-to-date: /home/bluerov/ROS-Humble-BlueRov2-Driver/install/bluerov2_interfaces/include/bluerov2_interfaces/bluerov2_interfaces/msg
[0.854s] -- Up-to-date: /home/bluerov/ROS-Humble-BlueRov2-Driver/install/bluerov2_interfaces/include/bluerov2_interfaces/bluerov2_interfaces/msg/bar30.h
[0.854s] -- Up-to-date: /home/bluerov/ROS-Humble-BlueRov2-Driver/install/bluerov2_interfaces/include/bluerov2_interfaces/bluerov2_interfaces/msg/rosidl_generator_c__visibility_control.h
[0.854s] -- Up-to-date: /home/bluerov/ROS-Humble-BlueRov2-Driver/install/bluerov2_interfaces/include/bluerov2_interfaces/bluerov2_interfaces/msg/attitude.h
[0.854s] -- Up-to-date: /home/bluerov/ROS-Humble-BlueRov2-Driver/install/bluerov2_interfaces/include/bluerov2_interfaces/bluerov2_interfaces/msg/detail
[0.855s] -- Up-to-date: /home/bluerov/ROS-Humble-BlueRov2-Driver/install/bluerov2_interfaces/include/bluerov2_interfaces/bluerov2_interfaces/msg/detail/bar30__functions.h
[0.855s] -- Up-to-date: /home/bluerov/ROS-Humble-BlueRov2-Driver/install/bluerov2_interfaces/include/bluerov2_interfaces/bluerov2_interfaces/msg/detail/pid__struct.h
[0.855s] -- Up-to-date: /home/bluerov/ROS-Humble-BlueRov2-Driver/install/bluerov2_interfaces/include/bluerov2_interfaces/bluerov2_interfaces/msg/detail/pid__type_support.h
[0.855s] -- Up-to-date: /home/bluerov/ROS-Humble-BlueRov2-Driver/install/bluerov2_interfaces/include/bluerov2_interfaces/bluerov2_interfaces/msg/detail/pid__functions.h
[0.855s] -- Up-to-date: /home/bluerov/ROS-Humble-BlueRov2-Driver/install/bluerov2_interfaces/include/bluerov2_interfaces/bluerov2_interfaces/msg/detail/pid__functions.c
[0.856s] -- Up-to-date: /home/bluerov/ROS-Humble-BlueRov2-Driver/install/bluerov2_interfaces/include/bluerov2_interfaces/bluerov2_interfaces/msg/detail/attitude__struct.h
[0.856s] -- Up-to-date: /home/bluerov/ROS-Humble-BlueRov2-Driver/install/bluerov2_interfaces/include/bluerov2_interfaces/bluerov2_interfaces/msg/detail/attitude__functions.c
[0.856s] -- Up-to-date: /home/bluerov/ROS-Humble-BlueRov2-Driver/install/bluerov2_interfaces/include/bluerov2_interfaces/bluerov2_interfaces/msg/detail/bar30__struct.h
[0.856s] -- Up-to-date: /home/bluerov/ROS-Humble-BlueRov2-Driver/install/bluerov2_interfaces/include/bluerov2_interfaces/bluerov2_interfaces/msg/detail/bar30__type_support.h
[0.856s] -- Up-to-date: /home/bluerov/ROS-Humble-BlueRov2-Driver/install/bluerov2_interfaces/include/bluerov2_interfaces/bluerov2_interfaces/msg/detail/bar30__functions.c
[0.857s] -- Up-to-date: /home/bluerov/ROS-Humble-BlueRov2-Driver/install/bluerov2_interfaces/include/bluerov2_interfaces/bluerov2_interfaces/msg/detail/attitude__functions.h
[0.857s] -- Up-to-date: /home/bluerov/ROS-Humble-BlueRov2-Driver/install/bluerov2_interfaces/include/bluerov2_interfaces/bluerov2_interfaces/msg/detail/attitude__type_support.h
[0.858s] -- Up-to-date: /home/bluerov/ROS-Humble-BlueRov2-Driver/install/bluerov2_interfaces/include/bluerov2_interfaces/bluerov2_interfaces/msg/pid.h
[0.858s] -- Up-to-date: /home/bluerov/ROS-Humble-BlueRov2-Driver/install/bluerov2_interfaces/share/bluerov2_interfaces/environment/library_path.sh
[0.858s] -- Up-to-date: /home/bluerov/ROS-Humble-BlueRov2-Driver/install/bluerov2_interfaces/share/bluerov2_interfaces/environment/library_path.dsv
[0.859s] -- Up-to-date: /home/bluerov/ROS-Humble-BlueRov2-Driver/install/bluerov2_interfaces/lib/libbluerov2_interfaces__rosidl_generator_c.so
[0.860s] -- Up-to-date: /home/bluerov/ROS-Humble-BlueRov2-Driver/install/bluerov2_interfaces/include/bluerov2_interfaces/bluerov2_interfaces
[0.860s] -- Up-to-date: /home/bluerov/ROS-Humble-BlueRov2-Driver/install/bluerov2_interfaces/include/bluerov2_interfaces/bluerov2_interfaces/msg
[0.860s] -- Up-to-date: /home/bluerov/ROS-Humble-BlueRov2-Driver/install/bluerov2_interfaces/include/bluerov2_interfaces/bluerov2_interfaces/msg/rosidl_typesupport_fastrtps_c__visibility_control.h
[0.860s] -- Up-to-date: /home/bluerov/ROS-Humble-BlueRov2-Driver/install/bluerov2_interfaces/include/bluerov2_interfaces/bluerov2_interfaces/msg/detail
[0.860s] -- Up-to-date: /home/bluerov/ROS-Humble-BlueRov2-Driver/install/bluerov2_interfaces/include/bluerov2_interfaces/bluerov2_interfaces/msg/detail/attitude__rosidl_typesupport_fastrtps_c.h
[0.860s] -- Up-to-date: /home/bluerov/ROS-Humble-BlueRov2-Driver/install/bluerov2_interfaces/include/bluerov2_interfaces/bluerov2_interfaces/msg/detail/pid__rosidl_typesupport_fastrtps_c.h
[0.860s] -- Up-to-date: /home/bluerov/ROS-Humble-BlueRov2-Driver/install/bluerov2_interfaces/include/bluerov2_interfaces/bluerov2_interfaces/msg/detail/bar30__rosidl_typesupport_fastrtps_c.h
[0.861s] -- Up-to-date: /home/bluerov/ROS-Humble-BlueRov2-Driver/install/bluerov2_interfaces/lib/libbluerov2_interfaces__rosidl_typesupport_fastrtps_c.so
[0.861s] -- Up-to-date: /home/bluerov/ROS-Humble-BlueRov2-Driver/install/bluerov2_interfaces/include/bluerov2_interfaces/bluerov2_interfaces
[0.861s] -- Up-to-date: /home/bluerov/ROS-Humble-BlueRov2-Driver/install/bluerov2_interfaces/include/bluerov2_interfaces/bluerov2_interfaces/msg
[0.861s] -- Up-to-date: /home/bluerov/ROS-Humble-BlueRov2-Driver/install/bluerov2_interfaces/include/bluerov2_interfaces/bluerov2_interfaces/msg/rosidl_typesupport_introspection_c__visibility_control.h
[0.861s] -- Up-to-date: /home/bluerov/ROS-Humble-BlueRov2-Driver/install/bluerov2_interfaces/include/bluerov2_interfaces/bluerov2_interfaces/msg/detail
[0.861s] -- Up-to-date: /home/bluerov/ROS-Humble-BlueRov2-Driver/install/bluerov2_interfaces/include/bluerov2_interfaces/bluerov2_interfaces/msg/detail/attitude__type_support.c
[0.861s] -- Up-to-date: /home/bluerov/ROS-Humble-BlueRov2-Driver/install/bluerov2_interfaces/include/bluerov2_interfaces/bluerov2_interfaces/msg/detail/pid__rosidl_typesupport_introspection_c.h
[0.862s] -- Up-to-date: /home/bluerov/ROS-Humble-BlueRov2-Driver/install/bluerov2_interfaces/include/bluerov2_interfaces/bluerov2_interfaces/msg/detail/attitude__rosidl_typesupport_introspection_c.h
[0.862s] -- Up-to-date: /home/bluerov/ROS-Humble-BlueRov2-Driver/install/bluerov2_interfaces/include/bluerov2_interfaces/bluerov2_interfaces/msg/detail/pid__type_support.c
[0.862s] -- Up-to-date: /home/bluerov/ROS-Humble-BlueRov2-Driver/install/bluerov2_interfaces/include/bluerov2_interfaces/bluerov2_interfaces/msg/detail/bar30__type_support.c
[0.862s] -- Up-to-date: /home/bluerov/ROS-Humble-BlueRov2-Driver/install/bluerov2_interfaces/include/bluerov2_interfaces/bluerov2_interfaces/msg/detail/bar30__rosidl_typesupport_introspection_c.h
[0.862s] -- Up-to-date: /home/bluerov/ROS-Humble-BlueRov2-Driver/install/bluerov2_interfaces/lib/libbluerov2_interfaces__rosidl_typesupport_introspection_c.so
[0.863s] -- Up-to-date: /home/bluerov/ROS-Humble-BlueRov2-Driver/install/bluerov2_interfaces/lib/libbluerov2_interfaces__rosidl_typesupport_c.so
[0.863s] -- Up-to-date: /home/bluerov/ROS-Humble-BlueRov2-Driver/install/bluerov2_interfaces/include/bluerov2_interfaces/bluerov2_interfaces
[0.863s] -- Up-to-date: /home/bluerov/ROS-Humble-BlueRov2-Driver/install/bluerov2_interfaces/include/bluerov2_interfaces/bluerov2_interfaces/msg
[0.864s] -- Up-to-date: /home/bluerov/ROS-Humble-BlueRov2-Driver/install/bluerov2_interfaces/include/bluerov2_interfaces/bluerov2_interfaces/msg/pid.hpp
[0.864s] -- Up-to-date: /home/bluerov/ROS-Humble-BlueRov2-Driver/install/bluerov2_interfaces/include/bluerov2_interfaces/bluerov2_interfaces/msg/bar30.hpp
[0.864s] -- Up-to-date: /home/bluerov/ROS-Humble-BlueRov2-Driver/install/bluerov2_interfaces/include/bluerov2_interfaces/bluerov2_interfaces/msg/detail
[0.864s] -- Up-to-date: /home/bluerov/ROS-Humble-BlueRov2-Driver/install/bluerov2_interfaces/include/bluerov2_interfaces/bluerov2_interfaces/msg/detail/attitude__builder.hpp
[0.864s] -- Up-to-date: /home/bluerov/ROS-Humble-BlueRov2-Driver/install/bluerov2_interfaces/include/bluerov2_interfaces/bluerov2_interfaces/msg/detail/pid__traits.hpp
[0.864s] -- Up-to-date: /home/bluerov/ROS-Humble-BlueRov2-Driver/install/bluerov2_interfaces/include/bluerov2_interfaces/bluerov2_interfaces/msg/detail/pid__struct.hpp
[0.864s] -- Up-to-date: /home/bluerov/ROS-Humble-BlueRov2-Driver/install/bluerov2_interfaces/include/bluerov2_interfaces/bluerov2_interfaces/msg/detail/bar30__struct.hpp
[0.865s] -- Up-to-date: /home/bluerov/ROS-Humble-BlueRov2-Driver/install/bluerov2_interfaces/include/bluerov2_interfaces/bluerov2_interfaces/msg/detail/bar30__builder.hpp
[0.865s] -- Up-to-date: /home/bluerov/ROS-Humble-BlueRov2-Driver/install/bluerov2_interfaces/include/bluerov2_interfaces/bluerov2_interfaces/msg/detail/attitude__traits.hpp
[0.865s] -- Up-to-date: /home/bluerov/ROS-Humble-BlueRov2-Driver/install/bluerov2_interfaces/include/bluerov2_interfaces/bluerov2_interfaces/msg/detail/attitude__struct.hpp
[0.865s] -- Up-to-date: /home/bluerov/ROS-Humble-BlueRov2-Driver/install/bluerov2_interfaces/include/bluerov2_interfaces/bluerov2_interfaces/msg/detail/bar30__traits.hpp
[0.865s] -- Up-to-date: /home/bluerov/ROS-Humble-BlueRov2-Driver/install/bluerov2_interfaces/include/bluerov2_interfaces/bluerov2_interfaces/msg/detail/pid__builder.hpp
[0.865s] -- Up-to-date: /home/bluerov/ROS-Humble-BlueRov2-Driver/install/bluerov2_interfaces/include/bluerov2_interfaces/bluerov2_interfaces/msg/attitude.hpp
[0.865s] -- Up-to-date: /home/bluerov/ROS-Humble-BlueRov2-Driver/install/bluerov2_interfaces/include/bluerov2_interfaces/bluerov2_interfaces
[0.866s] -- Up-to-date: /home/bluerov/ROS-Humble-BlueRov2-Driver/install/bluerov2_interfaces/include/bluerov2_interfaces/bluerov2_interfaces/msg
[0.866s] -- Up-to-date: /home/bluerov/ROS-Humble-BlueRov2-Driver/install/bluerov2_interfaces/include/bluerov2_interfaces/bluerov2_interfaces/msg/rosidl_typesupport_fastrtps_cpp__visibility_control.h
[0.866s] -- Up-to-date: /home/bluerov/ROS-Humble-BlueRov2-Driver/install/bluerov2_interfaces/include/bluerov2_interfaces/bluerov2_interfaces/msg/detail
[0.866s] -- Up-to-date: /home/bluerov/ROS-Humble-BlueRov2-Driver/install/bluerov2_interfaces/include/bluerov2_interfaces/bluerov2_interfaces/msg/detail/pid__rosidl_typesupport_fastrtps_cpp.hpp
[0.866s] -- Up-to-date: /home/bluerov/ROS-Humble-BlueRov2-Driver/install/bluerov2_interfaces/include/bluerov2_interfaces/bluerov2_interfaces/msg/detail/dds_fastrtps
[0.866s] -- Up-to-date: /home/bluerov/ROS-Humble-BlueRov2-Driver/install/bluerov2_interfaces/include/bluerov2_interfaces/bluerov2_interfaces/msg/detail/bar30__rosidl_typesupport_fastrtps_cpp.hpp
[0.867s] -- Up-to-date: /home/bluerov/ROS-Humble-BlueRov2-Driver/install/bluerov2_interfaces/include/bluerov2_interfaces/bluerov2_interfaces/msg/detail/attitude__rosidl_typesupport_fastrtps_cpp.hpp
[0.867s] -- Up-to-date: /home/bluerov/ROS-Humble-BlueRov2-Driver/install/bluerov2_interfaces/lib/libbluerov2_interfaces__rosidl_typesupport_fastrtps_cpp.so
[0.867s] -- Up-to-date: /home/bluerov/ROS-Humble-BlueRov2-Driver/install/bluerov2_interfaces/include/bluerov2_interfaces/bluerov2_interfaces
[0.867s] -- Up-to-date: /home/bluerov/ROS-Humble-BlueRov2-Driver/install/bluerov2_interfaces/include/bluerov2_interfaces/bluerov2_interfaces/msg
[0.867s] -- Up-to-date: /home/bluerov/ROS-Humble-BlueRov2-Driver/install/bluerov2_interfaces/include/bluerov2_interfaces/bluerov2_interfaces/msg/detail
[0.867s] -- Up-to-date: /home/bluerov/ROS-Humble-BlueRov2-Driver/install/bluerov2_interfaces/include/bluerov2_interfaces/bluerov2_interfaces/msg/detail/attitude__type_support.cpp
[0.868s] -- Up-to-date: /home/bluerov/ROS-Humble-BlueRov2-Driver/install/bluerov2_interfaces/include/bluerov2_interfaces/bluerov2_interfaces/msg/detail/bar30__rosidl_typesupport_introspection_cpp.hpp
[0.868s] -- Up-to-date: /home/bluerov/ROS-Humble-BlueRov2-Driver/install/bluerov2_interfaces/include/bluerov2_interfaces/bluerov2_interfaces/msg/detail/pid__type_support.cpp
[0.868s] -- Up-to-date: /home/bluerov/ROS-Humble-BlueRov2-Driver/install/bluerov2_interfaces/include/bluerov2_interfaces/bluerov2_interfaces/msg/detail/attitude__rosidl_typesupport_introspection_cpp.hpp
[0.868s] -- Up-to-date: /home/bluerov/ROS-Humble-BlueRov2-Driver/install/bluerov2_interfaces/include/bluerov2_interfaces/bluerov2_interfaces/msg/detail/pid__rosidl_typesupport_introspection_cpp.hpp
[0.868s] -- Up-to-date: /home/bluerov/ROS-Humble-BlueRov2-Driver/install/bluerov2_interfaces/include/bluerov2_interfaces/bluerov2_interfaces/msg/detail/bar30__type_support.cpp
[0.868s] -- Up-to-date: /home/bluerov/ROS-Humble-BlueRov2-Driver/install/bluerov2_interfaces/lib/libbluerov2_interfaces__rosidl_typesupport_introspection_cpp.so
[0.869s] -- Up-to-date: /home/bluerov/ROS-Humble-BlueRov2-Driver/install/bluerov2_interfaces/lib/libbluerov2_interfaces__rosidl_typesupport_cpp.so
[0.869s] -- Up-to-date: /home/bluerov/ROS-Humble-BlueRov2-Driver/install/bluerov2_interfaces/share/bluerov2_interfaces/environment/pythonpath.sh
[0.869s] -- Up-to-date: /home/bluerov/ROS-Humble-BlueRov2-Driver/install/bluerov2_interfaces/share/bluerov2_interfaces/environment/pythonpath.dsv
[0.869s] -- Up-to-date: /home/bluerov/ROS-Humble-BlueRov2-Driver/install/bluerov2_interfaces/local/lib/python3.10/dist-packages/bluerov2_interfaces-0.0.0-py3.10.egg-info
[0.869s] -- Installing: /home/bluerov/ROS-Humble-BlueRov2-Driver/install/bluerov2_interfaces/local/lib/python3.10/dist-packages/bluerov2_interfaces-0.0.0-py3.10.egg-info/SOURCES.txt
[0.869s] -- Installing: /home/bluerov/ROS-Humble-BlueRov2-Driver/install/bluerov2_interfaces/local/lib/python3.10/dist-packages/bluerov2_interfaces-0.0.0-py3.10.egg-info/PKG-INFO
[0.869s] -- Installing: /home/bluerov/ROS-Humble-BlueRov2-Driver/install/bluerov2_interfaces/local/lib/python3.10/dist-packages/bluerov2_interfaces-0.0.0-py3.10.egg-info/dependency_links.txt
[0.869s] -- Installing: /home/bluerov/ROS-Humble-BlueRov2-Driver/install/bluerov2_interfaces/local/lib/python3.10/dist-packages/bluerov2_interfaces-0.0.0-py3.10.egg-info/top_level.txt
[0.870s] -- Up-to-date: /home/bluerov/ROS-Humble-BlueRov2-Driver/install/bluerov2_interfaces/local/lib/python3.10/dist-packages/bluerov2_interfaces
[0.870s] -- Up-to-date: /home/bluerov/ROS-Humble-BlueRov2-Driver/install/bluerov2_interfaces/local/lib/python3.10/dist-packages/bluerov2_interfaces/_bluerov2_interfaces_s.ep.rosidl_typesupport_introspection_c.c
[0.870s] -- Up-to-date: /home/bluerov/ROS-Humble-BlueRov2-Driver/install/bluerov2_interfaces/local/lib/python3.10/dist-packages/bluerov2_interfaces/_bluerov2_interfaces_s.ep.rosidl_typesupport_fastrtps_c.c
[0.870s] -- Up-to-date: /home/bluerov/ROS-Humble-BlueRov2-Driver/install/bluerov2_interfaces/local/lib/python3.10/dist-packages/bluerov2_interfaces/__init__.py
[0.871s] -- Up-to-date: /home/bluerov/ROS-Humble-BlueRov2-Driver/install/bluerov2_interfaces/local/lib/python3.10/dist-packages/bluerov2_interfaces/bluerov2_interfaces_s__rosidl_typesupport_c.cpython-310-x86_64-linux-gnu.so
[0.871s] -- Up-to-date: /home/bluerov/ROS-Humble-BlueRov2-Driver/install/bluerov2_interfaces/local/lib/python3.10/dist-packages/bluerov2_interfaces/libbluerov2_interfaces__rosidl_generator_py.so
[0.871s] -- Up-to-date: /home/bluerov/ROS-Humble-BlueRov2-Driver/install/bluerov2_interfaces/local/lib/python3.10/dist-packages/bluerov2_interfaces/msg
[0.871s] -- Up-to-date: /home/bluerov/ROS-Humble-BlueRov2-Driver/install/bluerov2_interfaces/local/lib/python3.10/dist-packages/bluerov2_interfaces/msg/_attitude.py
[0.871s] -- Up-to-date: /home/bluerov/ROS-Humble-BlueRov2-Driver/install/bluerov2_interfaces/local/lib/python3.10/dist-packages/bluerov2_interfaces/msg/__init__.py
[0.871s] -- Up-to-date: /home/bluerov/ROS-Humble-BlueRov2-Driver/install/bluerov2_interfaces/local/lib/python3.10/dist-packages/bluerov2_interfaces/msg/_pid.py
[0.871s] -- Up-to-date: /home/bluerov/ROS-Humble-BlueRov2-Driver/install/bluerov2_interfaces/local/lib/python3.10/dist-packages/bluerov2_interfaces/msg/_pid_s.c
[0.872s] -- Up-to-date: /home/bluerov/ROS-Humble-BlueRov2-Driver/install/bluerov2_interfaces/local/lib/python3.10/dist-packages/bluerov2_interfaces/msg/_bar30_s.c
[0.872s] -- Up-to-date: /home/bluerov/ROS-Humble-BlueRov2-Driver/install/bluerov2_interfaces/local/lib/python3.10/dist-packages/bluerov2_interfaces/msg/_bar30.py
[0.872s] -- Up-to-date: /home/bluerov/ROS-Humble-BlueRov2-Driver/install/bluerov2_interfaces/local/lib/python3.10/dist-packages/bluerov2_interfaces/msg/_attitude_s.c
[0.872s] -- Up-to-date: /home/bluerov/ROS-Humble-BlueRov2-Driver/install/bluerov2_interfaces/local/lib/python3.10/dist-packages/bluerov2_interfaces/bluerov2_interfaces_s__rosidl_typesupport_fastrtps_c.cpython-310-x86_64-linux-gnu.so
[0.872s] -- Up-to-date: /home/bluerov/ROS-Humble-BlueRov2-Driver/install/bluerov2_interfaces/local/lib/python3.10/dist-packages/bluerov2_interfaces/_bluerov2_interfaces_s.ep.rosidl_typesupport_c.c
[0.872s] -- Up-to-date: /home/bluerov/ROS-Humble-BlueRov2-Driver/install/bluerov2_interfaces/local/lib/python3.10/dist-packages/bluerov2_interfaces/bluerov2_interfaces_s__rosidl_typesupport_introspection_c.cpython-310-x86_64-linux-gnu.so
[0.914s] Listing '/home/bluerov/ROS-Humble-BlueRov2-Driver/install/bluerov2_interfaces/local/lib/python3.10/dist-packages/bluerov2_interfaces'...
[0.914s] Listing '/home/bluerov/ROS-Humble-BlueRov2-Driver/install/bluerov2_interfaces/local/lib/python3.10/dist-packages/bluerov2_interfaces/msg'...
[0.920s] -- Up-to-date: /home/bluerov/ROS-Humble-BlueRov2-Driver/install/bluerov2_interfaces/local/lib/python3.10/dist-packages/bluerov2_interfaces/bluerov2_interfaces_s__rosidl_typesupport_fastrtps_c.cpython-310-x86_64-linux-gnu.so
[0.921s] -- Up-to-date: /home/bluerov/ROS-Humble-BlueRov2-Driver/install/bluerov2_interfaces/local/lib/python3.10/dist-packages/bluerov2_interfaces/bluerov2_interfaces_s__rosidl_typesupport_introspection_c.cpython-310-x86_64-linux-gnu.so
[0.921s] -- Up-to-date: /home/bluerov/ROS-Humble-BlueRov2-Driver/install/bluerov2_interfaces/local/lib/python3.10/dist-packages/bluerov2_interfaces/bluerov2_interfaces_s__rosidl_typesupport_c.cpython-310-x86_64-linux-gnu.so
[0.922s] -- Up-to-date: /home/bluerov/ROS-Humble-BlueRov2-Driver/install/bluerov2_interfaces/lib/libbluerov2_interfaces__rosidl_generator_py.so
[0.922s] -- Up-to-date: /home/bluerov/ROS-Humble-BlueRov2-Driver/install/bluerov2_interfaces/share/bluerov2_interfaces/msg/Bar30.idl
[0.922s] -- Up-to-date: /home/bluerov/ROS-Humble-BlueRov2-Driver/install/bluerov2_interfaces/share/bluerov2_interfaces/msg/Attitude.idl
[0.923s] -- Up-to-date: /home/bluerov/ROS-Humble-BlueRov2-Driver/install/bluerov2_interfaces/share/bluerov2_interfaces/msg/PID.idl
[0.923s] -- Up-to-date: /home/bluerov/ROS-Humble-BlueRov2-Driver/install/bluerov2_interfaces/share/bluerov2_interfaces/msg/Bar30.msg
[0.923s] -- Up-to-date: /home/bluerov/ROS-Humble-BlueRov2-Driver/install/bluerov2_interfaces/share/bluerov2_interfaces/msg/Attitude.msg
[0.923s] -- Up-to-date: /home/bluerov/ROS-Humble-BlueRov2-Driver/install/bluerov2_interfaces/share/bluerov2_interfaces/msg/PID.msg
[0.923s] -- Up-to-date: /home/bluerov/ROS-Humble-BlueRov2-Driver/install/bluerov2_interfaces/share/ament_index/resource_index/package_run_dependencies/bluerov2_interfaces
[0.924s] -- Up-to-date: /home/bluerov/ROS-Humble-BlueRov2-Driver/install/bluerov2_interfaces/share/ament_index/resource_index/parent_prefix_path/bluerov2_interfaces
[0.924s] -- Up-to-date: /home/bluerov/ROS-Humble-BlueRov2-Driver/install/bluerov2_interfaces/share/bluerov2_interfaces/environment/ament_prefix_path.sh
[0.924s] -- Up-to-date: /home/bluerov/ROS-Humble-BlueRov2-Driver/install/bluerov2_interfaces/share/bluerov2_interfaces/environment/ament_prefix_path.dsv
[0.924s] -- Up-to-date: /home/bluerov/ROS-Humble-BlueRov2-Driver/install/bluerov2_interfaces/share/bluerov2_interfaces/environment/path.sh
[0.924s] -- Up-to-date: /home/bluerov/ROS-Humble-BlueRov2-Driver/install/bluerov2_interfaces/share/bluerov2_interfaces/environment/path.dsv
[0.925s] -- Up-to-date: /home/bluerov/ROS-Humble-BlueRov2-Driver/install/bluerov2_interfaces/share/bluerov2_interfaces/local_setup.bash
[0.925s] -- Up-to-date: /home/bluerov/ROS-Humble-BlueRov2-Driver/install/bluerov2_interfaces/share/bluerov2_interfaces/local_setup.sh
[0.925s] -- Up-to-date: /home/bluerov/ROS-Humble-BlueRov2-Driver/install/bluerov2_interfaces/share/bluerov2_interfaces/local_setup.zsh
[0.925s] -- Up-to-date: /home/bluerov/ROS-Humble-BlueRov2-Driver/install/bluerov2_interfaces/share/bluerov2_interfaces/local_setup.dsv
[0.925s] -- Installing: /home/bluerov/ROS-Humble-BlueRov2-Driver/install/bluerov2_interfaces/share/bluerov2_interfaces/package.dsv
[0.925s] -- Up-to-date: /home/bluerov/ROS-Humble-BlueRov2-Driver/install/bluerov2_interfaces/share/ament_index/resource_index/packages/bluerov2_interfaces
[0.925s] -- Up-to-date: /home/bluerov/ROS-Humble-BlueRov2-Driver/install/bluerov2_interfaces/share/bluerov2_interfaces/cmake/export_bluerov2_interfaces__rosidl_generator_cExport.cmake
[0.926s] -- Up-to-date: /home/bluerov/ROS-Humble-BlueRov2-Driver/install/bluerov2_interfaces/share/bluerov2_interfaces/cmake/export_bluerov2_interfaces__rosidl_generator_cExport-noconfig.cmake
[0.926s] -- Up-to-date: /home/bluerov/ROS-Humble-BlueRov2-Driver/install/bluerov2_interfaces/share/bluerov2_interfaces/cmake/export_bluerov2_interfaces__rosidl_typesupport_fastrtps_cExport.cmake
[0.926s] -- Up-to-date: /home/bluerov/ROS-Humble-BlueRov2-Driver/install/bluerov2_interfaces/share/bluerov2_interfaces/cmake/export_bluerov2_interfaces__rosidl_typesupport_fastrtps_cExport-noconfig.cmake
[0.926s] -- Up-to-date: /home/bluerov/ROS-Humble-BlueRov2-Driver/install/bluerov2_interfaces/share/bluerov2_interfaces/cmake/bluerov2_interfaces__rosidl_typesupport_introspection_cExport.cmake
[0.926s] -- Up-to-date: /home/bluerov/ROS-Humble-BlueRov2-Driver/install/bluerov2_interfaces/share/bluerov2_interfaces/cmake/bluerov2_interfaces__rosidl_typesupport_introspection_cExport-noconfig.cmake
[0.927s] -- Up-to-date: /home/bluerov/ROS-Humble-BlueRov2-Driver/install/bluerov2_interfaces/share/bluerov2_interfaces/cmake/bluerov2_interfaces__rosidl_typesupport_cExport.cmake
[0.927s] -- Up-to-date: /home/bluerov/ROS-Humble-BlueRov2-Driver/install/bluerov2_interfaces/share/bluerov2_interfaces/cmake/bluerov2_interfaces__rosidl_typesupport_cExport-noconfig.cmake
[0.927s] -- Up-to-date: /home/bluerov/ROS-Humble-BlueRov2-Driver/install/bluerov2_interfaces/share/bluerov2_interfaces/cmake/export_bluerov2_interfaces__rosidl_generator_cppExport.cmake
[0.927s] -- Up-to-date: /home/bluerov/ROS-Humble-BlueRov2-Driver/install/bluerov2_interfaces/share/bluerov2_interfaces/cmake/export_bluerov2_interfaces__rosidl_typesupport_fastrtps_cppExport.cmake
[0.928s] -- Up-to-date: /home/bluerov/ROS-Humble-BlueRov2-Driver/install/bluerov2_interfaces/share/bluerov2_interfaces/cmake/export_bluerov2_interfaces__rosidl_typesupport_fastrtps_cppExport-noconfig.cmake
[0.928s] -- Up-to-date: /home/bluerov/ROS-Humble-BlueRov2-Driver/install/bluerov2_interfaces/share/bluerov2_interfaces/cmake/bluerov2_interfaces__rosidl_typesupport_introspection_cppExport.cmake
[0.928s] -- Up-to-date: /home/bluerov/ROS-Humble-BlueRov2-Driver/install/bluerov2_interfaces/share/bluerov2_interfaces/cmake/bluerov2_interfaces__rosidl_typesupport_introspection_cppExport-noconfig.cmake
[0.928s] -- Up-to-date: /home/bluerov/ROS-Humble-BlueRov2-Driver/install/bluerov2_interfaces/share/bluerov2_interfaces/cmake/bluerov2_interfaces__rosidl_typesupport_cppExport.cmake
[0.928s] -- Up-to-date: /home/bluerov/ROS-Humble-BlueRov2-Driver/install/bluerov2_interfaces/share/bluerov2_interfaces/cmake/bluerov2_interfaces__rosidl_typesupport_cppExport-noconfig.cmake
[0.929s] -- Up-to-date: /home/bluerov/ROS-Humble-BlueRov2-Driver/install/bluerov2_interfaces/share/bluerov2_interfaces/cmake/export_bluerov2_interfaces__rosidl_generator_pyExport.cmake
[0.929s] -- Up-to-date: /home/bluerov/ROS-Humble-BlueRov2-Driver/install/bluerov2_interfaces/share/bluerov2_interfaces/cmake/export_bluerov2_interfaces__rosidl_generator_pyExport-noconfig.cmake
[0.929s] -- Up-to-date: /home/bluerov/ROS-Humble-BlueRov2-Driver/install/bluerov2_interfaces/share/bluerov2_interfaces/cmake/rosidl_cmake-extras.cmake
[0.929s] -- Up-to-date: /home/bluerov/ROS-Humble-BlueRov2-Driver/install/bluerov2_interfaces/share/bluerov2_interfaces/cmake/ament_cmake_export_include_directories-extras.cmake
[0.929s] -- Up-to-date: /home/bluerov/ROS-Humble-BlueRov2-Driver/install/bluerov2_interfaces/share/bluerov2_interfaces/cmake/ament_cmake_export_libraries-extras.cmake
[0.929s] -- Up-to-date: /home/bluerov/ROS-Humble-BlueRov2-Driver/install/bluerov2_interfaces/share/bluerov2_interfaces/cmake/ament_cmake_export_targets-extras.cmake
[0.930s] -- Up-to-date: /home/bluerov/ROS-Humble-BlueRov2-Driver/install/bluerov2_interfaces/share/bluerov2_interfaces/cmake/rosidl_cmake_export_typesupport_targets-extras.cmake
[0.930s] -- Up-to-date: /home/bluerov/ROS-Humble-BlueRov2-Driver/install/bluerov2_interfaces/share/bluerov2_interfaces/cmake/ament_cmake_export_dependencies-extras.cmake
[0.930s] -- Up-to-date: /home/bluerov/ROS-Humble-BlueRov2-Driver/install/bluerov2_interfaces/share/bluerov2_interfaces/cmake/rosidl_cmake_export_typesupport_libraries-extras.cmake
[0.930s] -- Up-to-date: /home/bluerov/ROS-Humble-BlueRov2-Driver/install/bluerov2_interfaces/share/bluerov2_interfaces/cmake/bluerov2_interfacesConfig.cmake
[0.930s] -- Up-to-date: /home/bluerov/ROS-Humble-BlueRov2-Driver/install/bluerov2_interfaces/share/bluerov2_interfaces/cmake/bluerov2_interfacesConfig-version.cmake
[0.930s] -- Up-to-date: /home/bluerov/ROS-Humble-BlueRov2-Driver/install/bluerov2_interfaces/share/bluerov2_interfaces/package.xml
[0.933s] Invoked command in '/home/bluerov/ROS-Humble-BlueRov2-Driver/build/bluerov2_interfaces' returned '0': CMAKE_PREFIX_PATH=${CMAKE_PREFIX_PATH}:/home/bluerov/ROS-Humble-BlueRov2-Driver/install/tritech_micron:/home/bluerov/ROS-Humble-BlueRov2-Driver/install/bluerov2_controller:/opt/ros/humble /usr/bin/cmake --install /home/bluerov/ROS-Humble-BlueRov2-Driver/build/bluerov2_interfaces
