[0.132s] DEBUG:colcon:Command line arguments: ['/usr/bin/colcon', 'build']
[0.132s] DEBUG:colcon:Parsed command line arguments: Namespace(log_base=None, log_level=None, verb_name='build', build_base='build', install_base='install', merge_install=False, symlink_install=False, test_result_base=None, continue_on_error=False, executor='parallel', parallel_workers=8, event_handlers=None, ignore_user_meta=False, metas=['./colcon.meta'], base_paths=['.'], packages_ignore=None, packages_ignore_regex=None, paths=None, packages_up_to=None, packages_up_to_regex=None, packages_above=None, packages_above_and_dependencies=None, packages_above_depth=None, packages_select_by_dep=None, packages_skip_by_dep=None, packages_skip_up_to=None, packages_select_build_failed=False, packages_skip_build_finished=False, packages_select_test_failures=False, packages_skip_test_passed=False, packages_select=None, packages_skip=None, packages_select_regex=None, packages_skip_regex=None, packages_start=None, packages_end=None, allow_overriding=[], cmake_args=None, cmake_target=None, cmake_target_skip_unavailable=False, cmake_clean_cache=False, cmake_clean_first=False, cmake_force_configure=False, ament_cmake_args=None, catkin_cmake_args=None, catkin_skip_building_tests=False, verb_parser=<colcon_defaults.argument_parser.defaults.DefaultArgumentsDecorator object at 0x7acb8f0f3610>, verb_extension=<colcon_core.verb.build.BuildVerb object at 0x7acb8f03c070>, main=<bound method BuildVerb.main of <colcon_core.verb.build.BuildVerb object at 0x7acb8f03c070>>)
[0.309s] Level 1:colcon.colcon_core.package_discovery:discover_packages(colcon_meta) check parameters
[0.309s] Level 1:colcon.colcon_core.package_discovery:discover_packages(recursive) check parameters
[0.309s] Level 1:colcon.colcon_core.package_discovery:discover_packages(ignore) check parameters
[0.309s] Level 1:colcon.colcon_core.package_discovery:discover_packages(path) check parameters
[0.309s] Level 1:colcon.colcon_core.package_discovery:discover_packages(colcon_meta) discover
[0.309s] Level 1:colcon.colcon_core.package_discovery:discover_packages(recursive) discover
[0.309s] INFO:colcon.colcon_core.package_discovery:Crawling recursively for packages in '/home/bluerov/ROS-Humble-BlueRov2-Driver'
[0.309s] Level 1:colcon.colcon_core.package_identification:_identify(.) by extensions ['ignore', 'ignore_ament_install']
[0.310s] Level 1:colcon.colcon_core.package_identification:_identify(.) by extension 'ignore'
[0.310s] Level 1:colcon.colcon_core.package_identification:_identify(.) by extension 'ignore_ament_install'
[0.310s] Level 1:colcon.colcon_core.package_identification:_identify(.) by extensions ['colcon_pkg']
[0.310s] Level 1:colcon.colcon_core.package_identification:_identify(.) by extension 'colcon_pkg'
[0.310s] Level 1:colcon.colcon_core.package_identification:_identify(.) by extensions ['colcon_meta']
[0.310s] Level 1:colcon.colcon_core.package_identification:_identify(.) by extension 'colcon_meta'
[0.310s] Level 1:colcon.colcon_core.package_identification:_identify(.) by extensions ['ros']
[0.310s] Level 1:colcon.colcon_core.package_identification:_identify(.) by extension 'ros'
[0.322s] Level 1:colcon.colcon_core.package_identification:_identify(.) by extensions ['cmake', 'python']
[0.322s] Level 1:colcon.colcon_core.package_identification:_identify(.) by extension 'cmake'
[0.322s] Level 1:colcon.colcon_core.package_identification:_identify(.) by extension 'python'
[0.323s] Level 1:colcon.colcon_core.package_identification:_identify(.) by extensions ['python_setup_py']
[0.323s] Level 1:colcon.colcon_core.package_identification:_identify(.) by extension 'python_setup_py'
[0.323s] Level 1:colcon.colcon_core.package_identification:_identify(build) by extensions ['ignore', 'ignore_ament_install']
[0.323s] Level 1:colcon.colcon_core.package_identification:_identify(build) by extension 'ignore'
[0.323s] Level 1:colcon.colcon_core.package_identification:_identify(build) ignored
[0.323s] Level 1:colcon.colcon_core.package_identification:_identify(img) by extensions ['ignore', 'ignore_ament_install']
[0.323s] Level 1:colcon.colcon_core.package_identification:_identify(img) by extension 'ignore'
[0.323s] Level 1:colcon.colcon_core.package_identification:_identify(img) by extension 'ignore_ament_install'
[0.323s] Level 1:colcon.colcon_core.package_identification:_identify(img) by extensions ['colcon_pkg']
[0.323s] Level 1:colcon.colcon_core.package_identification:_identify(img) by extension 'colcon_pkg'
[0.323s] Level 1:colcon.colcon_core.package_identification:_identify(img) by extensions ['colcon_meta']
[0.323s] Level 1:colcon.colcon_core.package_identification:_identify(img) by extension 'colcon_meta'
[0.323s] Level 1:colcon.colcon_core.package_identification:_identify(img) by extensions ['ros']
[0.323s] Level 1:colcon.colcon_core.package_identification:_identify(img) by extension 'ros'
[0.324s] Level 1:colcon.colcon_core.package_identification:_identify(img) by extensions ['cmake', 'python']
[0.324s] Level 1:colcon.colcon_core.package_identification:_identify(img) by extension 'cmake'
[0.324s] Level 1:colcon.colcon_core.package_identification:_identify(img) by extension 'python'
[0.324s] Level 1:colcon.colcon_core.package_identification:_identify(img) by extensions ['python_setup_py']
[0.324s] Level 1:colcon.colcon_core.package_identification:_identify(img) by extension 'python_setup_py'
[0.324s] Level 1:colcon.colcon_core.package_identification:_identify(install) by extensions ['ignore', 'ignore_ament_install']
[0.324s] Level 1:colcon.colcon_core.package_identification:_identify(install) by extension 'ignore'
[0.324s] Level 1:colcon.colcon_core.package_identification:_identify(install) ignored
[0.324s] Level 1:colcon.colcon_core.package_identification:_identify(log) by extensions ['ignore', 'ignore_ament_install']
[0.324s] Level 1:colcon.colcon_core.package_identification:_identify(log) by extension 'ignore'
[0.325s] Level 1:colcon.colcon_core.package_identification:_identify(log) ignored
[0.325s] Level 1:colcon.colcon_core.package_identification:_identify(src) by extensions ['ignore', 'ignore_ament_install']
[0.325s] Level 1:colcon.colcon_core.package_identification:_identify(src) by extension 'ignore'
[0.325s] Level 1:colcon.colcon_core.package_identification:_identify(src) by extension 'ignore_ament_install'
[0.325s] Level 1:colcon.colcon_core.package_identification:_identify(src) by extensions ['colcon_pkg']
[0.325s] Level 1:colcon.colcon_core.package_identification:_identify(src) by extension 'colcon_pkg'
[0.325s] Level 1:colcon.colcon_core.package_identification:_identify(src) by extensions ['colcon_meta']
[0.325s] Level 1:colcon.colcon_core.package_identification:_identify(src) by extension 'colcon_meta'
[0.325s] Level 1:colcon.colcon_core.package_identification:_identify(src) by extensions ['ros']
[0.325s] Level 1:colcon.colcon_core.package_identification:_identify(src) by extension 'ros'
[0.325s] Level 1:colcon.colcon_core.package_identification:_identify(src) by extensions ['cmake', 'python']
[0.325s] Level 1:colcon.colcon_core.package_identification:_identify(src) by extension 'cmake'
[0.325s] Level 1:colcon.colcon_core.package_identification:_identify(src) by extension 'python'
[0.325s] Level 1:colcon.colcon_core.package_identification:_identify(src) by extensions ['python_setup_py']
[0.325s] Level 1:colcon.colcon_core.package_identification:_identify(src) by extension 'python_setup_py'
[0.326s] Level 1:colcon.colcon_core.package_identification:_identify(src/bluerov2_bringup) by extensions ['ignore', 'ignore_ament_install']
[0.326s] Level 1:colcon.colcon_core.package_identification:_identify(src/bluerov2_bringup) by extension 'ignore'
[0.326s] Level 1:colcon.colcon_core.package_identification:_identify(src/bluerov2_bringup) by extension 'ignore_ament_install'
[0.326s] Level 1:colcon.colcon_core.package_identification:_identify(src/bluerov2_bringup) by extensions ['colcon_pkg']
[0.326s] Level 1:colcon.colcon_core.package_identification:_identify(src/bluerov2_bringup) by extension 'colcon_pkg'
[0.326s] Level 1:colcon.colcon_core.package_identification:_identify(src/bluerov2_bringup) by extensions ['colcon_meta']
[0.326s] Level 1:colcon.colcon_core.package_identification:_identify(src/bluerov2_bringup) by extension 'colcon_meta'
[0.326s] Level 1:colcon.colcon_core.package_identification:_identify(src/bluerov2_bringup) by extensions ['ros']
[0.326s] Level 1:colcon.colcon_core.package_identification:_identify(src/bluerov2_bringup) by extension 'ros'
[0.328s] DEBUG:colcon.colcon_core.package_identification:Package 'src/bluerov2_bringup' with type 'ros.ament_cmake' and name 'bluerov2_bringup'
[0.329s] Level 1:colcon.colcon_core.package_identification:_identify(src/bluerov2_controller) by extensions ['ignore', 'ignore_ament_install']
[0.329s] Level 1:colcon.colcon_core.package_identification:_identify(src/bluerov2_controller) by extension 'ignore'
[0.329s] Level 1:colcon.colcon_core.package_identification:_identify(src/bluerov2_controller) by extension 'ignore_ament_install'
[0.329s] Level 1:colcon.colcon_core.package_identification:_identify(src/bluerov2_controller) by extensions ['colcon_pkg']
[0.329s] Level 1:colcon.colcon_core.package_identification:_identify(src/bluerov2_controller) by extension 'colcon_pkg'
[0.329s] Level 1:colcon.colcon_core.package_identification:_identify(src/bluerov2_controller) by extensions ['colcon_meta']
[0.329s] Level 1:colcon.colcon_core.package_identification:_identify(src/bluerov2_controller) by extension 'colcon_meta'
[0.329s] Level 1:colcon.colcon_core.package_identification:_identify(src/bluerov2_controller) by extensions ['ros']
[0.329s] Level 1:colcon.colcon_core.package_identification:_identify(src/bluerov2_controller) by extension 'ros'
[0.330s] DEBUG:colcon.colcon_core.package_identification:Package 'src/bluerov2_controller' with type 'ros.ament_python' and name 'bluerov2_controller'
[0.330s] Level 1:colcon.colcon_core.package_identification:_identify(src/bluerov2_interfaces) by extensions ['ignore', 'ignore_ament_install']
[0.331s] Level 1:colcon.colcon_core.package_identification:_identify(src/bluerov2_interfaces) by extension 'ignore'
[0.331s] Level 1:colcon.colcon_core.package_identification:_identify(src/bluerov2_interfaces) by extension 'ignore_ament_install'
[0.331s] Level 1:colcon.colcon_core.package_identification:_identify(src/bluerov2_interfaces) by extensions ['colcon_pkg']
[0.331s] Level 1:colcon.colcon_core.package_identification:_identify(src/bluerov2_interfaces) by extension 'colcon_pkg'
[0.331s] Level 1:colcon.colcon_core.package_identification:_identify(src/bluerov2_interfaces) by extensions ['colcon_meta']
[0.331s] Level 1:colcon.colcon_core.package_identification:_identify(src/bluerov2_interfaces) by extension 'colcon_meta'
[0.331s] Level 1:colcon.colcon_core.package_identification:_identify(src/bluerov2_interfaces) by extensions ['ros']
[0.331s] Level 1:colcon.colcon_core.package_identification:_identify(src/bluerov2_interfaces) by extension 'ros'
[0.331s] DEBUG:colcon.colcon_core.package_identification:Package 'src/bluerov2_interfaces' with type 'ros.ament_cmake' and name 'bluerov2_interfaces'
[0.332s] Level 1:colcon.colcon_core.package_identification:_identify(src/tritech_micron) by extensions ['ignore', 'ignore_ament_install']
[0.332s] Level 1:colcon.colcon_core.package_identification:_identify(src/tritech_micron) by extension 'ignore'
[0.332s] Level 1:colcon.colcon_core.package_identification:_identify(src/tritech_micron) by extension 'ignore_ament_install'
[0.332s] Level 1:colcon.colcon_core.package_identification:_identify(src/tritech_micron) by extensions ['colcon_pkg']
[0.332s] Level 1:colcon.colcon_core.package_identification:_identify(src/tritech_micron) by extension 'colcon_pkg'
[0.332s] Level 1:colcon.colcon_core.package_identification:_identify(src/tritech_micron) by extensions ['colcon_meta']
[0.332s] Level 1:colcon.colcon_core.package_identification:_identify(src/tritech_micron) by extension 'colcon_meta'
[0.332s] Level 1:colcon.colcon_core.package_identification:_identify(src/tritech_micron) by extensions ['ros']
[0.332s] Level 1:colcon.colcon_core.package_identification:_identify(src/tritech_micron) by extension 'ros'
[0.333s] DEBUG:colcon.colcon_core.package_identification:Package 'src/tritech_micron' with type 'ros.ament_python' and name 'tritech_micron'
[0.333s] Level 1:colcon.colcon_core.package_identification:_identify(src/tritech_micron_interfaces) by extensions ['ignore', 'ignore_ament_install']
[0.333s] Level 1:colcon.colcon_core.package_identification:_identify(src/tritech_micron_interfaces) by extension 'ignore'
[0.333s] Level 1:colcon.colcon_core.package_identification:_identify(src/tritech_micron_interfaces) by extension 'ignore_ament_install'
[0.333s] Level 1:colcon.colcon_core.package_identification:_identify(src/tritech_micron_interfaces) by extensions ['colcon_pkg']
[0.333s] Level 1:colcon.colcon_core.package_identification:_identify(src/tritech_micron_interfaces) by extension 'colcon_pkg'
[0.333s] Level 1:colcon.colcon_core.package_identification:_identify(src/tritech_micron_interfaces) by extensions ['colcon_meta']
[0.333s] Level 1:colcon.colcon_core.package_identification:_identify(src/tritech_micron_interfaces) by extension 'colcon_meta'
[0.333s] Level 1:colcon.colcon_core.package_identification:_identify(src/tritech_micron_interfaces) by extensions ['ros']
[0.333s] Level 1:colcon.colcon_core.package_identification:_identify(src/tritech_micron_interfaces) by extension 'ros'
[0.334s] DEBUG:colcon.colcon_core.package_identification:Package 'src/tritech_micron_interfaces' with type 'ros.ament_cmake' and name 'tritech_micron_interfaces'
[0.334s] Level 1:colcon.colcon_core.package_discovery:discover_packages(recursive) using defaults
[0.334s] Level 1:colcon.colcon_core.package_discovery:discover_packages(ignore) discover
[0.334s] Level 1:colcon.colcon_core.package_discovery:discover_packages(ignore) using defaults
[0.334s] Level 1:colcon.colcon_core.package_discovery:discover_packages(path) discover
[0.334s] Level 1:colcon.colcon_core.package_discovery:discover_packages(path) using defaults
[0.355s] Level 1:colcon.colcon_core.package_discovery:discover_packages(prefix_path) check parameters
[0.355s] Level 1:colcon.colcon_core.package_discovery:discover_packages(prefix_path) discover
[0.357s] DEBUG:colcon.colcon_installed_package_information.package_discovery:Found 5 installed packages in /home/bluerov/ROS-Humble-BlueRov2-Driver/install
[0.359s] DEBUG:colcon.colcon_installed_package_information.package_discovery:Found 270 installed packages in /opt/ros/humble
[0.360s] Level 1:colcon.colcon_core.package_discovery:discover_packages(prefix_path) using defaults
[0.414s] Level 5:colcon.colcon_core.verb:set package 'bluerov2_interfaces' build argument 'cmake_args' from command line to 'None'
[0.414s] Level 5:colcon.colcon_core.verb:set package 'bluerov2_interfaces' build argument 'cmake_target' from command line to 'None'
[0.414s] Level 5:colcon.colcon_core.verb:set package 'bluerov2_interfaces' build argument 'cmake_target_skip_unavailable' from command line to 'False'
[0.414s] Level 5:colcon.colcon_core.verb:set package 'bluerov2_interfaces' build argument 'cmake_clean_cache' from command line to 'False'
[0.414s] Level 5:colcon.colcon_core.verb:set package 'bluerov2_interfaces' build argument 'cmake_clean_first' from command line to 'False'
[0.414s] Level 5:colcon.colcon_core.verb:set package 'bluerov2_interfaces' build argument 'cmake_force_configure' from command line to 'False'
[0.414s] Level 5:colcon.colcon_core.verb:set package 'bluerov2_interfaces' build argument 'ament_cmake_args' from command line to 'None'
[0.415s] Level 5:colcon.colcon_core.verb:set package 'bluerov2_interfaces' build argument 'catkin_cmake_args' from command line to 'None'
[0.415s] Level 5:colcon.colcon_core.verb:set package 'bluerov2_interfaces' build argument 'catkin_skip_building_tests' from command line to 'False'
[0.415s] DEBUG:colcon.colcon_core.verb:Building package 'bluerov2_interfaces' with the following arguments: {'ament_cmake_args': None, 'build_base': '/home/bluerov/ROS-Humble-BlueRov2-Driver/build/bluerov2_interfaces', 'catkin_cmake_args': None, 'catkin_skip_building_tests': False, 'cmake_args': None, 'cmake_clean_cache': False, 'cmake_clean_first': False, 'cmake_force_configure': False, 'cmake_target': None, 'cmake_target_skip_unavailable': False, 'install_base': '/home/bluerov/ROS-Humble-BlueRov2-Driver/install/bluerov2_interfaces', 'merge_install': False, 'path': '/home/bluerov/ROS-Humble-BlueRov2-Driver/src/bluerov2_interfaces', 'symlink_install': False, 'test_result_base': None}
[0.415s] Level 5:colcon.colcon_core.verb:set package 'tritech_micron_interfaces' build argument 'cmake_args' from command line to 'None'
[0.415s] Level 5:colcon.colcon_core.verb:set package 'tritech_micron_interfaces' build argument 'cmake_target' from command line to 'None'
[0.415s] Level 5:colcon.colcon_core.verb:set package 'tritech_micron_interfaces' build argument 'cmake_target_skip_unavailable' from command line to 'False'
[0.415s] Level 5:colcon.colcon_core.verb:set package 'tritech_micron_interfaces' build argument 'cmake_clean_cache' from command line to 'False'
[0.415s] Level 5:colcon.colcon_core.verb:set package 'tritech_micron_interfaces' build argument 'cmake_clean_first' from command line to 'False'
[0.415s] Level 5:colcon.colcon_core.verb:set package 'tritech_micron_interfaces' build argument 'cmake_force_configure' from command line to 'False'
[0.415s] Level 5:colcon.colcon_core.verb:set package 'tritech_micron_interfaces' build argument 'ament_cmake_args' from command line to 'None'
[0.415s] Level 5:colcon.colcon_core.verb:set package 'tritech_micron_interfaces' build argument 'catkin_cmake_args' from command line to 'None'
[0.415s] Level 5:colcon.colcon_core.verb:set package 'tritech_micron_interfaces' build argument 'catkin_skip_building_tests' from command line to 'False'
[0.415s] DEBUG:colcon.colcon_core.verb:Building package 'tritech_micron_interfaces' with the following arguments: {'ament_cmake_args': None, 'build_base': '/home/bluerov/ROS-Humble-BlueRov2-Driver/build/tritech_micron_interfaces', 'catkin_cmake_args': None, 'catkin_skip_building_tests': False, 'cmake_args': None, 'cmake_clean_cache': False, 'cmake_clean_first': False, 'cmake_force_configure': False, 'cmake_target': None, 'cmake_target_skip_unavailable': False, 'install_base': '/home/bluerov/ROS-Humble-BlueRov2-Driver/install/tritech_micron_interfaces', 'merge_install': False, 'path': '/home/bluerov/ROS-Humble-BlueRov2-Driver/src/tritech_micron_interfaces', 'symlink_install': False, 'test_result_base': None}
[0.416s] Level 5:colcon.colcon_core.verb:set package 'bluerov2_controller' build argument 'cmake_args' from command line to 'None'
[0.416s] Level 5:colcon.colcon_core.verb:set package 'bluerov2_controller' build argument 'cmake_target' from command line to 'None'
[0.416s] Level 5:colcon.colcon_core.verb:set package 'bluerov2_controller' build argument 'cmake_target_skip_unavailable' from command line to 'False'
[0.416s] Level 5:colcon.colcon_core.verb:set package 'bluerov2_controller' build argument 'cmake_clean_cache' from command line to 'False'
[0.416s] Level 5:colcon.colcon_core.verb:set package 'bluerov2_controller' build argument 'cmake_clean_first' from command line to 'False'
[0.416s] Level 5:colcon.colcon_core.verb:set package 'bluerov2_controller' build argument 'cmake_force_configure' from command line to 'False'
[0.416s] Level 5:colcon.colcon_core.verb:set package 'bluerov2_controller' build argument 'ament_cmake_args' from command line to 'None'
[0.416s] Level 5:colcon.colcon_core.verb:set package 'bluerov2_controller' build argument 'catkin_cmake_args' from command line to 'None'
[0.416s] Level 5:colcon.colcon_core.verb:set package 'bluerov2_controller' build argument 'catkin_skip_building_tests' from command line to 'False'
[0.416s] DEBUG:colcon.colcon_core.verb:Building package 'bluerov2_controller' with the following arguments: {'ament_cmake_args': None, 'build_base': '/home/bluerov/ROS-Humble-BlueRov2-Driver/build/bluerov2_controller', 'catkin_cmake_args': None, 'catkin_skip_building_tests': False, 'cmake_args': None, 'cmake_clean_cache': False, 'cmake_clean_first': False, 'cmake_force_configure': False, 'cmake_target': None, 'cmake_target_skip_unavailable': False, 'install_base': '/home/bluerov/ROS-Humble-BlueRov2-Driver/install/bluerov2_controller', 'merge_install': False, 'path': '/home/bluerov/ROS-Humble-BlueRov2-Driver/src/bluerov2_controller', 'symlink_install': False, 'test_result_base': None}
[0.416s] Level 5:colcon.colcon_core.verb:set package 'tritech_micron' build argument 'cmake_args' from command line to 'None'
[0.416s] Level 5:colcon.colcon_core.verb:set package 'tritech_micron' build argument 'cmake_target' from command line to 'None'
[0.416s] Level 5:colcon.colcon_core.verb:set package 'tritech_micron' build argument 'cmake_target_skip_unavailable' from command line to 'False'
[0.417s] Level 5:colcon.colcon_core.verb:set package 'tritech_micron' build argument 'cmake_clean_cache' from command line to 'False'
[0.417s] Level 5:colcon.colcon_core.verb:set package 'tritech_micron' build argument 'cmake_clean_first' from command line to 'False'
[0.417s] Level 5:colcon.colcon_core.verb:set package 'tritech_micron' build argument 'cmake_force_configure' from command line to 'False'
[0.417s] Level 5:colcon.colcon_core.verb:set package 'tritech_micron' build argument 'ament_cmake_args' from command line to 'None'
[0.417s] Level 5:colcon.colcon_core.verb:set package 'tritech_micron' build argument 'catkin_cmake_args' from command line to 'None'
[0.417s] Level 5:colcon.colcon_core.verb:set package 'tritech_micron' build argument 'catkin_skip_building_tests' from command line to 'False'
[0.417s] DEBUG:colcon.colcon_core.verb:Building package 'tritech_micron' with the following arguments: {'ament_cmake_args': None, 'build_base': '/home/bluerov/ROS-Humble-BlueRov2-Driver/build/tritech_micron', 'catkin_cmake_args': None, 'catkin_skip_building_tests': False, 'cmake_args': None, 'cmake_clean_cache': False, 'cmake_clean_first': False, 'cmake_force_configure': False, 'cmake_target': None, 'cmake_target_skip_unavailable': False, 'install_base': '/home/bluerov/ROS-Humble-BlueRov2-Driver/install/tritech_micron', 'merge_install': False, 'path': '/home/bluerov/ROS-Humble-BlueRov2-Driver/src/tritech_micron', 'symlink_install': False, 'test_result_base': None}
[0.417s] Level 5:colcon.colcon_core.verb:set package 'bluerov2_bringup' build argument 'cmake_args' from command line to 'None'
[0.417s] Level 5:colcon.colcon_core.verb:set package 'bluerov2_bringup' build argument 'cmake_target' from command line to 'None'
[0.417s] Level 5:colcon.colcon_core.verb:set package 'bluerov2_bringup' build argument 'cmake_target_skip_unavailable' from command line to 'False'
[0.417s] Level 5:colcon.colcon_core.verb:set package 'bluerov2_bringup' build argument 'cmake_clean_cache' from command line to 'False'
[0.417s] Level 5:colcon.colcon_core.verb:set package 'bluerov2_bringup' build argument 'cmake_clean_first' from command line to 'False'
[0.417s] Level 5:colcon.colcon_core.verb:set package 'bluerov2_bringup' build argument 'cmake_force_configure' from command line to 'False'
[0.417s] Level 5:colcon.colcon_core.verb:set package 'bluerov2_bringup' build argument 'ament_cmake_args' from command line to 'None'
[0.417s] Level 5:colcon.colcon_core.verb:set package 'bluerov2_bringup' build argument 'catkin_cmake_args' from command line to 'None'
[0.417s] Level 5:colcon.colcon_core.verb:set package 'bluerov2_bringup' build argument 'catkin_skip_building_tests' from command line to 'False'
[0.417s] DEBUG:colcon.colcon_core.verb:Building package 'bluerov2_bringup' with the following arguments: {'ament_cmake_args': None, 'build_base': '/home/bluerov/ROS-Humble-BlueRov2-Driver/build/bluerov2_bringup', 'catkin_cmake_args': None, 'catkin_skip_building_tests': False, 'cmake_args': None, 'cmake_clean_cache': False, 'cmake_clean_first': False, 'cmake_force_configure': False, 'cmake_target': None, 'cmake_target_skip_unavailable': False, 'install_base': '/home/bluerov/ROS-Humble-BlueRov2-Driver/install/bluerov2_bringup', 'merge_install': False, 'path': '/home/bluerov/ROS-Humble-BlueRov2-Driver/src/bluerov2_bringup', 'symlink_install': False, 'test_result_base': None}
[0.418s] INFO:colcon.colcon_core.executor:Executing jobs using 'parallel' executor
[0.419s] DEBUG:colcon.colcon_parallel_executor.executor.parallel:run_until_complete
[0.419s] INFO:colcon.colcon_ros.task.ament_cmake.build:Building ROS package in '/home/bluerov/ROS-Humble-BlueRov2-Driver/src/bluerov2_interfaces' with build type 'ament_cmake'
[0.419s] INFO:colcon.colcon_cmake.task.cmake.build:Building CMake package in '/home/bluerov/ROS-Humble-BlueRov2-Driver/src/bluerov2_interfaces'
[0.423s] INFO:colcon.colcon_core.plugin_system:Skipping extension 'colcon_core.shell.bat': Not used on non-Windows systems
[0.423s] INFO:colcon.colcon_core.shell:Skip shell extension 'powershell' for command environment: Not usable outside of PowerShell
[0.423s] DEBUG:colcon.colcon_core.shell:Skip shell extension 'dsv' for command environment
[0.428s] INFO:colcon.colcon_ros.task.ament_cmake.build:Building ROS package in '/home/bluerov/ROS-Humble-BlueRov2-Driver/src/tritech_micron_interfaces' with build type 'ament_cmake'
[0.428s] INFO:colcon.colcon_cmake.task.cmake.build:Building CMake package in '/home/bluerov/ROS-Humble-BlueRov2-Driver/src/tritech_micron_interfaces'
[0.428s] INFO:colcon.colcon_core.shell:Skip shell extension 'powershell' for command environment: Not usable outside of PowerShell
[0.428s] DEBUG:colcon.colcon_core.shell:Skip shell extension 'dsv' for command environment
[0.442s] DEBUG:colcon.colcon_core.event_handler.log_command:Invoking command in '/home/bluerov/ROS-Humble-BlueRov2-Driver/build/bluerov2_interfaces': CMAKE_PREFIX_PATH=${CMAKE_PREFIX_PATH}:/home/bluerov/ROS-Humble-BlueRov2-Driver/install/tritech_micron:/home/bluerov/ROS-Humble-BlueRov2-Driver/install/bluerov2_controller:/opt/ros/humble /usr/bin/cmake --build /home/bluerov/ROS-Humble-BlueRov2-Driver/build/bluerov2_interfaces -- -j8 -l8
[0.448s] DEBUG:colcon.colcon_core.event_handler.log_command:Invoking command in '/home/bluerov/ROS-Humble-BlueRov2-Driver/build/tritech_micron_interfaces': CMAKE_PREFIX_PATH=${CMAKE_PREFIX_PATH}:/home/bluerov/ROS-Humble-BlueRov2-Driver/install/tritech_micron:/home/bluerov/ROS-Humble-BlueRov2-Driver/install/bluerov2_controller:/opt/ros/humble /usr/bin/cmake --build /home/bluerov/ROS-Humble-BlueRov2-Driver/build/tritech_micron_interfaces -- -j8 -l8
[1.055s] DEBUG:colcon.colcon_core.event_handler.log_command:Invoked command in '/home/bluerov/ROS-Humble-BlueRov2-Driver/build/bluerov2_interfaces' returned '0': CMAKE_PREFIX_PATH=${CMAKE_PREFIX_PATH}:/home/bluerov/ROS-Humble-BlueRov2-Driver/install/tritech_micron:/home/bluerov/ROS-Humble-BlueRov2-Driver/install/bluerov2_controller:/opt/ros/humble /usr/bin/cmake --build /home/bluerov/ROS-Humble-BlueRov2-Driver/build/bluerov2_interfaces -- -j8 -l8
[1.069s] DEBUG:colcon.colcon_core.event_handler.log_command:Invoked command in '/home/bluerov/ROS-Humble-BlueRov2-Driver/build/tritech_micron_interfaces' returned '0': CMAKE_PREFIX_PATH=${CMAKE_PREFIX_PATH}:/home/bluerov/ROS-Humble-BlueRov2-Driver/install/tritech_micron:/home/bluerov/ROS-Humble-BlueRov2-Driver/install/bluerov2_controller:/opt/ros/humble /usr/bin/cmake --build /home/bluerov/ROS-Humble-BlueRov2-Driver/build/tritech_micron_interfaces -- -j8 -l8
[1.189s] DEBUG:colcon.colcon_core.event_handler.log_command:Invoking command in '/home/bluerov/ROS-Humble-BlueRov2-Driver/build/tritech_micron_interfaces': CMAKE_PREFIX_PATH=${CMAKE_PREFIX_PATH}:/home/bluerov/ROS-Humble-BlueRov2-Driver/install/tritech_micron:/home/bluerov/ROS-Humble-BlueRov2-Driver/install/bluerov2_controller:/opt/ros/humble /usr/bin/cmake --install /home/bluerov/ROS-Humble-BlueRov2-Driver/build/tritech_micron_interfaces
[1.227s] DEBUG:colcon.colcon_core.event_handler.log_command:Invoking command in '/home/bluerov/ROS-Humble-BlueRov2-Driver/build/bluerov2_interfaces': CMAKE_PREFIX_PATH=${CMAKE_PREFIX_PATH}:/home/bluerov/ROS-Humble-BlueRov2-Driver/install/tritech_micron:/home/bluerov/ROS-Humble-BlueRov2-Driver/install/bluerov2_controller:/opt/ros/humble /usr/bin/cmake --install /home/bluerov/ROS-Humble-BlueRov2-Driver/build/bluerov2_interfaces
[1.279s] Level 1:colcon.colcon_core.environment:create_environment_scripts_only(tritech_micron_interfaces)
[1.280s] DEBUG:colcon.colcon_core.event_handler.log_command:Invoked command in '/home/bluerov/ROS-Humble-BlueRov2-Driver/build/tritech_micron_interfaces' returned '0': CMAKE_PREFIX_PATH=${CMAKE_PREFIX_PATH}:/home/bluerov/ROS-Humble-BlueRov2-Driver/install/tritech_micron:/home/bluerov/ROS-Humble-BlueRov2-Driver/install/bluerov2_controller:/opt/ros/humble /usr/bin/cmake --install /home/bluerov/ROS-Humble-BlueRov2-Driver/build/tritech_micron_interfaces
[1.283s] Level 1:colcon.colcon_core.environment:checking '/home/bluerov/ROS-Humble-BlueRov2-Driver/install/tritech_micron_interfaces' for CMake module files
[1.284s] Level 1:colcon.colcon_core.environment:checking '/home/bluerov/ROS-Humble-BlueRov2-Driver/install/tritech_micron_interfaces' for CMake config files
[1.284s] Level 1:colcon.colcon_core.shell:create_environment_hook('tritech_micron_interfaces', 'cmake_prefix_path')
[1.284s] INFO:colcon.colcon_core.shell:Creating environment hook '/home/bluerov/ROS-Humble-BlueRov2-Driver/install/tritech_micron_interfaces/share/tritech_micron_interfaces/hook/cmake_prefix_path.ps1'
[1.285s] INFO:colcon.colcon_core.shell:Creating environment descriptor '/home/bluerov/ROS-Humble-BlueRov2-Driver/install/tritech_micron_interfaces/share/tritech_micron_interfaces/hook/cmake_prefix_path.dsv'
[1.286s] INFO:colcon.colcon_core.shell:Creating environment hook '/home/bluerov/ROS-Humble-BlueRov2-Driver/install/tritech_micron_interfaces/share/tritech_micron_interfaces/hook/cmake_prefix_path.sh'
[1.287s] Level 1:colcon.colcon_core.environment:checking '/home/bluerov/ROS-Humble-BlueRov2-Driver/install/tritech_micron_interfaces/lib'
[1.287s] Level 1:colcon.colcon_core.shell:create_environment_hook('tritech_micron_interfaces', 'ld_library_path_lib')
[1.288s] INFO:colcon.colcon_core.shell:Creating environment hook '/home/bluerov/ROS-Humble-BlueRov2-Driver/install/tritech_micron_interfaces/share/tritech_micron_interfaces/hook/ld_library_path_lib.ps1'
[1.288s] INFO:colcon.colcon_core.shell:Creating environment descriptor '/home/bluerov/ROS-Humble-BlueRov2-Driver/install/tritech_micron_interfaces/share/tritech_micron_interfaces/hook/ld_library_path_lib.dsv'
[1.289s] INFO:colcon.colcon_core.shell:Creating environment hook '/home/bluerov/ROS-Humble-BlueRov2-Driver/install/tritech_micron_interfaces/share/tritech_micron_interfaces/hook/ld_library_path_lib.sh'
[1.289s] Level 1:colcon.colcon_core.environment:checking '/home/bluerov/ROS-Humble-BlueRov2-Driver/install/tritech_micron_interfaces/bin'
[1.289s] Level 1:colcon.colcon_core.environment:checking '/home/bluerov/ROS-Humble-BlueRov2-Driver/install/tritech_micron_interfaces/lib/pkgconfig/tritech_micron_interfaces.pc'
[1.289s] Level 1:colcon.colcon_core.environment:checking '/home/bluerov/ROS-Humble-BlueRov2-Driver/install/tritech_micron_interfaces/lib/python3.10/site-packages'
[1.290s] Level 1:colcon.colcon_core.environment:checking '/home/bluerov/ROS-Humble-BlueRov2-Driver/install/tritech_micron_interfaces/bin'
[1.290s] INFO:colcon.colcon_core.shell:Creating package script '/home/bluerov/ROS-Humble-BlueRov2-Driver/install/tritech_micron_interfaces/share/tritech_micron_interfaces/package.ps1'
[1.292s] INFO:colcon.colcon_core.shell:Creating package descriptor '/home/bluerov/ROS-Humble-BlueRov2-Driver/install/tritech_micron_interfaces/share/tritech_micron_interfaces/package.dsv'
[1.292s] INFO:colcon.colcon_core.shell:Creating package script '/home/bluerov/ROS-Humble-BlueRov2-Driver/install/tritech_micron_interfaces/share/tritech_micron_interfaces/package.sh'
[1.294s] INFO:colcon.colcon_core.shell:Creating package script '/home/bluerov/ROS-Humble-BlueRov2-Driver/install/tritech_micron_interfaces/share/tritech_micron_interfaces/package.bash'
[1.295s] INFO:colcon.colcon_core.shell:Creating package script '/home/bluerov/ROS-Humble-BlueRov2-Driver/install/tritech_micron_interfaces/share/tritech_micron_interfaces/package.zsh'
[1.295s] Level 1:colcon.colcon_core.environment:create_file_with_runtime_dependencies(/home/bluerov/ROS-Humble-BlueRov2-Driver/install/tritech_micron_interfaces/share/colcon-core/packages/tritech_micron_interfaces)
[1.313s] Level 1:colcon.colcon_core.environment:create_environment_scripts_only(bluerov2_interfaces)
[1.313s] Level 1:colcon.colcon_core.environment:checking '/home/bluerov/ROS-Humble-BlueRov2-Driver/install/bluerov2_interfaces' for CMake module files
[1.314s] DEBUG:colcon.colcon_core.event_handler.log_command:Invoked command in '/home/bluerov/ROS-Humble-BlueRov2-Driver/build/bluerov2_interfaces' returned '0': CMAKE_PREFIX_PATH=${CMAKE_PREFIX_PATH}:/home/bluerov/ROS-Humble-BlueRov2-Driver/install/tritech_micron:/home/bluerov/ROS-Humble-BlueRov2-Driver/install/bluerov2_controller:/opt/ros/humble /usr/bin/cmake --install /home/bluerov/ROS-Humble-BlueRov2-Driver/build/bluerov2_interfaces
[1.315s] Level 1:colcon.colcon_core.environment:checking '/home/bluerov/ROS-Humble-BlueRov2-Driver/install/bluerov2_interfaces' for CMake config files
[1.315s] Level 1:colcon.colcon_core.shell:create_environment_hook('bluerov2_interfaces', 'cmake_prefix_path')
[1.316s] INFO:colcon.colcon_core.shell:Creating environment hook '/home/bluerov/ROS-Humble-BlueRov2-Driver/install/bluerov2_interfaces/share/bluerov2_interfaces/hook/cmake_prefix_path.ps1'
[1.316s] INFO:colcon.colcon_core.shell:Creating environment descriptor '/home/bluerov/ROS-Humble-BlueRov2-Driver/install/bluerov2_interfaces/share/bluerov2_interfaces/hook/cmake_prefix_path.dsv'
[1.317s] INFO:colcon.colcon_core.shell:Creating environment hook '/home/bluerov/ROS-Humble-BlueRov2-Driver/install/bluerov2_interfaces/share/bluerov2_interfaces/hook/cmake_prefix_path.sh'
[1.318s] Level 1:colcon.colcon_core.environment:checking '/home/bluerov/ROS-Humble-BlueRov2-Driver/install/bluerov2_interfaces/lib'
[1.318s] Level 1:colcon.colcon_core.shell:create_environment_hook('bluerov2_interfaces', 'ld_library_path_lib')
[1.318s] INFO:colcon.colcon_core.shell:Creating environment hook '/home/bluerov/ROS-Humble-BlueRov2-Driver/install/bluerov2_interfaces/share/bluerov2_interfaces/hook/ld_library_path_lib.ps1'
[1.319s] INFO:colcon.colcon_core.shell:Creating environment descriptor '/home/bluerov/ROS-Humble-BlueRov2-Driver/install/bluerov2_interfaces/share/bluerov2_interfaces/hook/ld_library_path_lib.dsv'
[1.319s] INFO:colcon.colcon_core.shell:Creating environment hook '/home/bluerov/ROS-Humble-BlueRov2-Driver/install/bluerov2_interfaces/share/bluerov2_interfaces/hook/ld_library_path_lib.sh'
[1.320s] Level 1:colcon.colcon_core.environment:checking '/home/bluerov/ROS-Humble-BlueRov2-Driver/install/bluerov2_interfaces/bin'
[1.320s] Level 1:colcon.colcon_core.environment:checking '/home/bluerov/ROS-Humble-BlueRov2-Driver/install/bluerov2_interfaces/lib/pkgconfig/bluerov2_interfaces.pc'
[1.320s] Level 1:colcon.colcon_core.environment:checking '/home/bluerov/ROS-Humble-BlueRov2-Driver/install/bluerov2_interfaces/lib/python3.10/site-packages'
[1.320s] Level 1:colcon.colcon_core.environment:checking '/home/bluerov/ROS-Humble-BlueRov2-Driver/install/bluerov2_interfaces/bin'
[1.321s] INFO:colcon.colcon_core.shell:Creating package script '/home/bluerov/ROS-Humble-BlueRov2-Driver/install/bluerov2_interfaces/share/bluerov2_interfaces/package.ps1'
[1.322s] INFO:colcon.colcon_core.shell:Creating package descriptor '/home/bluerov/ROS-Humble-BlueRov2-Driver/install/bluerov2_interfaces/share/bluerov2_interfaces/package.dsv'
[1.322s] INFO:colcon.colcon_core.shell:Creating package script '/home/bluerov/ROS-Humble-BlueRov2-Driver/install/bluerov2_interfaces/share/bluerov2_interfaces/package.sh'
[1.323s] INFO:colcon.colcon_core.shell:Creating package script '/home/bluerov/ROS-Humble-BlueRov2-Driver/install/bluerov2_interfaces/share/bluerov2_interfaces/package.bash'
[1.323s] INFO:colcon.colcon_core.shell:Creating package script '/home/bluerov/ROS-Humble-BlueRov2-Driver/install/bluerov2_interfaces/share/bluerov2_interfaces/package.zsh'
[1.324s] Level 1:colcon.colcon_core.environment:create_file_with_runtime_dependencies(/home/bluerov/ROS-Humble-BlueRov2-Driver/install/bluerov2_interfaces/share/colcon-core/packages/bluerov2_interfaces)
[1.402s] Level 1:colcon.colcon_core.environment:create_environment_scripts_only(tritech_micron_interfaces)
[1.403s] Level 1:colcon.colcon_core.environment:checking '/home/bluerov/ROS-Humble-BlueRov2-Driver/install/tritech_micron_interfaces' for CMake module files
[1.404s] Level 1:colcon.colcon_core.environment:checking '/home/bluerov/ROS-Humble-BlueRov2-Driver/install/tritech_micron_interfaces' for CMake config files
[1.404s] Level 1:colcon.colcon_core.shell:create_environment_hook('tritech_micron_interfaces', 'cmake_prefix_path')
[1.405s] INFO:colcon.colcon_core.shell:Creating environment hook '/home/bluerov/ROS-Humble-BlueRov2-Driver/install/tritech_micron_interfaces/share/tritech_micron_interfaces/hook/cmake_prefix_path.ps1'
[1.405s] INFO:colcon.colcon_core.shell:Creating environment descriptor '/home/bluerov/ROS-Humble-BlueRov2-Driver/install/tritech_micron_interfaces/share/tritech_micron_interfaces/hook/cmake_prefix_path.dsv'
[1.406s] INFO:colcon.colcon_core.shell:Creating environment hook '/home/bluerov/ROS-Humble-BlueRov2-Driver/install/tritech_micron_interfaces/share/tritech_micron_interfaces/hook/cmake_prefix_path.sh'
[1.407s] Level 1:colcon.colcon_core.environment:checking '/home/bluerov/ROS-Humble-BlueRov2-Driver/install/tritech_micron_interfaces/lib'
[1.407s] Level 1:colcon.colcon_core.shell:create_environment_hook('tritech_micron_interfaces', 'ld_library_path_lib')
[1.407s] INFO:colcon.colcon_core.shell:Creating environment hook '/home/bluerov/ROS-Humble-BlueRov2-Driver/install/tritech_micron_interfaces/share/tritech_micron_interfaces/hook/ld_library_path_lib.ps1'
[1.408s] INFO:colcon.colcon_core.shell:Creating environment descriptor '/home/bluerov/ROS-Humble-BlueRov2-Driver/install/tritech_micron_interfaces/share/tritech_micron_interfaces/hook/ld_library_path_lib.dsv'
[1.408s] INFO:colcon.colcon_core.shell:Creating environment hook '/home/bluerov/ROS-Humble-BlueRov2-Driver/install/tritech_micron_interfaces/share/tritech_micron_interfaces/hook/ld_library_path_lib.sh'
[1.409s] Level 1:colcon.colcon_core.environment:checking '/home/bluerov/ROS-Humble-BlueRov2-Driver/install/tritech_micron_interfaces/bin'
[1.409s] Level 1:colcon.colcon_core.environment:checking '/home/bluerov/ROS-Humble-BlueRov2-Driver/install/tritech_micron_interfaces/lib/pkgconfig/tritech_micron_interfaces.pc'
[1.409s] Level 1:colcon.colcon_core.environment:checking '/home/bluerov/ROS-Humble-BlueRov2-Driver/install/tritech_micron_interfaces/lib/python3.10/site-packages'
[1.409s] Level 1:colcon.colcon_core.environment:checking '/home/bluerov/ROS-Humble-BlueRov2-Driver/install/tritech_micron_interfaces/bin'
[1.410s] INFO:colcon.colcon_core.shell:Creating package script '/home/bluerov/ROS-Humble-BlueRov2-Driver/install/tritech_micron_interfaces/share/tritech_micron_interfaces/package.ps1'
[1.410s] INFO:colcon.colcon_core.shell:Creating package descriptor '/home/bluerov/ROS-Humble-BlueRov2-Driver/install/tritech_micron_interfaces/share/tritech_micron_interfaces/package.dsv'
[1.411s] INFO:colcon.colcon_core.shell:Creating package script '/home/bluerov/ROS-Humble-BlueRov2-Driver/install/tritech_micron_interfaces/share/tritech_micron_interfaces/package.sh'
[1.412s] INFO:colcon.colcon_core.shell:Creating package script '/home/bluerov/ROS-Humble-BlueRov2-Driver/install/tritech_micron_interfaces/share/tritech_micron_interfaces/package.bash'
[1.412s] INFO:colcon.colcon_core.shell:Creating package script '/home/bluerov/ROS-Humble-BlueRov2-Driver/install/tritech_micron_interfaces/share/tritech_micron_interfaces/package.zsh'
[1.413s] Level 1:colcon.colcon_core.environment:create_file_with_runtime_dependencies(/home/bluerov/ROS-Humble-BlueRov2-Driver/install/tritech_micron_interfaces/share/colcon-core/packages/tritech_micron_interfaces)
[1.413s] INFO:colcon.colcon_ros.task.ament_python.build:Building ROS package in '/home/bluerov/ROS-Humble-BlueRov2-Driver/src/tritech_micron' with build type 'ament_python'
[1.413s] Level 1:colcon.colcon_core.shell:create_environment_hook('tritech_micron', 'ament_prefix_path')
[1.414s] INFO:colcon.colcon_core.shell:Creating environment hook '/home/bluerov/ROS-Humble-BlueRov2-Driver/install/tritech_micron/share/tritech_micron/hook/ament_prefix_path.ps1'
[1.415s] INFO:colcon.colcon_core.shell:Creating environment descriptor '/home/bluerov/ROS-Humble-BlueRov2-Driver/install/tritech_micron/share/tritech_micron/hook/ament_prefix_path.dsv'
[1.416s] INFO:colcon.colcon_core.shell:Creating environment hook '/home/bluerov/ROS-Humble-BlueRov2-Driver/install/tritech_micron/share/tritech_micron/hook/ament_prefix_path.sh'
[1.417s] INFO:colcon.colcon_core.shell:Skip shell extension 'powershell' for command environment: Not usable outside of PowerShell
[1.417s] DEBUG:colcon.colcon_core.shell:Skip shell extension 'dsv' for command environment
[1.795s] INFO:colcon.colcon_core.task.python.build:Building Python package in '/home/bluerov/ROS-Humble-BlueRov2-Driver/src/tritech_micron'
[1.796s] INFO:colcon.colcon_core.shell:Skip shell extension 'powershell' for command environment: Not usable outside of PowerShell
[1.796s] DEBUG:colcon.colcon_core.shell:Skip shell extension 'dsv' for command environment
[1.806s] Level 1:colcon.colcon_core.environment:create_environment_scripts_only(bluerov2_interfaces)
[1.806s] Level 1:colcon.colcon_core.environment:checking '/home/bluerov/ROS-Humble-BlueRov2-Driver/install/bluerov2_interfaces' for CMake module files
[1.808s] Level 1:colcon.colcon_core.environment:checking '/home/bluerov/ROS-Humble-BlueRov2-Driver/install/bluerov2_interfaces' for CMake config files
[1.809s] Level 1:colcon.colcon_core.shell:create_environment_hook('bluerov2_interfaces', 'cmake_prefix_path')
[1.810s] INFO:colcon.colcon_core.shell:Creating environment hook '/home/bluerov/ROS-Humble-BlueRov2-Driver/install/bluerov2_interfaces/share/bluerov2_interfaces/hook/cmake_prefix_path.ps1'
[1.811s] INFO:colcon.colcon_core.shell:Creating environment descriptor '/home/bluerov/ROS-Humble-BlueRov2-Driver/install/bluerov2_interfaces/share/bluerov2_interfaces/hook/cmake_prefix_path.dsv'
[1.812s] INFO:colcon.colcon_core.shell:Creating environment hook '/home/bluerov/ROS-Humble-BlueRov2-Driver/install/bluerov2_interfaces/share/bluerov2_interfaces/hook/cmake_prefix_path.sh'
[1.814s] Level 1:colcon.colcon_core.environment:checking '/home/bluerov/ROS-Humble-BlueRov2-Driver/install/bluerov2_interfaces/lib'
[1.814s] Level 1:colcon.colcon_core.shell:create_environment_hook('bluerov2_interfaces', 'ld_library_path_lib')
[1.815s] INFO:colcon.colcon_core.shell:Creating environment hook '/home/bluerov/ROS-Humble-BlueRov2-Driver/install/bluerov2_interfaces/share/bluerov2_interfaces/hook/ld_library_path_lib.ps1'
[1.816s] INFO:colcon.colcon_core.shell:Creating environment descriptor '/home/bluerov/ROS-Humble-BlueRov2-Driver/install/bluerov2_interfaces/share/bluerov2_interfaces/hook/ld_library_path_lib.dsv'
[1.817s] INFO:colcon.colcon_core.shell:Creating environment hook '/home/bluerov/ROS-Humble-BlueRov2-Driver/install/bluerov2_interfaces/share/bluerov2_interfaces/hook/ld_library_path_lib.sh'
[1.818s] Level 1:colcon.colcon_core.environment:checking '/home/bluerov/ROS-Humble-BlueRov2-Driver/install/bluerov2_interfaces/bin'
[1.818s] Level 1:colcon.colcon_core.environment:checking '/home/bluerov/ROS-Humble-BlueRov2-Driver/install/bluerov2_interfaces/lib/pkgconfig/bluerov2_interfaces.pc'
[1.819s] Level 1:colcon.colcon_core.environment:checking '/home/bluerov/ROS-Humble-BlueRov2-Driver/install/bluerov2_interfaces/lib/python3.10/site-packages'
[1.820s] Level 1:colcon.colcon_core.environment:checking '/home/bluerov/ROS-Humble-BlueRov2-Driver/install/bluerov2_interfaces/bin'
[1.821s] INFO:colcon.colcon_core.shell:Creating package script '/home/bluerov/ROS-Humble-BlueRov2-Driver/install/bluerov2_interfaces/share/bluerov2_interfaces/package.ps1'
[1.823s] INFO:colcon.colcon_core.shell:Creating package descriptor '/home/bluerov/ROS-Humble-BlueRov2-Driver/install/bluerov2_interfaces/share/bluerov2_interfaces/package.dsv'
[1.825s] INFO:colcon.colcon_core.shell:Creating package script '/home/bluerov/ROS-Humble-BlueRov2-Driver/install/bluerov2_interfaces/share/bluerov2_interfaces/package.sh'
[1.826s] INFO:colcon.colcon_core.shell:Creating package script '/home/bluerov/ROS-Humble-BlueRov2-Driver/install/bluerov2_interfaces/share/bluerov2_interfaces/package.bash'
[1.827s] INFO:colcon.colcon_core.shell:Creating package script '/home/bluerov/ROS-Humble-BlueRov2-Driver/install/bluerov2_interfaces/share/bluerov2_interfaces/package.zsh'
[1.829s] Level 1:colcon.colcon_core.environment:create_file_with_runtime_dependencies(/home/bluerov/ROS-Humble-BlueRov2-Driver/install/bluerov2_interfaces/share/colcon-core/packages/bluerov2_interfaces)
[1.831s] INFO:colcon.colcon_ros.task.ament_python.build:Building ROS package in '/home/bluerov/ROS-Humble-BlueRov2-Driver/src/bluerov2_controller' with build type 'ament_python'
[1.831s] Level 1:colcon.colcon_core.shell:create_environment_hook('bluerov2_controller', 'ament_prefix_path')
[1.832s] INFO:colcon.colcon_core.shell:Creating environment hook '/home/bluerov/ROS-Humble-BlueRov2-Driver/install/bluerov2_controller/share/bluerov2_controller/hook/ament_prefix_path.ps1'
[1.834s] INFO:colcon.colcon_core.shell:Creating environment descriptor '/home/bluerov/ROS-Humble-BlueRov2-Driver/install/bluerov2_controller/share/bluerov2_controller/hook/ament_prefix_path.dsv'
[1.835s] INFO:colcon.colcon_core.shell:Creating environment hook '/home/bluerov/ROS-Humble-BlueRov2-Driver/install/bluerov2_controller/share/bluerov2_controller/hook/ament_prefix_path.sh'
[1.836s] INFO:colcon.colcon_core.shell:Skip shell extension 'powershell' for command environment: Not usable outside of PowerShell
[1.837s] DEBUG:colcon.colcon_core.shell:Skip shell extension 'dsv' for command environment
[2.237s] INFO:colcon.colcon_core.task.python.build:Building Python package in '/home/bluerov/ROS-Humble-BlueRov2-Driver/src/bluerov2_controller'
[2.238s] INFO:colcon.colcon_core.shell:Skip shell extension 'powershell' for command environment: Not usable outside of PowerShell
[2.238s] DEBUG:colcon.colcon_core.shell:Skip shell extension 'dsv' for command environment
[2.343s] DEBUG:colcon.colcon_core.event_handler.log_command:Invoking command in '/home/bluerov/ROS-Humble-BlueRov2-Driver/src/tritech_micron': PYTHONPATH=/home/bluerov/ROS-Humble-BlueRov2-Driver/build/tritech_micron/prefix_override:/home/bluerov/ROS-Humble-BlueRov2-Driver/install/tritech_micron/lib/python3.10/site-packages:${PYTHONPATH} /usr/bin/python3 -W ignore:setup.py install is deprecated setup.py egg_info --egg-base ../../build/tritech_micron build --build-base /home/bluerov/ROS-Humble-BlueRov2-Driver/build/tritech_micron/build install --record /home/bluerov/ROS-Humble-BlueRov2-Driver/build/tritech_micron/install.log --single-version-externally-managed install_data
[2.775s] DEBUG:colcon.colcon_core.event_handler.log_command:Invoking command in '/home/bluerov/ROS-Humble-BlueRov2-Driver/src/bluerov2_controller': CMAKE_PREFIX_PATH=/home/bluerov/ROS-Humble-BlueRov2-Driver/install/bluerov2_interfaces:/home/bluerov/ROS-Humble-BlueRov2-Driver/install/tritech_micron_interfaces:/home/bluerov/ROS-Humble-BlueRov2-Driver/install/bluerov2_bringup LD_LIBRARY_PATH=/home/bluerov/ROS-Humble-BlueRov2-Driver/install/bluerov2_interfaces/lib:/home/bluerov/ROS-Humble-BlueRov2-Driver/install/tritech_micron_interfaces/lib:/opt/ros/humble/opt/rviz_ogre_vendor/lib:/opt/ros/humble/lib/x86_64-linux-gnu:/opt/ros/humble/lib PYTHONPATH=/home/bluerov/ROS-Humble-BlueRov2-Driver/build/bluerov2_controller/prefix_override:/home/bluerov/ROS-Humble-BlueRov2-Driver/install/bluerov2_controller/lib/python3.10/site-packages:${PYTHONPATH} /usr/bin/python3 -W ignore:setup.py install is deprecated setup.py egg_info --egg-base ../../build/bluerov2_controller build --build-base /home/bluerov/ROS-Humble-BlueRov2-Driver/build/bluerov2_controller/build install --record /home/bluerov/ROS-Humble-BlueRov2-Driver/build/bluerov2_controller/install.log --single-version-externally-managed install_data
[2.802s] Level 1:colcon.colcon_core.environment:checking '/home/bluerov/ROS-Humble-BlueRov2-Driver/install/tritech_micron' for CMake module files
[2.804s] DEBUG:colcon.colcon_core.event_handler.log_command:Invoked command in '/home/bluerov/ROS-Humble-BlueRov2-Driver/src/tritech_micron' returned '0': PYTHONPATH=/home/bluerov/ROS-Humble-BlueRov2-Driver/build/tritech_micron/prefix_override:/home/bluerov/ROS-Humble-BlueRov2-Driver/install/tritech_micron/lib/python3.10/site-packages:${PYTHONPATH} /usr/bin/python3 -W ignore:setup.py install is deprecated setup.py egg_info --egg-base ../../build/tritech_micron build --build-base /home/bluerov/ROS-Humble-BlueRov2-Driver/build/tritech_micron/build install --record /home/bluerov/ROS-Humble-BlueRov2-Driver/build/tritech_micron/install.log --single-version-externally-managed install_data
[2.804s] Level 1:colcon.colcon_core.environment:checking '/home/bluerov/ROS-Humble-BlueRov2-Driver/install/tritech_micron' for CMake config files
[2.806s] Level 1:colcon.colcon_core.environment:checking '/home/bluerov/ROS-Humble-BlueRov2-Driver/install/tritech_micron/lib'
[2.806s] Level 1:colcon.colcon_core.environment:checking '/home/bluerov/ROS-Humble-BlueRov2-Driver/install/tritech_micron/bin'
[2.806s] Level 1:colcon.colcon_core.environment:checking '/home/bluerov/ROS-Humble-BlueRov2-Driver/install/tritech_micron/lib/pkgconfig/tritech_micron.pc'
[2.806s] Level 1:colcon.colcon_core.environment:checking '/home/bluerov/ROS-Humble-BlueRov2-Driver/install/tritech_micron/lib/python3.10/site-packages'
[2.807s] Level 1:colcon.colcon_core.shell:create_environment_hook('tritech_micron', 'pythonpath')
[2.807s] INFO:colcon.colcon_core.shell:Creating environment hook '/home/bluerov/ROS-Humble-BlueRov2-Driver/install/tritech_micron/share/tritech_micron/hook/pythonpath.ps1'
[2.808s] INFO:colcon.colcon_core.shell:Creating environment descriptor '/home/bluerov/ROS-Humble-BlueRov2-Driver/install/tritech_micron/share/tritech_micron/hook/pythonpath.dsv'
[2.809s] INFO:colcon.colcon_core.shell:Creating environment hook '/home/bluerov/ROS-Humble-BlueRov2-Driver/install/tritech_micron/share/tritech_micron/hook/pythonpath.sh'
[2.811s] Level 1:colcon.colcon_core.environment:checking '/home/bluerov/ROS-Humble-BlueRov2-Driver/install/tritech_micron/bin'
[2.811s] Level 1:colcon.colcon_core.environment:create_environment_scripts_only(tritech_micron)
[2.812s] INFO:colcon.colcon_core.shell:Creating package script '/home/bluerov/ROS-Humble-BlueRov2-Driver/install/tritech_micron/share/tritech_micron/package.ps1'
[2.813s] INFO:colcon.colcon_core.shell:Creating package descriptor '/home/bluerov/ROS-Humble-BlueRov2-Driver/install/tritech_micron/share/tritech_micron/package.dsv'
[2.814s] INFO:colcon.colcon_core.shell:Creating package script '/home/bluerov/ROS-Humble-BlueRov2-Driver/install/tritech_micron/share/tritech_micron/package.sh'
[2.815s] INFO:colcon.colcon_core.shell:Creating package script '/home/bluerov/ROS-Humble-BlueRov2-Driver/install/tritech_micron/share/tritech_micron/package.bash'
[2.816s] INFO:colcon.colcon_core.shell:Creating package script '/home/bluerov/ROS-Humble-BlueRov2-Driver/install/tritech_micron/share/tritech_micron/package.zsh'
[2.817s] Level 1:colcon.colcon_core.environment:create_file_with_runtime_dependencies(/home/bluerov/ROS-Humble-BlueRov2-Driver/install/tritech_micron/share/colcon-core/packages/tritech_micron)
[3.248s] Level 1:colcon.colcon_core.environment:checking '/home/bluerov/ROS-Humble-BlueRov2-Driver/install/bluerov2_controller' for CMake module files
[3.249s] DEBUG:colcon.colcon_core.event_handler.log_command:Invoked command in '/home/bluerov/ROS-Humble-BlueRov2-Driver/src/bluerov2_controller' returned '0': CMAKE_PREFIX_PATH=/home/bluerov/ROS-Humble-BlueRov2-Driver/install/bluerov2_interfaces:/home/bluerov/ROS-Humble-BlueRov2-Driver/install/tritech_micron_interfaces:/home/bluerov/ROS-Humble-BlueRov2-Driver/install/bluerov2_bringup LD_LIBRARY_PATH=/home/bluerov/ROS-Humble-BlueRov2-Driver/install/bluerov2_interfaces/lib:/home/bluerov/ROS-Humble-BlueRov2-Driver/install/tritech_micron_interfaces/lib:/opt/ros/humble/opt/rviz_ogre_vendor/lib:/opt/ros/humble/lib/x86_64-linux-gnu:/opt/ros/humble/lib PYTHONPATH=/home/bluerov/ROS-Humble-BlueRov2-Driver/build/bluerov2_controller/prefix_override:/home/bluerov/ROS-Humble-BlueRov2-Driver/install/bluerov2_controller/lib/python3.10/site-packages:${PYTHONPATH} /usr/bin/python3 -W ignore:setup.py install is deprecated setup.py egg_info --egg-base ../../build/bluerov2_controller build --build-base /home/bluerov/ROS-Humble-BlueRov2-Driver/build/bluerov2_controller/build install --record /home/bluerov/ROS-Humble-BlueRov2-Driver/build/bluerov2_controller/install.log --single-version-externally-managed install_data
[3.250s] Level 1:colcon.colcon_core.environment:checking '/home/bluerov/ROS-Humble-BlueRov2-Driver/install/bluerov2_controller' for CMake config files
[3.251s] Level 1:colcon.colcon_core.environment:checking '/home/bluerov/ROS-Humble-BlueRov2-Driver/install/bluerov2_controller/lib'
[3.251s] Level 1:colcon.colcon_core.environment:checking '/home/bluerov/ROS-Humble-BlueRov2-Driver/install/bluerov2_controller/bin'
[3.251s] Level 1:colcon.colcon_core.environment:checking '/home/bluerov/ROS-Humble-BlueRov2-Driver/install/bluerov2_controller/lib/pkgconfig/bluerov2_controller.pc'
[3.252s] Level 1:colcon.colcon_core.environment:checking '/home/bluerov/ROS-Humble-BlueRov2-Driver/install/bluerov2_controller/lib/python3.10/site-packages'
[3.252s] Level 1:colcon.colcon_core.shell:create_environment_hook('bluerov2_controller', 'pythonpath')
[3.252s] INFO:colcon.colcon_core.shell:Creating environment hook '/home/bluerov/ROS-Humble-BlueRov2-Driver/install/bluerov2_controller/share/bluerov2_controller/hook/pythonpath.ps1'
[3.253s] INFO:colcon.colcon_core.shell:Creating environment descriptor '/home/bluerov/ROS-Humble-BlueRov2-Driver/install/bluerov2_controller/share/bluerov2_controller/hook/pythonpath.dsv'
[3.254s] INFO:colcon.colcon_core.shell:Creating environment hook '/home/bluerov/ROS-Humble-BlueRov2-Driver/install/bluerov2_controller/share/bluerov2_controller/hook/pythonpath.sh'
[3.255s] Level 1:colcon.colcon_core.environment:checking '/home/bluerov/ROS-Humble-BlueRov2-Driver/install/bluerov2_controller/bin'
[3.256s] Level 1:colcon.colcon_core.environment:create_environment_scripts_only(bluerov2_controller)
[3.256s] INFO:colcon.colcon_core.shell:Creating package script '/home/bluerov/ROS-Humble-BlueRov2-Driver/install/bluerov2_controller/share/bluerov2_controller/package.ps1'
[3.258s] INFO:colcon.colcon_core.shell:Creating package descriptor '/home/bluerov/ROS-Humble-BlueRov2-Driver/install/bluerov2_controller/share/bluerov2_controller/package.dsv'
[3.259s] INFO:colcon.colcon_core.shell:Creating package script '/home/bluerov/ROS-Humble-BlueRov2-Driver/install/bluerov2_controller/share/bluerov2_controller/package.sh'
[3.260s] INFO:colcon.colcon_core.shell:Creating package script '/home/bluerov/ROS-Humble-BlueRov2-Driver/install/bluerov2_controller/share/bluerov2_controller/package.bash'
[3.261s] INFO:colcon.colcon_core.shell:Creating package script '/home/bluerov/ROS-Humble-BlueRov2-Driver/install/bluerov2_controller/share/bluerov2_controller/package.zsh'
[3.262s] Level 1:colcon.colcon_core.environment:create_file_with_runtime_dependencies(/home/bluerov/ROS-Humble-BlueRov2-Driver/install/bluerov2_controller/share/colcon-core/packages/bluerov2_controller)
[3.262s] INFO:colcon.colcon_ros.task.ament_cmake.build:Building ROS package in '/home/bluerov/ROS-Humble-BlueRov2-Driver/src/bluerov2_bringup' with build type 'ament_cmake'
[3.263s] INFO:colcon.colcon_cmake.task.cmake.build:Building CMake package in '/home/bluerov/ROS-Humble-BlueRov2-Driver/src/bluerov2_bringup'
[3.263s] INFO:colcon.colcon_core.shell:Skip shell extension 'powershell' for command environment: Not usable outside of PowerShell
[3.263s] DEBUG:colcon.colcon_core.shell:Skip shell extension 'dsv' for command environment
[3.284s] DEBUG:colcon.colcon_core.event_handler.log_command:Invoking command in '/home/bluerov/ROS-Humble-BlueRov2-Driver/build/bluerov2_bringup': AMENT_PREFIX_PATH=/home/bluerov/ROS-Humble-BlueRov2-Driver/install/bluerov2_controller:/home/bluerov/ROS-Humble-BlueRov2-Driver/install/tritech_micron:/home/bluerov/ROS-Humble-BlueRov2-Driver/install/tritech_micron_interfaces:/home/bluerov/ROS-Humble-BlueRov2-Driver/install/bluerov2_bringup:/home/bluerov/ROS-Humble-BlueRov2-Driver/install/bluerov2_interfaces:/opt/ros/humble CMAKE_PREFIX_PATH=/home/bluerov/ROS-Humble-BlueRov2-Driver/install/bluerov2_interfaces:/home/bluerov/ROS-Humble-BlueRov2-Driver/install/tritech_micron_interfaces:/home/bluerov/ROS-Humble-BlueRov2-Driver/install/bluerov2_bringup:/home/bluerov/ROS-Humble-BlueRov2-Driver/install/tritech_micron:/home/bluerov/ROS-Humble-BlueRov2-Driver/install/bluerov2_controller:/opt/ros/humble LD_LIBRARY_PATH=/home/bluerov/ROS-Humble-BlueRov2-Driver/install/bluerov2_interfaces/lib:/home/bluerov/ROS-Humble-BlueRov2-Driver/install/tritech_micron_interfaces/lib:/opt/ros/humble/opt/rviz_ogre_vendor/lib:/opt/ros/humble/lib/x86_64-linux-gnu:/opt/ros/humble/lib PYTHONPATH=/home/bluerov/ROS-Humble-BlueRov2-Driver/install/bluerov2_controller/lib/python3.10/site-packages:/home/bluerov/ROS-Humble-BlueRov2-Driver/install/tritech_micron/lib/python3.10/site-packages:/home/bluerov/ROS-Humble-BlueRov2-Driver/install/tritech_micron_interfaces/local/lib/python3.10/dist-packages:/home/bluerov/ROS-Humble-BlueRov2-Driver/install/bluerov2_interfaces/local/lib/python3.10/dist-packages:/opt/ros/humble/lib/python3.10/site-packages:/opt/ros/humble/local/lib/python3.10/dist-packages /usr/bin/cmake --build /home/bluerov/ROS-Humble-BlueRov2-Driver/build/bluerov2_bringup -- -j8 -l8
[3.351s] DEBUG:colcon.colcon_core.event_handler.log_command:Invoked command in '/home/bluerov/ROS-Humble-BlueRov2-Driver/build/bluerov2_bringup' returned '0': AMENT_PREFIX_PATH=/home/bluerov/ROS-Humble-BlueRov2-Driver/install/bluerov2_controller:/home/bluerov/ROS-Humble-BlueRov2-Driver/install/tritech_micron:/home/bluerov/ROS-Humble-BlueRov2-Driver/install/tritech_micron_interfaces:/home/bluerov/ROS-Humble-BlueRov2-Driver/install/bluerov2_bringup:/home/bluerov/ROS-Humble-BlueRov2-Driver/install/bluerov2_interfaces:/opt/ros/humble CMAKE_PREFIX_PATH=/home/bluerov/ROS-Humble-BlueRov2-Driver/install/bluerov2_interfaces:/home/bluerov/ROS-Humble-BlueRov2-Driver/install/tritech_micron_interfaces:/home/bluerov/ROS-Humble-BlueRov2-Driver/install/bluerov2_bringup:/home/bluerov/ROS-Humble-BlueRov2-Driver/install/tritech_micron:/home/bluerov/ROS-Humble-BlueRov2-Driver/install/bluerov2_controller:/opt/ros/humble LD_LIBRARY_PATH=/home/bluerov/ROS-Humble-BlueRov2-Driver/install/bluerov2_interfaces/lib:/home/bluerov/ROS-Humble-BlueRov2-Driver/install/tritech_micron_interfaces/lib:/opt/ros/humble/opt/rviz_ogre_vendor/lib:/opt/ros/humble/lib/x86_64-linux-gnu:/opt/ros/humble/lib PYTHONPATH=/home/bluerov/ROS-Humble-BlueRov2-Driver/install/bluerov2_controller/lib/python3.10/site-packages:/home/bluerov/ROS-Humble-BlueRov2-Driver/install/tritech_micron/lib/python3.10/site-packages:/home/bluerov/ROS-Humble-BlueRov2-Driver/install/tritech_micron_interfaces/local/lib/python3.10/dist-packages:/home/bluerov/ROS-Humble-BlueRov2-Driver/install/bluerov2_interfaces/local/lib/python3.10/dist-packages:/opt/ros/humble/lib/python3.10/site-packages:/opt/ros/humble/local/lib/python3.10/dist-packages /usr/bin/cmake --build /home/bluerov/ROS-Humble-BlueRov2-Driver/build/bluerov2_bringup -- -j8 -l8
[3.397s] DEBUG:colcon.colcon_core.event_handler.log_command:Invoking command in '/home/bluerov/ROS-Humble-BlueRov2-Driver/build/bluerov2_bringup': AMENT_PREFIX_PATH=/home/bluerov/ROS-Humble-BlueRov2-Driver/install/bluerov2_controller:/home/bluerov/ROS-Humble-BlueRov2-Driver/install/tritech_micron:/home/bluerov/ROS-Humble-BlueRov2-Driver/install/tritech_micron_interfaces:/home/bluerov/ROS-Humble-BlueRov2-Driver/install/bluerov2_bringup:/home/bluerov/ROS-Humble-BlueRov2-Driver/install/bluerov2_interfaces:/opt/ros/humble CMAKE_PREFIX_PATH=/home/bluerov/ROS-Humble-BlueRov2-Driver/install/bluerov2_interfaces:/home/bluerov/ROS-Humble-BlueRov2-Driver/install/tritech_micron_interfaces:/home/bluerov/ROS-Humble-BlueRov2-Driver/install/bluerov2_bringup:/home/bluerov/ROS-Humble-BlueRov2-Driver/install/tritech_micron:/home/bluerov/ROS-Humble-BlueRov2-Driver/install/bluerov2_controller:/opt/ros/humble LD_LIBRARY_PATH=/home/bluerov/ROS-Humble-BlueRov2-Driver/install/bluerov2_interfaces/lib:/home/bluerov/ROS-Humble-BlueRov2-Driver/install/tritech_micron_interfaces/lib:/opt/ros/humble/opt/rviz_ogre_vendor/lib:/opt/ros/humble/lib/x86_64-linux-gnu:/opt/ros/humble/lib PYTHONPATH=/home/bluerov/ROS-Humble-BlueRov2-Driver/install/bluerov2_controller/lib/python3.10/site-packages:/home/bluerov/ROS-Humble-BlueRov2-Driver/install/tritech_micron/lib/python3.10/site-packages:/home/bluerov/ROS-Humble-BlueRov2-Driver/install/tritech_micron_interfaces/local/lib/python3.10/dist-packages:/home/bluerov/ROS-Humble-BlueRov2-Driver/install/bluerov2_interfaces/local/lib/python3.10/dist-packages:/opt/ros/humble/lib/python3.10/site-packages:/opt/ros/humble/local/lib/python3.10/dist-packages /usr/bin/cmake --install /home/bluerov/ROS-Humble-BlueRov2-Driver/build/bluerov2_bringup
[3.416s] Level 1:colcon.colcon_core.environment:create_environment_scripts_only(bluerov2_bringup)
[3.417s] Level 1:colcon.colcon_core.environment:checking '/home/bluerov/ROS-Humble-BlueRov2-Driver/install/bluerov2_bringup' for CMake module files
[3.418s] DEBUG:colcon.colcon_core.event_handler.log_command:Invoked command in '/home/bluerov/ROS-Humble-BlueRov2-Driver/build/bluerov2_bringup' returned '0': AMENT_PREFIX_PATH=/home/bluerov/ROS-Humble-BlueRov2-Driver/install/bluerov2_controller:/home/bluerov/ROS-Humble-BlueRov2-Driver/install/tritech_micron:/home/bluerov/ROS-Humble-BlueRov2-Driver/install/tritech_micron_interfaces:/home/bluerov/ROS-Humble-BlueRov2-Driver/install/bluerov2_bringup:/home/bluerov/ROS-Humble-BlueRov2-Driver/install/bluerov2_interfaces:/opt/ros/humble CMAKE_PREFIX_PATH=/home/bluerov/ROS-Humble-BlueRov2-Driver/install/bluerov2_interfaces:/home/bluerov/ROS-Humble-BlueRov2-Driver/install/tritech_micron_interfaces:/home/bluerov/ROS-Humble-BlueRov2-Driver/install/bluerov2_bringup:/home/bluerov/ROS-Humble-BlueRov2-Driver/install/tritech_micron:/home/bluerov/ROS-Humble-BlueRov2-Driver/install/bluerov2_controller:/opt/ros/humble LD_LIBRARY_PATH=/home/bluerov/ROS-Humble-BlueRov2-Driver/install/bluerov2_interfaces/lib:/home/bluerov/ROS-Humble-BlueRov2-Driver/install/tritech_micron_interfaces/lib:/opt/ros/humble/opt/rviz_ogre_vendor/lib:/opt/ros/humble/lib/x86_64-linux-gnu:/opt/ros/humble/lib PYTHONPATH=/home/bluerov/ROS-Humble-BlueRov2-Driver/install/bluerov2_controller/lib/python3.10/site-packages:/home/bluerov/ROS-Humble-BlueRov2-Driver/install/tritech_micron/lib/python3.10/site-packages:/home/bluerov/ROS-Humble-BlueRov2-Driver/install/tritech_micron_interfaces/local/lib/python3.10/dist-packages:/home/bluerov/ROS-Humble-BlueRov2-Driver/install/bluerov2_interfaces/local/lib/python3.10/dist-packages:/opt/ros/humble/lib/python3.10/site-packages:/opt/ros/humble/local/lib/python3.10/dist-packages /usr/bin/cmake --install /home/bluerov/ROS-Humble-BlueRov2-Driver/build/bluerov2_bringup
[3.419s] Level 1:colcon.colcon_core.environment:checking '/home/bluerov/ROS-Humble-BlueRov2-Driver/install/bluerov2_bringup' for CMake config files
[3.419s] Level 1:colcon.colcon_core.shell:create_environment_hook('bluerov2_bringup', 'cmake_prefix_path')
[3.420s] INFO:colcon.colcon_core.shell:Creating environment hook '/home/bluerov/ROS-Humble-BlueRov2-Driver/install/bluerov2_bringup/share/bluerov2_bringup/hook/cmake_prefix_path.ps1'
[3.421s] INFO:colcon.colcon_core.shell:Creating environment descriptor '/home/bluerov/ROS-Humble-BlueRov2-Driver/install/bluerov2_bringup/share/bluerov2_bringup/hook/cmake_prefix_path.dsv'
[3.421s] INFO:colcon.colcon_core.shell:Creating environment hook '/home/bluerov/ROS-Humble-BlueRov2-Driver/install/bluerov2_bringup/share/bluerov2_bringup/hook/cmake_prefix_path.sh'
[3.423s] Level 1:colcon.colcon_core.environment:checking '/home/bluerov/ROS-Humble-BlueRov2-Driver/install/bluerov2_bringup/bin'
[3.423s] Level 1:colcon.colcon_core.environment:checking '/home/bluerov/ROS-Humble-BlueRov2-Driver/install/bluerov2_bringup/lib/pkgconfig/bluerov2_bringup.pc'
[3.423s] Level 1:colcon.colcon_core.environment:checking '/home/bluerov/ROS-Humble-BlueRov2-Driver/install/bluerov2_bringup/lib/python3.10/site-packages'
[3.423s] Level 1:colcon.colcon_core.environment:checking '/home/bluerov/ROS-Humble-BlueRov2-Driver/install/bluerov2_bringup/bin'
[3.424s] INFO:colcon.colcon_core.shell:Creating package script '/home/bluerov/ROS-Humble-BlueRov2-Driver/install/bluerov2_bringup/share/bluerov2_bringup/package.ps1'
[3.425s] INFO:colcon.colcon_core.shell:Creating package descriptor '/home/bluerov/ROS-Humble-BlueRov2-Driver/install/bluerov2_bringup/share/bluerov2_bringup/package.dsv'
[3.425s] INFO:colcon.colcon_core.shell:Creating package script '/home/bluerov/ROS-Humble-BlueRov2-Driver/install/bluerov2_bringup/share/bluerov2_bringup/package.sh'
[3.426s] INFO:colcon.colcon_core.shell:Creating package script '/home/bluerov/ROS-Humble-BlueRov2-Driver/install/bluerov2_bringup/share/bluerov2_bringup/package.bash'
[3.426s] INFO:colcon.colcon_core.shell:Creating package script '/home/bluerov/ROS-Humble-BlueRov2-Driver/install/bluerov2_bringup/share/bluerov2_bringup/package.zsh'
[3.427s] Level 1:colcon.colcon_core.environment:create_file_with_runtime_dependencies(/home/bluerov/ROS-Humble-BlueRov2-Driver/install/bluerov2_bringup/share/colcon-core/packages/bluerov2_bringup)
[3.468s] Level 1:colcon.colcon_core.environment:create_environment_scripts_only(bluerov2_bringup)
[3.468s] Level 1:colcon.colcon_core.environment:checking '/home/bluerov/ROS-Humble-BlueRov2-Driver/install/bluerov2_bringup' for CMake module files
[3.469s] Level 1:colcon.colcon_core.environment:checking '/home/bluerov/ROS-Humble-BlueRov2-Driver/install/bluerov2_bringup' for CMake config files
[3.470s] Level 1:colcon.colcon_core.shell:create_environment_hook('bluerov2_bringup', 'cmake_prefix_path')
[3.470s] INFO:colcon.colcon_core.shell:Creating environment hook '/home/bluerov/ROS-Humble-BlueRov2-Driver/install/bluerov2_bringup/share/bluerov2_bringup/hook/cmake_prefix_path.ps1'
[3.471s] INFO:colcon.colcon_core.shell:Creating environment descriptor '/home/bluerov/ROS-Humble-BlueRov2-Driver/install/bluerov2_bringup/share/bluerov2_bringup/hook/cmake_prefix_path.dsv'
[3.471s] INFO:colcon.colcon_core.shell:Creating environment hook '/home/bluerov/ROS-Humble-BlueRov2-Driver/install/bluerov2_bringup/share/bluerov2_bringup/hook/cmake_prefix_path.sh'
[3.472s] Level 1:colcon.colcon_core.environment:checking '/home/bluerov/ROS-Humble-BlueRov2-Driver/install/bluerov2_bringup/bin'
[3.473s] Level 1:colcon.colcon_core.environment:checking '/home/bluerov/ROS-Humble-BlueRov2-Driver/install/bluerov2_bringup/lib/pkgconfig/bluerov2_bringup.pc'
[3.473s] Level 1:colcon.colcon_core.environment:checking '/home/bluerov/ROS-Humble-BlueRov2-Driver/install/bluerov2_bringup/lib/python3.10/site-packages'
[3.473s] Level 1:colcon.colcon_core.environment:checking '/home/bluerov/ROS-Humble-BlueRov2-Driver/install/bluerov2_bringup/bin'
[3.474s] INFO:colcon.colcon_core.shell:Creating package script '/home/bluerov/ROS-Humble-BlueRov2-Driver/install/bluerov2_bringup/share/bluerov2_bringup/package.ps1'
[3.475s] INFO:colcon.colcon_core.shell:Creating package descriptor '/home/bluerov/ROS-Humble-BlueRov2-Driver/install/bluerov2_bringup/share/bluerov2_bringup/package.dsv'
[3.476s] INFO:colcon.colcon_core.shell:Creating package script '/home/bluerov/ROS-Humble-BlueRov2-Driver/install/bluerov2_bringup/share/bluerov2_bringup/package.sh'
[3.477s] INFO:colcon.colcon_core.shell:Creating package script '/home/bluerov/ROS-Humble-BlueRov2-Driver/install/bluerov2_bringup/share/bluerov2_bringup/package.bash'
[3.478s] INFO:colcon.colcon_core.shell:Creating package script '/home/bluerov/ROS-Humble-BlueRov2-Driver/install/bluerov2_bringup/share/bluerov2_bringup/package.zsh'
[3.478s] Level 1:colcon.colcon_core.environment:create_file_with_runtime_dependencies(/home/bluerov/ROS-Humble-BlueRov2-Driver/install/bluerov2_bringup/share/colcon-core/packages/bluerov2_bringup)
[3.479s] DEBUG:colcon.colcon_parallel_executor.executor.parallel:closing loop
[3.479s] DEBUG:colcon.colcon_parallel_executor.executor.parallel:loop closed
[3.480s] DEBUG:colcon.colcon_parallel_executor.executor.parallel:run_until_complete finished with '0'
[3.480s] DEBUG:colcon.colcon_core.event_reactor:joining thread
[3.490s] INFO:colcon.colcon_core.plugin_system:Skipping extension 'colcon_notification.desktop_notification.terminal_notifier': Not used on non-Darwin systems
[3.490s] INFO:colcon.colcon_core.plugin_system:Skipping extension 'colcon_notification.desktop_notification.win32': Not used on non-Windows systems
[3.490s] INFO:colcon.colcon_notification.desktop_notification:Sending desktop notification using 'notify2'
[3.516s] DEBUG:colcon.colcon_core.event_reactor:joined thread
[3.517s] INFO:colcon.colcon_core.shell:Creating prefix script '/home/bluerov/ROS-Humble-BlueRov2-Driver/install/local_setup.ps1'
[3.519s] INFO:colcon.colcon_core.shell:Creating prefix util module '/home/bluerov/ROS-Humble-BlueRov2-Driver/install/_local_setup_util_ps1.py'
[3.522s] INFO:colcon.colcon_core.shell:Creating prefix chain script '/home/bluerov/ROS-Humble-BlueRov2-Driver/install/setup.ps1'
[3.524s] INFO:colcon.colcon_core.shell:Creating prefix script '/home/bluerov/ROS-Humble-BlueRov2-Driver/install/local_setup.sh'
[3.525s] INFO:colcon.colcon_core.shell:Creating prefix util module '/home/bluerov/ROS-Humble-BlueRov2-Driver/install/_local_setup_util_sh.py'
[3.527s] INFO:colcon.colcon_core.shell:Creating prefix chain script '/home/bluerov/ROS-Humble-BlueRov2-Driver/install/setup.sh'
[3.529s] INFO:colcon.colcon_core.shell:Creating prefix script '/home/bluerov/ROS-Humble-BlueRov2-Driver/install/local_setup.bash'
[3.530s] INFO:colcon.colcon_core.shell:Creating prefix chain script '/home/bluerov/ROS-Humble-BlueRov2-Driver/install/setup.bash'
[3.533s] INFO:colcon.colcon_core.shell:Creating prefix script '/home/bluerov/ROS-Humble-BlueRov2-Driver/install/local_setup.zsh'
[3.534s] INFO:colcon.colcon_core.shell:Creating prefix chain script '/home/bluerov/ROS-Humble-BlueRov2-Driver/install/setup.zsh'
