[0.114s] DEBUG:colcon:Command line arguments: ['/usr/bin/colcon', 'build']
[0.114s] DEBUG:colcon:Parsed command line arguments: Namespace(log_base=None, log_level=None, verb_name='build', build_base='build', install_base='install', merge_install=False, symlink_install=False, test_result_base=None, continue_on_error=False, executor='parallel', parallel_workers=8, event_handlers=None, ignore_user_meta=False, metas=['./colcon.meta'], base_paths=['.'], packages_ignore=None, packages_ignore_regex=None, paths=None, packages_up_to=None, packages_up_to_regex=None, packages_above=None, packages_above_and_dependencies=None, packages_above_depth=None, packages_select_by_dep=None, packages_skip_by_dep=None, packages_skip_up_to=None, packages_select_build_failed=False, packages_skip_build_finished=False, packages_select_test_failures=False, packages_skip_test_passed=False, packages_select=None, packages_skip=None, packages_select_regex=None, packages_skip_regex=None, packages_start=None, packages_end=None, allow_overriding=[], cmake_args=None, cmake_target=None, cmake_target_skip_unavailable=False, cmake_clean_cache=False, cmake_clean_first=False, cmake_force_configure=False, ament_cmake_args=None, catkin_cmake_args=None, catkin_skip_building_tests=False, verb_parser=<colcon_defaults.argument_parser.defaults.DefaultArgumentsDecorator object at 0x7c2d6c6ef610>, verb_extension=<colcon_core.verb.build.BuildVerb object at 0x7c2d6c638070>, main=<bound method BuildVerb.main of <colcon_core.verb.build.BuildVerb object at 0x7c2d6c638070>>)
[0.286s] Level 1:colcon.colcon_core.package_discovery:discover_packages(colcon_meta) check parameters
[0.286s] Level 1:colcon.colcon_core.package_discovery:discover_packages(recursive) check parameters
[0.286s] Level 1:colcon.colcon_core.package_discovery:discover_packages(ignore) check parameters
[0.286s] Level 1:colcon.colcon_core.package_discovery:discover_packages(path) check parameters
[0.286s] Level 1:colcon.colcon_core.package_discovery:discover_packages(colcon_meta) discover
[0.286s] Level 1:colcon.colcon_core.package_discovery:discover_packages(recursive) discover
[0.286s] INFO:colcon.colcon_core.package_discovery:Crawling recursively for packages in '/home/bluerov/ROS-Humble-BlueRov2-Driver'
[0.286s] Level 1:colcon.colcon_core.package_identification:_identify(.) by extensions ['ignore', 'ignore_ament_install']
[0.286s] Level 1:colcon.colcon_core.package_identification:_identify(.) by extension 'ignore'
[0.286s] Level 1:colcon.colcon_core.package_identification:_identify(.) by extension 'ignore_ament_install'
[0.287s] Level 1:colcon.colcon_core.package_identification:_identify(.) by extensions ['colcon_pkg']
[0.287s] Level 1:colcon.colcon_core.package_identification:_identify(.) by extension 'colcon_pkg'
[0.287s] Level 1:colcon.colcon_core.package_identification:_identify(.) by extensions ['colcon_meta']
[0.287s] Level 1:colcon.colcon_core.package_identification:_identify(.) by extension 'colcon_meta'
[0.287s] Level 1:colcon.colcon_core.package_identification:_identify(.) by extensions ['ros']
[0.287s] Level 1:colcon.colcon_core.package_identification:_identify(.) by extension 'ros'
[0.299s] Level 1:colcon.colcon_core.package_identification:_identify(.) by extensions ['cmake', 'python']
[0.300s] Level 1:colcon.colcon_core.package_identification:_identify(.) by extension 'cmake'
[0.300s] Level 1:colcon.colcon_core.package_identification:_identify(.) by extension 'python'
[0.300s] Level 1:colcon.colcon_core.package_identification:_identify(.) by extensions ['python_setup_py']
[0.300s] Level 1:colcon.colcon_core.package_identification:_identify(.) by extension 'python_setup_py'
[0.300s] Level 1:colcon.colcon_core.package_identification:_identify(build) by extensions ['ignore', 'ignore_ament_install']
[0.300s] Level 1:colcon.colcon_core.package_identification:_identify(build) by extension 'ignore'
[0.300s] Level 1:colcon.colcon_core.package_identification:_identify(build) ignored
[0.300s] Level 1:colcon.colcon_core.package_identification:_identify(img) by extensions ['ignore', 'ignore_ament_install']
[0.300s] Level 1:colcon.colcon_core.package_identification:_identify(img) by extension 'ignore'
[0.301s] Level 1:colcon.colcon_core.package_identification:_identify(img) by extension 'ignore_ament_install'
[0.301s] Level 1:colcon.colcon_core.package_identification:_identify(img) by extensions ['colcon_pkg']
[0.301s] Level 1:colcon.colcon_core.package_identification:_identify(img) by extension 'colcon_pkg'
[0.301s] Level 1:colcon.colcon_core.package_identification:_identify(img) by extensions ['colcon_meta']
[0.301s] Level 1:colcon.colcon_core.package_identification:_identify(img) by extension 'colcon_meta'
[0.301s] Level 1:colcon.colcon_core.package_identification:_identify(img) by extensions ['ros']
[0.301s] Level 1:colcon.colcon_core.package_identification:_identify(img) by extension 'ros'
[0.301s] Level 1:colcon.colcon_core.package_identification:_identify(img) by extensions ['cmake', 'python']
[0.301s] Level 1:colcon.colcon_core.package_identification:_identify(img) by extension 'cmake'
[0.301s] Level 1:colcon.colcon_core.package_identification:_identify(img) by extension 'python'
[0.301s] Level 1:colcon.colcon_core.package_identification:_identify(img) by extensions ['python_setup_py']
[0.301s] Level 1:colcon.colcon_core.package_identification:_identify(img) by extension 'python_setup_py'
[0.301s] Level 1:colcon.colcon_core.package_identification:_identify(install) by extensions ['ignore', 'ignore_ament_install']
[0.302s] Level 1:colcon.colcon_core.package_identification:_identify(install) by extension 'ignore'
[0.302s] Level 1:colcon.colcon_core.package_identification:_identify(install) ignored
[0.302s] Level 1:colcon.colcon_core.package_identification:_identify(log) by extensions ['ignore', 'ignore_ament_install']
[0.302s] Level 1:colcon.colcon_core.package_identification:_identify(log) by extension 'ignore'
[0.302s] Level 1:colcon.colcon_core.package_identification:_identify(log) ignored
[0.302s] Level 1:colcon.colcon_core.package_identification:_identify(src) by extensions ['ignore', 'ignore_ament_install']
[0.302s] Level 1:colcon.colcon_core.package_identification:_identify(src) by extension 'ignore'
[0.302s] Level 1:colcon.colcon_core.package_identification:_identify(src) by extension 'ignore_ament_install'
[0.303s] Level 1:colcon.colcon_core.package_identification:_identify(src) by extensions ['colcon_pkg']
[0.303s] Level 1:colcon.colcon_core.package_identification:_identify(src) by extension 'colcon_pkg'
[0.303s] Level 1:colcon.colcon_core.package_identification:_identify(src) by extensions ['colcon_meta']
[0.303s] Level 1:colcon.colcon_core.package_identification:_identify(src) by extension 'colcon_meta'
[0.303s] Level 1:colcon.colcon_core.package_identification:_identify(src) by extensions ['ros']
[0.303s] Level 1:colcon.colcon_core.package_identification:_identify(src) by extension 'ros'
[0.303s] Level 1:colcon.colcon_core.package_identification:_identify(src) by extensions ['cmake', 'python']
[0.303s] Level 1:colcon.colcon_core.package_identification:_identify(src) by extension 'cmake'
[0.303s] Level 1:colcon.colcon_core.package_identification:_identify(src) by extension 'python'
[0.303s] Level 1:colcon.colcon_core.package_identification:_identify(src) by extensions ['python_setup_py']
[0.303s] Level 1:colcon.colcon_core.package_identification:_identify(src) by extension 'python_setup_py'
[0.303s] Level 1:colcon.colcon_core.package_identification:_identify(src/bluerov2_bringup) by extensions ['ignore', 'ignore_ament_install']
[0.303s] Level 1:colcon.colcon_core.package_identification:_identify(src/bluerov2_bringup) by extension 'ignore'
[0.304s] Level 1:colcon.colcon_core.package_identification:_identify(src/bluerov2_bringup) by extension 'ignore_ament_install'
[0.304s] Level 1:colcon.colcon_core.package_identification:_identify(src/bluerov2_bringup) by extensions ['colcon_pkg']
[0.304s] Level 1:colcon.colcon_core.package_identification:_identify(src/bluerov2_bringup) by extension 'colcon_pkg'
[0.304s] Level 1:colcon.colcon_core.package_identification:_identify(src/bluerov2_bringup) by extensions ['colcon_meta']
[0.304s] Level 1:colcon.colcon_core.package_identification:_identify(src/bluerov2_bringup) by extension 'colcon_meta'
[0.304s] Level 1:colcon.colcon_core.package_identification:_identify(src/bluerov2_bringup) by extensions ['ros']
[0.304s] Level 1:colcon.colcon_core.package_identification:_identify(src/bluerov2_bringup) by extension 'ros'
[0.306s] DEBUG:colcon.colcon_core.package_identification:Package 'src/bluerov2_bringup' with type 'ros.ament_cmake' and name 'bluerov2_bringup'
[0.307s] Level 1:colcon.colcon_core.package_identification:_identify(src/bluerov2_controller) by extensions ['ignore', 'ignore_ament_install']
[0.307s] Level 1:colcon.colcon_core.package_identification:_identify(src/bluerov2_controller) by extension 'ignore'
[0.307s] Level 1:colcon.colcon_core.package_identification:_identify(src/bluerov2_controller) by extension 'ignore_ament_install'
[0.307s] Level 1:colcon.colcon_core.package_identification:_identify(src/bluerov2_controller) by extensions ['colcon_pkg']
[0.307s] Level 1:colcon.colcon_core.package_identification:_identify(src/bluerov2_controller) by extension 'colcon_pkg'
[0.307s] Level 1:colcon.colcon_core.package_identification:_identify(src/bluerov2_controller) by extensions ['colcon_meta']
[0.307s] Level 1:colcon.colcon_core.package_identification:_identify(src/bluerov2_controller) by extension 'colcon_meta'
[0.307s] Level 1:colcon.colcon_core.package_identification:_identify(src/bluerov2_controller) by extensions ['ros']
[0.307s] Level 1:colcon.colcon_core.package_identification:_identify(src/bluerov2_controller) by extension 'ros'
[0.308s] DEBUG:colcon.colcon_core.package_identification:Package 'src/bluerov2_controller' with type 'ros.ament_python' and name 'bluerov2_controller'
[0.309s] Level 1:colcon.colcon_core.package_identification:_identify(src/bluerov2_interfaces) by extensions ['ignore', 'ignore_ament_install']
[0.309s] Level 1:colcon.colcon_core.package_identification:_identify(src/bluerov2_interfaces) by extension 'ignore'
[0.309s] Level 1:colcon.colcon_core.package_identification:_identify(src/bluerov2_interfaces) by extension 'ignore_ament_install'
[0.309s] Level 1:colcon.colcon_core.package_identification:_identify(src/bluerov2_interfaces) by extensions ['colcon_pkg']
[0.309s] Level 1:colcon.colcon_core.package_identification:_identify(src/bluerov2_interfaces) by extension 'colcon_pkg'
[0.309s] Level 1:colcon.colcon_core.package_identification:_identify(src/bluerov2_interfaces) by extensions ['colcon_meta']
[0.309s] Level 1:colcon.colcon_core.package_identification:_identify(src/bluerov2_interfaces) by extension 'colcon_meta'
[0.309s] Level 1:colcon.colcon_core.package_identification:_identify(src/bluerov2_interfaces) by extensions ['ros']
[0.309s] Level 1:colcon.colcon_core.package_identification:_identify(src/bluerov2_interfaces) by extension 'ros'
[0.310s] DEBUG:colcon.colcon_core.package_identification:Package 'src/bluerov2_interfaces' with type 'ros.ament_cmake' and name 'bluerov2_interfaces'
[0.310s] Level 1:colcon.colcon_core.package_identification:_identify(src/tritech_micron) by extensions ['ignore', 'ignore_ament_install']
[0.310s] Level 1:colcon.colcon_core.package_identification:_identify(src/tritech_micron) by extension 'ignore'
[0.310s] Level 1:colcon.colcon_core.package_identification:_identify(src/tritech_micron) by extension 'ignore_ament_install'
[0.310s] Level 1:colcon.colcon_core.package_identification:_identify(src/tritech_micron) by extensions ['colcon_pkg']
[0.310s] Level 1:colcon.colcon_core.package_identification:_identify(src/tritech_micron) by extension 'colcon_pkg'
[0.310s] Level 1:colcon.colcon_core.package_identification:_identify(src/tritech_micron) by extensions ['colcon_meta']
[0.310s] Level 1:colcon.colcon_core.package_identification:_identify(src/tritech_micron) by extension 'colcon_meta'
[0.311s] Level 1:colcon.colcon_core.package_identification:_identify(src/tritech_micron) by extensions ['ros']
[0.311s] Level 1:colcon.colcon_core.package_identification:_identify(src/tritech_micron) by extension 'ros'
[0.311s] DEBUG:colcon.colcon_core.package_identification:Package 'src/tritech_micron' with type 'ros.ament_python' and name 'tritech_micron'
[0.312s] Level 1:colcon.colcon_core.package_identification:_identify(src/tritech_micron_interfaces) by extensions ['ignore', 'ignore_ament_install']
[0.312s] Level 1:colcon.colcon_core.package_identification:_identify(src/tritech_micron_interfaces) by extension 'ignore'
[0.312s] Level 1:colcon.colcon_core.package_identification:_identify(src/tritech_micron_interfaces) by extension 'ignore_ament_install'
[0.312s] Level 1:colcon.colcon_core.package_identification:_identify(src/tritech_micron_interfaces) by extensions ['colcon_pkg']
[0.312s] Level 1:colcon.colcon_core.package_identification:_identify(src/tritech_micron_interfaces) by extension 'colcon_pkg'
[0.312s] Level 1:colcon.colcon_core.package_identification:_identify(src/tritech_micron_interfaces) by extensions ['colcon_meta']
[0.312s] Level 1:colcon.colcon_core.package_identification:_identify(src/tritech_micron_interfaces) by extension 'colcon_meta'
[0.312s] Level 1:colcon.colcon_core.package_identification:_identify(src/tritech_micron_interfaces) by extensions ['ros']
[0.312s] Level 1:colcon.colcon_core.package_identification:_identify(src/tritech_micron_interfaces) by extension 'ros'
[0.313s] DEBUG:colcon.colcon_core.package_identification:Package 'src/tritech_micron_interfaces' with type 'ros.ament_cmake' and name 'tritech_micron_interfaces'
[0.313s] Level 1:colcon.colcon_core.package_discovery:discover_packages(recursive) using defaults
[0.313s] Level 1:colcon.colcon_core.package_discovery:discover_packages(ignore) discover
[0.313s] Level 1:colcon.colcon_core.package_discovery:discover_packages(ignore) using defaults
[0.313s] Level 1:colcon.colcon_core.package_discovery:discover_packages(path) discover
[0.313s] Level 1:colcon.colcon_core.package_discovery:discover_packages(path) using defaults
[0.334s] Level 1:colcon.colcon_core.package_discovery:discover_packages(prefix_path) check parameters
[0.334s] Level 1:colcon.colcon_core.package_discovery:discover_packages(prefix_path) discover
[0.336s] DEBUG:colcon.colcon_installed_package_information.package_discovery:Found 5 installed packages in /home/bluerov/ROS-Humble-BlueRov2-Driver/install
[0.338s] DEBUG:colcon.colcon_installed_package_information.package_discovery:Found 270 installed packages in /opt/ros/humble
[0.340s] Level 1:colcon.colcon_core.package_discovery:discover_packages(prefix_path) using defaults
[0.393s] Level 5:colcon.colcon_core.verb:set package 'bluerov2_interfaces' build argument 'cmake_args' from command line to 'None'
[0.393s] Level 5:colcon.colcon_core.verb:set package 'bluerov2_interfaces' build argument 'cmake_target' from command line to 'None'
[0.393s] Level 5:colcon.colcon_core.verb:set package 'bluerov2_interfaces' build argument 'cmake_target_skip_unavailable' from command line to 'False'
[0.393s] Level 5:colcon.colcon_core.verb:set package 'bluerov2_interfaces' build argument 'cmake_clean_cache' from command line to 'False'
[0.393s] Level 5:colcon.colcon_core.verb:set package 'bluerov2_interfaces' build argument 'cmake_clean_first' from command line to 'False'
[0.393s] Level 5:colcon.colcon_core.verb:set package 'bluerov2_interfaces' build argument 'cmake_force_configure' from command line to 'False'
[0.393s] Level 5:colcon.colcon_core.verb:set package 'bluerov2_interfaces' build argument 'ament_cmake_args' from command line to 'None'
[0.393s] Level 5:colcon.colcon_core.verb:set package 'bluerov2_interfaces' build argument 'catkin_cmake_args' from command line to 'None'
[0.393s] Level 5:colcon.colcon_core.verb:set package 'bluerov2_interfaces' build argument 'catkin_skip_building_tests' from command line to 'False'
[0.393s] DEBUG:colcon.colcon_core.verb:Building package 'bluerov2_interfaces' with the following arguments: {'ament_cmake_args': None, 'build_base': '/home/bluerov/ROS-Humble-BlueRov2-Driver/build/bluerov2_interfaces', 'catkin_cmake_args': None, 'catkin_skip_building_tests': False, 'cmake_args': None, 'cmake_clean_cache': False, 'cmake_clean_first': False, 'cmake_force_configure': False, 'cmake_target': None, 'cmake_target_skip_unavailable': False, 'install_base': '/home/bluerov/ROS-Humble-BlueRov2-Driver/install/bluerov2_interfaces', 'merge_install': False, 'path': '/home/bluerov/ROS-Humble-BlueRov2-Driver/src/bluerov2_interfaces', 'symlink_install': False, 'test_result_base': None}
[0.394s] Level 5:colcon.colcon_core.verb:set package 'tritech_micron_interfaces' build argument 'cmake_args' from command line to 'None'
[0.394s] Level 5:colcon.colcon_core.verb:set package 'tritech_micron_interfaces' build argument 'cmake_target' from command line to 'None'
[0.394s] Level 5:colcon.colcon_core.verb:set package 'tritech_micron_interfaces' build argument 'cmake_target_skip_unavailable' from command line to 'False'
[0.394s] Level 5:colcon.colcon_core.verb:set package 'tritech_micron_interfaces' build argument 'cmake_clean_cache' from command line to 'False'
[0.394s] Level 5:colcon.colcon_core.verb:set package 'tritech_micron_interfaces' build argument 'cmake_clean_first' from command line to 'False'
[0.394s] Level 5:colcon.colcon_core.verb:set package 'tritech_micron_interfaces' build argument 'cmake_force_configure' from command line to 'False'
[0.394s] Level 5:colcon.colcon_core.verb:set package 'tritech_micron_interfaces' build argument 'ament_cmake_args' from command line to 'None'
[0.394s] Level 5:colcon.colcon_core.verb:set package 'tritech_micron_interfaces' build argument 'catkin_cmake_args' from command line to 'None'
[0.394s] Level 5:colcon.colcon_core.verb:set package 'tritech_micron_interfaces' build argument 'catkin_skip_building_tests' from command line to 'False'
[0.394s] DEBUG:colcon.colcon_core.verb:Building package 'tritech_micron_interfaces' with the following arguments: {'ament_cmake_args': None, 'build_base': '/home/bluerov/ROS-Humble-BlueRov2-Driver/build/tritech_micron_interfaces', 'catkin_cmake_args': None, 'catkin_skip_building_tests': False, 'cmake_args': None, 'cmake_clean_cache': False, 'cmake_clean_first': False, 'cmake_force_configure': False, 'cmake_target': None, 'cmake_target_skip_unavailable': False, 'install_base': '/home/bluerov/ROS-Humble-BlueRov2-Driver/install/tritech_micron_interfaces', 'merge_install': False, 'path': '/home/bluerov/ROS-Humble-BlueRov2-Driver/src/tritech_micron_interfaces', 'symlink_install': False, 'test_result_base': None}
[0.395s] Level 5:colcon.colcon_core.verb:set package 'bluerov2_controller' build argument 'cmake_args' from command line to 'None'
[0.395s] Level 5:colcon.colcon_core.verb:set package 'bluerov2_controller' build argument 'cmake_target' from command line to 'None'
[0.395s] Level 5:colcon.colcon_core.verb:set package 'bluerov2_controller' build argument 'cmake_target_skip_unavailable' from command line to 'False'
[0.395s] Level 5:colcon.colcon_core.verb:set package 'bluerov2_controller' build argument 'cmake_clean_cache' from command line to 'False'
[0.395s] Level 5:colcon.colcon_core.verb:set package 'bluerov2_controller' build argument 'cmake_clean_first' from command line to 'False'
[0.395s] Level 5:colcon.colcon_core.verb:set package 'bluerov2_controller' build argument 'cmake_force_configure' from command line to 'False'
[0.395s] Level 5:colcon.colcon_core.verb:set package 'bluerov2_controller' build argument 'ament_cmake_args' from command line to 'None'
[0.395s] Level 5:colcon.colcon_core.verb:set package 'bluerov2_controller' build argument 'catkin_cmake_args' from command line to 'None'
[0.395s] Level 5:colcon.colcon_core.verb:set package 'bluerov2_controller' build argument 'catkin_skip_building_tests' from command line to 'False'
[0.395s] DEBUG:colcon.colcon_core.verb:Building package 'bluerov2_controller' with the following arguments: {'ament_cmake_args': None, 'build_base': '/home/bluerov/ROS-Humble-BlueRov2-Driver/build/bluerov2_controller', 'catkin_cmake_args': None, 'catkin_skip_building_tests': False, 'cmake_args': None, 'cmake_clean_cache': False, 'cmake_clean_first': False, 'cmake_force_configure': False, 'cmake_target': None, 'cmake_target_skip_unavailable': False, 'install_base': '/home/bluerov/ROS-Humble-BlueRov2-Driver/install/bluerov2_controller', 'merge_install': False, 'path': '/home/bluerov/ROS-Humble-BlueRov2-Driver/src/bluerov2_controller', 'symlink_install': False, 'test_result_base': None}
[0.396s] Level 5:colcon.colcon_core.verb:set package 'tritech_micron' build argument 'cmake_args' from command line to 'None'
[0.396s] Level 5:colcon.colcon_core.verb:set package 'tritech_micron' build argument 'cmake_target' from command line to 'None'
[0.396s] Level 5:colcon.colcon_core.verb:set package 'tritech_micron' build argument 'cmake_target_skip_unavailable' from command line to 'False'
[0.396s] Level 5:colcon.colcon_core.verb:set package 'tritech_micron' build argument 'cmake_clean_cache' from command line to 'False'
[0.396s] Level 5:colcon.colcon_core.verb:set package 'tritech_micron' build argument 'cmake_clean_first' from command line to 'False'
[0.396s] Level 5:colcon.colcon_core.verb:set package 'tritech_micron' build argument 'cmake_force_configure' from command line to 'False'
[0.396s] Level 5:colcon.colcon_core.verb:set package 'tritech_micron' build argument 'ament_cmake_args' from command line to 'None'
[0.396s] Level 5:colcon.colcon_core.verb:set package 'tritech_micron' build argument 'catkin_cmake_args' from command line to 'None'
[0.396s] Level 5:colcon.colcon_core.verb:set package 'tritech_micron' build argument 'catkin_skip_building_tests' from command line to 'False'
[0.396s] DEBUG:colcon.colcon_core.verb:Building package 'tritech_micron' with the following arguments: {'ament_cmake_args': None, 'build_base': '/home/bluerov/ROS-Humble-BlueRov2-Driver/build/tritech_micron', 'catkin_cmake_args': None, 'catkin_skip_building_tests': False, 'cmake_args': None, 'cmake_clean_cache': False, 'cmake_clean_first': False, 'cmake_force_configure': False, 'cmake_target': None, 'cmake_target_skip_unavailable': False, 'install_base': '/home/bluerov/ROS-Humble-BlueRov2-Driver/install/tritech_micron', 'merge_install': False, 'path': '/home/bluerov/ROS-Humble-BlueRov2-Driver/src/tritech_micron', 'symlink_install': False, 'test_result_base': None}
[0.396s] Level 5:colcon.colcon_core.verb:set package 'bluerov2_bringup' build argument 'cmake_args' from command line to 'None'
[0.397s] Level 5:colcon.colcon_core.verb:set package 'bluerov2_bringup' build argument 'cmake_target' from command line to 'None'
[0.397s] Level 5:colcon.colcon_core.verb:set package 'bluerov2_bringup' build argument 'cmake_target_skip_unavailable' from command line to 'False'
[0.397s] Level 5:colcon.colcon_core.verb:set package 'bluerov2_bringup' build argument 'cmake_clean_cache' from command line to 'False'
[0.397s] Level 5:colcon.colcon_core.verb:set package 'bluerov2_bringup' build argument 'cmake_clean_first' from command line to 'False'
[0.397s] Level 5:colcon.colcon_core.verb:set package 'bluerov2_bringup' build argument 'cmake_force_configure' from command line to 'False'
[0.397s] Level 5:colcon.colcon_core.verb:set package 'bluerov2_bringup' build argument 'ament_cmake_args' from command line to 'None'
[0.397s] Level 5:colcon.colcon_core.verb:set package 'bluerov2_bringup' build argument 'catkin_cmake_args' from command line to 'None'
[0.397s] Level 5:colcon.colcon_core.verb:set package 'bluerov2_bringup' build argument 'catkin_skip_building_tests' from command line to 'False'
[0.397s] DEBUG:colcon.colcon_core.verb:Building package 'bluerov2_bringup' with the following arguments: {'ament_cmake_args': None, 'build_base': '/home/bluerov/ROS-Humble-BlueRov2-Driver/build/bluerov2_bringup', 'catkin_cmake_args': None, 'catkin_skip_building_tests': False, 'cmake_args': None, 'cmake_clean_cache': False, 'cmake_clean_first': False, 'cmake_force_configure': False, 'cmake_target': None, 'cmake_target_skip_unavailable': False, 'install_base': '/home/bluerov/ROS-Humble-BlueRov2-Driver/install/bluerov2_bringup', 'merge_install': False, 'path': '/home/bluerov/ROS-Humble-BlueRov2-Driver/src/bluerov2_bringup', 'symlink_install': False, 'test_result_base': None}
[0.397s] INFO:colcon.colcon_core.executor:Executing jobs using 'parallel' executor
[0.398s] DEBUG:colcon.colcon_parallel_executor.executor.parallel:run_until_complete
[0.399s] INFO:colcon.colcon_ros.task.ament_cmake.build:Building ROS package in '/home/bluerov/ROS-Humble-BlueRov2-Driver/src/bluerov2_interfaces' with build type 'ament_cmake'
[0.399s] INFO:colcon.colcon_cmake.task.cmake.build:Building CMake package in '/home/bluerov/ROS-Humble-BlueRov2-Driver/src/bluerov2_interfaces'
[0.403s] INFO:colcon.colcon_core.plugin_system:Skipping extension 'colcon_core.shell.bat': Not used on non-Windows systems
[0.404s] INFO:colcon.colcon_core.shell:Skip shell extension 'powershell' for command environment: Not usable outside of PowerShell
[0.404s] DEBUG:colcon.colcon_core.shell:Skip shell extension 'dsv' for command environment
[0.410s] INFO:colcon.colcon_ros.task.ament_cmake.build:Building ROS package in '/home/bluerov/ROS-Humble-BlueRov2-Driver/src/tritech_micron_interfaces' with build type 'ament_cmake'
[0.411s] INFO:colcon.colcon_cmake.task.cmake.build:Building CMake package in '/home/bluerov/ROS-Humble-BlueRov2-Driver/src/tritech_micron_interfaces'
[0.411s] INFO:colcon.colcon_core.shell:Skip shell extension 'powershell' for command environment: Not usable outside of PowerShell
[0.411s] DEBUG:colcon.colcon_core.shell:Skip shell extension 'dsv' for command environment
[0.422s] DEBUG:colcon.colcon_core.event_handler.log_command:Invoking command in '/home/bluerov/ROS-Humble-BlueRov2-Driver/build/bluerov2_interfaces': CMAKE_PREFIX_PATH=${CMAKE_PREFIX_PATH}:/home/bluerov/ROS-Humble-BlueRov2-Driver/install/tritech_micron:/home/bluerov/ROS-Humble-BlueRov2-Driver/install/bluerov2_controller:/opt/ros/humble /usr/bin/cmake --build /home/bluerov/ROS-Humble-BlueRov2-Driver/build/bluerov2_interfaces -- -j8 -l8
[0.427s] DEBUG:colcon.colcon_core.event_handler.log_command:Invoking command in '/home/bluerov/ROS-Humble-BlueRov2-Driver/build/tritech_micron_interfaces': CMAKE_PREFIX_PATH=${CMAKE_PREFIX_PATH}:/home/bluerov/ROS-Humble-BlueRov2-Driver/install/tritech_micron:/home/bluerov/ROS-Humble-BlueRov2-Driver/install/bluerov2_controller:/opt/ros/humble /usr/bin/cmake --build /home/bluerov/ROS-Humble-BlueRov2-Driver/build/tritech_micron_interfaces -- -j8 -l8
[1.055s] DEBUG:colcon.colcon_core.event_handler.log_command:Invoked command in '/home/bluerov/ROS-Humble-BlueRov2-Driver/build/tritech_micron_interfaces' returned '0': CMAKE_PREFIX_PATH=${CMAKE_PREFIX_PATH}:/home/bluerov/ROS-Humble-BlueRov2-Driver/install/tritech_micron:/home/bluerov/ROS-Humble-BlueRov2-Driver/install/bluerov2_controller:/opt/ros/humble /usr/bin/cmake --build /home/bluerov/ROS-Humble-BlueRov2-Driver/build/tritech_micron_interfaces -- -j8 -l8
[1.062s] DEBUG:colcon.colcon_core.event_handler.log_command:Invoked command in '/home/bluerov/ROS-Humble-BlueRov2-Driver/build/bluerov2_interfaces' returned '0': CMAKE_PREFIX_PATH=${CMAKE_PREFIX_PATH}:/home/bluerov/ROS-Humble-BlueRov2-Driver/install/tritech_micron:/home/bluerov/ROS-Humble-BlueRov2-Driver/install/bluerov2_controller:/opt/ros/humble /usr/bin/cmake --build /home/bluerov/ROS-Humble-BlueRov2-Driver/build/bluerov2_interfaces -- -j8 -l8
[1.176s] DEBUG:colcon.colcon_core.event_handler.log_command:Invoking command in '/home/bluerov/ROS-Humble-BlueRov2-Driver/build/tritech_micron_interfaces': CMAKE_PREFIX_PATH=${CMAKE_PREFIX_PATH}:/home/bluerov/ROS-Humble-BlueRov2-Driver/install/tritech_micron:/home/bluerov/ROS-Humble-BlueRov2-Driver/install/bluerov2_controller:/opt/ros/humble /usr/bin/cmake --install /home/bluerov/ROS-Humble-BlueRov2-Driver/build/tritech_micron_interfaces
[1.254s] DEBUG:colcon.colcon_core.event_handler.log_command:Invoking command in '/home/bluerov/ROS-Humble-BlueRov2-Driver/build/bluerov2_interfaces': CMAKE_PREFIX_PATH=${CMAKE_PREFIX_PATH}:/home/bluerov/ROS-Humble-BlueRov2-Driver/install/tritech_micron:/home/bluerov/ROS-Humble-BlueRov2-Driver/install/bluerov2_controller:/opt/ros/humble /usr/bin/cmake --install /home/bluerov/ROS-Humble-BlueRov2-Driver/build/bluerov2_interfaces
[1.264s] Level 1:colcon.colcon_core.environment:create_environment_scripts_only(tritech_micron_interfaces)
[1.266s] DEBUG:colcon.colcon_core.event_handler.log_command:Invoked command in '/home/bluerov/ROS-Humble-BlueRov2-Driver/build/tritech_micron_interfaces' returned '0': CMAKE_PREFIX_PATH=${CMAKE_PREFIX_PATH}:/home/bluerov/ROS-Humble-BlueRov2-Driver/install/tritech_micron:/home/bluerov/ROS-Humble-BlueRov2-Driver/install/bluerov2_controller:/opt/ros/humble /usr/bin/cmake --install /home/bluerov/ROS-Humble-BlueRov2-Driver/build/tritech_micron_interfaces
[1.286s] Level 1:colcon.colcon_core.environment:checking '/home/bluerov/ROS-Humble-BlueRov2-Driver/install/tritech_micron_interfaces' for CMake module files
[1.287s] Level 1:colcon.colcon_core.environment:checking '/home/bluerov/ROS-Humble-BlueRov2-Driver/install/tritech_micron_interfaces' for CMake config files
[1.288s] Level 1:colcon.colcon_core.shell:create_environment_hook('tritech_micron_interfaces', 'cmake_prefix_path')
[1.288s] INFO:colcon.colcon_core.shell:Creating environment hook '/home/bluerov/ROS-Humble-BlueRov2-Driver/install/tritech_micron_interfaces/share/tritech_micron_interfaces/hook/cmake_prefix_path.ps1'
[1.289s] INFO:colcon.colcon_core.shell:Creating environment descriptor '/home/bluerov/ROS-Humble-BlueRov2-Driver/install/tritech_micron_interfaces/share/tritech_micron_interfaces/hook/cmake_prefix_path.dsv'
[1.290s] INFO:colcon.colcon_core.shell:Creating environment hook '/home/bluerov/ROS-Humble-BlueRov2-Driver/install/tritech_micron_interfaces/share/tritech_micron_interfaces/hook/cmake_prefix_path.sh'
[1.291s] Level 1:colcon.colcon_core.environment:checking '/home/bluerov/ROS-Humble-BlueRov2-Driver/install/tritech_micron_interfaces/lib'
[1.291s] Level 1:colcon.colcon_core.shell:create_environment_hook('tritech_micron_interfaces', 'ld_library_path_lib')
[1.291s] INFO:colcon.colcon_core.shell:Creating environment hook '/home/bluerov/ROS-Humble-BlueRov2-Driver/install/tritech_micron_interfaces/share/tritech_micron_interfaces/hook/ld_library_path_lib.ps1'
[1.292s] INFO:colcon.colcon_core.shell:Creating environment descriptor '/home/bluerov/ROS-Humble-BlueRov2-Driver/install/tritech_micron_interfaces/share/tritech_micron_interfaces/hook/ld_library_path_lib.dsv'
[1.292s] INFO:colcon.colcon_core.shell:Creating environment hook '/home/bluerov/ROS-Humble-BlueRov2-Driver/install/tritech_micron_interfaces/share/tritech_micron_interfaces/hook/ld_library_path_lib.sh'
[1.293s] Level 1:colcon.colcon_core.environment:checking '/home/bluerov/ROS-Humble-BlueRov2-Driver/install/tritech_micron_interfaces/bin'
[1.293s] Level 1:colcon.colcon_core.environment:checking '/home/bluerov/ROS-Humble-BlueRov2-Driver/install/tritech_micron_interfaces/lib/pkgconfig/tritech_micron_interfaces.pc'
[1.293s] Level 1:colcon.colcon_core.environment:checking '/home/bluerov/ROS-Humble-BlueRov2-Driver/install/tritech_micron_interfaces/lib/python3.10/site-packages'
[1.294s] Level 1:colcon.colcon_core.environment:checking '/home/bluerov/ROS-Humble-BlueRov2-Driver/install/tritech_micron_interfaces/bin'
[1.294s] INFO:colcon.colcon_core.shell:Creating package script '/home/bluerov/ROS-Humble-BlueRov2-Driver/install/tritech_micron_interfaces/share/tritech_micron_interfaces/package.ps1'
[1.296s] INFO:colcon.colcon_core.shell:Creating package descriptor '/home/bluerov/ROS-Humble-BlueRov2-Driver/install/tritech_micron_interfaces/share/tritech_micron_interfaces/package.dsv'
[1.296s] INFO:colcon.colcon_core.shell:Creating package script '/home/bluerov/ROS-Humble-BlueRov2-Driver/install/tritech_micron_interfaces/share/tritech_micron_interfaces/package.sh'
[1.297s] INFO:colcon.colcon_core.shell:Creating package script '/home/bluerov/ROS-Humble-BlueRov2-Driver/install/tritech_micron_interfaces/share/tritech_micron_interfaces/package.bash'
[1.298s] INFO:colcon.colcon_core.shell:Creating package script '/home/bluerov/ROS-Humble-BlueRov2-Driver/install/tritech_micron_interfaces/share/tritech_micron_interfaces/package.zsh'
[1.299s] Level 1:colcon.colcon_core.environment:create_file_with_runtime_dependencies(/home/bluerov/ROS-Humble-BlueRov2-Driver/install/tritech_micron_interfaces/share/colcon-core/packages/tritech_micron_interfaces)
[1.336s] Level 1:colcon.colcon_core.environment:create_environment_scripts_only(bluerov2_interfaces)
[1.336s] Level 1:colcon.colcon_core.environment:checking '/home/bluerov/ROS-Humble-BlueRov2-Driver/install/bluerov2_interfaces' for CMake module files
[1.337s] DEBUG:colcon.colcon_core.event_handler.log_command:Invoked command in '/home/bluerov/ROS-Humble-BlueRov2-Driver/build/bluerov2_interfaces' returned '0': CMAKE_PREFIX_PATH=${CMAKE_PREFIX_PATH}:/home/bluerov/ROS-Humble-BlueRov2-Driver/install/tritech_micron:/home/bluerov/ROS-Humble-BlueRov2-Driver/install/bluerov2_controller:/opt/ros/humble /usr/bin/cmake --install /home/bluerov/ROS-Humble-BlueRov2-Driver/build/bluerov2_interfaces
[1.338s] Level 1:colcon.colcon_core.environment:checking '/home/bluerov/ROS-Humble-BlueRov2-Driver/install/bluerov2_interfaces' for CMake config files
[1.338s] Level 1:colcon.colcon_core.shell:create_environment_hook('bluerov2_interfaces', 'cmake_prefix_path')
[1.339s] INFO:colcon.colcon_core.shell:Creating environment hook '/home/bluerov/ROS-Humble-BlueRov2-Driver/install/bluerov2_interfaces/share/bluerov2_interfaces/hook/cmake_prefix_path.ps1'
[1.340s] INFO:colcon.colcon_core.shell:Creating environment descriptor '/home/bluerov/ROS-Humble-BlueRov2-Driver/install/bluerov2_interfaces/share/bluerov2_interfaces/hook/cmake_prefix_path.dsv'
[1.341s] INFO:colcon.colcon_core.shell:Creating environment hook '/home/bluerov/ROS-Humble-BlueRov2-Driver/install/bluerov2_interfaces/share/bluerov2_interfaces/hook/cmake_prefix_path.sh'
[1.342s] Level 1:colcon.colcon_core.environment:checking '/home/bluerov/ROS-Humble-BlueRov2-Driver/install/bluerov2_interfaces/lib'
[1.342s] Level 1:colcon.colcon_core.shell:create_environment_hook('bluerov2_interfaces', 'ld_library_path_lib')
[1.342s] INFO:colcon.colcon_core.shell:Creating environment hook '/home/bluerov/ROS-Humble-BlueRov2-Driver/install/bluerov2_interfaces/share/bluerov2_interfaces/hook/ld_library_path_lib.ps1'
[1.343s] INFO:colcon.colcon_core.shell:Creating environment descriptor '/home/bluerov/ROS-Humble-BlueRov2-Driver/install/bluerov2_interfaces/share/bluerov2_interfaces/hook/ld_library_path_lib.dsv'
[1.344s] INFO:colcon.colcon_core.shell:Creating environment hook '/home/bluerov/ROS-Humble-BlueRov2-Driver/install/bluerov2_interfaces/share/bluerov2_interfaces/hook/ld_library_path_lib.sh'
[1.344s] Level 1:colcon.colcon_core.environment:checking '/home/bluerov/ROS-Humble-BlueRov2-Driver/install/bluerov2_interfaces/bin'
[1.344s] Level 1:colcon.colcon_core.environment:checking '/home/bluerov/ROS-Humble-BlueRov2-Driver/install/bluerov2_interfaces/lib/pkgconfig/bluerov2_interfaces.pc'
[1.345s] Level 1:colcon.colcon_core.environment:checking '/home/bluerov/ROS-Humble-BlueRov2-Driver/install/bluerov2_interfaces/lib/python3.10/site-packages'
[1.345s] Level 1:colcon.colcon_core.environment:checking '/home/bluerov/ROS-Humble-BlueRov2-Driver/install/bluerov2_interfaces/bin'
[1.346s] INFO:colcon.colcon_core.shell:Creating package script '/home/bluerov/ROS-Humble-BlueRov2-Driver/install/bluerov2_interfaces/share/bluerov2_interfaces/package.ps1'
[1.346s] INFO:colcon.colcon_core.shell:Creating package descriptor '/home/bluerov/ROS-Humble-BlueRov2-Driver/install/bluerov2_interfaces/share/bluerov2_interfaces/package.dsv'
[1.347s] INFO:colcon.colcon_core.shell:Creating package script '/home/bluerov/ROS-Humble-BlueRov2-Driver/install/bluerov2_interfaces/share/bluerov2_interfaces/package.sh'
[1.348s] INFO:colcon.colcon_core.shell:Creating package script '/home/bluerov/ROS-Humble-BlueRov2-Driver/install/bluerov2_interfaces/share/bluerov2_interfaces/package.bash'
[1.348s] INFO:colcon.colcon_core.shell:Creating package script '/home/bluerov/ROS-Humble-BlueRov2-Driver/install/bluerov2_interfaces/share/bluerov2_interfaces/package.zsh'
[1.349s] Level 1:colcon.colcon_core.environment:create_file_with_runtime_dependencies(/home/bluerov/ROS-Humble-BlueRov2-Driver/install/bluerov2_interfaces/share/colcon-core/packages/bluerov2_interfaces)
[1.410s] Level 1:colcon.colcon_core.environment:create_environment_scripts_only(tritech_micron_interfaces)
[1.411s] Level 1:colcon.colcon_core.environment:checking '/home/bluerov/ROS-Humble-BlueRov2-Driver/install/tritech_micron_interfaces' for CMake module files
[1.412s] Level 1:colcon.colcon_core.environment:checking '/home/bluerov/ROS-Humble-BlueRov2-Driver/install/tritech_micron_interfaces' for CMake config files
[1.413s] Level 1:colcon.colcon_core.shell:create_environment_hook('tritech_micron_interfaces', 'cmake_prefix_path')
[1.413s] INFO:colcon.colcon_core.shell:Creating environment hook '/home/bluerov/ROS-Humble-BlueRov2-Driver/install/tritech_micron_interfaces/share/tritech_micron_interfaces/hook/cmake_prefix_path.ps1'
[1.414s] INFO:colcon.colcon_core.shell:Creating environment descriptor '/home/bluerov/ROS-Humble-BlueRov2-Driver/install/tritech_micron_interfaces/share/tritech_micron_interfaces/hook/cmake_prefix_path.dsv'
[1.414s] INFO:colcon.colcon_core.shell:Creating environment hook '/home/bluerov/ROS-Humble-BlueRov2-Driver/install/tritech_micron_interfaces/share/tritech_micron_interfaces/hook/cmake_prefix_path.sh'
[1.415s] Level 1:colcon.colcon_core.environment:checking '/home/bluerov/ROS-Humble-BlueRov2-Driver/install/tritech_micron_interfaces/lib'
[1.415s] Level 1:colcon.colcon_core.shell:create_environment_hook('tritech_micron_interfaces', 'ld_library_path_lib')
[1.415s] INFO:colcon.colcon_core.shell:Creating environment hook '/home/bluerov/ROS-Humble-BlueRov2-Driver/install/tritech_micron_interfaces/share/tritech_micron_interfaces/hook/ld_library_path_lib.ps1'
[1.416s] INFO:colcon.colcon_core.shell:Creating environment descriptor '/home/bluerov/ROS-Humble-BlueRov2-Driver/install/tritech_micron_interfaces/share/tritech_micron_interfaces/hook/ld_library_path_lib.dsv'
[1.417s] INFO:colcon.colcon_core.shell:Creating environment hook '/home/bluerov/ROS-Humble-BlueRov2-Driver/install/tritech_micron_interfaces/share/tritech_micron_interfaces/hook/ld_library_path_lib.sh'
[1.417s] Level 1:colcon.colcon_core.environment:checking '/home/bluerov/ROS-Humble-BlueRov2-Driver/install/tritech_micron_interfaces/bin'
[1.417s] Level 1:colcon.colcon_core.environment:checking '/home/bluerov/ROS-Humble-BlueRov2-Driver/install/tritech_micron_interfaces/lib/pkgconfig/tritech_micron_interfaces.pc'
[1.418s] Level 1:colcon.colcon_core.environment:checking '/home/bluerov/ROS-Humble-BlueRov2-Driver/install/tritech_micron_interfaces/lib/python3.10/site-packages'
[1.418s] Level 1:colcon.colcon_core.environment:checking '/home/bluerov/ROS-Humble-BlueRov2-Driver/install/tritech_micron_interfaces/bin'
[1.418s] INFO:colcon.colcon_core.shell:Creating package script '/home/bluerov/ROS-Humble-BlueRov2-Driver/install/tritech_micron_interfaces/share/tritech_micron_interfaces/package.ps1'
[1.419s] INFO:colcon.colcon_core.shell:Creating package descriptor '/home/bluerov/ROS-Humble-BlueRov2-Driver/install/tritech_micron_interfaces/share/tritech_micron_interfaces/package.dsv'
[1.420s] INFO:colcon.colcon_core.shell:Creating package script '/home/bluerov/ROS-Humble-BlueRov2-Driver/install/tritech_micron_interfaces/share/tritech_micron_interfaces/package.sh'
[1.421s] INFO:colcon.colcon_core.shell:Creating package script '/home/bluerov/ROS-Humble-BlueRov2-Driver/install/tritech_micron_interfaces/share/tritech_micron_interfaces/package.bash'
[1.421s] INFO:colcon.colcon_core.shell:Creating package script '/home/bluerov/ROS-Humble-BlueRov2-Driver/install/tritech_micron_interfaces/share/tritech_micron_interfaces/package.zsh'
[1.422s] Level 1:colcon.colcon_core.environment:create_file_with_runtime_dependencies(/home/bluerov/ROS-Humble-BlueRov2-Driver/install/tritech_micron_interfaces/share/colcon-core/packages/tritech_micron_interfaces)
[1.423s] INFO:colcon.colcon_ros.task.ament_python.build:Building ROS package in '/home/bluerov/ROS-Humble-BlueRov2-Driver/src/tritech_micron' with build type 'ament_python'
[1.423s] Level 1:colcon.colcon_core.shell:create_environment_hook('tritech_micron', 'ament_prefix_path')
[1.423s] INFO:colcon.colcon_core.shell:Creating environment hook '/home/bluerov/ROS-Humble-BlueRov2-Driver/install/tritech_micron/share/tritech_micron/hook/ament_prefix_path.ps1'
[1.424s] INFO:colcon.colcon_core.shell:Creating environment descriptor '/home/bluerov/ROS-Humble-BlueRov2-Driver/install/tritech_micron/share/tritech_micron/hook/ament_prefix_path.dsv'
[1.425s] INFO:colcon.colcon_core.shell:Creating environment hook '/home/bluerov/ROS-Humble-BlueRov2-Driver/install/tritech_micron/share/tritech_micron/hook/ament_prefix_path.sh'
[1.426s] INFO:colcon.colcon_core.shell:Skip shell extension 'powershell' for command environment: Not usable outside of PowerShell
[1.426s] DEBUG:colcon.colcon_core.shell:Skip shell extension 'dsv' for command environment
[1.765s] INFO:colcon.colcon_core.task.python.build:Building Python package in '/home/bluerov/ROS-Humble-BlueRov2-Driver/src/tritech_micron'
[1.765s] INFO:colcon.colcon_core.shell:Skip shell extension 'powershell' for command environment: Not usable outside of PowerShell
[1.766s] DEBUG:colcon.colcon_core.shell:Skip shell extension 'dsv' for command environment
[1.775s] Level 1:colcon.colcon_core.environment:create_environment_scripts_only(bluerov2_interfaces)
[1.776s] Level 1:colcon.colcon_core.environment:checking '/home/bluerov/ROS-Humble-BlueRov2-Driver/install/bluerov2_interfaces' for CMake module files
[1.778s] Level 1:colcon.colcon_core.environment:checking '/home/bluerov/ROS-Humble-BlueRov2-Driver/install/bluerov2_interfaces' for CMake config files
[1.779s] Level 1:colcon.colcon_core.shell:create_environment_hook('bluerov2_interfaces', 'cmake_prefix_path')
[1.779s] INFO:colcon.colcon_core.shell:Creating environment hook '/home/bluerov/ROS-Humble-BlueRov2-Driver/install/bluerov2_interfaces/share/bluerov2_interfaces/hook/cmake_prefix_path.ps1'
[1.781s] INFO:colcon.colcon_core.shell:Creating environment descriptor '/home/bluerov/ROS-Humble-BlueRov2-Driver/install/bluerov2_interfaces/share/bluerov2_interfaces/hook/cmake_prefix_path.dsv'
[1.782s] INFO:colcon.colcon_core.shell:Creating environment hook '/home/bluerov/ROS-Humble-BlueRov2-Driver/install/bluerov2_interfaces/share/bluerov2_interfaces/hook/cmake_prefix_path.sh'
[1.783s] Level 1:colcon.colcon_core.environment:checking '/home/bluerov/ROS-Humble-BlueRov2-Driver/install/bluerov2_interfaces/lib'
[1.783s] Level 1:colcon.colcon_core.shell:create_environment_hook('bluerov2_interfaces', 'ld_library_path_lib')
[1.784s] INFO:colcon.colcon_core.shell:Creating environment hook '/home/bluerov/ROS-Humble-BlueRov2-Driver/install/bluerov2_interfaces/share/bluerov2_interfaces/hook/ld_library_path_lib.ps1'
[1.785s] INFO:colcon.colcon_core.shell:Creating environment descriptor '/home/bluerov/ROS-Humble-BlueRov2-Driver/install/bluerov2_interfaces/share/bluerov2_interfaces/hook/ld_library_path_lib.dsv'
[1.786s] INFO:colcon.colcon_core.shell:Creating environment hook '/home/bluerov/ROS-Humble-BlueRov2-Driver/install/bluerov2_interfaces/share/bluerov2_interfaces/hook/ld_library_path_lib.sh'
[1.787s] Level 1:colcon.colcon_core.environment:checking '/home/bluerov/ROS-Humble-BlueRov2-Driver/install/bluerov2_interfaces/bin'
[1.787s] Level 1:colcon.colcon_core.environment:checking '/home/bluerov/ROS-Humble-BlueRov2-Driver/install/bluerov2_interfaces/lib/pkgconfig/bluerov2_interfaces.pc'
[1.788s] Level 1:colcon.colcon_core.environment:checking '/home/bluerov/ROS-Humble-BlueRov2-Driver/install/bluerov2_interfaces/lib/python3.10/site-packages'
[1.788s] Level 1:colcon.colcon_core.environment:checking '/home/bluerov/ROS-Humble-BlueRov2-Driver/install/bluerov2_interfaces/bin'
[1.789s] INFO:colcon.colcon_core.shell:Creating package script '/home/bluerov/ROS-Humble-BlueRov2-Driver/install/bluerov2_interfaces/share/bluerov2_interfaces/package.ps1'
[1.791s] INFO:colcon.colcon_core.shell:Creating package descriptor '/home/bluerov/ROS-Humble-BlueRov2-Driver/install/bluerov2_interfaces/share/bluerov2_interfaces/package.dsv'
[1.792s] INFO:colcon.colcon_core.shell:Creating package script '/home/bluerov/ROS-Humble-BlueRov2-Driver/install/bluerov2_interfaces/share/bluerov2_interfaces/package.sh'
[1.794s] INFO:colcon.colcon_core.shell:Creating package script '/home/bluerov/ROS-Humble-BlueRov2-Driver/install/bluerov2_interfaces/share/bluerov2_interfaces/package.bash'
[1.795s] INFO:colcon.colcon_core.shell:Creating package script '/home/bluerov/ROS-Humble-BlueRov2-Driver/install/bluerov2_interfaces/share/bluerov2_interfaces/package.zsh'
[1.796s] Level 1:colcon.colcon_core.environment:create_file_with_runtime_dependencies(/home/bluerov/ROS-Humble-BlueRov2-Driver/install/bluerov2_interfaces/share/colcon-core/packages/bluerov2_interfaces)
[1.798s] INFO:colcon.colcon_ros.task.ament_python.build:Building ROS package in '/home/bluerov/ROS-Humble-BlueRov2-Driver/src/bluerov2_controller' with build type 'ament_python'
[1.799s] Level 1:colcon.colcon_core.shell:create_environment_hook('bluerov2_controller', 'ament_prefix_path')
[1.799s] INFO:colcon.colcon_core.shell:Creating environment hook '/home/bluerov/ROS-Humble-BlueRov2-Driver/install/bluerov2_controller/share/bluerov2_controller/hook/ament_prefix_path.ps1'
[1.801s] INFO:colcon.colcon_core.shell:Creating environment descriptor '/home/bluerov/ROS-Humble-BlueRov2-Driver/install/bluerov2_controller/share/bluerov2_controller/hook/ament_prefix_path.dsv'
[1.802s] INFO:colcon.colcon_core.shell:Creating environment hook '/home/bluerov/ROS-Humble-BlueRov2-Driver/install/bluerov2_controller/share/bluerov2_controller/hook/ament_prefix_path.sh'
[1.804s] INFO:colcon.colcon_core.shell:Skip shell extension 'powershell' for command environment: Not usable outside of PowerShell
[1.804s] DEBUG:colcon.colcon_core.shell:Skip shell extension 'dsv' for command environment
[2.157s] INFO:colcon.colcon_core.task.python.build:Building Python package in '/home/bluerov/ROS-Humble-BlueRov2-Driver/src/bluerov2_controller'
[2.158s] INFO:colcon.colcon_core.shell:Skip shell extension 'powershell' for command environment: Not usable outside of PowerShell
[2.158s] DEBUG:colcon.colcon_core.shell:Skip shell extension 'dsv' for command environment
[2.239s] DEBUG:colcon.colcon_core.event_handler.log_command:Invoking command in '/home/bluerov/ROS-Humble-BlueRov2-Driver/src/tritech_micron': PYTHONPATH=/home/bluerov/ROS-Humble-BlueRov2-Driver/build/tritech_micron/prefix_override:/home/bluerov/ROS-Humble-BlueRov2-Driver/install/tritech_micron/lib/python3.10/site-packages:${PYTHONPATH} /usr/bin/python3 -W ignore:setup.py install is deprecated setup.py egg_info --egg-base ../../build/tritech_micron build --build-base /home/bluerov/ROS-Humble-BlueRov2-Driver/build/tritech_micron/build install --record /home/bluerov/ROS-Humble-BlueRov2-Driver/build/tritech_micron/install.log --single-version-externally-managed install_data
[2.585s] DEBUG:colcon.colcon_core.event_handler.log_command:Invoking command in '/home/bluerov/ROS-Humble-BlueRov2-Driver/src/bluerov2_controller': CMAKE_PREFIX_PATH=/home/bluerov/ROS-Humble-BlueRov2-Driver/install/bluerov2_interfaces:/home/bluerov/ROS-Humble-BlueRov2-Driver/install/tritech_micron_interfaces:/home/bluerov/ROS-Humble-BlueRov2-Driver/install/bluerov2_bringup LD_LIBRARY_PATH=/home/bluerov/ROS-Humble-BlueRov2-Driver/install/bluerov2_interfaces/lib:/home/bluerov/ROS-Humble-BlueRov2-Driver/install/tritech_micron_interfaces/lib:/opt/ros/humble/opt/rviz_ogre_vendor/lib:/opt/ros/humble/lib/x86_64-linux-gnu:/opt/ros/humble/lib PYTHONPATH=/home/bluerov/ROS-Humble-BlueRov2-Driver/build/bluerov2_controller/prefix_override:/home/bluerov/ROS-Humble-BlueRov2-Driver/install/bluerov2_controller/lib/python3.10/site-packages:${PYTHONPATH} /usr/bin/python3 -W ignore:setup.py install is deprecated setup.py egg_info --egg-base ../../build/bluerov2_controller build --build-base /home/bluerov/ROS-Humble-BlueRov2-Driver/build/bluerov2_controller/build install --record /home/bluerov/ROS-Humble-BlueRov2-Driver/build/bluerov2_controller/install.log --single-version-externally-managed install_data
[2.619s] Level 1:colcon.colcon_core.environment:checking '/home/bluerov/ROS-Humble-BlueRov2-Driver/install/tritech_micron' for CMake module files
[2.620s] DEBUG:colcon.colcon_core.event_handler.log_command:Invoked command in '/home/bluerov/ROS-Humble-BlueRov2-Driver/src/tritech_micron' returned '0': PYTHONPATH=/home/bluerov/ROS-Humble-BlueRov2-Driver/build/tritech_micron/prefix_override:/home/bluerov/ROS-Humble-BlueRov2-Driver/install/tritech_micron/lib/python3.10/site-packages:${PYTHONPATH} /usr/bin/python3 -W ignore:setup.py install is deprecated setup.py egg_info --egg-base ../../build/tritech_micron build --build-base /home/bluerov/ROS-Humble-BlueRov2-Driver/build/tritech_micron/build install --record /home/bluerov/ROS-Humble-BlueRov2-Driver/build/tritech_micron/install.log --single-version-externally-managed install_data
[2.621s] Level 1:colcon.colcon_core.environment:checking '/home/bluerov/ROS-Humble-BlueRov2-Driver/install/tritech_micron' for CMake config files
[2.622s] Level 1:colcon.colcon_core.environment:checking '/home/bluerov/ROS-Humble-BlueRov2-Driver/install/tritech_micron/lib'
[2.622s] Level 1:colcon.colcon_core.environment:checking '/home/bluerov/ROS-Humble-BlueRov2-Driver/install/tritech_micron/bin'
[2.622s] Level 1:colcon.colcon_core.environment:checking '/home/bluerov/ROS-Humble-BlueRov2-Driver/install/tritech_micron/lib/pkgconfig/tritech_micron.pc'
[2.623s] Level 1:colcon.colcon_core.environment:checking '/home/bluerov/ROS-Humble-BlueRov2-Driver/install/tritech_micron/lib/python3.10/site-packages'
[2.623s] Level 1:colcon.colcon_core.shell:create_environment_hook('tritech_micron', 'pythonpath')
[2.623s] INFO:colcon.colcon_core.shell:Creating environment hook '/home/bluerov/ROS-Humble-BlueRov2-Driver/install/tritech_micron/share/tritech_micron/hook/pythonpath.ps1'
[2.624s] INFO:colcon.colcon_core.shell:Creating environment descriptor '/home/bluerov/ROS-Humble-BlueRov2-Driver/install/tritech_micron/share/tritech_micron/hook/pythonpath.dsv'
[2.625s] INFO:colcon.colcon_core.shell:Creating environment hook '/home/bluerov/ROS-Humble-BlueRov2-Driver/install/tritech_micron/share/tritech_micron/hook/pythonpath.sh'
[2.626s] Level 1:colcon.colcon_core.environment:checking '/home/bluerov/ROS-Humble-BlueRov2-Driver/install/tritech_micron/bin'
[2.626s] Level 1:colcon.colcon_core.environment:create_environment_scripts_only(tritech_micron)
[2.627s] INFO:colcon.colcon_core.shell:Creating package script '/home/bluerov/ROS-Humble-BlueRov2-Driver/install/tritech_micron/share/tritech_micron/package.ps1'
[2.628s] INFO:colcon.colcon_core.shell:Creating package descriptor '/home/bluerov/ROS-Humble-BlueRov2-Driver/install/tritech_micron/share/tritech_micron/package.dsv'
[2.628s] INFO:colcon.colcon_core.shell:Creating package script '/home/bluerov/ROS-Humble-BlueRov2-Driver/install/tritech_micron/share/tritech_micron/package.sh'
[2.629s] INFO:colcon.colcon_core.shell:Creating package script '/home/bluerov/ROS-Humble-BlueRov2-Driver/install/tritech_micron/share/tritech_micron/package.bash'
[2.629s] INFO:colcon.colcon_core.shell:Creating package script '/home/bluerov/ROS-Humble-BlueRov2-Driver/install/tritech_micron/share/tritech_micron/package.zsh'
[2.630s] Level 1:colcon.colcon_core.environment:create_file_with_runtime_dependencies(/home/bluerov/ROS-Humble-BlueRov2-Driver/install/tritech_micron/share/colcon-core/packages/tritech_micron)
[2.947s] Level 1:colcon.colcon_core.environment:checking '/home/bluerov/ROS-Humble-BlueRov2-Driver/install/bluerov2_controller' for CMake module files
[2.949s] DEBUG:colcon.colcon_core.event_handler.log_command:Invoked command in '/home/bluerov/ROS-Humble-BlueRov2-Driver/src/bluerov2_controller' returned '0': CMAKE_PREFIX_PATH=/home/bluerov/ROS-Humble-BlueRov2-Driver/install/bluerov2_interfaces:/home/bluerov/ROS-Humble-BlueRov2-Driver/install/tritech_micron_interfaces:/home/bluerov/ROS-Humble-BlueRov2-Driver/install/bluerov2_bringup LD_LIBRARY_PATH=/home/bluerov/ROS-Humble-BlueRov2-Driver/install/bluerov2_interfaces/lib:/home/bluerov/ROS-Humble-BlueRov2-Driver/install/tritech_micron_interfaces/lib:/opt/ros/humble/opt/rviz_ogre_vendor/lib:/opt/ros/humble/lib/x86_64-linux-gnu:/opt/ros/humble/lib PYTHONPATH=/home/bluerov/ROS-Humble-BlueRov2-Driver/build/bluerov2_controller/prefix_override:/home/bluerov/ROS-Humble-BlueRov2-Driver/install/bluerov2_controller/lib/python3.10/site-packages:${PYTHONPATH} /usr/bin/python3 -W ignore:setup.py install is deprecated setup.py egg_info --egg-base ../../build/bluerov2_controller build --build-base /home/bluerov/ROS-Humble-BlueRov2-Driver/build/bluerov2_controller/build install --record /home/bluerov/ROS-Humble-BlueRov2-Driver/build/bluerov2_controller/install.log --single-version-externally-managed install_data
[2.950s] Level 1:colcon.colcon_core.environment:checking '/home/bluerov/ROS-Humble-BlueRov2-Driver/install/bluerov2_controller' for CMake config files
[2.952s] Level 1:colcon.colcon_core.environment:checking '/home/bluerov/ROS-Humble-BlueRov2-Driver/install/bluerov2_controller/lib'
[2.952s] Level 1:colcon.colcon_core.environment:checking '/home/bluerov/ROS-Humble-BlueRov2-Driver/install/bluerov2_controller/bin'
[2.952s] Level 1:colcon.colcon_core.environment:checking '/home/bluerov/ROS-Humble-BlueRov2-Driver/install/bluerov2_controller/lib/pkgconfig/bluerov2_controller.pc'
[2.953s] Level 1:colcon.colcon_core.environment:checking '/home/bluerov/ROS-Humble-BlueRov2-Driver/install/bluerov2_controller/lib/python3.10/site-packages'
[2.953s] Level 1:colcon.colcon_core.shell:create_environment_hook('bluerov2_controller', 'pythonpath')
[2.953s] INFO:colcon.colcon_core.shell:Creating environment hook '/home/bluerov/ROS-Humble-BlueRov2-Driver/install/bluerov2_controller/share/bluerov2_controller/hook/pythonpath.ps1'
[2.954s] INFO:colcon.colcon_core.shell:Creating environment descriptor '/home/bluerov/ROS-Humble-BlueRov2-Driver/install/bluerov2_controller/share/bluerov2_controller/hook/pythonpath.dsv'
[2.955s] INFO:colcon.colcon_core.shell:Creating environment hook '/home/bluerov/ROS-Humble-BlueRov2-Driver/install/bluerov2_controller/share/bluerov2_controller/hook/pythonpath.sh'
[2.955s] Level 1:colcon.colcon_core.environment:checking '/home/bluerov/ROS-Humble-BlueRov2-Driver/install/bluerov2_controller/bin'
[2.956s] Level 1:colcon.colcon_core.environment:create_environment_scripts_only(bluerov2_controller)
[2.956s] INFO:colcon.colcon_core.shell:Creating package script '/home/bluerov/ROS-Humble-BlueRov2-Driver/install/bluerov2_controller/share/bluerov2_controller/package.ps1'
[2.957s] INFO:colcon.colcon_core.shell:Creating package descriptor '/home/bluerov/ROS-Humble-BlueRov2-Driver/install/bluerov2_controller/share/bluerov2_controller/package.dsv'
[2.957s] INFO:colcon.colcon_core.shell:Creating package script '/home/bluerov/ROS-Humble-BlueRov2-Driver/install/bluerov2_controller/share/bluerov2_controller/package.sh'
[2.958s] INFO:colcon.colcon_core.shell:Creating package script '/home/bluerov/ROS-Humble-BlueRov2-Driver/install/bluerov2_controller/share/bluerov2_controller/package.bash'
[2.958s] INFO:colcon.colcon_core.shell:Creating package script '/home/bluerov/ROS-Humble-BlueRov2-Driver/install/bluerov2_controller/share/bluerov2_controller/package.zsh'
[2.959s] Level 1:colcon.colcon_core.environment:create_file_with_runtime_dependencies(/home/bluerov/ROS-Humble-BlueRov2-Driver/install/bluerov2_controller/share/colcon-core/packages/bluerov2_controller)
[2.959s] INFO:colcon.colcon_ros.task.ament_cmake.build:Building ROS package in '/home/bluerov/ROS-Humble-BlueRov2-Driver/src/bluerov2_bringup' with build type 'ament_cmake'
[2.959s] INFO:colcon.colcon_cmake.task.cmake.build:Building CMake package in '/home/bluerov/ROS-Humble-BlueRov2-Driver/src/bluerov2_bringup'
[2.960s] INFO:colcon.colcon_core.shell:Skip shell extension 'powershell' for command environment: Not usable outside of PowerShell
[2.960s] DEBUG:colcon.colcon_core.shell:Skip shell extension 'dsv' for command environment
[2.981s] DEBUG:colcon.colcon_core.event_handler.log_command:Invoking command in '/home/bluerov/ROS-Humble-BlueRov2-Driver/build/bluerov2_bringup': AMENT_PREFIX_PATH=/home/bluerov/ROS-Humble-BlueRov2-Driver/install/bluerov2_controller:/home/bluerov/ROS-Humble-BlueRov2-Driver/install/tritech_micron:/home/bluerov/ROS-Humble-BlueRov2-Driver/install/tritech_micron_interfaces:/home/bluerov/ROS-Humble-BlueRov2-Driver/install/bluerov2_bringup:/home/bluerov/ROS-Humble-BlueRov2-Driver/install/bluerov2_interfaces:/opt/ros/humble CMAKE_PREFIX_PATH=/home/bluerov/ROS-Humble-BlueRov2-Driver/install/bluerov2_interfaces:/home/bluerov/ROS-Humble-BlueRov2-Driver/install/tritech_micron_interfaces:/home/bluerov/ROS-Humble-BlueRov2-Driver/install/bluerov2_bringup:/home/bluerov/ROS-Humble-BlueRov2-Driver/install/tritech_micron:/home/bluerov/ROS-Humble-BlueRov2-Driver/install/bluerov2_controller:/opt/ros/humble LD_LIBRARY_PATH=/home/bluerov/ROS-Humble-BlueRov2-Driver/install/bluerov2_interfaces/lib:/home/bluerov/ROS-Humble-BlueRov2-Driver/install/tritech_micron_interfaces/lib:/opt/ros/humble/opt/rviz_ogre_vendor/lib:/opt/ros/humble/lib/x86_64-linux-gnu:/opt/ros/humble/lib PYTHONPATH=/home/bluerov/ROS-Humble-BlueRov2-Driver/install/bluerov2_controller/lib/python3.10/site-packages:/home/bluerov/ROS-Humble-BlueRov2-Driver/install/tritech_micron/lib/python3.10/site-packages:/home/bluerov/ROS-Humble-BlueRov2-Driver/install/tritech_micron_interfaces/local/lib/python3.10/dist-packages:/home/bluerov/ROS-Humble-BlueRov2-Driver/install/bluerov2_interfaces/local/lib/python3.10/dist-packages:/opt/ros/humble/lib/python3.10/site-packages:/opt/ros/humble/local/lib/python3.10/dist-packages /usr/bin/cmake --build /home/bluerov/ROS-Humble-BlueRov2-Driver/build/bluerov2_bringup -- -j8 -l8
[3.052s] DEBUG:colcon.colcon_core.event_handler.log_command:Invoked command in '/home/bluerov/ROS-Humble-BlueRov2-Driver/build/bluerov2_bringup' returned '0': AMENT_PREFIX_PATH=/home/bluerov/ROS-Humble-BlueRov2-Driver/install/bluerov2_controller:/home/bluerov/ROS-Humble-BlueRov2-Driver/install/tritech_micron:/home/bluerov/ROS-Humble-BlueRov2-Driver/install/tritech_micron_interfaces:/home/bluerov/ROS-Humble-BlueRov2-Driver/install/bluerov2_bringup:/home/bluerov/ROS-Humble-BlueRov2-Driver/install/bluerov2_interfaces:/opt/ros/humble CMAKE_PREFIX_PATH=/home/bluerov/ROS-Humble-BlueRov2-Driver/install/bluerov2_interfaces:/home/bluerov/ROS-Humble-BlueRov2-Driver/install/tritech_micron_interfaces:/home/bluerov/ROS-Humble-BlueRov2-Driver/install/bluerov2_bringup:/home/bluerov/ROS-Humble-BlueRov2-Driver/install/tritech_micron:/home/bluerov/ROS-Humble-BlueRov2-Driver/install/bluerov2_controller:/opt/ros/humble LD_LIBRARY_PATH=/home/bluerov/ROS-Humble-BlueRov2-Driver/install/bluerov2_interfaces/lib:/home/bluerov/ROS-Humble-BlueRov2-Driver/install/tritech_micron_interfaces/lib:/opt/ros/humble/opt/rviz_ogre_vendor/lib:/opt/ros/humble/lib/x86_64-linux-gnu:/opt/ros/humble/lib PYTHONPATH=/home/bluerov/ROS-Humble-BlueRov2-Driver/install/bluerov2_controller/lib/python3.10/site-packages:/home/bluerov/ROS-Humble-BlueRov2-Driver/install/tritech_micron/lib/python3.10/site-packages:/home/bluerov/ROS-Humble-BlueRov2-Driver/install/tritech_micron_interfaces/local/lib/python3.10/dist-packages:/home/bluerov/ROS-Humble-BlueRov2-Driver/install/bluerov2_interfaces/local/lib/python3.10/dist-packages:/opt/ros/humble/lib/python3.10/site-packages:/opt/ros/humble/local/lib/python3.10/dist-packages /usr/bin/cmake --build /home/bluerov/ROS-Humble-BlueRov2-Driver/build/bluerov2_bringup -- -j8 -l8
[3.094s] DEBUG:colcon.colcon_core.event_handler.log_command:Invoking command in '/home/bluerov/ROS-Humble-BlueRov2-Driver/build/bluerov2_bringup': AMENT_PREFIX_PATH=/home/bluerov/ROS-Humble-BlueRov2-Driver/install/bluerov2_controller:/home/bluerov/ROS-Humble-BlueRov2-Driver/install/tritech_micron:/home/bluerov/ROS-Humble-BlueRov2-Driver/install/tritech_micron_interfaces:/home/bluerov/ROS-Humble-BlueRov2-Driver/install/bluerov2_bringup:/home/bluerov/ROS-Humble-BlueRov2-Driver/install/bluerov2_interfaces:/opt/ros/humble CMAKE_PREFIX_PATH=/home/bluerov/ROS-Humble-BlueRov2-Driver/install/bluerov2_interfaces:/home/bluerov/ROS-Humble-BlueRov2-Driver/install/tritech_micron_interfaces:/home/bluerov/ROS-Humble-BlueRov2-Driver/install/bluerov2_bringup:/home/bluerov/ROS-Humble-BlueRov2-Driver/install/tritech_micron:/home/bluerov/ROS-Humble-BlueRov2-Driver/install/bluerov2_controller:/opt/ros/humble LD_LIBRARY_PATH=/home/bluerov/ROS-Humble-BlueRov2-Driver/install/bluerov2_interfaces/lib:/home/bluerov/ROS-Humble-BlueRov2-Driver/install/tritech_micron_interfaces/lib:/opt/ros/humble/opt/rviz_ogre_vendor/lib:/opt/ros/humble/lib/x86_64-linux-gnu:/opt/ros/humble/lib PYTHONPATH=/home/bluerov/ROS-Humble-BlueRov2-Driver/install/bluerov2_controller/lib/python3.10/site-packages:/home/bluerov/ROS-Humble-BlueRov2-Driver/install/tritech_micron/lib/python3.10/site-packages:/home/bluerov/ROS-Humble-BlueRov2-Driver/install/tritech_micron_interfaces/local/lib/python3.10/dist-packages:/home/bluerov/ROS-Humble-BlueRov2-Driver/install/bluerov2_interfaces/local/lib/python3.10/dist-packages:/opt/ros/humble/lib/python3.10/site-packages:/opt/ros/humble/local/lib/python3.10/dist-packages /usr/bin/cmake --install /home/bluerov/ROS-Humble-BlueRov2-Driver/build/bluerov2_bringup
[3.111s] Level 1:colcon.colcon_core.environment:create_environment_scripts_only(bluerov2_bringup)
[3.112s] Level 1:colcon.colcon_core.environment:checking '/home/bluerov/ROS-Humble-BlueRov2-Driver/install/bluerov2_bringup' for CMake module files
[3.113s] DEBUG:colcon.colcon_core.event_handler.log_command:Invoked command in '/home/bluerov/ROS-Humble-BlueRov2-Driver/build/bluerov2_bringup' returned '0': AMENT_PREFIX_PATH=/home/bluerov/ROS-Humble-BlueRov2-Driver/install/bluerov2_controller:/home/bluerov/ROS-Humble-BlueRov2-Driver/install/tritech_micron:/home/bluerov/ROS-Humble-BlueRov2-Driver/install/tritech_micron_interfaces:/home/bluerov/ROS-Humble-BlueRov2-Driver/install/bluerov2_bringup:/home/bluerov/ROS-Humble-BlueRov2-Driver/install/bluerov2_interfaces:/opt/ros/humble CMAKE_PREFIX_PATH=/home/bluerov/ROS-Humble-BlueRov2-Driver/install/bluerov2_interfaces:/home/bluerov/ROS-Humble-BlueRov2-Driver/install/tritech_micron_interfaces:/home/bluerov/ROS-Humble-BlueRov2-Driver/install/bluerov2_bringup:/home/bluerov/ROS-Humble-BlueRov2-Driver/install/tritech_micron:/home/bluerov/ROS-Humble-BlueRov2-Driver/install/bluerov2_controller:/opt/ros/humble LD_LIBRARY_PATH=/home/bluerov/ROS-Humble-BlueRov2-Driver/install/bluerov2_interfaces/lib:/home/bluerov/ROS-Humble-BlueRov2-Driver/install/tritech_micron_interfaces/lib:/opt/ros/humble/opt/rviz_ogre_vendor/lib:/opt/ros/humble/lib/x86_64-linux-gnu:/opt/ros/humble/lib PYTHONPATH=/home/bluerov/ROS-Humble-BlueRov2-Driver/install/bluerov2_controller/lib/python3.10/site-packages:/home/bluerov/ROS-Humble-BlueRov2-Driver/install/tritech_micron/lib/python3.10/site-packages:/home/bluerov/ROS-Humble-BlueRov2-Driver/install/tritech_micron_interfaces/local/lib/python3.10/dist-packages:/home/bluerov/ROS-Humble-BlueRov2-Driver/install/bluerov2_interfaces/local/lib/python3.10/dist-packages:/opt/ros/humble/lib/python3.10/site-packages:/opt/ros/humble/local/lib/python3.10/dist-packages /usr/bin/cmake --install /home/bluerov/ROS-Humble-BlueRov2-Driver/build/bluerov2_bringup
[3.114s] Level 1:colcon.colcon_core.environment:checking '/home/bluerov/ROS-Humble-BlueRov2-Driver/install/bluerov2_bringup' for CMake config files
[3.114s] Level 1:colcon.colcon_core.shell:create_environment_hook('bluerov2_bringup', 'cmake_prefix_path')
[3.114s] INFO:colcon.colcon_core.shell:Creating environment hook '/home/bluerov/ROS-Humble-BlueRov2-Driver/install/bluerov2_bringup/share/bluerov2_bringup/hook/cmake_prefix_path.ps1'
[3.115s] INFO:colcon.colcon_core.shell:Creating environment descriptor '/home/bluerov/ROS-Humble-BlueRov2-Driver/install/bluerov2_bringup/share/bluerov2_bringup/hook/cmake_prefix_path.dsv'
[3.116s] INFO:colcon.colcon_core.shell:Creating environment hook '/home/bluerov/ROS-Humble-BlueRov2-Driver/install/bluerov2_bringup/share/bluerov2_bringup/hook/cmake_prefix_path.sh'
[3.117s] Level 1:colcon.colcon_core.environment:checking '/home/bluerov/ROS-Humble-BlueRov2-Driver/install/bluerov2_bringup/bin'
[3.117s] Level 1:colcon.colcon_core.environment:checking '/home/bluerov/ROS-Humble-BlueRov2-Driver/install/bluerov2_bringup/lib/pkgconfig/bluerov2_bringup.pc'
[3.117s] Level 1:colcon.colcon_core.environment:checking '/home/bluerov/ROS-Humble-BlueRov2-Driver/install/bluerov2_bringup/lib/python3.10/site-packages'
[3.118s] Level 1:colcon.colcon_core.environment:checking '/home/bluerov/ROS-Humble-BlueRov2-Driver/install/bluerov2_bringup/bin'
[3.118s] INFO:colcon.colcon_core.shell:Creating package script '/home/bluerov/ROS-Humble-BlueRov2-Driver/install/bluerov2_bringup/share/bluerov2_bringup/package.ps1'
[3.119s] INFO:colcon.colcon_core.shell:Creating package descriptor '/home/bluerov/ROS-Humble-BlueRov2-Driver/install/bluerov2_bringup/share/bluerov2_bringup/package.dsv'
[3.119s] INFO:colcon.colcon_core.shell:Creating package script '/home/bluerov/ROS-Humble-BlueRov2-Driver/install/bluerov2_bringup/share/bluerov2_bringup/package.sh'
[3.120s] INFO:colcon.colcon_core.shell:Creating package script '/home/bluerov/ROS-Humble-BlueRov2-Driver/install/bluerov2_bringup/share/bluerov2_bringup/package.bash'
[3.121s] INFO:colcon.colcon_core.shell:Creating package script '/home/bluerov/ROS-Humble-BlueRov2-Driver/install/bluerov2_bringup/share/bluerov2_bringup/package.zsh'
[3.121s] Level 1:colcon.colcon_core.environment:create_file_with_runtime_dependencies(/home/bluerov/ROS-Humble-BlueRov2-Driver/install/bluerov2_bringup/share/colcon-core/packages/bluerov2_bringup)
[3.166s] Level 1:colcon.colcon_core.environment:create_environment_scripts_only(bluerov2_bringup)
[3.166s] Level 1:colcon.colcon_core.environment:checking '/home/bluerov/ROS-Humble-BlueRov2-Driver/install/bluerov2_bringup' for CMake module files
[3.167s] Level 1:colcon.colcon_core.environment:checking '/home/bluerov/ROS-Humble-BlueRov2-Driver/install/bluerov2_bringup' for CMake config files
[3.168s] Level 1:colcon.colcon_core.shell:create_environment_hook('bluerov2_bringup', 'cmake_prefix_path')
[3.168s] INFO:colcon.colcon_core.shell:Creating environment hook '/home/bluerov/ROS-Humble-BlueRov2-Driver/install/bluerov2_bringup/share/bluerov2_bringup/hook/cmake_prefix_path.ps1'
[3.168s] INFO:colcon.colcon_core.shell:Creating environment descriptor '/home/bluerov/ROS-Humble-BlueRov2-Driver/install/bluerov2_bringup/share/bluerov2_bringup/hook/cmake_prefix_path.dsv'
[3.169s] INFO:colcon.colcon_core.shell:Creating environment hook '/home/bluerov/ROS-Humble-BlueRov2-Driver/install/bluerov2_bringup/share/bluerov2_bringup/hook/cmake_prefix_path.sh'
[3.170s] Level 1:colcon.colcon_core.environment:checking '/home/bluerov/ROS-Humble-BlueRov2-Driver/install/bluerov2_bringup/bin'
[3.170s] Level 1:colcon.colcon_core.environment:checking '/home/bluerov/ROS-Humble-BlueRov2-Driver/install/bluerov2_bringup/lib/pkgconfig/bluerov2_bringup.pc'
[3.170s] Level 1:colcon.colcon_core.environment:checking '/home/bluerov/ROS-Humble-BlueRov2-Driver/install/bluerov2_bringup/lib/python3.10/site-packages'
[3.170s] Level 1:colcon.colcon_core.environment:checking '/home/bluerov/ROS-Humble-BlueRov2-Driver/install/bluerov2_bringup/bin'
[3.171s] INFO:colcon.colcon_core.shell:Creating package script '/home/bluerov/ROS-Humble-BlueRov2-Driver/install/bluerov2_bringup/share/bluerov2_bringup/package.ps1'
[3.171s] INFO:colcon.colcon_core.shell:Creating package descriptor '/home/bluerov/ROS-Humble-BlueRov2-Driver/install/bluerov2_bringup/share/bluerov2_bringup/package.dsv'
[3.172s] INFO:colcon.colcon_core.shell:Creating package script '/home/bluerov/ROS-Humble-BlueRov2-Driver/install/bluerov2_bringup/share/bluerov2_bringup/package.sh'
[3.173s] INFO:colcon.colcon_core.shell:Creating package script '/home/bluerov/ROS-Humble-BlueRov2-Driver/install/bluerov2_bringup/share/bluerov2_bringup/package.bash'
[3.173s] INFO:colcon.colcon_core.shell:Creating package script '/home/bluerov/ROS-Humble-BlueRov2-Driver/install/bluerov2_bringup/share/bluerov2_bringup/package.zsh'
[3.173s] Level 1:colcon.colcon_core.environment:create_file_with_runtime_dependencies(/home/bluerov/ROS-Humble-BlueRov2-Driver/install/bluerov2_bringup/share/colcon-core/packages/bluerov2_bringup)
[3.174s] DEBUG:colcon.colcon_parallel_executor.executor.parallel:closing loop
[3.174s] DEBUG:colcon.colcon_parallel_executor.executor.parallel:loop closed
[3.174s] DEBUG:colcon.colcon_parallel_executor.executor.parallel:run_until_complete finished with '0'
[3.174s] DEBUG:colcon.colcon_core.event_reactor:joining thread
[3.184s] INFO:colcon.colcon_core.plugin_system:Skipping extension 'colcon_notification.desktop_notification.terminal_notifier': Not used on non-Darwin systems
[3.184s] INFO:colcon.colcon_core.plugin_system:Skipping extension 'colcon_notification.desktop_notification.win32': Not used on non-Windows systems
[3.184s] INFO:colcon.colcon_notification.desktop_notification:Sending desktop notification using 'notify2'
[3.207s] DEBUG:colcon.colcon_core.event_reactor:joined thread
[3.208s] INFO:colcon.colcon_core.shell:Creating prefix script '/home/bluerov/ROS-Humble-BlueRov2-Driver/install/local_setup.ps1'
[3.210s] INFO:colcon.colcon_core.shell:Creating prefix util module '/home/bluerov/ROS-Humble-BlueRov2-Driver/install/_local_setup_util_ps1.py'
[3.212s] INFO:colcon.colcon_core.shell:Creating prefix chain script '/home/bluerov/ROS-Humble-BlueRov2-Driver/install/setup.ps1'
[3.213s] INFO:colcon.colcon_core.shell:Creating prefix script '/home/bluerov/ROS-Humble-BlueRov2-Driver/install/local_setup.sh'
[3.214s] INFO:colcon.colcon_core.shell:Creating prefix util module '/home/bluerov/ROS-Humble-BlueRov2-Driver/install/_local_setup_util_sh.py'
[3.215s] INFO:colcon.colcon_core.shell:Creating prefix chain script '/home/bluerov/ROS-Humble-BlueRov2-Driver/install/setup.sh'
[3.217s] INFO:colcon.colcon_core.shell:Creating prefix script '/home/bluerov/ROS-Humble-BlueRov2-Driver/install/local_setup.bash'
[3.218s] INFO:colcon.colcon_core.shell:Creating prefix chain script '/home/bluerov/ROS-Humble-BlueRov2-Driver/install/setup.bash'
[3.220s] INFO:colcon.colcon_core.shell:Creating prefix script '/home/bluerov/ROS-Humble-BlueRov2-Driver/install/local_setup.zsh'
[3.221s] INFO:colcon.colcon_core.shell:Creating prefix chain script '/home/bluerov/ROS-Humble-BlueRov2-Driver/install/setup.zsh'
