[0.231s] Invoking command in '/home/bluerov/ROS-Humble-BlueRov2-Driver/build/bluerov2_interfaces': CMAKE_PREFIX_PATH=${CMAKE_PREFIX_PATH}:/home/bluerov/ROS-Humble-BlueRov2-Driver/install/tritech_micron:/home/bluerov/ROS-Humble-BlueRov2-Driver/install/bluerov2_controller:/opt/ros/humble /usr/bin/cmake --build /home/bluerov/ROS-Humble-BlueRov2-Driver/build/bluerov2_interfaces -- -j4 -l4
[0.309s] [  1%] Built target bluerov2_interfaces__cpp
[0.333s] [  2%] Built target ament_cmake_python_copy_bluerov2_interfaces
[0.333s] [ 12%] Built target bluerov2_interfaces__rosidl_generator_c
[0.380s] [ 23%] Built target bluerov2_interfaces__rosidl_typesupport_introspection_cpp
[0.401s] [ 35%] Built target bluerov2_interfaces__rosidl_typesupport_fastrtps_cpp
[0.456s] [ 57%] Built target bluerov2_interfaces__rosidl_typesupport_c
[0.457s] [ 57%] Built target bluerov2_interfaces__rosidl_typesupport_cpp
[0.497s] [ 69%] Built target bluerov2_interfaces__rosidl_typesupport_fastrtps_c
[0.556s] [ 80%] Built target bluerov2_interfaces__rosidl_typesupport_introspection_c
[0.590s] [ 80%] Built target bluerov2_interfaces
[0.650s] [ 81%] Built target bluerov2_interfaces__py
[0.737s] [ 91%] Built target bluerov2_interfaces__rosidl_generator_py
[0.860s] [ 94%] Built target bluerov2_interfaces__rosidl_typesupport_fastrtps_c__pyext
[0.934s] [ 97%] Built target bluerov2_interfaces__rosidl_typesupport_introspection_c__pyext
[0.934s] [100%] Built target bluerov2_interfaces__rosidl_typesupport_c__pyext
[1.240s] running egg_info
[1.240s] writing bluerov2_interfaces.egg-info/PKG-INFO
[1.241s] writing dependency_links to bluerov2_interfaces.egg-info/dependency_links.txt
[1.241s] writing top-level names to bluerov2_interfaces.egg-info/top_level.txt
[1.241s] reading manifest file 'bluerov2_interfaces.egg-info/SOURCES.txt'
[1.245s] writing manifest file 'bluerov2_interfaces.egg-info/SOURCES.txt'
[1.303s] [100%] Built target ament_cmake_python_build_bluerov2_interfaces_egg
[1.325s] Invoked command in '/home/bluerov/ROS-Humble-BlueRov2-Driver/build/bluerov2_interfaces' returned '0': CMAKE_PREFIX_PATH=${CMAKE_PREFIX_PATH}:/home/bluerov/ROS-Humble-BlueRov2-Driver/install/tritech_micron:/home/bluerov/ROS-Humble-BlueRov2-Driver/install/bluerov2_controller:/opt/ros/humble /usr/bin/cmake --build /home/bluerov/ROS-Humble-BlueRov2-Driver/build/bluerov2_interfaces -- -j4 -l4
[1.698s] Invoking command in '/home/bluerov/ROS-Humble-BlueRov2-Driver/build/bluerov2_interfaces': CMAKE_PREFIX_PATH=${CMAKE_PREFIX_PATH}:/home/bluerov/ROS-Humble-BlueRov2-Driver/install/tritech_micron:/home/bluerov/ROS-Humble-BlueRov2-Driver/install/bluerov2_controller:/opt/ros/humble /usr/bin/cmake --install /home/bluerov/ROS-Humble-BlueRov2-Driver/build/bluerov2_interfaces
[1.712s] -- Install configuration: ""
[1.713s] -- Up-to-date: /home/bluerov/ROS-Humble-BlueRov2-Driver/install/bluerov2_interfaces/share/ament_index/resource_index/rosidl_interfaces/bluerov2_interfaces
[1.713s] -- Up-to-date: /home/bluerov/ROS-Humble-BlueRov2-Driver/install/bluerov2_interfaces/include/bluerov2_interfaces/bluerov2_interfaces
[1.713s] -- Up-to-date: /home/bluerov/ROS-Humble-BlueRov2-Driver/install/bluerov2_interfaces/include/bluerov2_interfaces/bluerov2_interfaces/msg
[1.713s] -- Up-to-date: /home/bluerov/ROS-Humble-BlueRov2-Driver/install/bluerov2_interfaces/include/bluerov2_interfaces/bluerov2_interfaces/msg/set_depth.h
[1.713s] -- Up-to-date: /home/bluerov/ROS-Humble-BlueRov2-Driver/install/bluerov2_interfaces/include/bluerov2_interfaces/bluerov2_interfaces/msg/set_roll.h
[1.713s] -- Up-to-date: /home/bluerov/ROS-Humble-BlueRov2-Driver/install/bluerov2_interfaces/include/bluerov2_interfaces/bluerov2_interfaces/msg/detail
[1.714s] -- Up-to-date: /home/bluerov/ROS-Humble-BlueRov2-Driver/install/bluerov2_interfaces/include/bluerov2_interfaces/bluerov2_interfaces/msg/detail/attitude__functions.c
[1.714s] -- Up-to-date: /home/bluerov/ROS-Humble-BlueRov2-Driver/install/bluerov2_interfaces/include/bluerov2_interfaces/bluerov2_interfaces/msg/detail/set_depth__struct.h
[1.714s] -- Up-to-date: /home/bluerov/ROS-Humble-BlueRov2-Driver/install/bluerov2_interfaces/include/bluerov2_interfaces/bluerov2_interfaces/msg/detail/set_pitch__functions.c
[1.714s] -- Up-to-date: /home/bluerov/ROS-Humble-BlueRov2-Driver/install/bluerov2_interfaces/include/bluerov2_interfaces/bluerov2_interfaces/msg/detail/set_roll__struct.h
[1.714s] -- Up-to-date: /home/bluerov/ROS-Humble-BlueRov2-Driver/install/bluerov2_interfaces/include/bluerov2_interfaces/bluerov2_interfaces/msg/detail/attitude__type_support.h
[1.714s] -- Up-to-date: /home/bluerov/ROS-Humble-BlueRov2-Driver/install/bluerov2_interfaces/include/bluerov2_interfaces/bluerov2_interfaces/msg/detail/set_target__type_support.h
[1.714s] -- Up-to-date: /home/bluerov/ROS-Humble-BlueRov2-Driver/install/bluerov2_interfaces/include/bluerov2_interfaces/bluerov2_interfaces/msg/detail/set_yaw__type_support.h
[1.715s] -- Up-to-date: /home/bluerov/ROS-Humble-BlueRov2-Driver/install/bluerov2_interfaces/include/bluerov2_interfaces/bluerov2_interfaces/msg/detail/set_depth__functions.h
[1.715s] -- Up-to-date: /home/bluerov/ROS-Humble-BlueRov2-Driver/install/bluerov2_interfaces/include/bluerov2_interfaces/bluerov2_interfaces/msg/detail/set_roll__functions.h
[1.715s] -- Up-to-date: /home/bluerov/ROS-Humble-BlueRov2-Driver/install/bluerov2_interfaces/include/bluerov2_interfaces/bluerov2_interfaces/msg/detail/set_yaw__functions.c
[1.715s] -- Up-to-date: /home/bluerov/ROS-Humble-BlueRov2-Driver/install/bluerov2_interfaces/include/bluerov2_interfaces/bluerov2_interfaces/msg/detail/set_yaw__functions.h
[1.715s] -- Up-to-date: /home/bluerov/ROS-Humble-BlueRov2-Driver/install/bluerov2_interfaces/include/bluerov2_interfaces/bluerov2_interfaces/msg/detail/set_target__struct.h
[1.715s] -- Up-to-date: /home/bluerov/ROS-Humble-BlueRov2-Driver/install/bluerov2_interfaces/include/bluerov2_interfaces/bluerov2_interfaces/msg/detail/bar30__struct.h
[1.716s] -- Up-to-date: /home/bluerov/ROS-Humble-BlueRov2-Driver/install/bluerov2_interfaces/include/bluerov2_interfaces/bluerov2_interfaces/msg/detail/bar30__type_support.h
[1.716s] -- Up-to-date: /home/bluerov/ROS-Humble-BlueRov2-Driver/install/bluerov2_interfaces/include/bluerov2_interfaces/bluerov2_interfaces/msg/detail/set_target__functions.h
[1.716s] -- Up-to-date: /home/bluerov/ROS-Humble-BlueRov2-Driver/install/bluerov2_interfaces/include/bluerov2_interfaces/bluerov2_interfaces/msg/detail/set_target__functions.c
[1.717s] -- Up-to-date: /home/bluerov/ROS-Humble-BlueRov2-Driver/install/bluerov2_interfaces/include/bluerov2_interfaces/bluerov2_interfaces/msg/detail/set_roll__type_support.h
[1.717s] -- Up-to-date: /home/bluerov/ROS-Humble-BlueRov2-Driver/install/bluerov2_interfaces/include/bluerov2_interfaces/bluerov2_interfaces/msg/detail/bar30__functions.h
[1.717s] -- Up-to-date: /home/bluerov/ROS-Humble-BlueRov2-Driver/install/bluerov2_interfaces/include/bluerov2_interfaces/bluerov2_interfaces/msg/detail/set_depth__functions.c
[1.717s] -- Up-to-date: /home/bluerov/ROS-Humble-BlueRov2-Driver/install/bluerov2_interfaces/include/bluerov2_interfaces/bluerov2_interfaces/msg/detail/set_pitch__type_support.h
[1.717s] -- Up-to-date: /home/bluerov/ROS-Humble-BlueRov2-Driver/install/bluerov2_interfaces/include/bluerov2_interfaces/bluerov2_interfaces/msg/detail/attitude__functions.h
[1.717s] -- Up-to-date: /home/bluerov/ROS-Humble-BlueRov2-Driver/install/bluerov2_interfaces/include/bluerov2_interfaces/bluerov2_interfaces/msg/detail/set_pitch__struct.h
[1.718s] -- Up-to-date: /home/bluerov/ROS-Humble-BlueRov2-Driver/install/bluerov2_interfaces/include/bluerov2_interfaces/bluerov2_interfaces/msg/detail/set_yaw__struct.h
[1.718s] -- Up-to-date: /home/bluerov/ROS-Humble-BlueRov2-Driver/install/bluerov2_interfaces/include/bluerov2_interfaces/bluerov2_interfaces/msg/detail/set_depth__type_support.h
[1.718s] -- Up-to-date: /home/bluerov/ROS-Humble-BlueRov2-Driver/install/bluerov2_interfaces/include/bluerov2_interfaces/bluerov2_interfaces/msg/detail/bar30__functions.c
[1.718s] -- Up-to-date: /home/bluerov/ROS-Humble-BlueRov2-Driver/install/bluerov2_interfaces/include/bluerov2_interfaces/bluerov2_interfaces/msg/detail/set_pitch__functions.h
[1.718s] -- Up-to-date: /home/bluerov/ROS-Humble-BlueRov2-Driver/install/bluerov2_interfaces/include/bluerov2_interfaces/bluerov2_interfaces/msg/detail/attitude__struct.h
[1.719s] -- Up-to-date: /home/bluerov/ROS-Humble-BlueRov2-Driver/install/bluerov2_interfaces/include/bluerov2_interfaces/bluerov2_interfaces/msg/detail/set_roll__functions.c
[1.719s] -- Up-to-date: /home/bluerov/ROS-Humble-BlueRov2-Driver/install/bluerov2_interfaces/include/bluerov2_interfaces/bluerov2_interfaces/msg/set_yaw.h
[1.720s] -- Up-to-date: /home/bluerov/ROS-Humble-BlueRov2-Driver/install/bluerov2_interfaces/include/bluerov2_interfaces/bluerov2_interfaces/msg/rosidl_generator_c__visibility_control.h
[1.720s] -- Up-to-date: /home/bluerov/ROS-Humble-BlueRov2-Driver/install/bluerov2_interfaces/include/bluerov2_interfaces/bluerov2_interfaces/msg/attitude.h
[1.720s] -- Up-to-date: /home/bluerov/ROS-Humble-BlueRov2-Driver/install/bluerov2_interfaces/include/bluerov2_interfaces/bluerov2_interfaces/msg/set_target.h
[1.721s] -- Up-to-date: /home/bluerov/ROS-Humble-BlueRov2-Driver/install/bluerov2_interfaces/include/bluerov2_interfaces/bluerov2_interfaces/msg/set_pitch.h
[1.721s] -- Up-to-date: /home/bluerov/ROS-Humble-BlueRov2-Driver/install/bluerov2_interfaces/include/bluerov2_interfaces/bluerov2_interfaces/msg/bar30.h
[1.721s] -- Up-to-date: /home/bluerov/ROS-Humble-BlueRov2-Driver/install/bluerov2_interfaces/share/bluerov2_interfaces/environment/library_path.sh
[1.721s] -- Up-to-date: /home/bluerov/ROS-Humble-BlueRov2-Driver/install/bluerov2_interfaces/share/bluerov2_interfaces/environment/library_path.dsv
[1.721s] -- Up-to-date: /home/bluerov/ROS-Humble-BlueRov2-Driver/install/bluerov2_interfaces/lib/libbluerov2_interfaces__rosidl_generator_c.so
[1.721s] -- Up-to-date: /home/bluerov/ROS-Humble-BlueRov2-Driver/install/bluerov2_interfaces/include/bluerov2_interfaces/bluerov2_interfaces
[1.722s] -- Up-to-date: /home/bluerov/ROS-Humble-BlueRov2-Driver/install/bluerov2_interfaces/include/bluerov2_interfaces/bluerov2_interfaces/msg
[1.722s] -- Up-to-date: /home/bluerov/ROS-Humble-BlueRov2-Driver/install/bluerov2_interfaces/include/bluerov2_interfaces/bluerov2_interfaces/msg/detail
[1.722s] -- Up-to-date: /home/bluerov/ROS-Humble-BlueRov2-Driver/install/bluerov2_interfaces/include/bluerov2_interfaces/bluerov2_interfaces/msg/detail/set_roll__rosidl_typesupport_fastrtps_c.h
[1.722s] -- Up-to-date: /home/bluerov/ROS-Humble-BlueRov2-Driver/install/bluerov2_interfaces/include/bluerov2_interfaces/bluerov2_interfaces/msg/detail/attitude__rosidl_typesupport_fastrtps_c.h
[1.722s] -- Up-to-date: /home/bluerov/ROS-Humble-BlueRov2-Driver/install/bluerov2_interfaces/include/bluerov2_interfaces/bluerov2_interfaces/msg/detail/set_depth__rosidl_typesupport_fastrtps_c.h
[1.722s] -- Up-to-date: /home/bluerov/ROS-Humble-BlueRov2-Driver/install/bluerov2_interfaces/include/bluerov2_interfaces/bluerov2_interfaces/msg/detail/set_target__rosidl_typesupport_fastrtps_c.h
[1.722s] -- Up-to-date: /home/bluerov/ROS-Humble-BlueRov2-Driver/install/bluerov2_interfaces/include/bluerov2_interfaces/bluerov2_interfaces/msg/detail/set_pitch__rosidl_typesupport_fastrtps_c.h
[1.723s] -- Up-to-date: /home/bluerov/ROS-Humble-BlueRov2-Driver/install/bluerov2_interfaces/include/bluerov2_interfaces/bluerov2_interfaces/msg/detail/bar30__rosidl_typesupport_fastrtps_c.h
[1.723s] -- Up-to-date: /home/bluerov/ROS-Humble-BlueRov2-Driver/install/bluerov2_interfaces/include/bluerov2_interfaces/bluerov2_interfaces/msg/detail/set_yaw__rosidl_typesupport_fastrtps_c.h
[1.723s] -- Up-to-date: /home/bluerov/ROS-Humble-BlueRov2-Driver/install/bluerov2_interfaces/include/bluerov2_interfaces/bluerov2_interfaces/msg/rosidl_typesupport_fastrtps_c__visibility_control.h
[1.724s] -- Up-to-date: /home/bluerov/ROS-Humble-BlueRov2-Driver/install/bluerov2_interfaces/lib/libbluerov2_interfaces__rosidl_typesupport_fastrtps_c.so
[1.724s] -- Up-to-date: /home/bluerov/ROS-Humble-BlueRov2-Driver/install/bluerov2_interfaces/include/bluerov2_interfaces/bluerov2_interfaces
[1.724s] -- Up-to-date: /home/bluerov/ROS-Humble-BlueRov2-Driver/install/bluerov2_interfaces/include/bluerov2_interfaces/bluerov2_interfaces/msg
[1.724s] -- Up-to-date: /home/bluerov/ROS-Humble-BlueRov2-Driver/install/bluerov2_interfaces/include/bluerov2_interfaces/bluerov2_interfaces/msg/detail
[1.724s] -- Up-to-date: /home/bluerov/ROS-Humble-BlueRov2-Driver/install/bluerov2_interfaces/include/bluerov2_interfaces/bluerov2_interfaces/msg/detail/set_depth__type_support.c
[1.724s] -- Up-to-date: /home/bluerov/ROS-Humble-BlueRov2-Driver/install/bluerov2_interfaces/include/bluerov2_interfaces/bluerov2_interfaces/msg/detail/attitude__rosidl_typesupport_introspection_c.h
[1.725s] -- Up-to-date: /home/bluerov/ROS-Humble-BlueRov2-Driver/install/bluerov2_interfaces/include/bluerov2_interfaces/bluerov2_interfaces/msg/detail/set_yaw__type_support.c
[1.725s] -- Up-to-date: /home/bluerov/ROS-Humble-BlueRov2-Driver/install/bluerov2_interfaces/include/bluerov2_interfaces/bluerov2_interfaces/msg/detail/set_target__rosidl_typesupport_introspection_c.h
[1.725s] -- Up-to-date: /home/bluerov/ROS-Humble-BlueRov2-Driver/install/bluerov2_interfaces/include/bluerov2_interfaces/bluerov2_interfaces/msg/detail/set_yaw__rosidl_typesupport_introspection_c.h
[1.725s] -- Up-to-date: /home/bluerov/ROS-Humble-BlueRov2-Driver/install/bluerov2_interfaces/include/bluerov2_interfaces/bluerov2_interfaces/msg/detail/set_roll__type_support.c
[1.725s] -- Up-to-date: /home/bluerov/ROS-Humble-BlueRov2-Driver/install/bluerov2_interfaces/include/bluerov2_interfaces/bluerov2_interfaces/msg/detail/set_depth__rosidl_typesupport_introspection_c.h
[1.726s] -- Up-to-date: /home/bluerov/ROS-Humble-BlueRov2-Driver/install/bluerov2_interfaces/include/bluerov2_interfaces/bluerov2_interfaces/msg/detail/set_target__type_support.c
[1.726s] -- Up-to-date: /home/bluerov/ROS-Humble-BlueRov2-Driver/install/bluerov2_interfaces/include/bluerov2_interfaces/bluerov2_interfaces/msg/detail/attitude__type_support.c
[1.726s] -- Up-to-date: /home/bluerov/ROS-Humble-BlueRov2-Driver/install/bluerov2_interfaces/include/bluerov2_interfaces/bluerov2_interfaces/msg/detail/set_roll__rosidl_typesupport_introspection_c.h
[1.726s] -- Up-to-date: /home/bluerov/ROS-Humble-BlueRov2-Driver/install/bluerov2_interfaces/include/bluerov2_interfaces/bluerov2_interfaces/msg/detail/set_pitch__type_support.c
[1.727s] -- Up-to-date: /home/bluerov/ROS-Humble-BlueRov2-Driver/install/bluerov2_interfaces/include/bluerov2_interfaces/bluerov2_interfaces/msg/detail/set_pitch__rosidl_typesupport_introspection_c.h
[1.727s] -- Up-to-date: /home/bluerov/ROS-Humble-BlueRov2-Driver/install/bluerov2_interfaces/include/bluerov2_interfaces/bluerov2_interfaces/msg/detail/bar30__rosidl_typesupport_introspection_c.h
[1.727s] -- Up-to-date: /home/bluerov/ROS-Humble-BlueRov2-Driver/install/bluerov2_interfaces/include/bluerov2_interfaces/bluerov2_interfaces/msg/detail/bar30__type_support.c
[1.727s] -- Up-to-date: /home/bluerov/ROS-Humble-BlueRov2-Driver/install/bluerov2_interfaces/include/bluerov2_interfaces/bluerov2_interfaces/msg/rosidl_typesupport_introspection_c__visibility_control.h
[1.727s] -- Up-to-date: /home/bluerov/ROS-Humble-BlueRov2-Driver/install/bluerov2_interfaces/lib/libbluerov2_interfaces__rosidl_typesupport_introspection_c.so
[1.727s] -- Up-to-date: /home/bluerov/ROS-Humble-BlueRov2-Driver/install/bluerov2_interfaces/lib/libbluerov2_interfaces__rosidl_typesupport_c.so
[1.728s] -- Up-to-date: /home/bluerov/ROS-Humble-BlueRov2-Driver/install/bluerov2_interfaces/include/bluerov2_interfaces/bluerov2_interfaces
[1.728s] -- Up-to-date: /home/bluerov/ROS-Humble-BlueRov2-Driver/install/bluerov2_interfaces/include/bluerov2_interfaces/bluerov2_interfaces/msg
[1.728s] -- Up-to-date: /home/bluerov/ROS-Humble-BlueRov2-Driver/install/bluerov2_interfaces/include/bluerov2_interfaces/bluerov2_interfaces/msg/attitude.hpp
[1.729s] -- Up-to-date: /home/bluerov/ROS-Humble-BlueRov2-Driver/install/bluerov2_interfaces/include/bluerov2_interfaces/bluerov2_interfaces/msg/set_roll.hpp
[1.729s] -- Up-to-date: /home/bluerov/ROS-Humble-BlueRov2-Driver/install/bluerov2_interfaces/include/bluerov2_interfaces/bluerov2_interfaces/msg/detail
[1.729s] -- Up-to-date: /home/bluerov/ROS-Humble-BlueRov2-Driver/install/bluerov2_interfaces/include/bluerov2_interfaces/bluerov2_interfaces/msg/detail/set_depth__struct.hpp
[1.729s] -- Up-to-date: /home/bluerov/ROS-Humble-BlueRov2-Driver/install/bluerov2_interfaces/include/bluerov2_interfaces/bluerov2_interfaces/msg/detail/set_target__builder.hpp
[1.729s] -- Up-to-date: /home/bluerov/ROS-Humble-BlueRov2-Driver/install/bluerov2_interfaces/include/bluerov2_interfaces/bluerov2_interfaces/msg/detail/set_roll__builder.hpp
[1.730s] -- Up-to-date: /home/bluerov/ROS-Humble-BlueRov2-Driver/install/bluerov2_interfaces/include/bluerov2_interfaces/bluerov2_interfaces/msg/detail/set_target__struct.hpp
[1.730s] -- Up-to-date: /home/bluerov/ROS-Humble-BlueRov2-Driver/install/bluerov2_interfaces/include/bluerov2_interfaces/bluerov2_interfaces/msg/detail/set_yaw__traits.hpp
[1.730s] -- Up-to-date: /home/bluerov/ROS-Humble-BlueRov2-Driver/install/bluerov2_interfaces/include/bluerov2_interfaces/bluerov2_interfaces/msg/detail/set_roll__struct.hpp
[1.730s] -- Up-to-date: /home/bluerov/ROS-Humble-BlueRov2-Driver/install/bluerov2_interfaces/include/bluerov2_interfaces/bluerov2_interfaces/msg/detail/set_yaw__struct.hpp
[1.730s] -- Up-to-date: /home/bluerov/ROS-Humble-BlueRov2-Driver/install/bluerov2_interfaces/include/bluerov2_interfaces/bluerov2_interfaces/msg/detail/set_pitch__struct.hpp
[1.730s] -- Up-to-date: /home/bluerov/ROS-Humble-BlueRov2-Driver/install/bluerov2_interfaces/include/bluerov2_interfaces/bluerov2_interfaces/msg/detail/bar30__struct.hpp
[1.730s] -- Up-to-date: /home/bluerov/ROS-Humble-BlueRov2-Driver/install/bluerov2_interfaces/include/bluerov2_interfaces/bluerov2_interfaces/msg/detail/set_yaw__builder.hpp
[1.731s] -- Up-to-date: /home/bluerov/ROS-Humble-BlueRov2-Driver/install/bluerov2_interfaces/include/bluerov2_interfaces/bluerov2_interfaces/msg/detail/set_pitch__builder.hpp
[1.731s] -- Up-to-date: /home/bluerov/ROS-Humble-BlueRov2-Driver/install/bluerov2_interfaces/include/bluerov2_interfaces/bluerov2_interfaces/msg/detail/bar30__builder.hpp
[1.731s] -- Up-to-date: /home/bluerov/ROS-Humble-BlueRov2-Driver/install/bluerov2_interfaces/include/bluerov2_interfaces/bluerov2_interfaces/msg/detail/attitude__builder.hpp
[1.731s] -- Up-to-date: /home/bluerov/ROS-Humble-BlueRov2-Driver/install/bluerov2_interfaces/include/bluerov2_interfaces/bluerov2_interfaces/msg/detail/attitude__struct.hpp
[1.731s] -- Up-to-date: /home/bluerov/ROS-Humble-BlueRov2-Driver/install/bluerov2_interfaces/include/bluerov2_interfaces/bluerov2_interfaces/msg/detail/set_depth__builder.hpp
[1.732s] -- Up-to-date: /home/bluerov/ROS-Humble-BlueRov2-Driver/install/bluerov2_interfaces/include/bluerov2_interfaces/bluerov2_interfaces/msg/detail/bar30__traits.hpp
[1.732s] -- Up-to-date: /home/bluerov/ROS-Humble-BlueRov2-Driver/install/bluerov2_interfaces/include/bluerov2_interfaces/bluerov2_interfaces/msg/detail/set_depth__traits.hpp
[1.732s] -- Up-to-date: /home/bluerov/ROS-Humble-BlueRov2-Driver/install/bluerov2_interfaces/include/bluerov2_interfaces/bluerov2_interfaces/msg/detail/attitude__traits.hpp
[1.732s] -- Up-to-date: /home/bluerov/ROS-Humble-BlueRov2-Driver/install/bluerov2_interfaces/include/bluerov2_interfaces/bluerov2_interfaces/msg/detail/set_target__traits.hpp
[1.732s] -- Up-to-date: /home/bluerov/ROS-Humble-BlueRov2-Driver/install/bluerov2_interfaces/include/bluerov2_interfaces/bluerov2_interfaces/msg/detail/set_roll__traits.hpp
[1.732s] -- Up-to-date: /home/bluerov/ROS-Humble-BlueRov2-Driver/install/bluerov2_interfaces/include/bluerov2_interfaces/bluerov2_interfaces/msg/detail/set_pitch__traits.hpp
[1.733s] -- Up-to-date: /home/bluerov/ROS-Humble-BlueRov2-Driver/install/bluerov2_interfaces/include/bluerov2_interfaces/bluerov2_interfaces/msg/set_pitch.hpp
[1.733s] -- Up-to-date: /home/bluerov/ROS-Humble-BlueRov2-Driver/install/bluerov2_interfaces/include/bluerov2_interfaces/bluerov2_interfaces/msg/bar30.hpp
[1.733s] -- Up-to-date: /home/bluerov/ROS-Humble-BlueRov2-Driver/install/bluerov2_interfaces/include/bluerov2_interfaces/bluerov2_interfaces/msg/set_depth.hpp
[1.733s] -- Up-to-date: /home/bluerov/ROS-Humble-BlueRov2-Driver/install/bluerov2_interfaces/include/bluerov2_interfaces/bluerov2_interfaces/msg/set_yaw.hpp
[1.733s] -- Up-to-date: /home/bluerov/ROS-Humble-BlueRov2-Driver/install/bluerov2_interfaces/include/bluerov2_interfaces/bluerov2_interfaces/msg/set_target.hpp
[1.733s] -- Up-to-date: /home/bluerov/ROS-Humble-BlueRov2-Driver/install/bluerov2_interfaces/include/bluerov2_interfaces/bluerov2_interfaces
[1.734s] -- Up-to-date: /home/bluerov/ROS-Humble-BlueRov2-Driver/install/bluerov2_interfaces/include/bluerov2_interfaces/bluerov2_interfaces/msg
[1.734s] -- Up-to-date: /home/bluerov/ROS-Humble-BlueRov2-Driver/install/bluerov2_interfaces/include/bluerov2_interfaces/bluerov2_interfaces/msg/detail
[1.734s] -- Up-to-date: /home/bluerov/ROS-Humble-BlueRov2-Driver/install/bluerov2_interfaces/include/bluerov2_interfaces/bluerov2_interfaces/msg/detail/bar30__rosidl_typesupport_fastrtps_cpp.hpp
[1.734s] -- Up-to-date: /home/bluerov/ROS-Humble-BlueRov2-Driver/install/bluerov2_interfaces/include/bluerov2_interfaces/bluerov2_interfaces/msg/detail/dds_fastrtps
[1.734s] -- Up-to-date: /home/bluerov/ROS-Humble-BlueRov2-Driver/install/bluerov2_interfaces/include/bluerov2_interfaces/bluerov2_interfaces/msg/detail/set_pitch__rosidl_typesupport_fastrtps_cpp.hpp
[1.735s] -- Up-to-date: /home/bluerov/ROS-Humble-BlueRov2-Driver/install/bluerov2_interfaces/include/bluerov2_interfaces/bluerov2_interfaces/msg/detail/set_roll__rosidl_typesupport_fastrtps_cpp.hpp
[1.735s] -- Up-to-date: /home/bluerov/ROS-Humble-BlueRov2-Driver/install/bluerov2_interfaces/include/bluerov2_interfaces/bluerov2_interfaces/msg/detail/attitude__rosidl_typesupport_fastrtps_cpp.hpp
[1.735s] -- Up-to-date: /home/bluerov/ROS-Humble-BlueRov2-Driver/install/bluerov2_interfaces/include/bluerov2_interfaces/bluerov2_interfaces/msg/detail/set_yaw__rosidl_typesupport_fastrtps_cpp.hpp
[1.735s] -- Up-to-date: /home/bluerov/ROS-Humble-BlueRov2-Driver/install/bluerov2_interfaces/include/bluerov2_interfaces/bluerov2_interfaces/msg/detail/set_target__rosidl_typesupport_fastrtps_cpp.hpp
[1.735s] -- Up-to-date: /home/bluerov/ROS-Humble-BlueRov2-Driver/install/bluerov2_interfaces/include/bluerov2_interfaces/bluerov2_interfaces/msg/detail/set_depth__rosidl_typesupport_fastrtps_cpp.hpp
[1.735s] -- Up-to-date: /home/bluerov/ROS-Humble-BlueRov2-Driver/install/bluerov2_interfaces/include/bluerov2_interfaces/bluerov2_interfaces/msg/rosidl_typesupport_fastrtps_cpp__visibility_control.h
[1.736s] -- Up-to-date: /home/bluerov/ROS-Humble-BlueRov2-Driver/install/bluerov2_interfaces/lib/libbluerov2_interfaces__rosidl_typesupport_fastrtps_cpp.so
[1.736s] -- Up-to-date: /home/bluerov/ROS-Humble-BlueRov2-Driver/install/bluerov2_interfaces/include/bluerov2_interfaces/bluerov2_interfaces
[1.736s] -- Up-to-date: /home/bluerov/ROS-Humble-BlueRov2-Driver/install/bluerov2_interfaces/include/bluerov2_interfaces/bluerov2_interfaces/msg
[1.736s] -- Up-to-date: /home/bluerov/ROS-Humble-BlueRov2-Driver/install/bluerov2_interfaces/include/bluerov2_interfaces/bluerov2_interfaces/msg/detail
[1.736s] -- Up-to-date: /home/bluerov/ROS-Humble-BlueRov2-Driver/install/bluerov2_interfaces/include/bluerov2_interfaces/bluerov2_interfaces/msg/detail/set_pitch__rosidl_typesupport_introspection_cpp.hpp
[1.736s] -- Up-to-date: /home/bluerov/ROS-Humble-BlueRov2-Driver/install/bluerov2_interfaces/include/bluerov2_interfaces/bluerov2_interfaces/msg/detail/bar30__rosidl_typesupport_introspection_cpp.hpp
[1.737s] -- Up-to-date: /home/bluerov/ROS-Humble-BlueRov2-Driver/install/bluerov2_interfaces/include/bluerov2_interfaces/bluerov2_interfaces/msg/detail/set_yaw__rosidl_typesupport_introspection_cpp.hpp
[1.737s] -- Up-to-date: /home/bluerov/ROS-Humble-BlueRov2-Driver/install/bluerov2_interfaces/include/bluerov2_interfaces/bluerov2_interfaces/msg/detail/set_depth__rosidl_typesupport_introspection_cpp.hpp
[1.737s] -- Up-to-date: /home/bluerov/ROS-Humble-BlueRov2-Driver/install/bluerov2_interfaces/include/bluerov2_interfaces/bluerov2_interfaces/msg/detail/set_target__rosidl_typesupport_introspection_cpp.hpp
[1.737s] -- Up-to-date: /home/bluerov/ROS-Humble-BlueRov2-Driver/install/bluerov2_interfaces/include/bluerov2_interfaces/bluerov2_interfaces/msg/detail/set_pitch__type_support.cpp
[1.737s] -- Up-to-date: /home/bluerov/ROS-Humble-BlueRov2-Driver/install/bluerov2_interfaces/include/bluerov2_interfaces/bluerov2_interfaces/msg/detail/bar30__type_support.cpp
[1.737s] -- Up-to-date: /home/bluerov/ROS-Humble-BlueRov2-Driver/install/bluerov2_interfaces/include/bluerov2_interfaces/bluerov2_interfaces/msg/detail/set_yaw__type_support.cpp
[1.738s] -- Up-to-date: /home/bluerov/ROS-Humble-BlueRov2-Driver/install/bluerov2_interfaces/include/bluerov2_interfaces/bluerov2_interfaces/msg/detail/set_roll__rosidl_typesupport_introspection_cpp.hpp
[1.738s] -- Up-to-date: /home/bluerov/ROS-Humble-BlueRov2-Driver/install/bluerov2_interfaces/include/bluerov2_interfaces/bluerov2_interfaces/msg/detail/attitude__type_support.cpp
[1.738s] -- Up-to-date: /home/bluerov/ROS-Humble-BlueRov2-Driver/install/bluerov2_interfaces/include/bluerov2_interfaces/bluerov2_interfaces/msg/detail/set_depth__type_support.cpp
[1.738s] -- Up-to-date: /home/bluerov/ROS-Humble-BlueRov2-Driver/install/bluerov2_interfaces/include/bluerov2_interfaces/bluerov2_interfaces/msg/detail/attitude__rosidl_typesupport_introspection_cpp.hpp
[1.738s] -- Up-to-date: /home/bluerov/ROS-Humble-BlueRov2-Driver/install/bluerov2_interfaces/include/bluerov2_interfaces/bluerov2_interfaces/msg/detail/set_roll__type_support.cpp
[1.738s] -- Up-to-date: /home/bluerov/ROS-Humble-BlueRov2-Driver/install/bluerov2_interfaces/include/bluerov2_interfaces/bluerov2_interfaces/msg/detail/set_target__type_support.cpp
[1.739s] -- Up-to-date: /home/bluerov/ROS-Humble-BlueRov2-Driver/install/bluerov2_interfaces/lib/libbluerov2_interfaces__rosidl_typesupport_introspection_cpp.so
[1.739s] -- Up-to-date: /home/bluerov/ROS-Humble-BlueRov2-Driver/install/bluerov2_interfaces/lib/libbluerov2_interfaces__rosidl_typesupport_cpp.so
[1.739s] -- Up-to-date: /home/bluerov/ROS-Humble-BlueRov2-Driver/install/bluerov2_interfaces/share/bluerov2_interfaces/environment/pythonpath.sh
[1.739s] -- Up-to-date: /home/bluerov/ROS-Humble-BlueRov2-Driver/install/bluerov2_interfaces/share/bluerov2_interfaces/environment/pythonpath.dsv
[1.739s] -- Up-to-date: /home/bluerov/ROS-Humble-BlueRov2-Driver/install/bluerov2_interfaces/local/lib/python3.10/dist-packages/bluerov2_interfaces-0.0.0-py3.10.egg-info
[1.739s] -- Installing: /home/bluerov/ROS-Humble-BlueRov2-Driver/install/bluerov2_interfaces/local/lib/python3.10/dist-packages/bluerov2_interfaces-0.0.0-py3.10.egg-info/dependency_links.txt
[1.740s] -- Installing: /home/bluerov/ROS-Humble-BlueRov2-Driver/install/bluerov2_interfaces/local/lib/python3.10/dist-packages/bluerov2_interfaces-0.0.0-py3.10.egg-info/SOURCES.txt
[1.740s] -- Installing: /home/bluerov/ROS-Humble-BlueRov2-Driver/install/bluerov2_interfaces/local/lib/python3.10/dist-packages/bluerov2_interfaces-0.0.0-py3.10.egg-info/PKG-INFO
[1.740s] -- Installing: /home/bluerov/ROS-Humble-BlueRov2-Driver/install/bluerov2_interfaces/local/lib/python3.10/dist-packages/bluerov2_interfaces-0.0.0-py3.10.egg-info/top_level.txt
[1.740s] -- Up-to-date: /home/bluerov/ROS-Humble-BlueRov2-Driver/install/bluerov2_interfaces/local/lib/python3.10/dist-packages/bluerov2_interfaces
[1.740s] -- Up-to-date: /home/bluerov/ROS-Humble-BlueRov2-Driver/install/bluerov2_interfaces/local/lib/python3.10/dist-packages/bluerov2_interfaces/_bluerov2_interfaces_s.ep.rosidl_typesupport_c.c
[1.743s] -- Up-to-date: /home/bluerov/ROS-Humble-BlueRov2-Driver/install/bluerov2_interfaces/local/lib/python3.10/dist-packages/bluerov2_interfaces/libbluerov2_interfaces__rosidl_generator_py.so
[1.743s] -- Up-to-date: /home/bluerov/ROS-Humble-BlueRov2-Driver/install/bluerov2_interfaces/local/lib/python3.10/dist-packages/bluerov2_interfaces/bluerov2_interfaces_s__rosidl_typesupport_introspection_c.cpython-310-x86_64-linux-gnu.so
[1.743s] -- Up-to-date: /home/bluerov/ROS-Humble-BlueRov2-Driver/install/bluerov2_interfaces/local/lib/python3.10/dist-packages/bluerov2_interfaces/_bluerov2_interfaces_s.ep.rosidl_typesupport_introspection_c.c
[1.743s] -- Up-to-date: /home/bluerov/ROS-Humble-BlueRov2-Driver/install/bluerov2_interfaces/local/lib/python3.10/dist-packages/bluerov2_interfaces/bluerov2_interfaces_s__rosidl_typesupport_fastrtps_c.cpython-310-x86_64-linux-gnu.so
[1.743s] -- Up-to-date: /home/bluerov/ROS-Humble-BlueRov2-Driver/install/bluerov2_interfaces/local/lib/python3.10/dist-packages/bluerov2_interfaces/_bluerov2_interfaces_s.ep.rosidl_typesupport_fastrtps_c.c
[1.744s] -- Up-to-date: /home/bluerov/ROS-Humble-BlueRov2-Driver/install/bluerov2_interfaces/local/lib/python3.10/dist-packages/bluerov2_interfaces/bluerov2_interfaces_s__rosidl_typesupport_c.cpython-310-x86_64-linux-gnu.so
[1.744s] -- Up-to-date: /home/bluerov/ROS-Humble-BlueRov2-Driver/install/bluerov2_interfaces/local/lib/python3.10/dist-packages/bluerov2_interfaces/__init__.py
[1.744s] -- Up-to-date: /home/bluerov/ROS-Humble-BlueRov2-Driver/install/bluerov2_interfaces/local/lib/python3.10/dist-packages/bluerov2_interfaces/msg
[1.744s] -- Up-to-date: /home/bluerov/ROS-Humble-BlueRov2-Driver/install/bluerov2_interfaces/local/lib/python3.10/dist-packages/bluerov2_interfaces/msg/_set_yaw_s.c
[1.744s] -- Up-to-date: /home/bluerov/ROS-Humble-BlueRov2-Driver/install/bluerov2_interfaces/local/lib/python3.10/dist-packages/bluerov2_interfaces/msg/_set_roll_s.c
[1.745s] -- Up-to-date: /home/bluerov/ROS-Humble-BlueRov2-Driver/install/bluerov2_interfaces/local/lib/python3.10/dist-packages/bluerov2_interfaces/msg/_set_target_s.c
[1.745s] -- Up-to-date: /home/bluerov/ROS-Humble-BlueRov2-Driver/install/bluerov2_interfaces/local/lib/python3.10/dist-packages/bluerov2_interfaces/msg/_set_target.py
[1.745s] -- Up-to-date: /home/bluerov/ROS-Humble-BlueRov2-Driver/install/bluerov2_interfaces/local/lib/python3.10/dist-packages/bluerov2_interfaces/msg/_set_pitch_s.c
[1.745s] -- Up-to-date: /home/bluerov/ROS-Humble-BlueRov2-Driver/install/bluerov2_interfaces/local/lib/python3.10/dist-packages/bluerov2_interfaces/msg/_attitude_s.c
[1.745s] -- Up-to-date: /home/bluerov/ROS-Humble-BlueRov2-Driver/install/bluerov2_interfaces/local/lib/python3.10/dist-packages/bluerov2_interfaces/msg/_bar30_s.c
[1.745s] -- Up-to-date: /home/bluerov/ROS-Humble-BlueRov2-Driver/install/bluerov2_interfaces/local/lib/python3.10/dist-packages/bluerov2_interfaces/msg/_set_depth_s.c
[1.746s] -- Up-to-date: /home/bluerov/ROS-Humble-BlueRov2-Driver/install/bluerov2_interfaces/local/lib/python3.10/dist-packages/bluerov2_interfaces/msg/_set_pitch.py
[1.746s] -- Up-to-date: /home/bluerov/ROS-Humble-BlueRov2-Driver/install/bluerov2_interfaces/local/lib/python3.10/dist-packages/bluerov2_interfaces/msg/__init__.py
[1.746s] -- Up-to-date: /home/bluerov/ROS-Humble-BlueRov2-Driver/install/bluerov2_interfaces/local/lib/python3.10/dist-packages/bluerov2_interfaces/msg/_set_yaw.py
[1.748s] -- Up-to-date: /home/bluerov/ROS-Humble-BlueRov2-Driver/install/bluerov2_interfaces/local/lib/python3.10/dist-packages/bluerov2_interfaces/msg/_attitude.py
[1.749s] -- Up-to-date: /home/bluerov/ROS-Humble-BlueRov2-Driver/install/bluerov2_interfaces/local/lib/python3.10/dist-packages/bluerov2_interfaces/msg/_set_depth.py
[1.749s] -- Up-to-date: /home/bluerov/ROS-Humble-BlueRov2-Driver/install/bluerov2_interfaces/local/lib/python3.10/dist-packages/bluerov2_interfaces/msg/_set_roll.py
[1.750s] -- Up-to-date: /home/bluerov/ROS-Humble-BlueRov2-Driver/install/bluerov2_interfaces/local/lib/python3.10/dist-packages/bluerov2_interfaces/msg/_bar30.py
[1.802s] Listing '/home/bluerov/ROS-Humble-BlueRov2-Driver/install/bluerov2_interfaces/local/lib/python3.10/dist-packages/bluerov2_interfaces'...
[1.802s] Listing '/home/bluerov/ROS-Humble-BlueRov2-Driver/install/bluerov2_interfaces/local/lib/python3.10/dist-packages/bluerov2_interfaces/msg'...
[1.813s] -- Up-to-date: /home/bluerov/ROS-Humble-BlueRov2-Driver/install/bluerov2_interfaces/local/lib/python3.10/dist-packages/bluerov2_interfaces/bluerov2_interfaces_s__rosidl_typesupport_fastrtps_c.cpython-310-x86_64-linux-gnu.so
[1.814s] -- Up-to-date: /home/bluerov/ROS-Humble-BlueRov2-Driver/install/bluerov2_interfaces/local/lib/python3.10/dist-packages/bluerov2_interfaces/bluerov2_interfaces_s__rosidl_typesupport_introspection_c.cpython-310-x86_64-linux-gnu.so
[1.815s] -- Up-to-date: /home/bluerov/ROS-Humble-BlueRov2-Driver/install/bluerov2_interfaces/local/lib/python3.10/dist-packages/bluerov2_interfaces/bluerov2_interfaces_s__rosidl_typesupport_c.cpython-310-x86_64-linux-gnu.so
[1.816s] -- Up-to-date: /home/bluerov/ROS-Humble-BlueRov2-Driver/install/bluerov2_interfaces/lib/libbluerov2_interfaces__rosidl_generator_py.so
[1.817s] -- Up-to-date: /home/bluerov/ROS-Humble-BlueRov2-Driver/install/bluerov2_interfaces/share/bluerov2_interfaces/msg/Bar30.idl
[1.817s] -- Up-to-date: /home/bluerov/ROS-Humble-BlueRov2-Driver/install/bluerov2_interfaces/share/bluerov2_interfaces/msg/SetDepth.idl
[1.818s] -- Up-to-date: /home/bluerov/ROS-Humble-BlueRov2-Driver/install/bluerov2_interfaces/share/bluerov2_interfaces/msg/SetRoll.idl
[1.818s] -- Up-to-date: /home/bluerov/ROS-Humble-BlueRov2-Driver/install/bluerov2_interfaces/share/bluerov2_interfaces/msg/SetPitch.idl
[1.819s] -- Up-to-date: /home/bluerov/ROS-Humble-BlueRov2-Driver/install/bluerov2_interfaces/share/bluerov2_interfaces/msg/SetYaw.idl
[1.819s] -- Up-to-date: /home/bluerov/ROS-Humble-BlueRov2-Driver/install/bluerov2_interfaces/share/bluerov2_interfaces/msg/Attitude.idl
[1.820s] -- Up-to-date: /home/bluerov/ROS-Humble-BlueRov2-Driver/install/bluerov2_interfaces/share/bluerov2_interfaces/msg/Bar30.msg
[1.820s] -- Up-to-date: /home/bluerov/ROS-Humble-BlueRov2-Driver/install/bluerov2_interfaces/share/bluerov2_interfaces/msg/SetDepth.msg
[1.821s] -- Up-to-date: /home/bluerov/ROS-Humble-BlueRov2-Driver/install/bluerov2_interfaces/share/bluerov2_interfaces/msg/SetRoll.msg
[1.821s] -- Up-to-date: /home/bluerov/ROS-Humble-BlueRov2-Driver/install/bluerov2_interfaces/share/bluerov2_interfaces/msg/SetPitch.msg
[1.822s] -- Up-to-date: /home/bluerov/ROS-Humble-BlueRov2-Driver/install/bluerov2_interfaces/share/bluerov2_interfaces/msg/SetYaw.msg
[1.822s] -- Up-to-date: /home/bluerov/ROS-Humble-BlueRov2-Driver/install/bluerov2_interfaces/share/bluerov2_interfaces/msg/Attitude.msg
[1.822s] -- Up-to-date: /home/bluerov/ROS-Humble-BlueRov2-Driver/install/bluerov2_interfaces/share/ament_index/resource_index/package_run_dependencies/bluerov2_interfaces
[1.823s] -- Up-to-date: /home/bluerov/ROS-Humble-BlueRov2-Driver/install/bluerov2_interfaces/share/ament_index/resource_index/parent_prefix_path/bluerov2_interfaces
[1.823s] -- Up-to-date: /home/bluerov/ROS-Humble-BlueRov2-Driver/install/bluerov2_interfaces/share/bluerov2_interfaces/environment/ament_prefix_path.sh
[1.824s] -- Up-to-date: /home/bluerov/ROS-Humble-BlueRov2-Driver/install/bluerov2_interfaces/share/bluerov2_interfaces/environment/ament_prefix_path.dsv
[1.824s] -- Up-to-date: /home/bluerov/ROS-Humble-BlueRov2-Driver/install/bluerov2_interfaces/share/bluerov2_interfaces/environment/path.sh
[1.825s] -- Up-to-date: /home/bluerov/ROS-Humble-BlueRov2-Driver/install/bluerov2_interfaces/share/bluerov2_interfaces/environment/path.dsv
[1.825s] -- Up-to-date: /home/bluerov/ROS-Humble-BlueRov2-Driver/install/bluerov2_interfaces/share/bluerov2_interfaces/local_setup.bash
[1.826s] -- Up-to-date: /home/bluerov/ROS-Humble-BlueRov2-Driver/install/bluerov2_interfaces/share/bluerov2_interfaces/local_setup.sh
[1.827s] -- Up-to-date: /home/bluerov/ROS-Humble-BlueRov2-Driver/install/bluerov2_interfaces/share/bluerov2_interfaces/local_setup.zsh
[1.827s] -- Up-to-date: /home/bluerov/ROS-Humble-BlueRov2-Driver/install/bluerov2_interfaces/share/bluerov2_interfaces/local_setup.dsv
[1.828s] -- Installing: /home/bluerov/ROS-Humble-BlueRov2-Driver/install/bluerov2_interfaces/share/bluerov2_interfaces/package.dsv
[1.828s] -- Up-to-date: /home/bluerov/ROS-Humble-BlueRov2-Driver/install/bluerov2_interfaces/share/ament_index/resource_index/packages/bluerov2_interfaces
[1.836s] -- Up-to-date: /home/bluerov/ROS-Humble-BlueRov2-Driver/install/bluerov2_interfaces/share/bluerov2_interfaces/cmake/export_bluerov2_interfaces__rosidl_generator_cExport.cmake
[1.837s] -- Up-to-date: /home/bluerov/ROS-Humble-BlueRov2-Driver/install/bluerov2_interfaces/share/bluerov2_interfaces/cmake/export_bluerov2_interfaces__rosidl_generator_cExport-noconfig.cmake
[1.837s] -- Up-to-date: /home/bluerov/ROS-Humble-BlueRov2-Driver/install/bluerov2_interfaces/share/bluerov2_interfaces/cmake/export_bluerov2_interfaces__rosidl_typesupport_fastrtps_cExport.cmake
[1.837s] -- Up-to-date: /home/bluerov/ROS-Humble-BlueRov2-Driver/install/bluerov2_interfaces/share/bluerov2_interfaces/cmake/export_bluerov2_interfaces__rosidl_typesupport_fastrtps_cExport-noconfig.cmake
[1.837s] -- Up-to-date: /home/bluerov/ROS-Humble-BlueRov2-Driver/install/bluerov2_interfaces/share/bluerov2_interfaces/cmake/bluerov2_interfaces__rosidl_typesupport_introspection_cExport.cmake
[1.837s] -- Up-to-date: /home/bluerov/ROS-Humble-BlueRov2-Driver/install/bluerov2_interfaces/share/bluerov2_interfaces/cmake/bluerov2_interfaces__rosidl_typesupport_introspection_cExport-noconfig.cmake
[1.838s] -- Up-to-date: /home/bluerov/ROS-Humble-BlueRov2-Driver/install/bluerov2_interfaces/share/bluerov2_interfaces/cmake/bluerov2_interfaces__rosidl_typesupport_cExport.cmake
[1.838s] -- Up-to-date: /home/bluerov/ROS-Humble-BlueRov2-Driver/install/bluerov2_interfaces/share/bluerov2_interfaces/cmake/bluerov2_interfaces__rosidl_typesupport_cExport-noconfig.cmake
[1.838s] -- Up-to-date: /home/bluerov/ROS-Humble-BlueRov2-Driver/install/bluerov2_interfaces/share/bluerov2_interfaces/cmake/export_bluerov2_interfaces__rosidl_generator_cppExport.cmake
[1.838s] -- Up-to-date: /home/bluerov/ROS-Humble-BlueRov2-Driver/install/bluerov2_interfaces/share/bluerov2_interfaces/cmake/export_bluerov2_interfaces__rosidl_typesupport_fastrtps_cppExport.cmake
[1.838s] -- Up-to-date: /home/bluerov/ROS-Humble-BlueRov2-Driver/install/bluerov2_interfaces/share/bluerov2_interfaces/cmake/export_bluerov2_interfaces__rosidl_typesupport_fastrtps_cppExport-noconfig.cmake
[1.839s] -- Up-to-date: /home/bluerov/ROS-Humble-BlueRov2-Driver/install/bluerov2_interfaces/share/bluerov2_interfaces/cmake/bluerov2_interfaces__rosidl_typesupport_introspection_cppExport.cmake
[1.839s] -- Up-to-date: /home/bluerov/ROS-Humble-BlueRov2-Driver/install/bluerov2_interfaces/share/bluerov2_interfaces/cmake/bluerov2_interfaces__rosidl_typesupport_introspection_cppExport-noconfig.cmake
[1.839s] -- Up-to-date: /home/bluerov/ROS-Humble-BlueRov2-Driver/install/bluerov2_interfaces/share/bluerov2_interfaces/cmake/bluerov2_interfaces__rosidl_typesupport_cppExport.cmake
[1.839s] -- Up-to-date: /home/bluerov/ROS-Humble-BlueRov2-Driver/install/bluerov2_interfaces/share/bluerov2_interfaces/cmake/bluerov2_interfaces__rosidl_typesupport_cppExport-noconfig.cmake
[1.839s] -- Up-to-date: /home/bluerov/ROS-Humble-BlueRov2-Driver/install/bluerov2_interfaces/share/bluerov2_interfaces/cmake/export_bluerov2_interfaces__rosidl_generator_pyExport.cmake
[1.839s] -- Up-to-date: /home/bluerov/ROS-Humble-BlueRov2-Driver/install/bluerov2_interfaces/share/bluerov2_interfaces/cmake/export_bluerov2_interfaces__rosidl_generator_pyExport-noconfig.cmake
[1.840s] -- Up-to-date: /home/bluerov/ROS-Humble-BlueRov2-Driver/install/bluerov2_interfaces/share/bluerov2_interfaces/cmake/rosidl_cmake-extras.cmake
[1.840s] -- Up-to-date: /home/bluerov/ROS-Humble-BlueRov2-Driver/install/bluerov2_interfaces/share/bluerov2_interfaces/cmake/ament_cmake_export_include_directories-extras.cmake
[1.846s] -- Up-to-date: /home/bluerov/ROS-Humble-BlueRov2-Driver/install/bluerov2_interfaces/share/bluerov2_interfaces/cmake/ament_cmake_export_libraries-extras.cmake
[1.847s] -- Up-to-date: /home/bluerov/ROS-Humble-BlueRov2-Driver/install/bluerov2_interfaces/share/bluerov2_interfaces/cmake/ament_cmake_export_targets-extras.cmake
[1.847s] -- Up-to-date: /home/bluerov/ROS-Humble-BlueRov2-Driver/install/bluerov2_interfaces/share/bluerov2_interfaces/cmake/rosidl_cmake_export_typesupport_targets-extras.cmake
[1.847s] -- Up-to-date: /home/bluerov/ROS-Humble-BlueRov2-Driver/install/bluerov2_interfaces/share/bluerov2_interfaces/cmake/ament_cmake_export_dependencies-extras.cmake
[1.849s] -- Up-to-date: /home/bluerov/ROS-Humble-BlueRov2-Driver/install/bluerov2_interfaces/share/bluerov2_interfaces/cmake/rosidl_cmake_export_typesupport_libraries-extras.cmake
[1.849s] -- Up-to-date: /home/bluerov/ROS-Humble-BlueRov2-Driver/install/bluerov2_interfaces/share/bluerov2_interfaces/cmake/bluerov2_interfacesConfig.cmake
[1.849s] -- Up-to-date: /home/bluerov/ROS-Humble-BlueRov2-Driver/install/bluerov2_interfaces/share/bluerov2_interfaces/cmake/bluerov2_interfacesConfig-version.cmake
[1.849s] -- Up-to-date: /home/bluerov/ROS-Humble-BlueRov2-Driver/install/bluerov2_interfaces/share/bluerov2_interfaces/package.xml
[2.205s] Invoked command in '/home/bluerov/ROS-Humble-BlueRov2-Driver/build/bluerov2_interfaces' returned '0': CMAKE_PREFIX_PATH=${CMAKE_PREFIX_PATH}:/home/bluerov/ROS-Humble-BlueRov2-Driver/install/tritech_micron:/home/bluerov/ROS-Humble-BlueRov2-Driver/install/bluerov2_controller:/opt/ros/humble /usr/bin/cmake --install /home/bluerov/ROS-Humble-BlueRov2-Driver/build/bluerov2_interfaces
