[2.913s] Invoking command in '/home/bluerov/ROS-Humble-BlueRov2-Driver/src/tritech_micron': PYTHONPATH=/home/bluerov/ROS-Humble-BlueRov2-Driver/build/tritech_micron/prefix_override:/home/bluerov/ROS-Humble-BlueRov2-Driver/install/tritech_micron/lib/python3.10/site-packages:${PYTHONPATH} /usr/bin/python3 setup.py egg_info --egg-base ../../build/tritech_micron build --build-base /home/bluerov/ROS-Humble-BlueRov2-Driver/build/tritech_micron/build install --record /home/bluerov/ROS-Humble-BlueRov2-Driver/build/tritech_micron/install.log --single-version-externally-managed
[3.632s] running egg_info
[3.634s] writing ../../build/tritech_micron/tritech_micron.egg-info/PKG-INFO
[3.636s] writing dependency_links to ../../build/tritech_micron/tritech_micron.egg-info/dependency_links.txt
[3.637s] writing entry points to ../../build/tritech_micron/tritech_micron.egg-info/entry_points.txt
[3.639s] writing requirements to ../../build/tritech_micron/tritech_micron.egg-info/requires.txt
[3.640s] writing top-level names to ../../build/tritech_micron/tritech_micron.egg-info/top_level.txt
[3.646s] reading manifest file '../../build/tritech_micron/tritech_micron.egg-info/SOURCES.txt'
[3.649s] writing manifest file '../../build/tritech_micron/tritech_micron.egg-info/SOURCES.txt'
[3.651s] running build
[3.654s] running build_py
[3.656s] copying tritech_micron/sonar.py -> /home/bluerov/ROS-Humble-BlueRov2-Driver/build/tritech_micron/build/lib/tritech_micron
[3.658s] running install
[3.659s] running install_lib
[3.662s] copying /home/bluerov/ROS-Humble-BlueRov2-Driver/build/tritech_micron/build/lib/tritech_micron/sonar.py -> /home/bluerov/ROS-Humble-BlueRov2-Driver/install/tritech_micron/lib/python3.10/site-packages/tritech_micron
[3.664s] byte-compiling /home/bluerov/ROS-Humble-BlueRov2-Driver/install/tritech_micron/lib/python3.10/site-packages/tritech_micron/sonar.py to sonar.cpython-310.pyc
[3.676s] running install_data
[3.678s] running install_egg_info
[3.681s] removing '/home/bluerov/ROS-Humble-BlueRov2-Driver/install/tritech_micron/lib/python3.10/site-packages/tritech_micron-0.0.0-py3.10.egg-info' (and everything under it)
[3.688s] Copying ../../build/tritech_micron/tritech_micron.egg-info to /home/bluerov/ROS-Humble-BlueRov2-Driver/install/tritech_micron/lib/python3.10/site-packages/tritech_micron-0.0.0-py3.10.egg-info
[3.695s] running install_scripts
[3.736s] Installing scan script to /home/bluerov/ROS-Humble-BlueRov2-Driver/install/tritech_micron/lib/tritech_micron
[3.737s] writing list of installed files to '/home/bluerov/ROS-Humble-BlueRov2-Driver/build/tritech_micron/install.log'
[4.088s] Invoked command in '/home/bluerov/ROS-Humble-BlueRov2-Driver/src/tritech_micron' returned '0': PYTHONPATH=/home/bluerov/ROS-Humble-BlueRov2-Driver/build/tritech_micron/prefix_override:/home/bluerov/ROS-Humble-BlueRov2-Driver/install/tritech_micron/lib/python3.10/site-packages:${PYTHONPATH} /usr/bin/python3 setup.py egg_info --egg-base ../../build/tritech_micron build --build-base /home/bluerov/ROS-Humble-BlueRov2-Driver/build/tritech_micron/build install --record /home/bluerov/ROS-Humble-BlueRov2-Driver/build/tritech_micron/install.log --single-version-externally-managed
