[0.654s] Invoking command in '/home/ubuntu/ROS-Humble-BlueRov2-Driver/src/bluerov2_controller': PYTHONPATH=/home/ubuntu/ROS-Humble-BlueRov2-Driver/build/bluerov2_controller/prefix_override:/home/ubuntu/ROS-Humble-BlueRov2-Driver/install/bluerov2_controller/lib/python3.10/site-packages:${PYTHONPATH} /usr/bin/python3 setup.py egg_info --egg-base ../../build/bluerov2_controller build --build-base /home/ubuntu/ROS-Humble-BlueRov2-Driver/build/bluerov2_controller/build install --record /home/ubuntu/ROS-Humble-BlueRov2-Driver/build/bluerov2_controller/install.log --single-version-externally-managed
[0.767s] running egg_info
[0.774s] writing ../../build/bluerov2_controller/bluerov2_controller.egg-info/PKG-INFO
[0.775s] writing dependency_links to ../../build/bluerov2_controller/bluerov2_controller.egg-info/dependency_links.txt
[0.775s] writing entry points to ../../build/bluerov2_controller/bluerov2_controller.egg-info/entry_points.txt
[0.776s] writing requirements to ../../build/bluerov2_controller/bluerov2_controller.egg-info/requires.txt
[0.777s] writing top-level names to ../../build/bluerov2_controller/bluerov2_controller.egg-info/top_level.txt
[0.792s] reading manifest file '../../build/bluerov2_controller/bluerov2_controller.egg-info/SOURCES.txt'
[0.794s] writing manifest file '../../build/bluerov2_controller/bluerov2_controller.egg-info/SOURCES.txt'
[0.794s] running build
[0.795s] running build_py
[0.795s] running install
[0.796s] /home/ubuntu/.local/lib/python3.10/site-packages/setuptools/_distutils/cmd.py:66: SetuptoolsDeprecationWarning: setup.py install is deprecated.
[0.796s] !!
[0.796s] 
[0.796s]         ********************************************************************************
[0.796s]         Please avoid running ``setup.py`` directly.
[0.797s]         Instead, use pypa/build, pypa/installer or other
[0.797s]         standards-based tools.
[0.797s] 
[0.797s]         See https://blog.ganssle.io/articles/2021/10/setup-py-deprecated.html for details.
[0.798s]         ********************************************************************************
[0.798s] 
[0.798s] !!
[0.798s]   self.initialize_options()
[0.801s] running install_lib
[0.810s] running install_data
[0.817s] running install_egg_info
[0.825s] removing '/home/ubuntu/ROS-Humble-BlueRov2-Driver/install/bluerov2_controller/lib/python3.10/site-packages/bluerov2_controller-0.0.0-py3.10.egg-info' (and everything under it)
[0.831s] Copying ../../build/bluerov2_controller/bluerov2_controller.egg-info to /home/ubuntu/ROS-Humble-BlueRov2-Driver/install/bluerov2_controller/lib/python3.10/site-packages/bluerov2_controller-0.0.0-py3.10.egg-info
[0.831s] running install_scripts
[0.909s] Installing controller script to /home/ubuntu/ROS-Humble-BlueRov2-Driver/install/bluerov2_controller/lib/bluerov2_controller
[0.910s] Installing depth_controller script to /home/ubuntu/ROS-Humble-BlueRov2-Driver/install/bluerov2_controller/lib/bluerov2_controller
[0.910s] writing list of installed files to '/home/ubuntu/ROS-Humble-BlueRov2-Driver/build/bluerov2_controller/install.log'
[0.926s] Invoked command in '/home/ubuntu/ROS-Humble-BlueRov2-Driver/src/bluerov2_controller' returned '0': PYTHONPATH=/home/ubuntu/ROS-Humble-BlueRov2-Driver/build/bluerov2_controller/prefix_override:/home/ubuntu/ROS-Humble-BlueRov2-Driver/install/bluerov2_controller/lib/python3.10/site-packages:${PYTHONPATH} /usr/bin/python3 setup.py egg_info --egg-base ../../build/bluerov2_controller build --build-base /home/ubuntu/ROS-Humble-BlueRov2-Driver/build/bluerov2_controller/build install --record /home/ubuntu/ROS-Humble-BlueRov2-Driver/build/bluerov2_controller/install.log --single-version-externally-managed
