[0.026s] Invoking command in '/home/bluerov/ROS-Humble-BlueRov2-Driver/build/tritech_micron_interfaces': CMAKE_PREFIX_PATH=${CMAKE_PREFIX_PATH}:/home/bluerov/ROS-Humble-BlueRov2-Driver/install/tritech_micron:/home/bluerov/ROS-Humble-BlueRov2-Driver/install/bluerov2_controller:/opt/ros/humble /usr/bin/cmake --build /home/bluerov/ROS-Humble-BlueRov2-Driver/build/tritech_micron_interfaces -- -j4 -l4
[0.112s] [  9%] Built target tritech_micron_interfaces__rosidl_generator_c
[0.126s] [ 12%] Built target tritech_micron_interfaces__cpp
[0.165s] [ 12%] Built target ament_cmake_python_copy_tritech_micron_interfaces
[0.194s] [ 22%] Built target tritech_micron_interfaces__rosidl_typesupport_fastrtps_c
[0.198s] [ 32%] Built target tritech_micron_interfaces__rosidl_typesupport_introspection_c
[0.246s] [ 41%] Built target tritech_micron_interfaces__rosidl_typesupport_c
[0.259s] [ 51%] Built target tritech_micron_interfaces__rosidl_typesupport_fastrtps_cpp
[0.305s] [ 61%] Built target tritech_micron_interfaces__rosidl_typesupport_introspection_cpp
[0.366s] [ 70%] Built target tritech_micron_interfaces__rosidl_typesupport_cpp
[0.489s] [ 70%] Built target tritech_micron_interfaces
[0.610s] [ 74%] Built target tritech_micron_interfaces__py
[0.680s] [ 80%] Built target tritech_micron_interfaces__rosidl_generator_py
[0.767s] [ 87%] Built target tritech_micron_interfaces__rosidl_typesupport_introspection_c__pyext
[0.791s] [ 93%] Built target tritech_micron_interfaces__rosidl_typesupport_c__pyext
[0.818s] [100%] Built target tritech_micron_interfaces__rosidl_typesupport_fastrtps_c__pyext
[1.164s] running egg_info
[1.165s] writing tritech_micron_interfaces.egg-info/PKG-INFO
[1.165s] writing dependency_links to tritech_micron_interfaces.egg-info/dependency_links.txt
[1.166s] writing top-level names to tritech_micron_interfaces.egg-info/top_level.txt
[1.170s] reading manifest file 'tritech_micron_interfaces.egg-info/SOURCES.txt'
[1.171s] writing manifest file 'tritech_micron_interfaces.egg-info/SOURCES.txt'
[1.227s] [100%] Built target ament_cmake_python_build_tritech_micron_interfaces_egg
[1.250s] Invoked command in '/home/bluerov/ROS-Humble-BlueRov2-Driver/build/tritech_micron_interfaces' returned '0': CMAKE_PREFIX_PATH=${CMAKE_PREFIX_PATH}:/home/bluerov/ROS-Humble-BlueRov2-Driver/install/tritech_micron:/home/bluerov/ROS-Humble-BlueRov2-Driver/install/bluerov2_controller:/opt/ros/humble /usr/bin/cmake --build /home/bluerov/ROS-Humble-BlueRov2-Driver/build/tritech_micron_interfaces -- -j4 -l4
[1.366s] Invoking command in '/home/bluerov/ROS-Humble-BlueRov2-Driver/build/tritech_micron_interfaces': CMAKE_PREFIX_PATH=${CMAKE_PREFIX_PATH}:/home/bluerov/ROS-Humble-BlueRov2-Driver/install/tritech_micron:/home/bluerov/ROS-Humble-BlueRov2-Driver/install/bluerov2_controller:/opt/ros/humble /usr/bin/cmake --install /home/bluerov/ROS-Humble-BlueRov2-Driver/build/tritech_micron_interfaces
[1.386s] -- Install configuration: ""
[1.386s] -- Up-to-date: /home/bluerov/ROS-Humble-BlueRov2-Driver/install/tritech_micron_interfaces/share/ament_index/resource_index/rosidl_interfaces/tritech_micron_interfaces
[1.386s] -- Up-to-date: /home/bluerov/ROS-Humble-BlueRov2-Driver/install/tritech_micron_interfaces/include/tritech_micron_interfaces/tritech_micron_interfaces
[1.386s] -- Up-to-date: /home/bluerov/ROS-Humble-BlueRov2-Driver/install/tritech_micron_interfaces/include/tritech_micron_interfaces/tritech_micron_interfaces/msg
[1.386s] -- Up-to-date: /home/bluerov/ROS-Humble-BlueRov2-Driver/install/tritech_micron_interfaces/include/tritech_micron_interfaces/tritech_micron_interfaces/msg/tritech_micron_config.h
[1.386s] -- Up-to-date: /home/bluerov/ROS-Humble-BlueRov2-Driver/install/tritech_micron_interfaces/include/tritech_micron_interfaces/tritech_micron_interfaces/msg/detail
[1.387s] -- Up-to-date: /home/bluerov/ROS-Humble-BlueRov2-Driver/install/tritech_micron_interfaces/include/tritech_micron_interfaces/tritech_micron_interfaces/msg/detail/tritech_micron_config__functions.h
[1.387s] -- Up-to-date: /home/bluerov/ROS-Humble-BlueRov2-Driver/install/tritech_micron_interfaces/include/tritech_micron_interfaces/tritech_micron_interfaces/msg/detail/tritech_micron_config__functions.c
[1.387s] -- Up-to-date: /home/bluerov/ROS-Humble-BlueRov2-Driver/install/tritech_micron_interfaces/include/tritech_micron_interfaces/tritech_micron_interfaces/msg/detail/tritech_micron_config__struct.h
[1.387s] -- Up-to-date: /home/bluerov/ROS-Humble-BlueRov2-Driver/install/tritech_micron_interfaces/include/tritech_micron_interfaces/tritech_micron_interfaces/msg/detail/tritech_micron_config__type_support.h
[1.387s] -- Up-to-date: /home/bluerov/ROS-Humble-BlueRov2-Driver/install/tritech_micron_interfaces/include/tritech_micron_interfaces/tritech_micron_interfaces/msg/rosidl_generator_c__visibility_control.h
[1.387s] -- Up-to-date: /home/bluerov/ROS-Humble-BlueRov2-Driver/install/tritech_micron_interfaces/share/tritech_micron_interfaces/environment/library_path.sh
[1.388s] -- Up-to-date: /home/bluerov/ROS-Humble-BlueRov2-Driver/install/tritech_micron_interfaces/share/tritech_micron_interfaces/environment/library_path.dsv
[1.388s] -- Up-to-date: /home/bluerov/ROS-Humble-BlueRov2-Driver/install/tritech_micron_interfaces/lib/libtritech_micron_interfaces__rosidl_generator_c.so
[1.388s] -- Up-to-date: /home/bluerov/ROS-Humble-BlueRov2-Driver/install/tritech_micron_interfaces/include/tritech_micron_interfaces/tritech_micron_interfaces
[1.388s] -- Up-to-date: /home/bluerov/ROS-Humble-BlueRov2-Driver/install/tritech_micron_interfaces/include/tritech_micron_interfaces/tritech_micron_interfaces/msg
[1.388s] -- Up-to-date: /home/bluerov/ROS-Humble-BlueRov2-Driver/install/tritech_micron_interfaces/include/tritech_micron_interfaces/tritech_micron_interfaces/msg/detail
[1.388s] -- Up-to-date: /home/bluerov/ROS-Humble-BlueRov2-Driver/install/tritech_micron_interfaces/include/tritech_micron_interfaces/tritech_micron_interfaces/msg/detail/tritech_micron_config__rosidl_typesupport_fastrtps_c.h
[1.389s] -- Up-to-date: /home/bluerov/ROS-Humble-BlueRov2-Driver/install/tritech_micron_interfaces/include/tritech_micron_interfaces/tritech_micron_interfaces/msg/rosidl_typesupport_fastrtps_c__visibility_control.h
[1.389s] -- Up-to-date: /home/bluerov/ROS-Humble-BlueRov2-Driver/install/tritech_micron_interfaces/lib/libtritech_micron_interfaces__rosidl_typesupport_fastrtps_c.so
[1.389s] -- Up-to-date: /home/bluerov/ROS-Humble-BlueRov2-Driver/install/tritech_micron_interfaces/include/tritech_micron_interfaces/tritech_micron_interfaces
[1.389s] -- Up-to-date: /home/bluerov/ROS-Humble-BlueRov2-Driver/install/tritech_micron_interfaces/include/tritech_micron_interfaces/tritech_micron_interfaces/msg
[1.390s] -- Up-to-date: /home/bluerov/ROS-Humble-BlueRov2-Driver/install/tritech_micron_interfaces/include/tritech_micron_interfaces/tritech_micron_interfaces/msg/detail
[1.390s] -- Up-to-date: /home/bluerov/ROS-Humble-BlueRov2-Driver/install/tritech_micron_interfaces/include/tritech_micron_interfaces/tritech_micron_interfaces/msg/detail/tritech_micron_config__type_support.c
[1.390s] -- Up-to-date: /home/bluerov/ROS-Humble-BlueRov2-Driver/install/tritech_micron_interfaces/include/tritech_micron_interfaces/tritech_micron_interfaces/msg/detail/tritech_micron_config__rosidl_typesupport_introspection_c.h
[1.391s] -- Up-to-date: /home/bluerov/ROS-Humble-BlueRov2-Driver/install/tritech_micron_interfaces/include/tritech_micron_interfaces/tritech_micron_interfaces/msg/rosidl_typesupport_introspection_c__visibility_control.h
[1.391s] -- Up-to-date: /home/bluerov/ROS-Humble-BlueRov2-Driver/install/tritech_micron_interfaces/lib/libtritech_micron_interfaces__rosidl_typesupport_introspection_c.so
[1.397s] -- Up-to-date: /home/bluerov/ROS-Humble-BlueRov2-Driver/install/tritech_micron_interfaces/lib/libtritech_micron_interfaces__rosidl_typesupport_c.so
[1.398s] -- Up-to-date: /home/bluerov/ROS-Humble-BlueRov2-Driver/install/tritech_micron_interfaces/include/tritech_micron_interfaces/tritech_micron_interfaces
[1.398s] -- Up-to-date: /home/bluerov/ROS-Humble-BlueRov2-Driver/install/tritech_micron_interfaces/include/tritech_micron_interfaces/tritech_micron_interfaces/msg
[1.398s] -- Up-to-date: /home/bluerov/ROS-Humble-BlueRov2-Driver/install/tritech_micron_interfaces/include/tritech_micron_interfaces/tritech_micron_interfaces/msg/detail
[1.399s] -- Up-to-date: /home/bluerov/ROS-Humble-BlueRov2-Driver/install/tritech_micron_interfaces/include/tritech_micron_interfaces/tritech_micron_interfaces/msg/detail/tritech_micron_config__builder.hpp
[1.399s] -- Up-to-date: /home/bluerov/ROS-Humble-BlueRov2-Driver/install/tritech_micron_interfaces/include/tritech_micron_interfaces/tritech_micron_interfaces/msg/detail/tritech_micron_config__struct.hpp
[1.399s] -- Up-to-date: /home/bluerov/ROS-Humble-BlueRov2-Driver/install/tritech_micron_interfaces/include/tritech_micron_interfaces/tritech_micron_interfaces/msg/detail/tritech_micron_config__traits.hpp
[1.399s] -- Up-to-date: /home/bluerov/ROS-Humble-BlueRov2-Driver/install/tritech_micron_interfaces/include/tritech_micron_interfaces/tritech_micron_interfaces/msg/tritech_micron_config.hpp
[1.399s] -- Up-to-date: /home/bluerov/ROS-Humble-BlueRov2-Driver/install/tritech_micron_interfaces/include/tritech_micron_interfaces/tritech_micron_interfaces
[1.399s] -- Up-to-date: /home/bluerov/ROS-Humble-BlueRov2-Driver/install/tritech_micron_interfaces/include/tritech_micron_interfaces/tritech_micron_interfaces/msg
[1.400s] -- Up-to-date: /home/bluerov/ROS-Humble-BlueRov2-Driver/install/tritech_micron_interfaces/include/tritech_micron_interfaces/tritech_micron_interfaces/msg/detail
[1.400s] -- Up-to-date: /home/bluerov/ROS-Humble-BlueRov2-Driver/install/tritech_micron_interfaces/include/tritech_micron_interfaces/tritech_micron_interfaces/msg/detail/dds_fastrtps
[1.400s] -- Up-to-date: /home/bluerov/ROS-Humble-BlueRov2-Driver/install/tritech_micron_interfaces/include/tritech_micron_interfaces/tritech_micron_interfaces/msg/detail/tritech_micron_config__rosidl_typesupport_fastrtps_cpp.hpp
[1.400s] -- Up-to-date: /home/bluerov/ROS-Humble-BlueRov2-Driver/install/tritech_micron_interfaces/include/tritech_micron_interfaces/tritech_micron_interfaces/msg/rosidl_typesupport_fastrtps_cpp__visibility_control.h
[1.400s] -- Up-to-date: /home/bluerov/ROS-Humble-BlueRov2-Driver/install/tritech_micron_interfaces/lib/libtritech_micron_interfaces__rosidl_typesupport_fastrtps_cpp.so
[1.400s] -- Up-to-date: /home/bluerov/ROS-Humble-BlueRov2-Driver/install/tritech_micron_interfaces/include/tritech_micron_interfaces/tritech_micron_interfaces
[1.401s] -- Up-to-date: /home/bluerov/ROS-Humble-BlueRov2-Driver/install/tritech_micron_interfaces/include/tritech_micron_interfaces/tritech_micron_interfaces/msg
[1.401s] -- Up-to-date: /home/bluerov/ROS-Humble-BlueRov2-Driver/install/tritech_micron_interfaces/include/tritech_micron_interfaces/tritech_micron_interfaces/msg/detail
[1.401s] -- Up-to-date: /home/bluerov/ROS-Humble-BlueRov2-Driver/install/tritech_micron_interfaces/include/tritech_micron_interfaces/tritech_micron_interfaces/msg/detail/tritech_micron_config__rosidl_typesupport_introspection_cpp.hpp
[1.401s] -- Up-to-date: /home/bluerov/ROS-Humble-BlueRov2-Driver/install/tritech_micron_interfaces/include/tritech_micron_interfaces/tritech_micron_interfaces/msg/detail/tritech_micron_config__type_support.cpp
[1.401s] -- Up-to-date: /home/bluerov/ROS-Humble-BlueRov2-Driver/install/tritech_micron_interfaces/lib/libtritech_micron_interfaces__rosidl_typesupport_introspection_cpp.so
[1.401s] -- Up-to-date: /home/bluerov/ROS-Humble-BlueRov2-Driver/install/tritech_micron_interfaces/lib/libtritech_micron_interfaces__rosidl_typesupport_cpp.so
[1.402s] -- Up-to-date: /home/bluerov/ROS-Humble-BlueRov2-Driver/install/tritech_micron_interfaces/share/tritech_micron_interfaces/environment/pythonpath.sh
[1.402s] -- Up-to-date: /home/bluerov/ROS-Humble-BlueRov2-Driver/install/tritech_micron_interfaces/share/tritech_micron_interfaces/environment/pythonpath.dsv
[1.402s] -- Up-to-date: /home/bluerov/ROS-Humble-BlueRov2-Driver/install/tritech_micron_interfaces/local/lib/python3.10/dist-packages/tritech_micron_interfaces-0.0.0-py3.10.egg-info
[1.402s] -- Installing: /home/bluerov/ROS-Humble-BlueRov2-Driver/install/tritech_micron_interfaces/local/lib/python3.10/dist-packages/tritech_micron_interfaces-0.0.0-py3.10.egg-info/dependency_links.txt
[1.402s] -- Installing: /home/bluerov/ROS-Humble-BlueRov2-Driver/install/tritech_micron_interfaces/local/lib/python3.10/dist-packages/tritech_micron_interfaces-0.0.0-py3.10.egg-info/SOURCES.txt
[1.402s] -- Installing: /home/bluerov/ROS-Humble-BlueRov2-Driver/install/tritech_micron_interfaces/local/lib/python3.10/dist-packages/tritech_micron_interfaces-0.0.0-py3.10.egg-info/PKG-INFO
[1.403s] -- Installing: /home/bluerov/ROS-Humble-BlueRov2-Driver/install/tritech_micron_interfaces/local/lib/python3.10/dist-packages/tritech_micron_interfaces-0.0.0-py3.10.egg-info/top_level.txt
[1.403s] -- Up-to-date: /home/bluerov/ROS-Humble-BlueRov2-Driver/install/tritech_micron_interfaces/local/lib/python3.10/dist-packages/tritech_micron_interfaces
[1.403s] -- Up-to-date: /home/bluerov/ROS-Humble-BlueRov2-Driver/install/tritech_micron_interfaces/local/lib/python3.10/dist-packages/tritech_micron_interfaces/_tritech_micron_interfaces_s.ep.rosidl_typesupport_introspection_c.c
[1.403s] -- Up-to-date: /home/bluerov/ROS-Humble-BlueRov2-Driver/install/tritech_micron_interfaces/local/lib/python3.10/dist-packages/tritech_micron_interfaces/tritech_micron_interfaces_s__rosidl_typesupport_introspection_c.cpython-310-x86_64-linux-gnu.so
[1.403s] -- Up-to-date: /home/bluerov/ROS-Humble-BlueRov2-Driver/install/tritech_micron_interfaces/local/lib/python3.10/dist-packages/tritech_micron_interfaces/tritech_micron_interfaces_s__rosidl_typesupport_c.cpython-310-x86_64-linux-gnu.so
[1.403s] -- Up-to-date: /home/bluerov/ROS-Humble-BlueRov2-Driver/install/tritech_micron_interfaces/local/lib/python3.10/dist-packages/tritech_micron_interfaces/libtritech_micron_interfaces__rosidl_generator_py.so
[1.404s] -- Up-to-date: /home/bluerov/ROS-Humble-BlueRov2-Driver/install/tritech_micron_interfaces/local/lib/python3.10/dist-packages/tritech_micron_interfaces/_tritech_micron_interfaces_s.ep.rosidl_typesupport_c.c
[1.404s] -- Up-to-date: /home/bluerov/ROS-Humble-BlueRov2-Driver/install/tritech_micron_interfaces/local/lib/python3.10/dist-packages/tritech_micron_interfaces/tritech_micron_interfaces_s__rosidl_typesupport_fastrtps_c.cpython-310-x86_64-linux-gnu.so
[1.404s] -- Up-to-date: /home/bluerov/ROS-Humble-BlueRov2-Driver/install/tritech_micron_interfaces/local/lib/python3.10/dist-packages/tritech_micron_interfaces/_tritech_micron_interfaces_s.ep.rosidl_typesupport_fastrtps_c.c
[1.404s] -- Up-to-date: /home/bluerov/ROS-Humble-BlueRov2-Driver/install/tritech_micron_interfaces/local/lib/python3.10/dist-packages/tritech_micron_interfaces/__init__.py
[1.404s] -- Up-to-date: /home/bluerov/ROS-Humble-BlueRov2-Driver/install/tritech_micron_interfaces/local/lib/python3.10/dist-packages/tritech_micron_interfaces/msg
[1.404s] -- Up-to-date: /home/bluerov/ROS-Humble-BlueRov2-Driver/install/tritech_micron_interfaces/local/lib/python3.10/dist-packages/tritech_micron_interfaces/msg/_tritech_micron_config.py
[1.405s] -- Up-to-date: /home/bluerov/ROS-Humble-BlueRov2-Driver/install/tritech_micron_interfaces/local/lib/python3.10/dist-packages/tritech_micron_interfaces/msg/_tritech_micron_config_s.c
[1.405s] -- Up-to-date: /home/bluerov/ROS-Humble-BlueRov2-Driver/install/tritech_micron_interfaces/local/lib/python3.10/dist-packages/tritech_micron_interfaces/msg/__init__.py
[1.477s] Listing '/home/bluerov/ROS-Humble-BlueRov2-Driver/install/tritech_micron_interfaces/local/lib/python3.10/dist-packages/tritech_micron_interfaces'...
[1.477s] Listing '/home/bluerov/ROS-Humble-BlueRov2-Driver/install/tritech_micron_interfaces/local/lib/python3.10/dist-packages/tritech_micron_interfaces/msg'...
[1.484s] -- Up-to-date: /home/bluerov/ROS-Humble-BlueRov2-Driver/install/tritech_micron_interfaces/local/lib/python3.10/dist-packages/tritech_micron_interfaces/tritech_micron_interfaces_s__rosidl_typesupport_fastrtps_c.cpython-310-x86_64-linux-gnu.so
[1.485s] -- Up-to-date: /home/bluerov/ROS-Humble-BlueRov2-Driver/install/tritech_micron_interfaces/local/lib/python3.10/dist-packages/tritech_micron_interfaces/tritech_micron_interfaces_s__rosidl_typesupport_introspection_c.cpython-310-x86_64-linux-gnu.so
[1.485s] -- Up-to-date: /home/bluerov/ROS-Humble-BlueRov2-Driver/install/tritech_micron_interfaces/local/lib/python3.10/dist-packages/tritech_micron_interfaces/tritech_micron_interfaces_s__rosidl_typesupport_c.cpython-310-x86_64-linux-gnu.so
[1.485s] -- Up-to-date: /home/bluerov/ROS-Humble-BlueRov2-Driver/install/tritech_micron_interfaces/lib/libtritech_micron_interfaces__rosidl_generator_py.so
[1.486s] -- Up-to-date: /home/bluerov/ROS-Humble-BlueRov2-Driver/install/tritech_micron_interfaces/share/tritech_micron_interfaces/msg/TritechMicronConfig.idl
[1.486s] -- Up-to-date: /home/bluerov/ROS-Humble-BlueRov2-Driver/install/tritech_micron_interfaces/share/tritech_micron_interfaces/msg/TritechMicronConfig.msg
[1.486s] -- Up-to-date: /home/bluerov/ROS-Humble-BlueRov2-Driver/install/tritech_micron_interfaces/share/ament_index/resource_index/package_run_dependencies/tritech_micron_interfaces
[1.486s] -- Up-to-date: /home/bluerov/ROS-Humble-BlueRov2-Driver/install/tritech_micron_interfaces/share/ament_index/resource_index/parent_prefix_path/tritech_micron_interfaces
[1.487s] -- Up-to-date: /home/bluerov/ROS-Humble-BlueRov2-Driver/install/tritech_micron_interfaces/share/tritech_micron_interfaces/environment/ament_prefix_path.sh
[1.487s] -- Up-to-date: /home/bluerov/ROS-Humble-BlueRov2-Driver/install/tritech_micron_interfaces/share/tritech_micron_interfaces/environment/ament_prefix_path.dsv
[1.487s] -- Up-to-date: /home/bluerov/ROS-Humble-BlueRov2-Driver/install/tritech_micron_interfaces/share/tritech_micron_interfaces/environment/path.sh
[1.487s] -- Up-to-date: /home/bluerov/ROS-Humble-BlueRov2-Driver/install/tritech_micron_interfaces/share/tritech_micron_interfaces/environment/path.dsv
[1.487s] -- Up-to-date: /home/bluerov/ROS-Humble-BlueRov2-Driver/install/tritech_micron_interfaces/share/tritech_micron_interfaces/local_setup.bash
[1.487s] -- Up-to-date: /home/bluerov/ROS-Humble-BlueRov2-Driver/install/tritech_micron_interfaces/share/tritech_micron_interfaces/local_setup.sh
[1.488s] -- Up-to-date: /home/bluerov/ROS-Humble-BlueRov2-Driver/install/tritech_micron_interfaces/share/tritech_micron_interfaces/local_setup.zsh
[1.488s] -- Up-to-date: /home/bluerov/ROS-Humble-BlueRov2-Driver/install/tritech_micron_interfaces/share/tritech_micron_interfaces/local_setup.dsv
[1.488s] -- Installing: /home/bluerov/ROS-Humble-BlueRov2-Driver/install/tritech_micron_interfaces/share/tritech_micron_interfaces/package.dsv
[1.488s] -- Up-to-date: /home/bluerov/ROS-Humble-BlueRov2-Driver/install/tritech_micron_interfaces/share/ament_index/resource_index/packages/tritech_micron_interfaces
[1.489s] -- Up-to-date: /home/bluerov/ROS-Humble-BlueRov2-Driver/install/tritech_micron_interfaces/share/tritech_micron_interfaces/cmake/export_tritech_micron_interfaces__rosidl_generator_cExport.cmake
[1.489s] -- Up-to-date: /home/bluerov/ROS-Humble-BlueRov2-Driver/install/tritech_micron_interfaces/share/tritech_micron_interfaces/cmake/export_tritech_micron_interfaces__rosidl_generator_cExport-noconfig.cmake
[1.489s] -- Up-to-date: /home/bluerov/ROS-Humble-BlueRov2-Driver/install/tritech_micron_interfaces/share/tritech_micron_interfaces/cmake/export_tritech_micron_interfaces__rosidl_typesupport_fastrtps_cExport.cmake
[1.489s] -- Up-to-date: /home/bluerov/ROS-Humble-BlueRov2-Driver/install/tritech_micron_interfaces/share/tritech_micron_interfaces/cmake/export_tritech_micron_interfaces__rosidl_typesupport_fastrtps_cExport-noconfig.cmake
[1.489s] -- Up-to-date: /home/bluerov/ROS-Humble-BlueRov2-Driver/install/tritech_micron_interfaces/share/tritech_micron_interfaces/cmake/tritech_micron_interfaces__rosidl_typesupport_introspection_cExport.cmake
[1.490s] -- Up-to-date: /home/bluerov/ROS-Humble-BlueRov2-Driver/install/tritech_micron_interfaces/share/tritech_micron_interfaces/cmake/tritech_micron_interfaces__rosidl_typesupport_introspection_cExport-noconfig.cmake
[1.490s] -- Up-to-date: /home/bluerov/ROS-Humble-BlueRov2-Driver/install/tritech_micron_interfaces/share/tritech_micron_interfaces/cmake/tritech_micron_interfaces__rosidl_typesupport_cExport.cmake
[1.490s] -- Up-to-date: /home/bluerov/ROS-Humble-BlueRov2-Driver/install/tritech_micron_interfaces/share/tritech_micron_interfaces/cmake/tritech_micron_interfaces__rosidl_typesupport_cExport-noconfig.cmake
[1.490s] -- Up-to-date: /home/bluerov/ROS-Humble-BlueRov2-Driver/install/tritech_micron_interfaces/share/tritech_micron_interfaces/cmake/export_tritech_micron_interfaces__rosidl_generator_cppExport.cmake
[1.490s] -- Up-to-date: /home/bluerov/ROS-Humble-BlueRov2-Driver/install/tritech_micron_interfaces/share/tritech_micron_interfaces/cmake/export_tritech_micron_interfaces__rosidl_typesupport_fastrtps_cppExport.cmake
[1.491s] -- Up-to-date: /home/bluerov/ROS-Humble-BlueRov2-Driver/install/tritech_micron_interfaces/share/tritech_micron_interfaces/cmake/export_tritech_micron_interfaces__rosidl_typesupport_fastrtps_cppExport-noconfig.cmake
[1.491s] -- Up-to-date: /home/bluerov/ROS-Humble-BlueRov2-Driver/install/tritech_micron_interfaces/share/tritech_micron_interfaces/cmake/tritech_micron_interfaces__rosidl_typesupport_introspection_cppExport.cmake
[1.491s] -- Up-to-date: /home/bluerov/ROS-Humble-BlueRov2-Driver/install/tritech_micron_interfaces/share/tritech_micron_interfaces/cmake/tritech_micron_interfaces__rosidl_typesupport_introspection_cppExport-noconfig.cmake
[1.491s] -- Up-to-date: /home/bluerov/ROS-Humble-BlueRov2-Driver/install/tritech_micron_interfaces/share/tritech_micron_interfaces/cmake/tritech_micron_interfaces__rosidl_typesupport_cppExport.cmake
[1.491s] -- Up-to-date: /home/bluerov/ROS-Humble-BlueRov2-Driver/install/tritech_micron_interfaces/share/tritech_micron_interfaces/cmake/tritech_micron_interfaces__rosidl_typesupport_cppExport-noconfig.cmake
[1.491s] -- Up-to-date: /home/bluerov/ROS-Humble-BlueRov2-Driver/install/tritech_micron_interfaces/share/tritech_micron_interfaces/cmake/export_tritech_micron_interfaces__rosidl_generator_pyExport.cmake
[1.492s] -- Up-to-date: /home/bluerov/ROS-Humble-BlueRov2-Driver/install/tritech_micron_interfaces/share/tritech_micron_interfaces/cmake/export_tritech_micron_interfaces__rosidl_generator_pyExport-noconfig.cmake
[1.492s] -- Up-to-date: /home/bluerov/ROS-Humble-BlueRov2-Driver/install/tritech_micron_interfaces/share/tritech_micron_interfaces/cmake/rosidl_cmake-extras.cmake
[1.492s] -- Up-to-date: /home/bluerov/ROS-Humble-BlueRov2-Driver/install/tritech_micron_interfaces/share/tritech_micron_interfaces/cmake/ament_cmake_export_dependencies-extras.cmake
[1.493s] -- Up-to-date: /home/bluerov/ROS-Humble-BlueRov2-Driver/install/tritech_micron_interfaces/share/tritech_micron_interfaces/cmake/ament_cmake_export_include_directories-extras.cmake
[1.493s] -- Up-to-date: /home/bluerov/ROS-Humble-BlueRov2-Driver/install/tritech_micron_interfaces/share/tritech_micron_interfaces/cmake/ament_cmake_export_libraries-extras.cmake
[1.494s] -- Up-to-date: /home/bluerov/ROS-Humble-BlueRov2-Driver/install/tritech_micron_interfaces/share/tritech_micron_interfaces/cmake/ament_cmake_export_targets-extras.cmake
[1.494s] -- Up-to-date: /home/bluerov/ROS-Humble-BlueRov2-Driver/install/tritech_micron_interfaces/share/tritech_micron_interfaces/cmake/rosidl_cmake_export_typesupport_targets-extras.cmake
[1.494s] -- Up-to-date: /home/bluerov/ROS-Humble-BlueRov2-Driver/install/tritech_micron_interfaces/share/tritech_micron_interfaces/cmake/rosidl_cmake_export_typesupport_libraries-extras.cmake
[1.495s] -- Up-to-date: /home/bluerov/ROS-Humble-BlueRov2-Driver/install/tritech_micron_interfaces/share/tritech_micron_interfaces/cmake/tritech_micron_interfacesConfig.cmake
[1.495s] -- Up-to-date: /home/bluerov/ROS-Humble-BlueRov2-Driver/install/tritech_micron_interfaces/share/tritech_micron_interfaces/cmake/tritech_micron_interfacesConfig-version.cmake
[1.495s] -- Up-to-date: /home/bluerov/ROS-Humble-BlueRov2-Driver/install/tritech_micron_interfaces/share/tritech_micron_interfaces/package.xml
[1.503s] Invoked command in '/home/bluerov/ROS-Humble-BlueRov2-Driver/build/tritech_micron_interfaces' returned '0': CMAKE_PREFIX_PATH=${CMAKE_PREFIX_PATH}:/home/bluerov/ROS-Humble-BlueRov2-Driver/install/tritech_micron:/home/bluerov/ROS-Humble-BlueRov2-Driver/install/bluerov2_controller:/opt/ros/humble /usr/bin/cmake --install /home/bluerov/ROS-Humble-BlueRov2-Driver/build/tritech_micron_interfaces
