[2.366s] Invoking command in '/home/bluerov/ROS-Humble-BlueRov2-Driver/src/bluerov2_controller': CMAKE_PREFIX_PATH=/home/bluerov/ROS-Humble-BlueRov2-Driver/install/bluerov2_interfaces:/home/bluerov/ROS-Humble-BlueRov2-Driver/install/tritech_micron_interfaces:/home/bluerov/ROS-Humble-BlueRov2-Driver/install/bluerov2_bringup LD_LIBRARY_PATH=/home/bluerov/ROS-Humble-BlueRov2-Driver/install/bluerov2_interfaces/lib:/home/bluerov/ROS-Humble-BlueRov2-Driver/install/tritech_micron_interfaces/lib:/opt/ros/humble/opt/rviz_ogre_vendor/lib:/opt/ros/humble/lib/x86_64-linux-gnu:/opt/ros/humble/lib PYTHONPATH=/home/bluerov/ROS-Humble-BlueRov2-Driver/build/bluerov2_controller/prefix_override:/home/bluerov/ROS-Humble-BlueRov2-Driver/install/bluerov2_controller/lib/python3.10/site-packages:${PYTHONPATH} /usr/bin/python3 setup.py egg_info --egg-base ../../build/bluerov2_controller build --build-base /home/bluerov/ROS-Humble-BlueRov2-Driver/build/bluerov2_controller/build install --record /home/bluerov/ROS-Humble-BlueRov2-Driver/build/bluerov2_controller/install.log --single-version-externally-managed
[2.898s] running egg_info
[2.899s] writing ../../build/bluerov2_controller/bluerov2_controller.egg-info/PKG-INFO
[2.899s] writing dependency_links to ../../build/bluerov2_controller/bluerov2_controller.egg-info/dependency_links.txt
[2.900s] writing entry points to ../../build/bluerov2_controller/bluerov2_controller.egg-info/entry_points.txt
[2.903s] writing requirements to ../../build/bluerov2_controller/bluerov2_controller.egg-info/requires.txt
[2.904s] writing top-level names to ../../build/bluerov2_controller/bluerov2_controller.egg-info/top_level.txt
[2.907s] reading manifest file '../../build/bluerov2_controller/bluerov2_controller.egg-info/SOURCES.txt'
[2.909s] writing manifest file '../../build/bluerov2_controller/bluerov2_controller.egg-info/SOURCES.txt'
[2.909s] running build
[2.910s] running build_py
[2.910s] copying bluerov2_controller/input_controller.py -> /home/bluerov/ROS-Humble-BlueRov2-Driver/build/bluerov2_controller/build/lib/bluerov2_controller
[2.911s] running install
[2.911s] running install_lib
[2.913s] copying /home/bluerov/ROS-Humble-BlueRov2-Driver/build/bluerov2_controller/build/lib/bluerov2_controller/input_controller.py -> /home/bluerov/ROS-Humble-BlueRov2-Driver/install/bluerov2_controller/lib/python3.10/site-packages/bluerov2_controller
[2.914s] byte-compiling /home/bluerov/ROS-Humble-BlueRov2-Driver/install/bluerov2_controller/lib/python3.10/site-packages/bluerov2_controller/input_controller.py to input_controller.cpython-310.pyc
[2.917s] running install_data
[2.918s] running install_egg_info
[2.920s] removing '/home/bluerov/ROS-Humble-BlueRov2-Driver/install/bluerov2_controller/lib/python3.10/site-packages/bluerov2_controller-0.0.0-py3.10.egg-info' (and everything under it)
[2.921s] Copying ../../build/bluerov2_controller/bluerov2_controller.egg-info to /home/bluerov/ROS-Humble-BlueRov2-Driver/install/bluerov2_controller/lib/python3.10/site-packages/bluerov2_controller-0.0.0-py3.10.egg-info
[2.922s] running install_scripts
[2.949s] Installing controller script to /home/bluerov/ROS-Humble-BlueRov2-Driver/install/bluerov2_controller/lib/bluerov2_controller
[2.951s] Installing depth_controller script to /home/bluerov/ROS-Humble-BlueRov2-Driver/install/bluerov2_controller/lib/bluerov2_controller
[2.952s] Installing input_controller script to /home/bluerov/ROS-Humble-BlueRov2-Driver/install/bluerov2_controller/lib/bluerov2_controller
[2.952s] Installing pitch_controller script to /home/bluerov/ROS-Humble-BlueRov2-Driver/install/bluerov2_controller/lib/bluerov2_controller
[2.952s] Installing roll_controller script to /home/bluerov/ROS-Humble-BlueRov2-Driver/install/bluerov2_controller/lib/bluerov2_controller
[2.952s] Installing video script to /home/bluerov/ROS-Humble-BlueRov2-Driver/install/bluerov2_controller/lib/bluerov2_controller
[2.952s] Installing yaw_controller script to /home/bluerov/ROS-Humble-BlueRov2-Driver/install/bluerov2_controller/lib/bluerov2_controller
[2.953s] writing list of installed files to '/home/bluerov/ROS-Humble-BlueRov2-Driver/build/bluerov2_controller/install.log'
[3.048s] Invoked command in '/home/bluerov/ROS-Humble-BlueRov2-Driver/src/bluerov2_controller' returned '0': CMAKE_PREFIX_PATH=/home/bluerov/ROS-Humble-BlueRov2-Driver/install/bluerov2_interfaces:/home/bluerov/ROS-Humble-BlueRov2-Driver/install/tritech_micron_interfaces:/home/bluerov/ROS-Humble-BlueRov2-Driver/install/bluerov2_bringup LD_LIBRARY_PATH=/home/bluerov/ROS-Humble-BlueRov2-Driver/install/bluerov2_interfaces/lib:/home/bluerov/ROS-Humble-BlueRov2-Driver/install/tritech_micron_interfaces/lib:/opt/ros/humble/opt/rviz_ogre_vendor/lib:/opt/ros/humble/lib/x86_64-linux-gnu:/opt/ros/humble/lib PYTHONPATH=/home/bluerov/ROS-Humble-BlueRov2-Driver/build/bluerov2_controller/prefix_override:/home/bluerov/ROS-Humble-BlueRov2-Driver/install/bluerov2_controller/lib/python3.10/site-packages:${PYTHONPATH} /usr/bin/python3 setup.py egg_info --egg-base ../../build/bluerov2_controller build --build-base /home/bluerov/ROS-Humble-BlueRov2-Driver/build/bluerov2_controller/build install --record /home/bluerov/ROS-Humble-BlueRov2-Driver/build/bluerov2_controller/install.log --single-version-externally-managed
