[2.151s] Invoking command in '/home/bluerov/ROS-Humble-BlueRov2-Driver/src/tritech_micron': PYTHONPATH=/home/bluerov/ROS-Humble-BlueRov2-Driver/build/tritech_micron/prefix_override:/home/bluerov/ROS-Humble-BlueRov2-Driver/install/tritech_micron/lib/python3.10/site-packages:${PYTHONPATH} /usr/bin/python3 setup.py egg_info --egg-base ../../build/tritech_micron build --build-base /home/bluerov/ROS-Humble-BlueRov2-Driver/build/tritech_micron/build install --record /home/bluerov/ROS-Humble-BlueRov2-Driver/build/tritech_micron/install.log --single-version-externally-managed
[2.738s] running egg_info
[2.740s] writing ../../build/tritech_micron/tritech_micron.egg-info/PKG-INFO
[2.741s] writing dependency_links to ../../build/tritech_micron/tritech_micron.egg-info/dependency_links.txt
[2.742s] writing entry points to ../../build/tritech_micron/tritech_micron.egg-info/entry_points.txt
[2.744s] writing requirements to ../../build/tritech_micron/tritech_micron.egg-info/requires.txt
[2.745s] writing top-level names to ../../build/tritech_micron/tritech_micron.egg-info/top_level.txt
[2.746s] reading manifest file '../../build/tritech_micron/tritech_micron.egg-info/SOURCES.txt'
[2.748s] writing manifest file '../../build/tritech_micron/tritech_micron.egg-info/SOURCES.txt'
[2.749s] running build
[2.750s] running build_py
[2.753s] running install
[2.753s] running install_lib
[2.754s] running install_data
[2.755s] running install_egg_info
[2.755s] removing '/home/bluerov/ROS-Humble-BlueRov2-Driver/install/tritech_micron/lib/python3.10/site-packages/tritech_micron-0.0.0-py3.10.egg-info' (and everything under it)
[2.756s] Copying ../../build/tritech_micron/tritech_micron.egg-info to /home/bluerov/ROS-Humble-BlueRov2-Driver/install/tritech_micron/lib/python3.10/site-packages/tritech_micron-0.0.0-py3.10.egg-info
[2.757s] running install_scripts
[2.789s] Installing scan script to /home/bluerov/ROS-Humble-BlueRov2-Driver/install/tritech_micron/lib/tritech_micron
[2.790s] writing list of installed files to '/home/bluerov/ROS-Humble-BlueRov2-Driver/build/tritech_micron/install.log'
[2.922s] Invoked command in '/home/bluerov/ROS-Humble-BlueRov2-Driver/src/tritech_micron' returned '0': PYTHONPATH=/home/bluerov/ROS-Humble-BlueRov2-Driver/build/tritech_micron/prefix_override:/home/bluerov/ROS-Humble-BlueRov2-Driver/install/tritech_micron/lib/python3.10/site-packages:${PYTHONPATH} /usr/bin/python3 setup.py egg_info --egg-base ../../build/tritech_micron build --build-base /home/bluerov/ROS-Humble-BlueRov2-Driver/build/tritech_micron/build install --record /home/bluerov/ROS-Humble-BlueRov2-Driver/build/tritech_micron/install.log --single-version-externally-managed
