[1.770s] Invoking command in '/home/bluerov/ROS-Humble-BlueRov2-Driver/src/tritech_micron': PYTHONPATH=/home/bluerov/ROS-Humble-BlueRov2-Driver/build/tritech_micron/prefix_override:/home/bluerov/ROS-Humble-BlueRov2-Driver/install/tritech_micron/lib/python3.10/site-packages:${PYTHONPATH} /usr/bin/python3 setup.py egg_info --egg-base ../../build/tritech_micron build --build-base /home/bluerov/ROS-Humble-BlueRov2-Driver/build/tritech_micron/build install --record /home/bluerov/ROS-Humble-BlueRov2-Driver/build/tritech_micron/install.log --single-version-externally-managed
[2.142s] running egg_info
[2.143s] writing ../../build/tritech_micron/tritech_micron.egg-info/PKG-INFO
[2.143s] writing dependency_links to ../../build/tritech_micron/tritech_micron.egg-info/dependency_links.txt
[2.143s] writing entry points to ../../build/tritech_micron/tritech_micron.egg-info/entry_points.txt
[2.144s] writing requirements to ../../build/tritech_micron/tritech_micron.egg-info/requires.txt
[2.144s] writing top-level names to ../../build/tritech_micron/tritech_micron.egg-info/top_level.txt
[2.146s] reading manifest file '../../build/tritech_micron/tritech_micron.egg-info/SOURCES.txt'
[2.148s] writing manifest file '../../build/tritech_micron/tritech_micron.egg-info/SOURCES.txt'
[2.148s] running build
[2.148s] running build_py
[2.149s] running install
[2.149s] running install_lib
[2.151s] running install_data
[2.152s] running install_egg_info
[2.154s] removing '/home/bluerov/ROS-Humble-BlueRov2-Driver/install/tritech_micron/lib/python3.10/site-packages/tritech_micron-0.0.0-py3.10.egg-info' (and everything under it)
[2.155s] Copying ../../build/tritech_micron/tritech_micron.egg-info to /home/bluerov/ROS-Humble-BlueRov2-Driver/install/tritech_micron/lib/python3.10/site-packages/tritech_micron-0.0.0-py3.10.egg-info
[2.156s] running install_scripts
[2.187s] Installing scan script to /home/bluerov/ROS-Humble-BlueRov2-Driver/install/tritech_micron/lib/tritech_micron
[2.190s] writing list of installed files to '/home/bluerov/ROS-Humble-BlueRov2-Driver/build/tritech_micron/install.log'
[2.383s] Invoked command in '/home/bluerov/ROS-Humble-BlueRov2-Driver/src/tritech_micron' returned '0': PYTHONPATH=/home/bluerov/ROS-Humble-BlueRov2-Driver/build/tritech_micron/prefix_override:/home/bluerov/ROS-Humble-BlueRov2-Driver/install/tritech_micron/lib/python3.10/site-packages:${PYTHONPATH} /usr/bin/python3 setup.py egg_info --egg-base ../../build/tritech_micron build --build-base /home/bluerov/ROS-Humble-BlueRov2-Driver/build/tritech_micron/build install --record /home/bluerov/ROS-Humble-BlueRov2-Driver/build/tritech_micron/install.log --single-version-externally-managed
