[1.153s] Invoking command in '/home/ubuntu/ROS-Humble-BlueRov2-Driver/src/bluerov2_controller': CMAKE_PREFIX_PATH=/home/ubuntu/ROS-Humble-BlueRov2-Driver/install/bluerov2_interfaces:/home/ubuntu/ROS-Humble-BlueRov2-Driver/install/bluerov2_msgs LD_LIBRARY_PATH=/home/ubuntu/ROS-Humble-BlueRov2-Driver/install/bluerov2_interfaces/lib:/home/ubuntu/ROS-Humble-BlueRov2-Driver/install/bluerov2_msgs/lib:/opt/ros/humble/opt/rviz_ogre_vendor/lib:/opt/ros/humble/lib/aarch64-linux-gnu:/opt/ros/humble/lib PYTHONPATH=/home/ubuntu/ROS-Humble-BlueRov2-Driver/build/bluerov2_controller/prefix_override:/home/ubuntu/ROS-Humble-BlueRov2-Driver/install/bluerov2_controller/lib/python3.10/site-packages:${PYTHONPATH} /usr/bin/python3 setup.py egg_info --egg-base ../../build/bluerov2_controller build --build-base /home/ubuntu/ROS-Humble-BlueRov2-Driver/build/bluerov2_controller/build install --record /home/ubuntu/ROS-Humble-BlueRov2-Driver/build/bluerov2_controller/install.log --single-version-externally-managed
[1.451s] running egg_info
[1.451s] writing ../../build/bluerov2_controller/bluerov2_controller.egg-info/PKG-INFO
[1.451s] writing dependency_links to ../../build/bluerov2_controller/bluerov2_controller.egg-info/dependency_links.txt
[1.452s] writing entry points to ../../build/bluerov2_controller/bluerov2_controller.egg-info/entry_points.txt
[1.452s] writing requirements to ../../build/bluerov2_controller/bluerov2_controller.egg-info/requires.txt
[1.452s] writing top-level names to ../../build/bluerov2_controller/bluerov2_controller.egg-info/top_level.txt
[1.453s] reading manifest file '../../build/bluerov2_controller/bluerov2_controller.egg-info/SOURCES.txt'
[1.454s] writing manifest file '../../build/bluerov2_controller/bluerov2_controller.egg-info/SOURCES.txt'
[1.454s] running build
[1.454s] running build_py
[1.455s] copying bluerov2_controller/roll_controller.py -> /home/ubuntu/ROS-Humble-BlueRov2-Driver/build/bluerov2_controller/build/lib/bluerov2_controller
[1.455s] running install
[1.455s] running install_lib
[1.456s] copying /home/ubuntu/ROS-Humble-BlueRov2-Driver/build/bluerov2_controller/build/lib/bluerov2_controller/roll_controller.py -> /home/ubuntu/ROS-Humble-BlueRov2-Driver/install/bluerov2_controller/lib/python3.10/site-packages/bluerov2_controller
[1.456s] byte-compiling /home/ubuntu/ROS-Humble-BlueRov2-Driver/install/bluerov2_controller/lib/python3.10/site-packages/bluerov2_controller/roll_controller.py to roll_controller.cpython-310.pyc
[1.456s] running install_data
[1.457s] copying package.xml -> /home/ubuntu/ROS-Humble-BlueRov2-Driver/install/bluerov2_controller/share/bluerov2_controller
[1.457s] running install_egg_info
[1.458s] removing '/home/ubuntu/ROS-Humble-BlueRov2-Driver/install/bluerov2_controller/lib/python3.10/site-packages/bluerov2_controller-0.0.0-py3.10.egg-info' (and everything under it)
[1.465s] Copying ../../build/bluerov2_controller/bluerov2_controller.egg-info to /home/ubuntu/ROS-Humble-BlueRov2-Driver/install/bluerov2_controller/lib/python3.10/site-packages/bluerov2_controller-0.0.0-py3.10.egg-info
[1.470s] running install_scripts
[1.487s] Installing controller script to /home/ubuntu/ROS-Humble-BlueRov2-Driver/install/bluerov2_controller/lib/bluerov2_controller
[1.487s] Installing depth_controller script to /home/ubuntu/ROS-Humble-BlueRov2-Driver/install/bluerov2_controller/lib/bluerov2_controller
[1.487s] writing list of installed files to '/home/ubuntu/ROS-Humble-BlueRov2-Driver/build/bluerov2_controller/install.log'
[1.542s] Invoked command in '/home/ubuntu/ROS-Humble-BlueRov2-Driver/src/bluerov2_controller' returned '0': CMAKE_PREFIX_PATH=/home/ubuntu/ROS-Humble-BlueRov2-Driver/install/bluerov2_interfaces:/home/ubuntu/ROS-Humble-BlueRov2-Driver/install/bluerov2_msgs LD_LIBRARY_PATH=/home/ubuntu/ROS-Humble-BlueRov2-Driver/install/bluerov2_interfaces/lib:/home/ubuntu/ROS-Humble-BlueRov2-Driver/install/bluerov2_msgs/lib:/opt/ros/humble/opt/rviz_ogre_vendor/lib:/opt/ros/humble/lib/aarch64-linux-gnu:/opt/ros/humble/lib PYTHONPATH=/home/ubuntu/ROS-Humble-BlueRov2-Driver/build/bluerov2_controller/prefix_override:/home/ubuntu/ROS-Humble-BlueRov2-Driver/install/bluerov2_controller/lib/python3.10/site-packages:${PYTHONPATH} /usr/bin/python3 setup.py egg_info --egg-base ../../build/bluerov2_controller build --build-base /home/ubuntu/ROS-Humble-BlueRov2-Driver/build/bluerov2_controller/build install --record /home/ubuntu/ROS-Humble-BlueRov2-Driver/build/bluerov2_controller/install.log --single-version-externally-managed
