[1.259s] Invoking command in '/home/ubuntu/ROS-Humble-BlueRov2-Driver/src/bluerov2_controller': CMAKE_PREFIX_PATH=/home/ubuntu/ROS-Humble-BlueRov2-Driver/install/bluerov2_interfaces:/home/ubuntu/ROS-Humble-BlueRov2-Driver/install/bluerov2_msgs LD_LIBRARY_PATH=/home/ubuntu/ROS-Humble-BlueRov2-Driver/install/bluerov2_interfaces/lib:/home/ubuntu/ROS-Humble-BlueRov2-Driver/install/bluerov2_msgs/lib:/opt/ros/humble/opt/rviz_ogre_vendor/lib:/opt/ros/humble/lib/aarch64-linux-gnu:/opt/ros/humble/lib PYTHONPATH=/home/ubuntu/ROS-Humble-BlueRov2-Driver/build/bluerov2_controller/prefix_override:/home/ubuntu/ROS-Humble-BlueRov2-Driver/install/bluerov2_controller/lib/python3.10/site-packages:${PYTHONPATH} /usr/bin/python3 setup.py egg_info --egg-base ../../build/bluerov2_controller build --build-base /home/ubuntu/ROS-Humble-BlueRov2-Driver/build/bluerov2_controller/build install --record /home/ubuntu/ROS-Humble-BlueRov2-Driver/build/bluerov2_controller/install.log --single-version-externally-managed
[1.444s] running egg_info
[1.445s] writing ../../build/bluerov2_controller/bluerov2_controller.egg-info/PKG-INFO
[1.445s] writing dependency_links to ../../build/bluerov2_controller/bluerov2_controller.egg-info/dependency_links.txt
[1.446s] writing entry points to ../../build/bluerov2_controller/bluerov2_controller.egg-info/entry_points.txt
[1.447s] writing requirements to ../../build/bluerov2_controller/bluerov2_controller.egg-info/requires.txt
[1.447s] writing top-level names to ../../build/bluerov2_controller/bluerov2_controller.egg-info/top_level.txt
[1.448s] reading manifest file '../../build/bluerov2_controller/bluerov2_controller.egg-info/SOURCES.txt'
[1.450s] writing manifest file '../../build/bluerov2_controller/bluerov2_controller.egg-info/SOURCES.txt'
[1.451s] running build
[1.451s] running build_py
[1.451s] copying bluerov2_controller/depth_controller.py -> /home/ubuntu/ROS-Humble-BlueRov2-Driver/build/bluerov2_controller/build/lib/bluerov2_controller
[1.452s] copying bluerov2_controller/controller.py -> /home/ubuntu/ROS-Humble-BlueRov2-Driver/build/bluerov2_controller/build/lib/bluerov2_controller
[1.452s] running install
[1.453s] running install_lib
[1.453s] copying /home/ubuntu/ROS-Humble-BlueRov2-Driver/build/bluerov2_controller/build/lib/bluerov2_controller/depth_controller.py -> /home/ubuntu/ROS-Humble-BlueRov2-Driver/install/bluerov2_controller/lib/python3.10/site-packages/bluerov2_controller
[1.454s] copying /home/ubuntu/ROS-Humble-BlueRov2-Driver/build/bluerov2_controller/build/lib/bluerov2_controller/controller.py -> /home/ubuntu/ROS-Humble-BlueRov2-Driver/install/bluerov2_controller/lib/python3.10/site-packages/bluerov2_controller
[1.455s] byte-compiling /home/ubuntu/ROS-Humble-BlueRov2-Driver/install/bluerov2_controller/lib/python3.10/site-packages/bluerov2_controller/depth_controller.py to depth_controller.cpython-310.pyc
[1.457s] byte-compiling /home/ubuntu/ROS-Humble-BlueRov2-Driver/install/bluerov2_controller/lib/python3.10/site-packages/bluerov2_controller/controller.py to controller.cpython-310.pyc
[1.458s] running install_data
[1.459s] running install_egg_info
[1.460s] removing '/home/ubuntu/ROS-Humble-BlueRov2-Driver/install/bluerov2_controller/lib/python3.10/site-packages/bluerov2_controller-0.0.0-py3.10.egg-info' (and everything under it)
[1.483s] Copying ../../build/bluerov2_controller/bluerov2_controller.egg-info to /home/ubuntu/ROS-Humble-BlueRov2-Driver/install/bluerov2_controller/lib/python3.10/site-packages/bluerov2_controller-0.0.0-py3.10.egg-info
[1.506s] running install_scripts
[1.531s] Installing controller script to /home/ubuntu/ROS-Humble-BlueRov2-Driver/install/bluerov2_controller/lib/bluerov2_controller
[1.531s] Installing depth_controller script to /home/ubuntu/ROS-Humble-BlueRov2-Driver/install/bluerov2_controller/lib/bluerov2_controller
[1.532s] writing list of installed files to '/home/ubuntu/ROS-Humble-BlueRov2-Driver/build/bluerov2_controller/install.log'
[1.551s] Invoked command in '/home/ubuntu/ROS-Humble-BlueRov2-Driver/src/bluerov2_controller' returned '0': CMAKE_PREFIX_PATH=/home/ubuntu/ROS-Humble-BlueRov2-Driver/install/bluerov2_interfaces:/home/ubuntu/ROS-Humble-BlueRov2-Driver/install/bluerov2_msgs LD_LIBRARY_PATH=/home/ubuntu/ROS-Humble-BlueRov2-Driver/install/bluerov2_interfaces/lib:/home/ubuntu/ROS-Humble-BlueRov2-Driver/install/bluerov2_msgs/lib:/opt/ros/humble/opt/rviz_ogre_vendor/lib:/opt/ros/humble/lib/aarch64-linux-gnu:/opt/ros/humble/lib PYTHONPATH=/home/ubuntu/ROS-Humble-BlueRov2-Driver/build/bluerov2_controller/prefix_override:/home/ubuntu/ROS-Humble-BlueRov2-Driver/install/bluerov2_controller/lib/python3.10/site-packages:${PYTHONPATH} /usr/bin/python3 setup.py egg_info --egg-base ../../build/bluerov2_controller build --build-base /home/ubuntu/ROS-Humble-BlueRov2-Driver/build/bluerov2_controller/build install --record /home/ubuntu/ROS-Humble-BlueRov2-Driver/build/bluerov2_controller/install.log --single-version-externally-managed
