[0.962s] Invoking command in '/home/bluerov/ROS-Humble-BlueRov2-Driver/src/tritech_micron': PYTHONPATH=/home/bluerov/ROS-Humble-BlueRov2-Driver/build/tritech_micron/prefix_override:/home/bluerov/ROS-Humble-BlueRov2-Driver/install/tritech_micron/lib/python3.10/site-packages:${PYTHONPATH} /usr/bin/python3 -W ignore:setup.py install is deprecated setup.py egg_info --egg-base ../../build/tritech_micron build --build-base /home/bluerov/ROS-Humble-BlueRov2-Driver/build/tritech_micron/build install --record /home/bluerov/ROS-Humble-BlueRov2-Driver/build/tritech_micron/install.log --single-version-externally-managed install_data
[1.315s] running egg_info
[1.316s] writing ../../build/tritech_micron/tritech_micron.egg-info/PKG-INFO
[1.317s] writing dependency_links to ../../build/tritech_micron/tritech_micron.egg-info/dependency_links.txt
[1.317s] writing entry points to ../../build/tritech_micron/tritech_micron.egg-info/entry_points.txt
[1.317s] writing requirements to ../../build/tritech_micron/tritech_micron.egg-info/requires.txt
[1.317s] writing top-level names to ../../build/tritech_micron/tritech_micron.egg-info/top_level.txt
[1.320s] reading manifest file '../../build/tritech_micron/tritech_micron.egg-info/SOURCES.txt'
[1.321s] writing manifest file '../../build/tritech_micron/tritech_micron.egg-info/SOURCES.txt'
[1.321s] running build
[1.322s] running build_py
[1.322s] copying tritech_micron/socket.py -> /home/bluerov/ROS-Humble-BlueRov2-Driver/build/tritech_micron/build/lib/tritech_micron
[1.323s] running install
[1.324s] running install_lib
[1.325s] copying /home/bluerov/ROS-Humble-BlueRov2-Driver/build/tritech_micron/build/lib/tritech_micron/socket.py -> /home/bluerov/ROS-Humble-BlueRov2-Driver/install/tritech_micron/lib/python3.10/site-packages/tritech_micron
[1.327s] byte-compiling /home/bluerov/ROS-Humble-BlueRov2-Driver/install/tritech_micron/lib/python3.10/site-packages/tritech_micron/socket.py to socket.cpython-310.pyc
[1.329s] running install_data
[1.329s] running install_egg_info
[1.331s] removing '/home/bluerov/ROS-Humble-BlueRov2-Driver/install/tritech_micron/lib/python3.10/site-packages/tritech_micron-0.0.0-py3.10.egg-info' (and everything under it)
[1.332s] Copying ../../build/tritech_micron/tritech_micron.egg-info to /home/bluerov/ROS-Humble-BlueRov2-Driver/install/tritech_micron/lib/python3.10/site-packages/tritech_micron-0.0.0-py3.10.egg-info
[1.333s] running install_scripts
[1.365s] Installing scan script to /home/bluerov/ROS-Humble-BlueRov2-Driver/install/tritech_micron/lib/tritech_micron
[1.366s] writing list of installed files to '/home/bluerov/ROS-Humble-BlueRov2-Driver/build/tritech_micron/install.log'
[1.415s] Invoked command in '/home/bluerov/ROS-Humble-BlueRov2-Driver/src/tritech_micron' returned '0': PYTHONPATH=/home/bluerov/ROS-Humble-BlueRov2-Driver/build/tritech_micron/prefix_override:/home/bluerov/ROS-Humble-BlueRov2-Driver/install/tritech_micron/lib/python3.10/site-packages:${PYTHONPATH} /usr/bin/python3 -W ignore:setup.py install is deprecated setup.py egg_info --egg-base ../../build/tritech_micron build --build-base /home/bluerov/ROS-Humble-BlueRov2-Driver/build/tritech_micron/build install --record /home/bluerov/ROS-Humble-BlueRov2-Driver/build/tritech_micron/install.log --single-version-externally-managed install_data
