[0.407s] Invoking command in '/home/ubuntu/ROS-Humble-BlueRov2-Driver/src/bluerov2_controller': PYTHONPATH=/home/ubuntu/ROS-Humble-BlueRov2-Driver/build/bluerov2_controller/prefix_override:/home/ubuntu/ROS-Humble-BlueRov2-Driver/install/bluerov2_controller/lib/python3.10/site-packages:${PYTHONPATH} /usr/bin/python3 setup.py egg_info --egg-base ../../build/bluerov2_controller build --build-base /home/ubuntu/ROS-Humble-BlueRov2-Driver/build/bluerov2_controller/build install --record /home/ubuntu/ROS-Humble-BlueRov2-Driver/build/bluerov2_controller/install.log --single-version-externally-managed
[0.556s] running egg_info
[0.556s] writing ../../build/bluerov2_controller/bluerov2_controller.egg-info/PKG-INFO
[0.557s] writing dependency_links to ../../build/bluerov2_controller/bluerov2_controller.egg-info/dependency_links.txt
[0.557s] writing entry points to ../../build/bluerov2_controller/bluerov2_controller.egg-info/entry_points.txt
[0.557s] writing requirements to ../../build/bluerov2_controller/bluerov2_controller.egg-info/requires.txt
[0.557s] writing top-level names to ../../build/bluerov2_controller/bluerov2_controller.egg-info/top_level.txt
[0.559s] reading manifest file '../../build/bluerov2_controller/bluerov2_controller.egg-info/SOURCES.txt'
[0.559s] writing manifest file '../../build/bluerov2_controller/bluerov2_controller.egg-info/SOURCES.txt'
[0.559s] running build
[0.559s] running build_py
[0.560s] running install
[0.560s] running install_lib
[0.560s] running install_data
[0.561s] running install_egg_info
[0.562s] removing '/home/ubuntu/ROS-Humble-BlueRov2-Driver/install/bluerov2_controller/lib/python3.10/site-packages/bluerov2_controller-0.0.0-py3.10.egg-info' (and everything under it)
[0.562s] Copying ../../build/bluerov2_controller/bluerov2_controller.egg-info to /home/ubuntu/ROS-Humble-BlueRov2-Driver/install/bluerov2_controller/lib/python3.10/site-packages/bluerov2_controller-0.0.0-py3.10.egg-info
[0.563s] running install_scripts
[0.575s] writing list of installed files to '/home/ubuntu/ROS-Humble-BlueRov2-Driver/build/bluerov2_controller/install.log'
[0.595s] Invoked command in '/home/ubuntu/ROS-Humble-BlueRov2-Driver/src/bluerov2_controller' returned '0': PYTHONPATH=/home/ubuntu/ROS-Humble-BlueRov2-Driver/build/bluerov2_controller/prefix_override:/home/ubuntu/ROS-Humble-BlueRov2-Driver/install/bluerov2_controller/lib/python3.10/site-packages:${PYTHONPATH} /usr/bin/python3 setup.py egg_info --egg-base ../../build/bluerov2_controller build --build-base /home/ubuntu/ROS-Humble-BlueRov2-Driver/build/bluerov2_controller/build install --record /home/ubuntu/ROS-Humble-BlueRov2-Driver/build/bluerov2_controller/install.log --single-version-externally-managed
