[1.454s] DEBUG:colcon:Command line arguments: ['/usr/bin/colcon', 'build']
[1.454s] DEBUG:colcon:Parsed command line arguments: Namespace(log_base=None, log_level=None, verb_name='build', build_base='build', install_base='install', merge_install=False, symlink_install=False, test_result_base=None, continue_on_error=False, executor='parallel', parallel_workers=4, event_handlers=None, ignore_user_meta=False, metas=['./colcon.meta'], base_paths=['.'], packages_ignore=None, packages_ignore_regex=None, paths=None, packages_up_to=None, packages_up_to_regex=None, packages_above=None, packages_above_and_dependencies=None, packages_above_depth=None, packages_select_by_dep=None, packages_skip_by_dep=None, packages_skip_up_to=None, packages_select_build_failed=False, packages_skip_build_finished=False, packages_select_test_failures=False, packages_skip_test_passed=False, packages_select=None, packages_skip=None, packages_select_regex=None, packages_skip_regex=None, packages_start=None, packages_end=None, allow_overriding=[], cmake_args=None, cmake_target=None, cmake_target_skip_unavailable=False, cmake_clean_cache=False, cmake_clean_first=False, cmake_force_configure=False, ament_cmake_args=None, catkin_cmake_args=None, catkin_skip_building_tests=False, verb_parser=<colcon_defaults.argument_parser.defaults.DefaultArgumentsDecorator object at 0x7f10f8b8d1e0>, verb_extension=<colcon_core.verb.build.BuildVerb object at 0x7f10f8b8e650>, main=<bound method BuildVerb.main of <colcon_core.verb.build.BuildVerb object at 0x7f10f8b8e650>>)
[1.515s] Level 1:colcon.colcon_core.package_discovery:discover_packages(colcon_meta) check parameters
[1.516s] Level 1:colcon.colcon_core.package_discovery:discover_packages(recursive) check parameters
[1.516s] Level 1:colcon.colcon_core.package_discovery:discover_packages(ignore) check parameters
[1.516s] Level 1:colcon.colcon_core.package_discovery:discover_packages(path) check parameters
[1.516s] Level 1:colcon.colcon_core.package_discovery:discover_packages(colcon_meta) discover
[1.516s] Level 1:colcon.colcon_core.package_discovery:discover_packages(recursive) discover
[1.516s] INFO:colcon.colcon_core.package_discovery:Crawling recursively for packages in '/home/bluerov/ROS-Humble-BlueRov2-Driver'
[1.516s] Level 1:colcon.colcon_core.package_identification:_identify(.) by extensions ['ignore', 'ignore_ament_install']
[1.516s] Level 1:colcon.colcon_core.package_identification:_identify(.) by extension 'ignore'
[1.516s] Level 1:colcon.colcon_core.package_identification:_identify(.) by extension 'ignore_ament_install'
[1.516s] Level 1:colcon.colcon_core.package_identification:_identify(.) by extensions ['colcon_pkg']
[1.516s] Level 1:colcon.colcon_core.package_identification:_identify(.) by extension 'colcon_pkg'
[1.516s] Level 1:colcon.colcon_core.package_identification:_identify(.) by extensions ['colcon_meta']
[1.516s] Level 1:colcon.colcon_core.package_identification:_identify(.) by extension 'colcon_meta'
[1.516s] Level 1:colcon.colcon_core.package_identification:_identify(.) by extensions ['ros']
[1.517s] Level 1:colcon.colcon_core.package_identification:_identify(.) by extension 'ros'
[1.532s] Level 1:colcon.colcon_core.package_identification:_identify(.) by extensions ['cmake', 'python']
[1.532s] Level 1:colcon.colcon_core.package_identification:_identify(.) by extension 'cmake'
[1.532s] Level 1:colcon.colcon_core.package_identification:_identify(.) by extension 'python'
[1.532s] Level 1:colcon.colcon_core.package_identification:_identify(.) by extensions ['python_setup_py']
[1.532s] Level 1:colcon.colcon_core.package_identification:_identify(.) by extension 'python_setup_py'
[1.533s] Level 1:colcon.colcon_core.package_identification:_identify(build) by extensions ['ignore', 'ignore_ament_install']
[1.533s] Level 1:colcon.colcon_core.package_identification:_identify(build) by extension 'ignore'
[1.533s] Level 1:colcon.colcon_core.package_identification:_identify(build) ignored
[1.533s] Level 1:colcon.colcon_core.package_identification:_identify(img) by extensions ['ignore', 'ignore_ament_install']
[1.533s] Level 1:colcon.colcon_core.package_identification:_identify(img) by extension 'ignore'
[1.534s] Level 1:colcon.colcon_core.package_identification:_identify(img) by extension 'ignore_ament_install'
[1.534s] Level 1:colcon.colcon_core.package_identification:_identify(img) by extensions ['colcon_pkg']
[1.534s] Level 1:colcon.colcon_core.package_identification:_identify(img) by extension 'colcon_pkg'
[1.534s] Level 1:colcon.colcon_core.package_identification:_identify(img) by extensions ['colcon_meta']
[1.534s] Level 1:colcon.colcon_core.package_identification:_identify(img) by extension 'colcon_meta'
[1.534s] Level 1:colcon.colcon_core.package_identification:_identify(img) by extensions ['ros']
[1.534s] Level 1:colcon.colcon_core.package_identification:_identify(img) by extension 'ros'
[1.534s] Level 1:colcon.colcon_core.package_identification:_identify(img) by extensions ['cmake', 'python']
[1.534s] Level 1:colcon.colcon_core.package_identification:_identify(img) by extension 'cmake'
[1.534s] Level 1:colcon.colcon_core.package_identification:_identify(img) by extension 'python'
[1.534s] Level 1:colcon.colcon_core.package_identification:_identify(img) by extensions ['python_setup_py']
[1.534s] Level 1:colcon.colcon_core.package_identification:_identify(img) by extension 'python_setup_py'
[1.535s] Level 1:colcon.colcon_core.package_identification:_identify(install) by extensions ['ignore', 'ignore_ament_install']
[1.535s] Level 1:colcon.colcon_core.package_identification:_identify(install) by extension 'ignore'
[1.535s] Level 1:colcon.colcon_core.package_identification:_identify(install) ignored
[1.535s] Level 1:colcon.colcon_core.package_identification:_identify(log) by extensions ['ignore', 'ignore_ament_install']
[1.535s] Level 1:colcon.colcon_core.package_identification:_identify(log) by extension 'ignore'
[1.535s] Level 1:colcon.colcon_core.package_identification:_identify(log) ignored
[1.536s] Level 1:colcon.colcon_core.package_identification:_identify(src) by extensions ['ignore', 'ignore_ament_install']
[1.536s] Level 1:colcon.colcon_core.package_identification:_identify(src) by extension 'ignore'
[1.536s] Level 1:colcon.colcon_core.package_identification:_identify(src) by extension 'ignore_ament_install'
[1.536s] Level 1:colcon.colcon_core.package_identification:_identify(src) by extensions ['colcon_pkg']
[1.536s] Level 1:colcon.colcon_core.package_identification:_identify(src) by extension 'colcon_pkg'
[1.536s] Level 1:colcon.colcon_core.package_identification:_identify(src) by extensions ['colcon_meta']
[1.536s] Level 1:colcon.colcon_core.package_identification:_identify(src) by extension 'colcon_meta'
[1.536s] Level 1:colcon.colcon_core.package_identification:_identify(src) by extensions ['ros']
[1.536s] Level 1:colcon.colcon_core.package_identification:_identify(src) by extension 'ros'
[1.537s] Level 1:colcon.colcon_core.package_identification:_identify(src) by extensions ['cmake', 'python']
[1.537s] Level 1:colcon.colcon_core.package_identification:_identify(src) by extension 'cmake'
[1.537s] Level 1:colcon.colcon_core.package_identification:_identify(src) by extension 'python'
[1.537s] Level 1:colcon.colcon_core.package_identification:_identify(src) by extensions ['python_setup_py']
[1.537s] Level 1:colcon.colcon_core.package_identification:_identify(src) by extension 'python_setup_py'
[1.537s] Level 1:colcon.colcon_core.package_identification:_identify(src/bluerov2_bringup) by extensions ['ignore', 'ignore_ament_install']
[1.537s] Level 1:colcon.colcon_core.package_identification:_identify(src/bluerov2_bringup) by extension 'ignore'
[1.537s] Level 1:colcon.colcon_core.package_identification:_identify(src/bluerov2_bringup) by extension 'ignore_ament_install'
[1.537s] Level 1:colcon.colcon_core.package_identification:_identify(src/bluerov2_bringup) by extensions ['colcon_pkg']
[1.537s] Level 1:colcon.colcon_core.package_identification:_identify(src/bluerov2_bringup) by extension 'colcon_pkg'
[1.538s] Level 1:colcon.colcon_core.package_identification:_identify(src/bluerov2_bringup) by extensions ['colcon_meta']
[1.538s] Level 1:colcon.colcon_core.package_identification:_identify(src/bluerov2_bringup) by extension 'colcon_meta'
[1.538s] Level 1:colcon.colcon_core.package_identification:_identify(src/bluerov2_bringup) by extensions ['ros']
[1.538s] Level 1:colcon.colcon_core.package_identification:_identify(src/bluerov2_bringup) by extension 'ros'
[1.542s] DEBUG:colcon.colcon_core.package_identification:Package 'src/bluerov2_bringup' with type 'ros.ament_cmake' and name 'bluerov2_bringup'
[1.542s] Level 1:colcon.colcon_core.package_identification:_identify(src/bluerov2_controller) by extensions ['ignore', 'ignore_ament_install']
[1.542s] Level 1:colcon.colcon_core.package_identification:_identify(src/bluerov2_controller) by extension 'ignore'
[1.543s] Level 1:colcon.colcon_core.package_identification:_identify(src/bluerov2_controller) by extension 'ignore_ament_install'
[1.543s] Level 1:colcon.colcon_core.package_identification:_identify(src/bluerov2_controller) by extensions ['colcon_pkg']
[1.543s] Level 1:colcon.colcon_core.package_identification:_identify(src/bluerov2_controller) by extension 'colcon_pkg'
[1.543s] Level 1:colcon.colcon_core.package_identification:_identify(src/bluerov2_controller) by extensions ['colcon_meta']
[1.543s] Level 1:colcon.colcon_core.package_identification:_identify(src/bluerov2_controller) by extension 'colcon_meta'
[1.543s] Level 1:colcon.colcon_core.package_identification:_identify(src/bluerov2_controller) by extensions ['ros']
[1.543s] Level 1:colcon.colcon_core.package_identification:_identify(src/bluerov2_controller) by extension 'ros'
[1.544s] DEBUG:colcon.colcon_core.package_identification:Package 'src/bluerov2_controller' with type 'ros.ament_python' and name 'bluerov2_controller'
[1.544s] Level 1:colcon.colcon_core.package_identification:_identify(src/bluerov2_interfaces) by extensions ['ignore', 'ignore_ament_install']
[1.544s] Level 1:colcon.colcon_core.package_identification:_identify(src/bluerov2_interfaces) by extension 'ignore'
[1.545s] Level 1:colcon.colcon_core.package_identification:_identify(src/bluerov2_interfaces) by extension 'ignore_ament_install'
[1.545s] Level 1:colcon.colcon_core.package_identification:_identify(src/bluerov2_interfaces) by extensions ['colcon_pkg']
[1.545s] Level 1:colcon.colcon_core.package_identification:_identify(src/bluerov2_interfaces) by extension 'colcon_pkg'
[1.545s] Level 1:colcon.colcon_core.package_identification:_identify(src/bluerov2_interfaces) by extensions ['colcon_meta']
[1.545s] Level 1:colcon.colcon_core.package_identification:_identify(src/bluerov2_interfaces) by extension 'colcon_meta'
[1.545s] Level 1:colcon.colcon_core.package_identification:_identify(src/bluerov2_interfaces) by extensions ['ros']
[1.545s] Level 1:colcon.colcon_core.package_identification:_identify(src/bluerov2_interfaces) by extension 'ros'
[1.546s] DEBUG:colcon.colcon_core.package_identification:Package 'src/bluerov2_interfaces' with type 'ros.ament_cmake' and name 'bluerov2_interfaces'
[1.546s] Level 1:colcon.colcon_core.package_identification:_identify(src/tritech_micron) by extensions ['ignore', 'ignore_ament_install']
[1.546s] Level 1:colcon.colcon_core.package_identification:_identify(src/tritech_micron) by extension 'ignore'
[1.546s] Level 1:colcon.colcon_core.package_identification:_identify(src/tritech_micron) by extension 'ignore_ament_install'
[1.546s] Level 1:colcon.colcon_core.package_identification:_identify(src/tritech_micron) by extensions ['colcon_pkg']
[1.546s] Level 1:colcon.colcon_core.package_identification:_identify(src/tritech_micron) by extension 'colcon_pkg'
[1.546s] Level 1:colcon.colcon_core.package_identification:_identify(src/tritech_micron) by extensions ['colcon_meta']
[1.547s] Level 1:colcon.colcon_core.package_identification:_identify(src/tritech_micron) by extension 'colcon_meta'
[1.547s] Level 1:colcon.colcon_core.package_identification:_identify(src/tritech_micron) by extensions ['ros']
[1.547s] Level 1:colcon.colcon_core.package_identification:_identify(src/tritech_micron) by extension 'ros'
[1.548s] DEBUG:colcon.colcon_core.package_identification:Package 'src/tritech_micron' with type 'ros.ament_python' and name 'tritech_micron'
[1.548s] Level 1:colcon.colcon_core.package_identification:_identify(src/tritech_micron_interfaces) by extensions ['ignore', 'ignore_ament_install']
[1.548s] Level 1:colcon.colcon_core.package_identification:_identify(src/tritech_micron_interfaces) by extension 'ignore'
[1.548s] Level 1:colcon.colcon_core.package_identification:_identify(src/tritech_micron_interfaces) by extension 'ignore_ament_install'
[1.548s] Level 1:colcon.colcon_core.package_identification:_identify(src/tritech_micron_interfaces) by extensions ['colcon_pkg']
[1.548s] Level 1:colcon.colcon_core.package_identification:_identify(src/tritech_micron_interfaces) by extension 'colcon_pkg'
[1.548s] Level 1:colcon.colcon_core.package_identification:_identify(src/tritech_micron_interfaces) by extensions ['colcon_meta']
[1.549s] Level 1:colcon.colcon_core.package_identification:_identify(src/tritech_micron_interfaces) by extension 'colcon_meta'
[1.549s] Level 1:colcon.colcon_core.package_identification:_identify(src/tritech_micron_interfaces) by extensions ['ros']
[1.549s] Level 1:colcon.colcon_core.package_identification:_identify(src/tritech_micron_interfaces) by extension 'ros'
[1.549s] DEBUG:colcon.colcon_core.package_identification:Package 'src/tritech_micron_interfaces' with type 'ros.ament_cmake' and name 'tritech_micron_interfaces'
[1.549s] Level 1:colcon.colcon_core.package_discovery:discover_packages(recursive) using defaults
[1.550s] Level 1:colcon.colcon_core.package_discovery:discover_packages(ignore) discover
[1.550s] Level 1:colcon.colcon_core.package_discovery:discover_packages(ignore) using defaults
[1.550s] Level 1:colcon.colcon_core.package_discovery:discover_packages(path) discover
[1.550s] Level 1:colcon.colcon_core.package_discovery:discover_packages(path) using defaults
[1.675s] Level 1:colcon.colcon_core.package_discovery:discover_packages(prefix_path) check parameters
[1.675s] Level 1:colcon.colcon_core.package_discovery:discover_packages(prefix_path) discover
[1.718s] DEBUG:colcon.colcon_installed_package_information.package_discovery:Found 5 installed packages in /home/bluerov/ROS-Humble-BlueRov2-Driver/install
[1.743s] DEBUG:colcon.colcon_installed_package_information.package_discovery:Found 270 installed packages in /opt/ros/humble
[1.746s] Level 1:colcon.colcon_core.package_discovery:discover_packages(prefix_path) using defaults
[1.880s] Level 5:colcon.colcon_core.verb:set package 'bluerov2_interfaces' build argument 'cmake_args' from command line to 'None'
[1.880s] Level 5:colcon.colcon_core.verb:set package 'bluerov2_interfaces' build argument 'cmake_target' from command line to 'None'
[1.880s] Level 5:colcon.colcon_core.verb:set package 'bluerov2_interfaces' build argument 'cmake_target_skip_unavailable' from command line to 'False'
[1.880s] Level 5:colcon.colcon_core.verb:set package 'bluerov2_interfaces' build argument 'cmake_clean_cache' from command line to 'False'
[1.880s] Level 5:colcon.colcon_core.verb:set package 'bluerov2_interfaces' build argument 'cmake_clean_first' from command line to 'False'
[1.880s] Level 5:colcon.colcon_core.verb:set package 'bluerov2_interfaces' build argument 'cmake_force_configure' from command line to 'False'
[1.880s] Level 5:colcon.colcon_core.verb:set package 'bluerov2_interfaces' build argument 'ament_cmake_args' from command line to 'None'
[1.880s] Level 5:colcon.colcon_core.verb:set package 'bluerov2_interfaces' build argument 'catkin_cmake_args' from command line to 'None'
[1.880s] Level 5:colcon.colcon_core.verb:set package 'bluerov2_interfaces' build argument 'catkin_skip_building_tests' from command line to 'False'
[1.881s] DEBUG:colcon.colcon_core.verb:Building package 'bluerov2_interfaces' with the following arguments: {'ament_cmake_args': None, 'build_base': '/home/bluerov/ROS-Humble-BlueRov2-Driver/build/bluerov2_interfaces', 'catkin_cmake_args': None, 'catkin_skip_building_tests': False, 'cmake_args': None, 'cmake_clean_cache': False, 'cmake_clean_first': False, 'cmake_force_configure': False, 'cmake_target': None, 'cmake_target_skip_unavailable': False, 'install_base': '/home/bluerov/ROS-Humble-BlueRov2-Driver/install/bluerov2_interfaces', 'merge_install': False, 'path': '/home/bluerov/ROS-Humble-BlueRov2-Driver/src/bluerov2_interfaces', 'symlink_install': False, 'test_result_base': None}
[1.902s] Level 5:colcon.colcon_core.verb:set package 'tritech_micron_interfaces' build argument 'cmake_args' from command line to 'None'
[1.902s] Level 5:colcon.colcon_core.verb:set package 'tritech_micron_interfaces' build argument 'cmake_target' from command line to 'None'
[1.902s] Level 5:colcon.colcon_core.verb:set package 'tritech_micron_interfaces' build argument 'cmake_target_skip_unavailable' from command line to 'False'
[1.902s] Level 5:colcon.colcon_core.verb:set package 'tritech_micron_interfaces' build argument 'cmake_clean_cache' from command line to 'False'
[1.902s] Level 5:colcon.colcon_core.verb:set package 'tritech_micron_interfaces' build argument 'cmake_clean_first' from command line to 'False'
[1.902s] Level 5:colcon.colcon_core.verb:set package 'tritech_micron_interfaces' build argument 'cmake_force_configure' from command line to 'False'
[1.902s] Level 5:colcon.colcon_core.verb:set package 'tritech_micron_interfaces' build argument 'ament_cmake_args' from command line to 'None'
[1.902s] Level 5:colcon.colcon_core.verb:set package 'tritech_micron_interfaces' build argument 'catkin_cmake_args' from command line to 'None'
[1.902s] Level 5:colcon.colcon_core.verb:set package 'tritech_micron_interfaces' build argument 'catkin_skip_building_tests' from command line to 'False'
[1.902s] DEBUG:colcon.colcon_core.verb:Building package 'tritech_micron_interfaces' with the following arguments: {'ament_cmake_args': None, 'build_base': '/home/bluerov/ROS-Humble-BlueRov2-Driver/build/tritech_micron_interfaces', 'catkin_cmake_args': None, 'catkin_skip_building_tests': False, 'cmake_args': None, 'cmake_clean_cache': False, 'cmake_clean_first': False, 'cmake_force_configure': False, 'cmake_target': None, 'cmake_target_skip_unavailable': False, 'install_base': '/home/bluerov/ROS-Humble-BlueRov2-Driver/install/tritech_micron_interfaces', 'merge_install': False, 'path': '/home/bluerov/ROS-Humble-BlueRov2-Driver/src/tritech_micron_interfaces', 'symlink_install': False, 'test_result_base': None}
[1.923s] Level 5:colcon.colcon_core.verb:set package 'bluerov2_controller' build argument 'cmake_args' from command line to 'None'
[1.923s] Level 5:colcon.colcon_core.verb:set package 'bluerov2_controller' build argument 'cmake_target' from command line to 'None'
[1.923s] Level 5:colcon.colcon_core.verb:set package 'bluerov2_controller' build argument 'cmake_target_skip_unavailable' from command line to 'False'
[1.923s] Level 5:colcon.colcon_core.verb:set package 'bluerov2_controller' build argument 'cmake_clean_cache' from command line to 'False'
[1.923s] Level 5:colcon.colcon_core.verb:set package 'bluerov2_controller' build argument 'cmake_clean_first' from command line to 'False'
[1.923s] Level 5:colcon.colcon_core.verb:set package 'bluerov2_controller' build argument 'cmake_force_configure' from command line to 'False'
[1.924s] Level 5:colcon.colcon_core.verb:set package 'bluerov2_controller' build argument 'ament_cmake_args' from command line to 'None'
[1.924s] Level 5:colcon.colcon_core.verb:set package 'bluerov2_controller' build argument 'catkin_cmake_args' from command line to 'None'
[1.924s] Level 5:colcon.colcon_core.verb:set package 'bluerov2_controller' build argument 'catkin_skip_building_tests' from command line to 'False'
[1.924s] DEBUG:colcon.colcon_core.verb:Building package 'bluerov2_controller' with the following arguments: {'ament_cmake_args': None, 'build_base': '/home/bluerov/ROS-Humble-BlueRov2-Driver/build/bluerov2_controller', 'catkin_cmake_args': None, 'catkin_skip_building_tests': False, 'cmake_args': None, 'cmake_clean_cache': False, 'cmake_clean_first': False, 'cmake_force_configure': False, 'cmake_target': None, 'cmake_target_skip_unavailable': False, 'install_base': '/home/bluerov/ROS-Humble-BlueRov2-Driver/install/bluerov2_controller', 'merge_install': False, 'path': '/home/bluerov/ROS-Humble-BlueRov2-Driver/src/bluerov2_controller', 'symlink_install': False, 'test_result_base': None}
[1.948s] Level 5:colcon.colcon_core.verb:set package 'tritech_micron' build argument 'cmake_args' from command line to 'None'
[1.948s] Level 5:colcon.colcon_core.verb:set package 'tritech_micron' build argument 'cmake_target' from command line to 'None'
[1.948s] Level 5:colcon.colcon_core.verb:set package 'tritech_micron' build argument 'cmake_target_skip_unavailable' from command line to 'False'
[1.948s] Level 5:colcon.colcon_core.verb:set package 'tritech_micron' build argument 'cmake_clean_cache' from command line to 'False'
[1.948s] Level 5:colcon.colcon_core.verb:set package 'tritech_micron' build argument 'cmake_clean_first' from command line to 'False'
[1.948s] Level 5:colcon.colcon_core.verb:set package 'tritech_micron' build argument 'cmake_force_configure' from command line to 'False'
[1.948s] Level 5:colcon.colcon_core.verb:set package 'tritech_micron' build argument 'ament_cmake_args' from command line to 'None'
[1.948s] Level 5:colcon.colcon_core.verb:set package 'tritech_micron' build argument 'catkin_cmake_args' from command line to 'None'
[1.948s] Level 5:colcon.colcon_core.verb:set package 'tritech_micron' build argument 'catkin_skip_building_tests' from command line to 'False'
[1.948s] DEBUG:colcon.colcon_core.verb:Building package 'tritech_micron' with the following arguments: {'ament_cmake_args': None, 'build_base': '/home/bluerov/ROS-Humble-BlueRov2-Driver/build/tritech_micron', 'catkin_cmake_args': None, 'catkin_skip_building_tests': False, 'cmake_args': None, 'cmake_clean_cache': False, 'cmake_clean_first': False, 'cmake_force_configure': False, 'cmake_target': None, 'cmake_target_skip_unavailable': False, 'install_base': '/home/bluerov/ROS-Humble-BlueRov2-Driver/install/tritech_micron', 'merge_install': False, 'path': '/home/bluerov/ROS-Humble-BlueRov2-Driver/src/tritech_micron', 'symlink_install': False, 'test_result_base': None}
[1.969s] Level 5:colcon.colcon_core.verb:set package 'bluerov2_bringup' build argument 'cmake_args' from command line to 'None'
[1.969s] Level 5:colcon.colcon_core.verb:set package 'bluerov2_bringup' build argument 'cmake_target' from command line to 'None'
[1.969s] Level 5:colcon.colcon_core.verb:set package 'bluerov2_bringup' build argument 'cmake_target_skip_unavailable' from command line to 'False'
[1.969s] Level 5:colcon.colcon_core.verb:set package 'bluerov2_bringup' build argument 'cmake_clean_cache' from command line to 'False'
[1.969s] Level 5:colcon.colcon_core.verb:set package 'bluerov2_bringup' build argument 'cmake_clean_first' from command line to 'False'
[1.969s] Level 5:colcon.colcon_core.verb:set package 'bluerov2_bringup' build argument 'cmake_force_configure' from command line to 'False'
[1.969s] Level 5:colcon.colcon_core.verb:set package 'bluerov2_bringup' build argument 'ament_cmake_args' from command line to 'None'
[1.969s] Level 5:colcon.colcon_core.verb:set package 'bluerov2_bringup' build argument 'catkin_cmake_args' from command line to 'None'
[1.969s] Level 5:colcon.colcon_core.verb:set package 'bluerov2_bringup' build argument 'catkin_skip_building_tests' from command line to 'False'
[1.970s] DEBUG:colcon.colcon_core.verb:Building package 'bluerov2_bringup' with the following arguments: {'ament_cmake_args': None, 'build_base': '/home/bluerov/ROS-Humble-BlueRov2-Driver/build/bluerov2_bringup', 'catkin_cmake_args': None, 'catkin_skip_building_tests': False, 'cmake_args': None, 'cmake_clean_cache': False, 'cmake_clean_first': False, 'cmake_force_configure': False, 'cmake_target': None, 'cmake_target_skip_unavailable': False, 'install_base': '/home/bluerov/ROS-Humble-BlueRov2-Driver/install/bluerov2_bringup', 'merge_install': False, 'path': '/home/bluerov/ROS-Humble-BlueRov2-Driver/src/bluerov2_bringup', 'symlink_install': False, 'test_result_base': None}
[1.990s] INFO:colcon.colcon_core.executor:Executing jobs using 'parallel' executor
[2.011s] DEBUG:colcon.colcon_parallel_executor.executor.parallel:run_until_complete
[2.012s] INFO:colcon.colcon_ros.task.ament_cmake.build:Building ROS package in '/home/bluerov/ROS-Humble-BlueRov2-Driver/src/bluerov2_interfaces' with build type 'ament_cmake'
[2.012s] INFO:colcon.colcon_cmake.task.cmake.build:Building CMake package in '/home/bluerov/ROS-Humble-BlueRov2-Driver/src/bluerov2_interfaces'
[2.045s] INFO:colcon.colcon_core.plugin_system:Skipping extension 'colcon_core.shell.bat': Not used on non-Windows systems
[2.045s] INFO:colcon.colcon_core.shell:Skip shell extension 'powershell' for command environment: Not usable outside of PowerShell
[2.045s] DEBUG:colcon.colcon_core.shell:Skip shell extension 'dsv' for command environment
[2.124s] INFO:colcon.colcon_ros.task.ament_cmake.build:Building ROS package in '/home/bluerov/ROS-Humble-BlueRov2-Driver/src/tritech_micron_interfaces' with build type 'ament_cmake'
[2.124s] INFO:colcon.colcon_cmake.task.cmake.build:Building CMake package in '/home/bluerov/ROS-Humble-BlueRov2-Driver/src/tritech_micron_interfaces'
[2.154s] INFO:colcon.colcon_core.shell:Skip shell extension 'powershell' for command environment: Not usable outside of PowerShell
[2.154s] DEBUG:colcon.colcon_core.shell:Skip shell extension 'dsv' for command environment
[2.240s] DEBUG:colcon.colcon_core.event_handler.log_command:Invoking command in '/home/bluerov/ROS-Humble-BlueRov2-Driver/build/bluerov2_interfaces': CMAKE_PREFIX_PATH=${CMAKE_PREFIX_PATH}:/home/bluerov/ROS-Humble-BlueRov2-Driver/install/tritech_micron:/home/bluerov/ROS-Humble-BlueRov2-Driver/install/bluerov2_controller:/opt/ros/humble /usr/bin/cmake --build /home/bluerov/ROS-Humble-BlueRov2-Driver/build/bluerov2_interfaces -- -j4 -l4
[2.250s] DEBUG:colcon.colcon_core.event_handler.log_command:Invoking command in '/home/bluerov/ROS-Humble-BlueRov2-Driver/build/tritech_micron_interfaces': CMAKE_PREFIX_PATH=${CMAKE_PREFIX_PATH}:/home/bluerov/ROS-Humble-BlueRov2-Driver/install/tritech_micron:/home/bluerov/ROS-Humble-BlueRov2-Driver/install/bluerov2_controller:/opt/ros/humble /usr/bin/cmake --build /home/bluerov/ROS-Humble-BlueRov2-Driver/build/tritech_micron_interfaces -- -j4 -l4
[3.266s] DEBUG:colcon.colcon_core.event_handler.log_command:Invoked command in '/home/bluerov/ROS-Humble-BlueRov2-Driver/build/tritech_micron_interfaces' returned '0': CMAKE_PREFIX_PATH=${CMAKE_PREFIX_PATH}:/home/bluerov/ROS-Humble-BlueRov2-Driver/install/tritech_micron:/home/bluerov/ROS-Humble-BlueRov2-Driver/install/bluerov2_controller:/opt/ros/humble /usr/bin/cmake --build /home/bluerov/ROS-Humble-BlueRov2-Driver/build/tritech_micron_interfaces -- -j4 -l4
[3.367s] DEBUG:colcon.colcon_core.event_handler.log_command:Invoking command in '/home/bluerov/ROS-Humble-BlueRov2-Driver/build/tritech_micron_interfaces': CMAKE_PREFIX_PATH=${CMAKE_PREFIX_PATH}:/home/bluerov/ROS-Humble-BlueRov2-Driver/install/tritech_micron:/home/bluerov/ROS-Humble-BlueRov2-Driver/install/bluerov2_controller:/opt/ros/humble /usr/bin/cmake --install /home/bluerov/ROS-Humble-BlueRov2-Driver/build/tritech_micron_interfaces
[3.399s] DEBUG:colcon.colcon_core.event_handler.log_command:Invoked command in '/home/bluerov/ROS-Humble-BlueRov2-Driver/build/bluerov2_interfaces' returned '0': CMAKE_PREFIX_PATH=${CMAKE_PREFIX_PATH}:/home/bluerov/ROS-Humble-BlueRov2-Driver/install/tritech_micron:/home/bluerov/ROS-Humble-BlueRov2-Driver/install/bluerov2_controller:/opt/ros/humble /usr/bin/cmake --build /home/bluerov/ROS-Humble-BlueRov2-Driver/build/bluerov2_interfaces -- -j4 -l4
[3.498s] Level 1:colcon.colcon_core.environment:create_environment_scripts_only(tritech_micron_interfaces)
[3.510s] DEBUG:colcon.colcon_core.event_handler.log_command:Invoked command in '/home/bluerov/ROS-Humble-BlueRov2-Driver/build/tritech_micron_interfaces' returned '0': CMAKE_PREFIX_PATH=${CMAKE_PREFIX_PATH}:/home/bluerov/ROS-Humble-BlueRov2-Driver/install/tritech_micron:/home/bluerov/ROS-Humble-BlueRov2-Driver/install/bluerov2_controller:/opt/ros/humble /usr/bin/cmake --install /home/bluerov/ROS-Humble-BlueRov2-Driver/build/tritech_micron_interfaces
[3.549s] Level 1:colcon.colcon_core.environment:checking '/home/bluerov/ROS-Humble-BlueRov2-Driver/install/tritech_micron_interfaces' for CMake module files
[3.551s] Level 1:colcon.colcon_core.environment:checking '/home/bluerov/ROS-Humble-BlueRov2-Driver/install/tritech_micron_interfaces' for CMake config files
[3.553s] Level 1:colcon.colcon_core.shell:create_environment_hook('tritech_micron_interfaces', 'cmake_prefix_path')
[3.591s] INFO:colcon.colcon_core.shell:Creating environment hook '/home/bluerov/ROS-Humble-BlueRov2-Driver/install/tritech_micron_interfaces/share/tritech_micron_interfaces/hook/cmake_prefix_path.ps1'
[3.592s] INFO:colcon.colcon_core.shell:Creating environment descriptor '/home/bluerov/ROS-Humble-BlueRov2-Driver/install/tritech_micron_interfaces/share/tritech_micron_interfaces/hook/cmake_prefix_path.dsv'
[3.593s] INFO:colcon.colcon_core.shell:Creating environment hook '/home/bluerov/ROS-Humble-BlueRov2-Driver/install/tritech_micron_interfaces/share/tritech_micron_interfaces/hook/cmake_prefix_path.sh'
[3.595s] Level 1:colcon.colcon_core.environment:checking '/home/bluerov/ROS-Humble-BlueRov2-Driver/install/tritech_micron_interfaces/lib'
[3.595s] Level 1:colcon.colcon_core.shell:create_environment_hook('tritech_micron_interfaces', 'ld_library_path_lib')
[3.630s] INFO:colcon.colcon_core.shell:Creating environment hook '/home/bluerov/ROS-Humble-BlueRov2-Driver/install/tritech_micron_interfaces/share/tritech_micron_interfaces/hook/ld_library_path_lib.ps1'
[3.631s] INFO:colcon.colcon_core.shell:Creating environment descriptor '/home/bluerov/ROS-Humble-BlueRov2-Driver/install/tritech_micron_interfaces/share/tritech_micron_interfaces/hook/ld_library_path_lib.dsv'
[3.631s] INFO:colcon.colcon_core.shell:Creating environment hook '/home/bluerov/ROS-Humble-BlueRov2-Driver/install/tritech_micron_interfaces/share/tritech_micron_interfaces/hook/ld_library_path_lib.sh'
[3.632s] Level 1:colcon.colcon_core.environment:checking '/home/bluerov/ROS-Humble-BlueRov2-Driver/install/tritech_micron_interfaces/bin'
[3.632s] Level 1:colcon.colcon_core.environment:checking '/home/bluerov/ROS-Humble-BlueRov2-Driver/install/tritech_micron_interfaces/lib/pkgconfig/tritech_micron_interfaces.pc'
[3.632s] Level 1:colcon.colcon_core.environment:checking '/home/bluerov/ROS-Humble-BlueRov2-Driver/install/tritech_micron_interfaces/lib/python3.10/site-packages'
[3.633s] Level 1:colcon.colcon_core.environment:checking '/home/bluerov/ROS-Humble-BlueRov2-Driver/install/tritech_micron_interfaces/bin'
[3.662s] INFO:colcon.colcon_core.shell:Creating package script '/home/bluerov/ROS-Humble-BlueRov2-Driver/install/tritech_micron_interfaces/share/tritech_micron_interfaces/package.ps1'
[3.663s] INFO:colcon.colcon_core.shell:Creating package descriptor '/home/bluerov/ROS-Humble-BlueRov2-Driver/install/tritech_micron_interfaces/share/tritech_micron_interfaces/package.dsv'
[3.664s] INFO:colcon.colcon_core.shell:Creating package script '/home/bluerov/ROS-Humble-BlueRov2-Driver/install/tritech_micron_interfaces/share/tritech_micron_interfaces/package.sh'
[3.665s] INFO:colcon.colcon_core.shell:Creating package script '/home/bluerov/ROS-Humble-BlueRov2-Driver/install/tritech_micron_interfaces/share/tritech_micron_interfaces/package.bash'
[3.666s] INFO:colcon.colcon_core.shell:Creating package script '/home/bluerov/ROS-Humble-BlueRov2-Driver/install/tritech_micron_interfaces/share/tritech_micron_interfaces/package.zsh'
[3.667s] Level 1:colcon.colcon_core.environment:create_file_with_runtime_dependencies(/home/bluerov/ROS-Humble-BlueRov2-Driver/install/tritech_micron_interfaces/share/colcon-core/packages/tritech_micron_interfaces)
[3.671s] DEBUG:colcon.colcon_core.event_handler.log_command:Invoking command in '/home/bluerov/ROS-Humble-BlueRov2-Driver/build/bluerov2_interfaces': CMAKE_PREFIX_PATH=${CMAKE_PREFIX_PATH}:/home/bluerov/ROS-Humble-BlueRov2-Driver/install/tritech_micron:/home/bluerov/ROS-Humble-BlueRov2-Driver/install/bluerov2_controller:/opt/ros/humble /usr/bin/cmake --install /home/bluerov/ROS-Humble-BlueRov2-Driver/build/bluerov2_interfaces
[3.860s] Level 1:colcon.colcon_core.environment:create_environment_scripts_only(tritech_micron_interfaces)
[3.897s] Level 1:colcon.colcon_core.environment:checking '/home/bluerov/ROS-Humble-BlueRov2-Driver/install/tritech_micron_interfaces' for CMake module files
[3.899s] Level 1:colcon.colcon_core.environment:checking '/home/bluerov/ROS-Humble-BlueRov2-Driver/install/tritech_micron_interfaces' for CMake config files
[3.900s] Level 1:colcon.colcon_core.shell:create_environment_hook('tritech_micron_interfaces', 'cmake_prefix_path')
[3.936s] INFO:colcon.colcon_core.shell:Creating environment hook '/home/bluerov/ROS-Humble-BlueRov2-Driver/install/tritech_micron_interfaces/share/tritech_micron_interfaces/hook/cmake_prefix_path.ps1'
[3.937s] INFO:colcon.colcon_core.shell:Creating environment descriptor '/home/bluerov/ROS-Humble-BlueRov2-Driver/install/tritech_micron_interfaces/share/tritech_micron_interfaces/hook/cmake_prefix_path.dsv'
[3.938s] INFO:colcon.colcon_core.shell:Creating environment hook '/home/bluerov/ROS-Humble-BlueRov2-Driver/install/tritech_micron_interfaces/share/tritech_micron_interfaces/hook/cmake_prefix_path.sh'
[3.938s] Level 1:colcon.colcon_core.environment:checking '/home/bluerov/ROS-Humble-BlueRov2-Driver/install/tritech_micron_interfaces/lib'
[3.939s] Level 1:colcon.colcon_core.shell:create_environment_hook('tritech_micron_interfaces', 'ld_library_path_lib')
[3.976s] INFO:colcon.colcon_core.shell:Creating environment hook '/home/bluerov/ROS-Humble-BlueRov2-Driver/install/tritech_micron_interfaces/share/tritech_micron_interfaces/hook/ld_library_path_lib.ps1'
[3.977s] INFO:colcon.colcon_core.shell:Creating environment descriptor '/home/bluerov/ROS-Humble-BlueRov2-Driver/install/tritech_micron_interfaces/share/tritech_micron_interfaces/hook/ld_library_path_lib.dsv'
[3.977s] INFO:colcon.colcon_core.shell:Creating environment hook '/home/bluerov/ROS-Humble-BlueRov2-Driver/install/tritech_micron_interfaces/share/tritech_micron_interfaces/hook/ld_library_path_lib.sh'
[3.978s] Level 1:colcon.colcon_core.environment:checking '/home/bluerov/ROS-Humble-BlueRov2-Driver/install/tritech_micron_interfaces/bin'
[3.978s] Level 1:colcon.colcon_core.environment:checking '/home/bluerov/ROS-Humble-BlueRov2-Driver/install/tritech_micron_interfaces/lib/pkgconfig/tritech_micron_interfaces.pc'
[3.978s] Level 1:colcon.colcon_core.environment:checking '/home/bluerov/ROS-Humble-BlueRov2-Driver/install/tritech_micron_interfaces/lib/python3.10/site-packages'
[3.979s] Level 1:colcon.colcon_core.environment:checking '/home/bluerov/ROS-Humble-BlueRov2-Driver/install/tritech_micron_interfaces/bin'
[4.008s] INFO:colcon.colcon_core.shell:Creating package script '/home/bluerov/ROS-Humble-BlueRov2-Driver/install/tritech_micron_interfaces/share/tritech_micron_interfaces/package.ps1'
[4.009s] INFO:colcon.colcon_core.shell:Creating package descriptor '/home/bluerov/ROS-Humble-BlueRov2-Driver/install/tritech_micron_interfaces/share/tritech_micron_interfaces/package.dsv'
[4.010s] INFO:colcon.colcon_core.shell:Creating package script '/home/bluerov/ROS-Humble-BlueRov2-Driver/install/tritech_micron_interfaces/share/tritech_micron_interfaces/package.sh'
[4.011s] INFO:colcon.colcon_core.shell:Creating package script '/home/bluerov/ROS-Humble-BlueRov2-Driver/install/tritech_micron_interfaces/share/tritech_micron_interfaces/package.bash'
[4.011s] INFO:colcon.colcon_core.shell:Creating package script '/home/bluerov/ROS-Humble-BlueRov2-Driver/install/tritech_micron_interfaces/share/tritech_micron_interfaces/package.zsh'
[4.012s] Level 1:colcon.colcon_core.environment:create_file_with_runtime_dependencies(/home/bluerov/ROS-Humble-BlueRov2-Driver/install/tritech_micron_interfaces/share/colcon-core/packages/tritech_micron_interfaces)
[4.013s] INFO:colcon.colcon_ros.task.ament_python.build:Building ROS package in '/home/bluerov/ROS-Humble-BlueRov2-Driver/src/tritech_micron' with build type 'ament_python'
[4.013s] Level 1:colcon.colcon_core.shell:create_environment_hook('tritech_micron', 'ament_prefix_path')
[4.044s] INFO:colcon.colcon_core.shell:Creating environment hook '/home/bluerov/ROS-Humble-BlueRov2-Driver/install/tritech_micron/share/tritech_micron/hook/ament_prefix_path.ps1'
[4.046s] INFO:colcon.colcon_core.shell:Creating environment descriptor '/home/bluerov/ROS-Humble-BlueRov2-Driver/install/tritech_micron/share/tritech_micron/hook/ament_prefix_path.dsv'
[4.047s] INFO:colcon.colcon_core.shell:Creating environment hook '/home/bluerov/ROS-Humble-BlueRov2-Driver/install/tritech_micron/share/tritech_micron/hook/ament_prefix_path.sh'
[4.071s] INFO:colcon.colcon_core.shell:Skip shell extension 'powershell' for command environment: Not usable outside of PowerShell
[4.071s] DEBUG:colcon.colcon_core.shell:Skip shell extension 'dsv' for command environment
[4.177s] Level 1:colcon.colcon_core.environment:create_environment_scripts_only(bluerov2_interfaces)
[4.178s] DEBUG:colcon.colcon_core.event_handler.log_command:Invoked command in '/home/bluerov/ROS-Humble-BlueRov2-Driver/build/bluerov2_interfaces' returned '0': CMAKE_PREFIX_PATH=${CMAKE_PREFIX_PATH}:/home/bluerov/ROS-Humble-BlueRov2-Driver/install/tritech_micron:/home/bluerov/ROS-Humble-BlueRov2-Driver/install/bluerov2_controller:/opt/ros/humble /usr/bin/cmake --install /home/bluerov/ROS-Humble-BlueRov2-Driver/build/bluerov2_interfaces
[4.207s] Level 1:colcon.colcon_core.environment:checking '/home/bluerov/ROS-Humble-BlueRov2-Driver/install/bluerov2_interfaces' for CMake module files
[4.209s] Level 1:colcon.colcon_core.environment:checking '/home/bluerov/ROS-Humble-BlueRov2-Driver/install/bluerov2_interfaces' for CMake config files
[4.210s] Level 1:colcon.colcon_core.shell:create_environment_hook('bluerov2_interfaces', 'cmake_prefix_path')
[4.250s] INFO:colcon.colcon_core.shell:Creating environment hook '/home/bluerov/ROS-Humble-BlueRov2-Driver/install/bluerov2_interfaces/share/bluerov2_interfaces/hook/cmake_prefix_path.ps1'
[4.251s] INFO:colcon.colcon_core.shell:Creating environment descriptor '/home/bluerov/ROS-Humble-BlueRov2-Driver/install/bluerov2_interfaces/share/bluerov2_interfaces/hook/cmake_prefix_path.dsv'
[4.252s] INFO:colcon.colcon_core.shell:Creating environment hook '/home/bluerov/ROS-Humble-BlueRov2-Driver/install/bluerov2_interfaces/share/bluerov2_interfaces/hook/cmake_prefix_path.sh'
[4.253s] Level 1:colcon.colcon_core.environment:checking '/home/bluerov/ROS-Humble-BlueRov2-Driver/install/bluerov2_interfaces/lib'
[4.253s] Level 1:colcon.colcon_core.shell:create_environment_hook('bluerov2_interfaces', 'ld_library_path_lib')
[4.294s] INFO:colcon.colcon_core.shell:Creating environment hook '/home/bluerov/ROS-Humble-BlueRov2-Driver/install/bluerov2_interfaces/share/bluerov2_interfaces/hook/ld_library_path_lib.ps1'
[4.295s] INFO:colcon.colcon_core.shell:Creating environment descriptor '/home/bluerov/ROS-Humble-BlueRov2-Driver/install/bluerov2_interfaces/share/bluerov2_interfaces/hook/ld_library_path_lib.dsv'
[4.295s] INFO:colcon.colcon_core.shell:Creating environment hook '/home/bluerov/ROS-Humble-BlueRov2-Driver/install/bluerov2_interfaces/share/bluerov2_interfaces/hook/ld_library_path_lib.sh'
[4.296s] Level 1:colcon.colcon_core.environment:checking '/home/bluerov/ROS-Humble-BlueRov2-Driver/install/bluerov2_interfaces/bin'
[4.296s] Level 1:colcon.colcon_core.environment:checking '/home/bluerov/ROS-Humble-BlueRov2-Driver/install/bluerov2_interfaces/lib/pkgconfig/bluerov2_interfaces.pc'
[4.297s] Level 1:colcon.colcon_core.environment:checking '/home/bluerov/ROS-Humble-BlueRov2-Driver/install/bluerov2_interfaces/lib/python3.10/site-packages'
[4.297s] Level 1:colcon.colcon_core.environment:checking '/home/bluerov/ROS-Humble-BlueRov2-Driver/install/bluerov2_interfaces/bin'
[4.338s] INFO:colcon.colcon_core.shell:Creating package script '/home/bluerov/ROS-Humble-BlueRov2-Driver/install/bluerov2_interfaces/share/bluerov2_interfaces/package.ps1'
[4.339s] INFO:colcon.colcon_core.shell:Creating package descriptor '/home/bluerov/ROS-Humble-BlueRov2-Driver/install/bluerov2_interfaces/share/bluerov2_interfaces/package.dsv'
[4.340s] INFO:colcon.colcon_core.shell:Creating package script '/home/bluerov/ROS-Humble-BlueRov2-Driver/install/bluerov2_interfaces/share/bluerov2_interfaces/package.sh'
[4.341s] INFO:colcon.colcon_core.shell:Creating package script '/home/bluerov/ROS-Humble-BlueRov2-Driver/install/bluerov2_interfaces/share/bluerov2_interfaces/package.bash'
[4.342s] INFO:colcon.colcon_core.shell:Creating package script '/home/bluerov/ROS-Humble-BlueRov2-Driver/install/bluerov2_interfaces/share/bluerov2_interfaces/package.zsh'
[4.342s] Level 1:colcon.colcon_core.environment:create_file_with_runtime_dependencies(/home/bluerov/ROS-Humble-BlueRov2-Driver/install/bluerov2_interfaces/share/colcon-core/packages/bluerov2_interfaces)
[5.009s] INFO:colcon.colcon_core.task.python.build:Building Python package in '/home/bluerov/ROS-Humble-BlueRov2-Driver/src/tritech_micron'
[5.047s] INFO:colcon.colcon_core.shell:Skip shell extension 'powershell' for command environment: Not usable outside of PowerShell
[5.047s] DEBUG:colcon.colcon_core.shell:Skip shell extension 'dsv' for command environment
[5.183s] Level 1:colcon.colcon_core.environment:create_environment_scripts_only(bluerov2_interfaces)
[5.209s] Level 1:colcon.colcon_core.environment:checking '/home/bluerov/ROS-Humble-BlueRov2-Driver/install/bluerov2_interfaces' for CMake module files
[5.210s] Level 1:colcon.colcon_core.environment:checking '/home/bluerov/ROS-Humble-BlueRov2-Driver/install/bluerov2_interfaces' for CMake config files
[5.211s] Level 1:colcon.colcon_core.shell:create_environment_hook('bluerov2_interfaces', 'cmake_prefix_path')
[5.237s] INFO:colcon.colcon_core.shell:Creating environment hook '/home/bluerov/ROS-Humble-BlueRov2-Driver/install/bluerov2_interfaces/share/bluerov2_interfaces/hook/cmake_prefix_path.ps1'
[5.238s] INFO:colcon.colcon_core.shell:Creating environment descriptor '/home/bluerov/ROS-Humble-BlueRov2-Driver/install/bluerov2_interfaces/share/bluerov2_interfaces/hook/cmake_prefix_path.dsv'
[5.238s] INFO:colcon.colcon_core.shell:Creating environment hook '/home/bluerov/ROS-Humble-BlueRov2-Driver/install/bluerov2_interfaces/share/bluerov2_interfaces/hook/cmake_prefix_path.sh'
[5.239s] Level 1:colcon.colcon_core.environment:checking '/home/bluerov/ROS-Humble-BlueRov2-Driver/install/bluerov2_interfaces/lib'
[5.240s] Level 1:colcon.colcon_core.shell:create_environment_hook('bluerov2_interfaces', 'ld_library_path_lib')
[5.282s] INFO:colcon.colcon_core.shell:Creating environment hook '/home/bluerov/ROS-Humble-BlueRov2-Driver/install/bluerov2_interfaces/share/bluerov2_interfaces/hook/ld_library_path_lib.ps1'
[5.283s] INFO:colcon.colcon_core.shell:Creating environment descriptor '/home/bluerov/ROS-Humble-BlueRov2-Driver/install/bluerov2_interfaces/share/bluerov2_interfaces/hook/ld_library_path_lib.dsv'
[5.284s] INFO:colcon.colcon_core.shell:Creating environment hook '/home/bluerov/ROS-Humble-BlueRov2-Driver/install/bluerov2_interfaces/share/bluerov2_interfaces/hook/ld_library_path_lib.sh'
[5.285s] Level 1:colcon.colcon_core.environment:checking '/home/bluerov/ROS-Humble-BlueRov2-Driver/install/bluerov2_interfaces/bin'
[5.285s] Level 1:colcon.colcon_core.environment:checking '/home/bluerov/ROS-Humble-BlueRov2-Driver/install/bluerov2_interfaces/lib/pkgconfig/bluerov2_interfaces.pc'
[5.286s] Level 1:colcon.colcon_core.environment:checking '/home/bluerov/ROS-Humble-BlueRov2-Driver/install/bluerov2_interfaces/lib/python3.10/site-packages'
[5.286s] Level 1:colcon.colcon_core.environment:checking '/home/bluerov/ROS-Humble-BlueRov2-Driver/install/bluerov2_interfaces/bin'
[5.327s] INFO:colcon.colcon_core.shell:Creating package script '/home/bluerov/ROS-Humble-BlueRov2-Driver/install/bluerov2_interfaces/share/bluerov2_interfaces/package.ps1'
[5.329s] INFO:colcon.colcon_core.shell:Creating package descriptor '/home/bluerov/ROS-Humble-BlueRov2-Driver/install/bluerov2_interfaces/share/bluerov2_interfaces/package.dsv'
[5.330s] INFO:colcon.colcon_core.shell:Creating package script '/home/bluerov/ROS-Humble-BlueRov2-Driver/install/bluerov2_interfaces/share/bluerov2_interfaces/package.sh'
[5.331s] INFO:colcon.colcon_core.shell:Creating package script '/home/bluerov/ROS-Humble-BlueRov2-Driver/install/bluerov2_interfaces/share/bluerov2_interfaces/package.bash'
[5.332s] INFO:colcon.colcon_core.shell:Creating package script '/home/bluerov/ROS-Humble-BlueRov2-Driver/install/bluerov2_interfaces/share/bluerov2_interfaces/package.zsh'
[5.333s] Level 1:colcon.colcon_core.environment:create_file_with_runtime_dependencies(/home/bluerov/ROS-Humble-BlueRov2-Driver/install/bluerov2_interfaces/share/colcon-core/packages/bluerov2_interfaces)
[5.335s] INFO:colcon.colcon_ros.task.ament_python.build:Building ROS package in '/home/bluerov/ROS-Humble-BlueRov2-Driver/src/bluerov2_controller' with build type 'ament_python'
[5.335s] Level 1:colcon.colcon_core.shell:create_environment_hook('bluerov2_controller', 'ament_prefix_path')
[5.379s] INFO:colcon.colcon_core.shell:Creating environment hook '/home/bluerov/ROS-Humble-BlueRov2-Driver/install/bluerov2_controller/share/bluerov2_controller/hook/ament_prefix_path.ps1'
[5.380s] INFO:colcon.colcon_core.shell:Creating environment descriptor '/home/bluerov/ROS-Humble-BlueRov2-Driver/install/bluerov2_controller/share/bluerov2_controller/hook/ament_prefix_path.dsv'
[5.381s] INFO:colcon.colcon_core.shell:Creating environment hook '/home/bluerov/ROS-Humble-BlueRov2-Driver/install/bluerov2_controller/share/bluerov2_controller/hook/ament_prefix_path.sh'
[5.418s] INFO:colcon.colcon_core.shell:Skip shell extension 'powershell' for command environment: Not usable outside of PowerShell
[5.419s] DEBUG:colcon.colcon_core.shell:Skip shell extension 'dsv' for command environment
[6.266s] INFO:colcon.colcon_core.task.python.build:Building Python package in '/home/bluerov/ROS-Humble-BlueRov2-Driver/src/bluerov2_controller'
[6.323s] INFO:colcon.colcon_core.shell:Skip shell extension 'powershell' for command environment: Not usable outside of PowerShell
[6.323s] DEBUG:colcon.colcon_core.shell:Skip shell extension 'dsv' for command environment
[6.539s] DEBUG:colcon.colcon_core.event_handler.log_command:Invoking command in '/home/bluerov/ROS-Humble-BlueRov2-Driver/src/tritech_micron': PYTHONPATH=/home/bluerov/ROS-Humble-BlueRov2-Driver/build/tritech_micron/prefix_override:/home/bluerov/ROS-Humble-BlueRov2-Driver/install/tritech_micron/lib/python3.10/site-packages:${PYTHONPATH} /usr/bin/python3 setup.py egg_info --egg-base ../../build/tritech_micron build --build-base /home/bluerov/ROS-Humble-BlueRov2-Driver/build/tritech_micron/build install --record /home/bluerov/ROS-Humble-BlueRov2-Driver/build/tritech_micron/install.log --single-version-externally-managed
[7.354s] DEBUG:colcon.colcon_core.event_handler.log_command:Invoked command in '/home/bluerov/ROS-Humble-BlueRov2-Driver/src/tritech_micron' returned '0': PYTHONPATH=/home/bluerov/ROS-Humble-BlueRov2-Driver/build/tritech_micron/prefix_override:/home/bluerov/ROS-Humble-BlueRov2-Driver/install/tritech_micron/lib/python3.10/site-packages:${PYTHONPATH} /usr/bin/python3 setup.py egg_info --egg-base ../../build/tritech_micron build --build-base /home/bluerov/ROS-Humble-BlueRov2-Driver/build/tritech_micron/build install --record /home/bluerov/ROS-Humble-BlueRov2-Driver/build/tritech_micron/install.log --single-version-externally-managed
[7.411s] Level 1:colcon.colcon_core.environment:checking '/home/bluerov/ROS-Humble-BlueRov2-Driver/install/tritech_micron' for CMake module files
[7.413s] Level 1:colcon.colcon_core.environment:checking '/home/bluerov/ROS-Humble-BlueRov2-Driver/install/tritech_micron' for CMake config files
[7.414s] Level 1:colcon.colcon_core.environment:checking '/home/bluerov/ROS-Humble-BlueRov2-Driver/install/tritech_micron/lib'
[7.414s] Level 1:colcon.colcon_core.environment:checking '/home/bluerov/ROS-Humble-BlueRov2-Driver/install/tritech_micron/bin'
[7.414s] Level 1:colcon.colcon_core.environment:checking '/home/bluerov/ROS-Humble-BlueRov2-Driver/install/tritech_micron/lib/pkgconfig/tritech_micron.pc'
[7.415s] Level 1:colcon.colcon_core.environment:checking '/home/bluerov/ROS-Humble-BlueRov2-Driver/install/tritech_micron/lib/python3.10/site-packages'
[7.415s] Level 1:colcon.colcon_core.shell:create_environment_hook('tritech_micron', 'pythonpath')
[7.471s] INFO:colcon.colcon_core.shell:Creating environment hook '/home/bluerov/ROS-Humble-BlueRov2-Driver/install/tritech_micron/share/tritech_micron/hook/pythonpath.ps1'
[7.472s] INFO:colcon.colcon_core.shell:Creating environment descriptor '/home/bluerov/ROS-Humble-BlueRov2-Driver/install/tritech_micron/share/tritech_micron/hook/pythonpath.dsv'
[7.476s] INFO:colcon.colcon_core.shell:Creating environment hook '/home/bluerov/ROS-Humble-BlueRov2-Driver/install/tritech_micron/share/tritech_micron/hook/pythonpath.sh'
[7.478s] Level 1:colcon.colcon_core.environment:checking '/home/bluerov/ROS-Humble-BlueRov2-Driver/install/tritech_micron/bin'
[7.479s] Level 1:colcon.colcon_core.environment:create_environment_scripts_only(tritech_micron)
[7.522s] INFO:colcon.colcon_core.shell:Creating package script '/home/bluerov/ROS-Humble-BlueRov2-Driver/install/tritech_micron/share/tritech_micron/package.ps1'
[7.523s] INFO:colcon.colcon_core.shell:Creating package descriptor '/home/bluerov/ROS-Humble-BlueRov2-Driver/install/tritech_micron/share/tritech_micron/package.dsv'
[7.525s] INFO:colcon.colcon_core.shell:Creating package script '/home/bluerov/ROS-Humble-BlueRov2-Driver/install/tritech_micron/share/tritech_micron/package.sh'
[7.526s] INFO:colcon.colcon_core.shell:Creating package script '/home/bluerov/ROS-Humble-BlueRov2-Driver/install/tritech_micron/share/tritech_micron/package.bash'
[7.527s] INFO:colcon.colcon_core.shell:Creating package script '/home/bluerov/ROS-Humble-BlueRov2-Driver/install/tritech_micron/share/tritech_micron/package.zsh'
[7.527s] Level 1:colcon.colcon_core.environment:create_file_with_runtime_dependencies(/home/bluerov/ROS-Humble-BlueRov2-Driver/install/tritech_micron/share/colcon-core/packages/tritech_micron)
[7.532s] DEBUG:colcon.colcon_core.event_handler.log_command:Invoking command in '/home/bluerov/ROS-Humble-BlueRov2-Driver/src/bluerov2_controller': CMAKE_PREFIX_PATH=/home/bluerov/ROS-Humble-BlueRov2-Driver/install/bluerov2_interfaces:/home/bluerov/ROS-Humble-BlueRov2-Driver/install/tritech_micron_interfaces:/home/bluerov/ROS-Humble-BlueRov2-Driver/install/bluerov2_bringup LD_LIBRARY_PATH=/home/bluerov/ROS-Humble-BlueRov2-Driver/install/bluerov2_interfaces/lib:/home/bluerov/ROS-Humble-BlueRov2-Driver/install/tritech_micron_interfaces/lib:/opt/ros/humble/opt/rviz_ogre_vendor/lib:/opt/ros/humble/lib/x86_64-linux-gnu:/opt/ros/humble/lib PYTHONPATH=/home/bluerov/ROS-Humble-BlueRov2-Driver/build/bluerov2_controller/prefix_override:/home/bluerov/ROS-Humble-BlueRov2-Driver/install/bluerov2_controller/lib/python3.10/site-packages:${PYTHONPATH} /usr/bin/python3 setup.py egg_info --egg-base ../../build/bluerov2_controller build --build-base /home/bluerov/ROS-Humble-BlueRov2-Driver/build/bluerov2_controller/build install --record /home/bluerov/ROS-Humble-BlueRov2-Driver/build/bluerov2_controller/install.log --single-version-externally-managed
[8.142s] DEBUG:colcon.colcon_core.event_handler.log_command:Invoked command in '/home/bluerov/ROS-Humble-BlueRov2-Driver/src/bluerov2_controller' returned '0': CMAKE_PREFIX_PATH=/home/bluerov/ROS-Humble-BlueRov2-Driver/install/bluerov2_interfaces:/home/bluerov/ROS-Humble-BlueRov2-Driver/install/tritech_micron_interfaces:/home/bluerov/ROS-Humble-BlueRov2-Driver/install/bluerov2_bringup LD_LIBRARY_PATH=/home/bluerov/ROS-Humble-BlueRov2-Driver/install/bluerov2_interfaces/lib:/home/bluerov/ROS-Humble-BlueRov2-Driver/install/tritech_micron_interfaces/lib:/opt/ros/humble/opt/rviz_ogre_vendor/lib:/opt/ros/humble/lib/x86_64-linux-gnu:/opt/ros/humble/lib PYTHONPATH=/home/bluerov/ROS-Humble-BlueRov2-Driver/build/bluerov2_controller/prefix_override:/home/bluerov/ROS-Humble-BlueRov2-Driver/install/bluerov2_controller/lib/python3.10/site-packages:${PYTHONPATH} /usr/bin/python3 setup.py egg_info --egg-base ../../build/bluerov2_controller build --build-base /home/bluerov/ROS-Humble-BlueRov2-Driver/build/bluerov2_controller/build install --record /home/bluerov/ROS-Humble-BlueRov2-Driver/build/bluerov2_controller/install.log --single-version-externally-managed
[8.174s] Level 1:colcon.colcon_core.environment:checking '/home/bluerov/ROS-Humble-BlueRov2-Driver/install/bluerov2_controller' for CMake module files
[8.175s] Level 1:colcon.colcon_core.environment:checking '/home/bluerov/ROS-Humble-BlueRov2-Driver/install/bluerov2_controller' for CMake config files
[8.176s] Level 1:colcon.colcon_core.environment:checking '/home/bluerov/ROS-Humble-BlueRov2-Driver/install/bluerov2_controller/lib'
[8.176s] Level 1:colcon.colcon_core.environment:checking '/home/bluerov/ROS-Humble-BlueRov2-Driver/install/bluerov2_controller/bin'
[8.177s] Level 1:colcon.colcon_core.environment:checking '/home/bluerov/ROS-Humble-BlueRov2-Driver/install/bluerov2_controller/lib/pkgconfig/bluerov2_controller.pc'
[8.177s] Level 1:colcon.colcon_core.environment:checking '/home/bluerov/ROS-Humble-BlueRov2-Driver/install/bluerov2_controller/lib/python3.10/site-packages'
[8.177s] Level 1:colcon.colcon_core.shell:create_environment_hook('bluerov2_controller', 'pythonpath')
[8.218s] INFO:colcon.colcon_core.shell:Creating environment hook '/home/bluerov/ROS-Humble-BlueRov2-Driver/install/bluerov2_controller/share/bluerov2_controller/hook/pythonpath.ps1'
[8.219s] INFO:colcon.colcon_core.shell:Creating environment descriptor '/home/bluerov/ROS-Humble-BlueRov2-Driver/install/bluerov2_controller/share/bluerov2_controller/hook/pythonpath.dsv'
[8.220s] INFO:colcon.colcon_core.shell:Creating environment hook '/home/bluerov/ROS-Humble-BlueRov2-Driver/install/bluerov2_controller/share/bluerov2_controller/hook/pythonpath.sh'
[8.221s] Level 1:colcon.colcon_core.environment:checking '/home/bluerov/ROS-Humble-BlueRov2-Driver/install/bluerov2_controller/bin'
[8.221s] Level 1:colcon.colcon_core.environment:create_environment_scripts_only(bluerov2_controller)
[8.249s] INFO:colcon.colcon_core.shell:Creating package script '/home/bluerov/ROS-Humble-BlueRov2-Driver/install/bluerov2_controller/share/bluerov2_controller/package.ps1'
[8.250s] INFO:colcon.colcon_core.shell:Creating package descriptor '/home/bluerov/ROS-Humble-BlueRov2-Driver/install/bluerov2_controller/share/bluerov2_controller/package.dsv'
[8.250s] INFO:colcon.colcon_core.shell:Creating package script '/home/bluerov/ROS-Humble-BlueRov2-Driver/install/bluerov2_controller/share/bluerov2_controller/package.sh'
[8.251s] INFO:colcon.colcon_core.shell:Creating package script '/home/bluerov/ROS-Humble-BlueRov2-Driver/install/bluerov2_controller/share/bluerov2_controller/package.bash'
[8.252s] INFO:colcon.colcon_core.shell:Creating package script '/home/bluerov/ROS-Humble-BlueRov2-Driver/install/bluerov2_controller/share/bluerov2_controller/package.zsh'
[8.252s] Level 1:colcon.colcon_core.environment:create_file_with_runtime_dependencies(/home/bluerov/ROS-Humble-BlueRov2-Driver/install/bluerov2_controller/share/colcon-core/packages/bluerov2_controller)
[8.253s] INFO:colcon.colcon_ros.task.ament_cmake.build:Building ROS package in '/home/bluerov/ROS-Humble-BlueRov2-Driver/src/bluerov2_bringup' with build type 'ament_cmake'
[8.253s] INFO:colcon.colcon_cmake.task.cmake.build:Building CMake package in '/home/bluerov/ROS-Humble-BlueRov2-Driver/src/bluerov2_bringup'
[8.300s] INFO:colcon.colcon_core.shell:Skip shell extension 'powershell' for command environment: Not usable outside of PowerShell
[8.300s] DEBUG:colcon.colcon_core.shell:Skip shell extension 'dsv' for command environment
[8.386s] DEBUG:colcon.colcon_core.event_handler.log_command:Invoking command in '/home/bluerov/ROS-Humble-BlueRov2-Driver/build/bluerov2_bringup': AMENT_PREFIX_PATH=/home/bluerov/ROS-Humble-BlueRov2-Driver/install/bluerov2_controller:/home/bluerov/ROS-Humble-BlueRov2-Driver/install/tritech_micron:/home/bluerov/ROS-Humble-BlueRov2-Driver/install/tritech_micron_interfaces:/home/bluerov/ROS-Humble-BlueRov2-Driver/install/bluerov2_bringup:/home/bluerov/ROS-Humble-BlueRov2-Driver/install/bluerov2_interfaces:/opt/ros/humble CMAKE_PREFIX_PATH=/home/bluerov/ROS-Humble-BlueRov2-Driver/install/bluerov2_interfaces:/home/bluerov/ROS-Humble-BlueRov2-Driver/install/tritech_micron_interfaces:/home/bluerov/ROS-Humble-BlueRov2-Driver/install/bluerov2_bringup:/home/bluerov/ROS-Humble-BlueRov2-Driver/install/tritech_micron:/home/bluerov/ROS-Humble-BlueRov2-Driver/install/bluerov2_controller:/opt/ros/humble LD_LIBRARY_PATH=/home/bluerov/ROS-Humble-BlueRov2-Driver/install/bluerov2_interfaces/lib:/home/bluerov/ROS-Humble-BlueRov2-Driver/install/tritech_micron_interfaces/lib:/opt/ros/humble/opt/rviz_ogre_vendor/lib:/opt/ros/humble/lib/x86_64-linux-gnu:/opt/ros/humble/lib PYTHONPATH=/home/bluerov/ROS-Humble-BlueRov2-Driver/install/bluerov2_controller/lib/python3.10/site-packages:/home/bluerov/ROS-Humble-BlueRov2-Driver/install/tritech_micron/lib/python3.10/site-packages:/home/bluerov/ROS-Humble-BlueRov2-Driver/install/tritech_micron_interfaces/local/lib/python3.10/dist-packages:/home/bluerov/ROS-Humble-BlueRov2-Driver/install/bluerov2_interfaces/local/lib/python3.10/dist-packages:/opt/ros/humble/lib/python3.10/site-packages:/opt/ros/humble/local/lib/python3.10/dist-packages /usr/bin/cmake --build /home/bluerov/ROS-Humble-BlueRov2-Driver/build/bluerov2_bringup -- -j4 -l4
[8.430s] DEBUG:colcon.colcon_core.event_handler.log_command:Invoked command in '/home/bluerov/ROS-Humble-BlueRov2-Driver/build/bluerov2_bringup' returned '0': AMENT_PREFIX_PATH=/home/bluerov/ROS-Humble-BlueRov2-Driver/install/bluerov2_controller:/home/bluerov/ROS-Humble-BlueRov2-Driver/install/tritech_micron:/home/bluerov/ROS-Humble-BlueRov2-Driver/install/tritech_micron_interfaces:/home/bluerov/ROS-Humble-BlueRov2-Driver/install/bluerov2_bringup:/home/bluerov/ROS-Humble-BlueRov2-Driver/install/bluerov2_interfaces:/opt/ros/humble CMAKE_PREFIX_PATH=/home/bluerov/ROS-Humble-BlueRov2-Driver/install/bluerov2_interfaces:/home/bluerov/ROS-Humble-BlueRov2-Driver/install/tritech_micron_interfaces:/home/bluerov/ROS-Humble-BlueRov2-Driver/install/bluerov2_bringup:/home/bluerov/ROS-Humble-BlueRov2-Driver/install/tritech_micron:/home/bluerov/ROS-Humble-BlueRov2-Driver/install/bluerov2_controller:/opt/ros/humble LD_LIBRARY_PATH=/home/bluerov/ROS-Humble-BlueRov2-Driver/install/bluerov2_interfaces/lib:/home/bluerov/ROS-Humble-BlueRov2-Driver/install/tritech_micron_interfaces/lib:/opt/ros/humble/opt/rviz_ogre_vendor/lib:/opt/ros/humble/lib/x86_64-linux-gnu:/opt/ros/humble/lib PYTHONPATH=/home/bluerov/ROS-Humble-BlueRov2-Driver/install/bluerov2_controller/lib/python3.10/site-packages:/home/bluerov/ROS-Humble-BlueRov2-Driver/install/tritech_micron/lib/python3.10/site-packages:/home/bluerov/ROS-Humble-BlueRov2-Driver/install/tritech_micron_interfaces/local/lib/python3.10/dist-packages:/home/bluerov/ROS-Humble-BlueRov2-Driver/install/bluerov2_interfaces/local/lib/python3.10/dist-packages:/opt/ros/humble/lib/python3.10/site-packages:/opt/ros/humble/local/lib/python3.10/dist-packages /usr/bin/cmake --build /home/bluerov/ROS-Humble-BlueRov2-Driver/build/bluerov2_bringup -- -j4 -l4
[8.456s] DEBUG:colcon.colcon_core.event_handler.log_command:Invoking command in '/home/bluerov/ROS-Humble-BlueRov2-Driver/build/bluerov2_bringup': AMENT_PREFIX_PATH=/home/bluerov/ROS-Humble-BlueRov2-Driver/install/bluerov2_controller:/home/bluerov/ROS-Humble-BlueRov2-Driver/install/tritech_micron:/home/bluerov/ROS-Humble-BlueRov2-Driver/install/tritech_micron_interfaces:/home/bluerov/ROS-Humble-BlueRov2-Driver/install/bluerov2_bringup:/home/bluerov/ROS-Humble-BlueRov2-Driver/install/bluerov2_interfaces:/opt/ros/humble CMAKE_PREFIX_PATH=/home/bluerov/ROS-Humble-BlueRov2-Driver/install/bluerov2_interfaces:/home/bluerov/ROS-Humble-BlueRov2-Driver/install/tritech_micron_interfaces:/home/bluerov/ROS-Humble-BlueRov2-Driver/install/bluerov2_bringup:/home/bluerov/ROS-Humble-BlueRov2-Driver/install/tritech_micron:/home/bluerov/ROS-Humble-BlueRov2-Driver/install/bluerov2_controller:/opt/ros/humble LD_LIBRARY_PATH=/home/bluerov/ROS-Humble-BlueRov2-Driver/install/bluerov2_interfaces/lib:/home/bluerov/ROS-Humble-BlueRov2-Driver/install/tritech_micron_interfaces/lib:/opt/ros/humble/opt/rviz_ogre_vendor/lib:/opt/ros/humble/lib/x86_64-linux-gnu:/opt/ros/humble/lib PYTHONPATH=/home/bluerov/ROS-Humble-BlueRov2-Driver/install/bluerov2_controller/lib/python3.10/site-packages:/home/bluerov/ROS-Humble-BlueRov2-Driver/install/tritech_micron/lib/python3.10/site-packages:/home/bluerov/ROS-Humble-BlueRov2-Driver/install/tritech_micron_interfaces/local/lib/python3.10/dist-packages:/home/bluerov/ROS-Humble-BlueRov2-Driver/install/bluerov2_interfaces/local/lib/python3.10/dist-packages:/opt/ros/humble/lib/python3.10/site-packages:/opt/ros/humble/local/lib/python3.10/dist-packages /usr/bin/cmake --install /home/bluerov/ROS-Humble-BlueRov2-Driver/build/bluerov2_bringup
[8.470s] Level 1:colcon.colcon_core.environment:create_environment_scripts_only(bluerov2_bringup)
[8.473s] DEBUG:colcon.colcon_core.event_handler.log_command:Invoked command in '/home/bluerov/ROS-Humble-BlueRov2-Driver/build/bluerov2_bringup' returned '0': AMENT_PREFIX_PATH=/home/bluerov/ROS-Humble-BlueRov2-Driver/install/bluerov2_controller:/home/bluerov/ROS-Humble-BlueRov2-Driver/install/tritech_micron:/home/bluerov/ROS-Humble-BlueRov2-Driver/install/tritech_micron_interfaces:/home/bluerov/ROS-Humble-BlueRov2-Driver/install/bluerov2_bringup:/home/bluerov/ROS-Humble-BlueRov2-Driver/install/bluerov2_interfaces:/opt/ros/humble CMAKE_PREFIX_PATH=/home/bluerov/ROS-Humble-BlueRov2-Driver/install/bluerov2_interfaces:/home/bluerov/ROS-Humble-BlueRov2-Driver/install/tritech_micron_interfaces:/home/bluerov/ROS-Humble-BlueRov2-Driver/install/bluerov2_bringup:/home/bluerov/ROS-Humble-BlueRov2-Driver/install/tritech_micron:/home/bluerov/ROS-Humble-BlueRov2-Driver/install/bluerov2_controller:/opt/ros/humble LD_LIBRARY_PATH=/home/bluerov/ROS-Humble-BlueRov2-Driver/install/bluerov2_interfaces/lib:/home/bluerov/ROS-Humble-BlueRov2-Driver/install/tritech_micron_interfaces/lib:/opt/ros/humble/opt/rviz_ogre_vendor/lib:/opt/ros/humble/lib/x86_64-linux-gnu:/opt/ros/humble/lib PYTHONPATH=/home/bluerov/ROS-Humble-BlueRov2-Driver/install/bluerov2_controller/lib/python3.10/site-packages:/home/bluerov/ROS-Humble-BlueRov2-Driver/install/tritech_micron/lib/python3.10/site-packages:/home/bluerov/ROS-Humble-BlueRov2-Driver/install/tritech_micron_interfaces/local/lib/python3.10/dist-packages:/home/bluerov/ROS-Humble-BlueRov2-Driver/install/bluerov2_interfaces/local/lib/python3.10/dist-packages:/opt/ros/humble/lib/python3.10/site-packages:/opt/ros/humble/local/lib/python3.10/dist-packages /usr/bin/cmake --install /home/bluerov/ROS-Humble-BlueRov2-Driver/build/bluerov2_bringup
[8.499s] Level 1:colcon.colcon_core.environment:checking '/home/bluerov/ROS-Humble-BlueRov2-Driver/install/bluerov2_bringup' for CMake module files
[8.500s] Level 1:colcon.colcon_core.environment:checking '/home/bluerov/ROS-Humble-BlueRov2-Driver/install/bluerov2_bringup' for CMake config files
[8.500s] Level 1:colcon.colcon_core.shell:create_environment_hook('bluerov2_bringup', 'cmake_prefix_path')
[8.524s] INFO:colcon.colcon_core.shell:Creating environment hook '/home/bluerov/ROS-Humble-BlueRov2-Driver/install/bluerov2_bringup/share/bluerov2_bringup/hook/cmake_prefix_path.ps1'
[8.525s] INFO:colcon.colcon_core.shell:Creating environment descriptor '/home/bluerov/ROS-Humble-BlueRov2-Driver/install/bluerov2_bringup/share/bluerov2_bringup/hook/cmake_prefix_path.dsv'
[8.526s] INFO:colcon.colcon_core.shell:Creating environment hook '/home/bluerov/ROS-Humble-BlueRov2-Driver/install/bluerov2_bringup/share/bluerov2_bringup/hook/cmake_prefix_path.sh'
[8.527s] Level 1:colcon.colcon_core.environment:checking '/home/bluerov/ROS-Humble-BlueRov2-Driver/install/bluerov2_bringup/bin'
[8.527s] Level 1:colcon.colcon_core.environment:checking '/home/bluerov/ROS-Humble-BlueRov2-Driver/install/bluerov2_bringup/lib/pkgconfig/bluerov2_bringup.pc'
[8.527s] Level 1:colcon.colcon_core.environment:checking '/home/bluerov/ROS-Humble-BlueRov2-Driver/install/bluerov2_bringup/lib/python3.10/site-packages'
[8.528s] Level 1:colcon.colcon_core.environment:checking '/home/bluerov/ROS-Humble-BlueRov2-Driver/install/bluerov2_bringup/bin'
[8.550s] INFO:colcon.colcon_core.shell:Creating package script '/home/bluerov/ROS-Humble-BlueRov2-Driver/install/bluerov2_bringup/share/bluerov2_bringup/package.ps1'
[8.551s] INFO:colcon.colcon_core.shell:Creating package descriptor '/home/bluerov/ROS-Humble-BlueRov2-Driver/install/bluerov2_bringup/share/bluerov2_bringup/package.dsv'
[8.552s] INFO:colcon.colcon_core.shell:Creating package script '/home/bluerov/ROS-Humble-BlueRov2-Driver/install/bluerov2_bringup/share/bluerov2_bringup/package.sh'
[8.552s] INFO:colcon.colcon_core.shell:Creating package script '/home/bluerov/ROS-Humble-BlueRov2-Driver/install/bluerov2_bringup/share/bluerov2_bringup/package.bash'
[8.553s] INFO:colcon.colcon_core.shell:Creating package script '/home/bluerov/ROS-Humble-BlueRov2-Driver/install/bluerov2_bringup/share/bluerov2_bringup/package.zsh'
[8.553s] Level 1:colcon.colcon_core.environment:create_file_with_runtime_dependencies(/home/bluerov/ROS-Humble-BlueRov2-Driver/install/bluerov2_bringup/share/colcon-core/packages/bluerov2_bringup)
[8.618s] Level 1:colcon.colcon_core.environment:create_environment_scripts_only(bluerov2_bringup)
[8.655s] Level 1:colcon.colcon_core.environment:checking '/home/bluerov/ROS-Humble-BlueRov2-Driver/install/bluerov2_bringup' for CMake module files
[8.656s] Level 1:colcon.colcon_core.environment:checking '/home/bluerov/ROS-Humble-BlueRov2-Driver/install/bluerov2_bringup' for CMake config files
[8.657s] Level 1:colcon.colcon_core.shell:create_environment_hook('bluerov2_bringup', 'cmake_prefix_path')
[8.696s] INFO:colcon.colcon_core.shell:Creating environment hook '/home/bluerov/ROS-Humble-BlueRov2-Driver/install/bluerov2_bringup/share/bluerov2_bringup/hook/cmake_prefix_path.ps1'
[8.697s] INFO:colcon.colcon_core.shell:Creating environment descriptor '/home/bluerov/ROS-Humble-BlueRov2-Driver/install/bluerov2_bringup/share/bluerov2_bringup/hook/cmake_prefix_path.dsv'
[8.698s] INFO:colcon.colcon_core.shell:Creating environment hook '/home/bluerov/ROS-Humble-BlueRov2-Driver/install/bluerov2_bringup/share/bluerov2_bringup/hook/cmake_prefix_path.sh'
[8.699s] Level 1:colcon.colcon_core.environment:checking '/home/bluerov/ROS-Humble-BlueRov2-Driver/install/bluerov2_bringup/bin'
[8.699s] Level 1:colcon.colcon_core.environment:checking '/home/bluerov/ROS-Humble-BlueRov2-Driver/install/bluerov2_bringup/lib/pkgconfig/bluerov2_bringup.pc'
[8.699s] Level 1:colcon.colcon_core.environment:checking '/home/bluerov/ROS-Humble-BlueRov2-Driver/install/bluerov2_bringup/lib/python3.10/site-packages'
[8.700s] Level 1:colcon.colcon_core.environment:checking '/home/bluerov/ROS-Humble-BlueRov2-Driver/install/bluerov2_bringup/bin'
[8.764s] INFO:colcon.colcon_core.shell:Creating package script '/home/bluerov/ROS-Humble-BlueRov2-Driver/install/bluerov2_bringup/share/bluerov2_bringup/package.ps1'
[8.766s] INFO:colcon.colcon_core.shell:Creating package descriptor '/home/bluerov/ROS-Humble-BlueRov2-Driver/install/bluerov2_bringup/share/bluerov2_bringup/package.dsv'
[8.767s] INFO:colcon.colcon_core.shell:Creating package script '/home/bluerov/ROS-Humble-BlueRov2-Driver/install/bluerov2_bringup/share/bluerov2_bringup/package.sh'
[8.768s] INFO:colcon.colcon_core.shell:Creating package script '/home/bluerov/ROS-Humble-BlueRov2-Driver/install/bluerov2_bringup/share/bluerov2_bringup/package.bash'
[8.769s] INFO:colcon.colcon_core.shell:Creating package script '/home/bluerov/ROS-Humble-BlueRov2-Driver/install/bluerov2_bringup/share/bluerov2_bringup/package.zsh'
[8.769s] Level 1:colcon.colcon_core.environment:create_file_with_runtime_dependencies(/home/bluerov/ROS-Humble-BlueRov2-Driver/install/bluerov2_bringup/share/colcon-core/packages/bluerov2_bringup)
[8.770s] DEBUG:colcon.colcon_parallel_executor.executor.parallel:closing loop
[8.771s] DEBUG:colcon.colcon_parallel_executor.executor.parallel:loop closed
[8.771s] DEBUG:colcon.colcon_parallel_executor.executor.parallel:run_until_complete finished with '0'
[8.771s] DEBUG:colcon.colcon_core.event_reactor:joining thread
[8.820s] INFO:colcon.colcon_core.plugin_system:Skipping extension 'colcon_notification.desktop_notification.terminal_notifier': Not used on non-Darwin systems
[8.820s] INFO:colcon.colcon_core.plugin_system:Skipping extension 'colcon_notification.desktop_notification.win32': Not used on non-Windows systems
[8.820s] INFO:colcon.colcon_notification.desktop_notification:Sending desktop notification using 'notify2'
[8.844s] DEBUG:colcon.colcon_core.event_reactor:joined thread
[8.893s] INFO:colcon.colcon_core.shell:Creating prefix script '/home/bluerov/ROS-Humble-BlueRov2-Driver/install/local_setup.ps1'
[8.895s] INFO:colcon.colcon_core.shell:Creating prefix util module '/home/bluerov/ROS-Humble-BlueRov2-Driver/install/_local_setup_util_ps1.py'
[8.898s] INFO:colcon.colcon_core.shell:Creating prefix chain script '/home/bluerov/ROS-Humble-BlueRov2-Driver/install/setup.ps1'
[8.935s] INFO:colcon.colcon_core.shell:Creating prefix script '/home/bluerov/ROS-Humble-BlueRov2-Driver/install/local_setup.sh'
[8.937s] INFO:colcon.colcon_core.shell:Creating prefix util module '/home/bluerov/ROS-Humble-BlueRov2-Driver/install/_local_setup_util_sh.py'
[8.938s] INFO:colcon.colcon_core.shell:Creating prefix chain script '/home/bluerov/ROS-Humble-BlueRov2-Driver/install/setup.sh'
[8.979s] INFO:colcon.colcon_core.shell:Creating prefix script '/home/bluerov/ROS-Humble-BlueRov2-Driver/install/local_setup.bash'
[8.980s] INFO:colcon.colcon_core.shell:Creating prefix chain script '/home/bluerov/ROS-Humble-BlueRov2-Driver/install/setup.bash'
[9.019s] INFO:colcon.colcon_core.shell:Creating prefix script '/home/bluerov/ROS-Humble-BlueRov2-Driver/install/local_setup.zsh'
[9.020s] INFO:colcon.colcon_core.shell:Creating prefix chain script '/home/bluerov/ROS-Humble-BlueRov2-Driver/install/setup.zsh'
