[2.415s] Invoking command in '/home/bluerov/ROS-Humble-BlueRov2-Driver/src/tritech_micron': PYTHONPATH=/home/bluerov/ROS-Humble-BlueRov2-Driver/build/tritech_micron/prefix_override:/home/bluerov/ROS-Humble-BlueRov2-Driver/install/tritech_micron/lib/python3.10/site-packages:${PYTHONPATH} /usr/bin/python3 setup.py egg_info --egg-base ../../build/tritech_micron build --build-base /home/bluerov/ROS-Humble-BlueRov2-Driver/build/tritech_micron/build install --record /home/bluerov/ROS-Humble-BlueRov2-Driver/build/tritech_micron/install.log --single-version-externally-managed
[2.765s] running egg_info
[2.766s] writing ../../build/tritech_micron/tritech_micron.egg-info/PKG-INFO
[2.767s] writing dependency_links to ../../build/tritech_micron/tritech_micron.egg-info/dependency_links.txt
[2.767s] writing entry points to ../../build/tritech_micron/tritech_micron.egg-info/entry_points.txt
[2.767s] writing requirements to ../../build/tritech_micron/tritech_micron.egg-info/requires.txt
[2.767s] writing top-level names to ../../build/tritech_micron/tritech_micron.egg-info/top_level.txt
[2.771s] reading manifest file '../../build/tritech_micron/tritech_micron.egg-info/SOURCES.txt'
[2.772s] writing manifest file '../../build/tritech_micron/tritech_micron.egg-info/SOURCES.txt'
[2.772s] running build
[2.772s] running build_py
[2.774s] running install
[2.774s] running install_lib
[2.776s] running install_data
[2.777s] running install_egg_info
[2.779s] removing '/home/bluerov/ROS-Humble-BlueRov2-Driver/install/tritech_micron/lib/python3.10/site-packages/tritech_micron-0.0.0-py3.10.egg-info' (and everything under it)
[2.780s] Copying ../../build/tritech_micron/tritech_micron.egg-info to /home/bluerov/ROS-Humble-BlueRov2-Driver/install/tritech_micron/lib/python3.10/site-packages/tritech_micron-0.0.0-py3.10.egg-info
[2.781s] running install_scripts
[2.810s] Installing scan script to /home/bluerov/ROS-Humble-BlueRov2-Driver/install/tritech_micron/lib/tritech_micron
[2.811s] writing list of installed files to '/home/bluerov/ROS-Humble-BlueRov2-Driver/build/tritech_micron/install.log'
[2.855s] Invoked command in '/home/bluerov/ROS-Humble-BlueRov2-Driver/src/tritech_micron' returned '0': PYTHONPATH=/home/bluerov/ROS-Humble-BlueRov2-Driver/build/tritech_micron/prefix_override:/home/bluerov/ROS-Humble-BlueRov2-Driver/install/tritech_micron/lib/python3.10/site-packages:${PYTHONPATH} /usr/bin/python3 setup.py egg_info --egg-base ../../build/tritech_micron build --build-base /home/bluerov/ROS-Humble-BlueRov2-Driver/build/tritech_micron/build install --record /home/bluerov/ROS-Humble-BlueRov2-Driver/build/tritech_micron/install.log --single-version-externally-managed
