[3.028s] Invoking command in '/home/bluerov/ROS-Humble-BlueRov2-Driver/src/tritech_micron': PYTHONPATH=/home/bluerov/ROS-Humble-BlueRov2-Driver/build/tritech_micron/prefix_override:/home/bluerov/ROS-Humble-BlueRov2-Driver/install/tritech_micron/lib/python3.10/site-packages:${PYTHONPATH} /usr/bin/python3 setup.py egg_info --egg-base ../../build/tritech_micron build --build-base /home/bluerov/ROS-Humble-BlueRov2-Driver/build/tritech_micron/build install --record /home/bluerov/ROS-Humble-BlueRov2-Driver/build/tritech_micron/install.log --single-version-externally-managed
[3.714s] running egg_info
[3.715s] writing ../../build/tritech_micron/tritech_micron.egg-info/PKG-INFO
[3.716s] writing dependency_links to ../../build/tritech_micron/tritech_micron.egg-info/dependency_links.txt
[3.717s] writing entry points to ../../build/tritech_micron/tritech_micron.egg-info/entry_points.txt
[3.717s] writing requirements to ../../build/tritech_micron/tritech_micron.egg-info/requires.txt
[3.717s] writing top-level names to ../../build/tritech_micron/tritech_micron.egg-info/top_level.txt
[3.732s] reading manifest file '../../build/tritech_micron/tritech_micron.egg-info/SOURCES.txt'
[3.734s] writing manifest file '../../build/tritech_micron/tritech_micron.egg-info/SOURCES.txt'
[3.735s] running build
[3.736s] running build_py
[3.738s] running install
[3.739s] running install_lib
[3.743s] running install_data
[3.744s] running install_egg_info
[3.749s] removing '/home/bluerov/ROS-Humble-BlueRov2-Driver/install/tritech_micron/lib/python3.10/site-packages/tritech_micron-0.0.0-py3.10.egg-info' (and everything under it)
[3.750s] Copying ../../build/tritech_micron/tritech_micron.egg-info to /home/bluerov/ROS-Humble-BlueRov2-Driver/install/tritech_micron/lib/python3.10/site-packages/tritech_micron-0.0.0-py3.10.egg-info
[3.752s] running install_scripts
[3.797s] Installing scan script to /home/bluerov/ROS-Humble-BlueRov2-Driver/install/tritech_micron/lib/tritech_micron
[3.798s] writing list of installed files to '/home/bluerov/ROS-Humble-BlueRov2-Driver/build/tritech_micron/install.log'
[3.919s] Invoked command in '/home/bluerov/ROS-Humble-BlueRov2-Driver/src/tritech_micron' returned '0': PYTHONPATH=/home/bluerov/ROS-Humble-BlueRov2-Driver/build/tritech_micron/prefix_override:/home/bluerov/ROS-Humble-BlueRov2-Driver/install/tritech_micron/lib/python3.10/site-packages:${PYTHONPATH} /usr/bin/python3 setup.py egg_info --egg-base ../../build/tritech_micron build --build-base /home/bluerov/ROS-Humble-BlueRov2-Driver/build/tritech_micron/build install --record /home/bluerov/ROS-Humble-BlueRov2-Driver/build/tritech_micron/install.log --single-version-externally-managed
