[2.446s] Invoking command in '/home/bluerov/ROS-Humble-BlueRov2-Driver/src/bluerov2_controller': CMAKE_PREFIX_PATH=/home/bluerov/ROS-Humble-BlueRov2-Driver/install/bluerov2_interfaces:/home/bluerov/ROS-Humble-BlueRov2-Driver/install/tritech_micron_interfaces:/home/bluerov/ROS-Humble-BlueRov2-Driver/install/bluerov2_bringup LD_LIBRARY_PATH=/home/bluerov/ROS-Humble-BlueRov2-Driver/install/bluerov2_interfaces/lib:/home/bluerov/ROS-Humble-BlueRov2-Driver/install/tritech_micron_interfaces/lib:/opt/ros/humble/opt/rviz_ogre_vendor/lib:/opt/ros/humble/lib/x86_64-linux-gnu:/opt/ros/humble/lib PYTHONPATH=/home/bluerov/ROS-Humble-BlueRov2-Driver/build/bluerov2_controller/prefix_override:/home/bluerov/ROS-Humble-BlueRov2-Driver/install/bluerov2_controller/lib/python3.10/site-packages:${PYTHONPATH} /usr/bin/python3 setup.py egg_info --egg-base ../../build/bluerov2_controller build --build-base /home/bluerov/ROS-Humble-BlueRov2-Driver/build/bluerov2_controller/build install --record /home/bluerov/ROS-Humble-BlueRov2-Driver/build/bluerov2_controller/install.log --single-version-externally-managed
[3.102s] running egg_info
[3.102s] writing ../../build/bluerov2_controller/bluerov2_controller.egg-info/PKG-INFO
[3.106s] writing dependency_links to ../../build/bluerov2_controller/bluerov2_controller.egg-info/dependency_links.txt
[3.106s] writing entry points to ../../build/bluerov2_controller/bluerov2_controller.egg-info/entry_points.txt
[3.106s] writing requirements to ../../build/bluerov2_controller/bluerov2_controller.egg-info/requires.txt
[3.106s] writing top-level names to ../../build/bluerov2_controller/bluerov2_controller.egg-info/top_level.txt
[3.109s] reading manifest file '../../build/bluerov2_controller/bluerov2_controller.egg-info/SOURCES.txt'
[3.111s] writing manifest file '../../build/bluerov2_controller/bluerov2_controller.egg-info/SOURCES.txt'
[3.112s] running build
[3.112s] running build_py
[3.114s] running install
[3.115s] running install_lib
[3.118s] running install_data
[3.120s] running install_egg_info
[3.123s] removing '/home/bluerov/ROS-Humble-BlueRov2-Driver/install/bluerov2_controller/lib/python3.10/site-packages/bluerov2_controller-0.0.0-py3.10.egg-info' (and everything under it)
[3.132s] Copying ../../build/bluerov2_controller/bluerov2_controller.egg-info to /home/bluerov/ROS-Humble-BlueRov2-Driver/install/bluerov2_controller/lib/python3.10/site-packages/bluerov2_controller-0.0.0-py3.10.egg-info
[3.133s] running install_scripts
[3.182s] Installing controller script to /home/bluerov/ROS-Humble-BlueRov2-Driver/install/bluerov2_controller/lib/bluerov2_controller
[3.182s] Installing depth_controller script to /home/bluerov/ROS-Humble-BlueRov2-Driver/install/bluerov2_controller/lib/bluerov2_controller
[3.186s] Installing input_controller script to /home/bluerov/ROS-Humble-BlueRov2-Driver/install/bluerov2_controller/lib/bluerov2_controller
[3.186s] Installing pitch_controller script to /home/bluerov/ROS-Humble-BlueRov2-Driver/install/bluerov2_controller/lib/bluerov2_controller
[3.186s] Installing roll_controller script to /home/bluerov/ROS-Humble-BlueRov2-Driver/install/bluerov2_controller/lib/bluerov2_controller
[3.186s] Installing video script to /home/bluerov/ROS-Humble-BlueRov2-Driver/install/bluerov2_controller/lib/bluerov2_controller
[3.187s] Installing yaw_controller script to /home/bluerov/ROS-Humble-BlueRov2-Driver/install/bluerov2_controller/lib/bluerov2_controller
[3.187s] writing list of installed files to '/home/bluerov/ROS-Humble-BlueRov2-Driver/build/bluerov2_controller/install.log'
[3.246s] Invoked command in '/home/bluerov/ROS-Humble-BlueRov2-Driver/src/bluerov2_controller' returned '0': CMAKE_PREFIX_PATH=/home/bluerov/ROS-Humble-BlueRov2-Driver/install/bluerov2_interfaces:/home/bluerov/ROS-Humble-BlueRov2-Driver/install/tritech_micron_interfaces:/home/bluerov/ROS-Humble-BlueRov2-Driver/install/bluerov2_bringup LD_LIBRARY_PATH=/home/bluerov/ROS-Humble-BlueRov2-Driver/install/bluerov2_interfaces/lib:/home/bluerov/ROS-Humble-BlueRov2-Driver/install/tritech_micron_interfaces/lib:/opt/ros/humble/opt/rviz_ogre_vendor/lib:/opt/ros/humble/lib/x86_64-linux-gnu:/opt/ros/humble/lib PYTHONPATH=/home/bluerov/ROS-Humble-BlueRov2-Driver/build/bluerov2_controller/prefix_override:/home/bluerov/ROS-Humble-BlueRov2-Driver/install/bluerov2_controller/lib/python3.10/site-packages:${PYTHONPATH} /usr/bin/python3 setup.py egg_info --egg-base ../../build/bluerov2_controller build --build-base /home/bluerov/ROS-Humble-BlueRov2-Driver/build/bluerov2_controller/build install --record /home/bluerov/ROS-Humble-BlueRov2-Driver/build/bluerov2_controller/install.log --single-version-externally-managed
