[0.166s] DEBUG:colcon:Command line arguments: ['/usr/bin/colcon', 'build']
[0.166s] DEBUG:colcon:Parsed command line arguments: Namespace(log_base=None, log_level=None, verb_name='build', build_base='build', install_base='install', merge_install=False, symlink_install=False, test_result_base=None, continue_on_error=False, executor='parallel', parallel_workers=8, event_handlers=None, ignore_user_meta=False, metas=['./colcon.meta'], base_paths=['.'], packages_ignore=None, packages_ignore_regex=None, paths=None, packages_up_to=None, packages_up_to_regex=None, packages_above=None, packages_above_and_dependencies=None, packages_above_depth=None, packages_select_by_dep=None, packages_skip_by_dep=None, packages_skip_up_to=None, packages_select_build_failed=False, packages_skip_build_finished=False, packages_select_test_failures=False, packages_skip_test_passed=False, packages_select=None, packages_skip=None, packages_select_regex=None, packages_skip_regex=None, packages_start=None, packages_end=None, allow_overriding=[], cmake_args=None, cmake_target=None, cmake_target_skip_unavailable=False, cmake_clean_cache=False, cmake_clean_first=False, cmake_force_configure=False, ament_cmake_args=None, catkin_cmake_args=None, catkin_skip_building_tests=False, verb_parser=<colcon_defaults.argument_parser.defaults.DefaultArgumentsDecorator object at 0x73b62d8fb610>, verb_extension=<colcon_core.verb.build.BuildVerb object at 0x73b62d844070>, main=<bound method BuildVerb.main of <colcon_core.verb.build.BuildVerb object at 0x73b62d844070>>)
[0.398s] Level 1:colcon.colcon_core.package_discovery:discover_packages(colcon_meta) check parameters
[0.398s] Level 1:colcon.colcon_core.package_discovery:discover_packages(recursive) check parameters
[0.398s] Level 1:colcon.colcon_core.package_discovery:discover_packages(ignore) check parameters
[0.398s] Level 1:colcon.colcon_core.package_discovery:discover_packages(path) check parameters
[0.398s] Level 1:colcon.colcon_core.package_discovery:discover_packages(colcon_meta) discover
[0.399s] Level 1:colcon.colcon_core.package_discovery:discover_packages(recursive) discover
[0.399s] INFO:colcon.colcon_core.package_discovery:Crawling recursively for packages in '/home/bluerov/ROS-Humble-BlueRov2-Driver'
[0.399s] Level 1:colcon.colcon_core.package_identification:_identify(.) by extensions ['ignore', 'ignore_ament_install']
[0.399s] Level 1:colcon.colcon_core.package_identification:_identify(.) by extension 'ignore'
[0.399s] Level 1:colcon.colcon_core.package_identification:_identify(.) by extension 'ignore_ament_install'
[0.399s] Level 1:colcon.colcon_core.package_identification:_identify(.) by extensions ['colcon_pkg']
[0.399s] Level 1:colcon.colcon_core.package_identification:_identify(.) by extension 'colcon_pkg'
[0.399s] Level 1:colcon.colcon_core.package_identification:_identify(.) by extensions ['colcon_meta']
[0.399s] Level 1:colcon.colcon_core.package_identification:_identify(.) by extension 'colcon_meta'
[0.399s] Level 1:colcon.colcon_core.package_identification:_identify(.) by extensions ['ros']
[0.399s] Level 1:colcon.colcon_core.package_identification:_identify(.) by extension 'ros'
[0.417s] Level 1:colcon.colcon_core.package_identification:_identify(.) by extensions ['cmake', 'python']
[0.417s] Level 1:colcon.colcon_core.package_identification:_identify(.) by extension 'cmake'
[0.417s] Level 1:colcon.colcon_core.package_identification:_identify(.) by extension 'python'
[0.417s] Level 1:colcon.colcon_core.package_identification:_identify(.) by extensions ['python_setup_py']
[0.417s] Level 1:colcon.colcon_core.package_identification:_identify(.) by extension 'python_setup_py'
[0.417s] Level 1:colcon.colcon_core.package_identification:_identify(build) by extensions ['ignore', 'ignore_ament_install']
[0.418s] Level 1:colcon.colcon_core.package_identification:_identify(build) by extension 'ignore'
[0.418s] Level 1:colcon.colcon_core.package_identification:_identify(build) ignored
[0.418s] Level 1:colcon.colcon_core.package_identification:_identify(img) by extensions ['ignore', 'ignore_ament_install']
[0.418s] Level 1:colcon.colcon_core.package_identification:_identify(img) by extension 'ignore'
[0.418s] Level 1:colcon.colcon_core.package_identification:_identify(img) by extension 'ignore_ament_install'
[0.418s] Level 1:colcon.colcon_core.package_identification:_identify(img) by extensions ['colcon_pkg']
[0.418s] Level 1:colcon.colcon_core.package_identification:_identify(img) by extension 'colcon_pkg'
[0.418s] Level 1:colcon.colcon_core.package_identification:_identify(img) by extensions ['colcon_meta']
[0.418s] Level 1:colcon.colcon_core.package_identification:_identify(img) by extension 'colcon_meta'
[0.418s] Level 1:colcon.colcon_core.package_identification:_identify(img) by extensions ['ros']
[0.418s] Level 1:colcon.colcon_core.package_identification:_identify(img) by extension 'ros'
[0.418s] Level 1:colcon.colcon_core.package_identification:_identify(img) by extensions ['cmake', 'python']
[0.418s] Level 1:colcon.colcon_core.package_identification:_identify(img) by extension 'cmake'
[0.419s] Level 1:colcon.colcon_core.package_identification:_identify(img) by extension 'python'
[0.419s] Level 1:colcon.colcon_core.package_identification:_identify(img) by extensions ['python_setup_py']
[0.419s] Level 1:colcon.colcon_core.package_identification:_identify(img) by extension 'python_setup_py'
[0.419s] Level 1:colcon.colcon_core.package_identification:_identify(install) by extensions ['ignore', 'ignore_ament_install']
[0.419s] Level 1:colcon.colcon_core.package_identification:_identify(install) by extension 'ignore'
[0.419s] Level 1:colcon.colcon_core.package_identification:_identify(install) ignored
[0.420s] Level 1:colcon.colcon_core.package_identification:_identify(log) by extensions ['ignore', 'ignore_ament_install']
[0.420s] Level 1:colcon.colcon_core.package_identification:_identify(log) by extension 'ignore'
[0.420s] Level 1:colcon.colcon_core.package_identification:_identify(log) ignored
[0.420s] Level 1:colcon.colcon_core.package_identification:_identify(src) by extensions ['ignore', 'ignore_ament_install']
[0.420s] Level 1:colcon.colcon_core.package_identification:_identify(src) by extension 'ignore'
[0.420s] Level 1:colcon.colcon_core.package_identification:_identify(src) by extension 'ignore_ament_install'
[0.420s] Level 1:colcon.colcon_core.package_identification:_identify(src) by extensions ['colcon_pkg']
[0.420s] Level 1:colcon.colcon_core.package_identification:_identify(src) by extension 'colcon_pkg'
[0.420s] Level 1:colcon.colcon_core.package_identification:_identify(src) by extensions ['colcon_meta']
[0.421s] Level 1:colcon.colcon_core.package_identification:_identify(src) by extension 'colcon_meta'
[0.421s] Level 1:colcon.colcon_core.package_identification:_identify(src) by extensions ['ros']
[0.421s] Level 1:colcon.colcon_core.package_identification:_identify(src) by extension 'ros'
[0.421s] Level 1:colcon.colcon_core.package_identification:_identify(src) by extensions ['cmake', 'python']
[0.421s] Level 1:colcon.colcon_core.package_identification:_identify(src) by extension 'cmake'
[0.421s] Level 1:colcon.colcon_core.package_identification:_identify(src) by extension 'python'
[0.421s] Level 1:colcon.colcon_core.package_identification:_identify(src) by extensions ['python_setup_py']
[0.421s] Level 1:colcon.colcon_core.package_identification:_identify(src) by extension 'python_setup_py'
[0.421s] Level 1:colcon.colcon_core.package_identification:_identify(src/bluerov2_bringup) by extensions ['ignore', 'ignore_ament_install']
[0.421s] Level 1:colcon.colcon_core.package_identification:_identify(src/bluerov2_bringup) by extension 'ignore'
[0.421s] Level 1:colcon.colcon_core.package_identification:_identify(src/bluerov2_bringup) by extension 'ignore_ament_install'
[0.421s] Level 1:colcon.colcon_core.package_identification:_identify(src/bluerov2_bringup) by extensions ['colcon_pkg']
[0.421s] Level 1:colcon.colcon_core.package_identification:_identify(src/bluerov2_bringup) by extension 'colcon_pkg'
[0.421s] Level 1:colcon.colcon_core.package_identification:_identify(src/bluerov2_bringup) by extensions ['colcon_meta']
[0.421s] Level 1:colcon.colcon_core.package_identification:_identify(src/bluerov2_bringup) by extension 'colcon_meta'
[0.422s] Level 1:colcon.colcon_core.package_identification:_identify(src/bluerov2_bringup) by extensions ['ros']
[0.422s] Level 1:colcon.colcon_core.package_identification:_identify(src/bluerov2_bringup) by extension 'ros'
[0.424s] DEBUG:colcon.colcon_core.package_identification:Package 'src/bluerov2_bringup' with type 'ros.ament_cmake' and name 'bluerov2_bringup'
[0.425s] Level 1:colcon.colcon_core.package_identification:_identify(src/bluerov2_controller) by extensions ['ignore', 'ignore_ament_install']
[0.425s] Level 1:colcon.colcon_core.package_identification:_identify(src/bluerov2_controller) by extension 'ignore'
[0.425s] Level 1:colcon.colcon_core.package_identification:_identify(src/bluerov2_controller) by extension 'ignore_ament_install'
[0.425s] Level 1:colcon.colcon_core.package_identification:_identify(src/bluerov2_controller) by extensions ['colcon_pkg']
[0.425s] Level 1:colcon.colcon_core.package_identification:_identify(src/bluerov2_controller) by extension 'colcon_pkg'
[0.425s] Level 1:colcon.colcon_core.package_identification:_identify(src/bluerov2_controller) by extensions ['colcon_meta']
[0.425s] Level 1:colcon.colcon_core.package_identification:_identify(src/bluerov2_controller) by extension 'colcon_meta'
[0.425s] Level 1:colcon.colcon_core.package_identification:_identify(src/bluerov2_controller) by extensions ['ros']
[0.425s] Level 1:colcon.colcon_core.package_identification:_identify(src/bluerov2_controller) by extension 'ros'
[0.427s] DEBUG:colcon.colcon_core.package_identification:Package 'src/bluerov2_controller' with type 'ros.ament_python' and name 'bluerov2_controller'
[0.427s] Level 1:colcon.colcon_core.package_identification:_identify(src/bluerov2_interfaces) by extensions ['ignore', 'ignore_ament_install']
[0.427s] Level 1:colcon.colcon_core.package_identification:_identify(src/bluerov2_interfaces) by extension 'ignore'
[0.427s] Level 1:colcon.colcon_core.package_identification:_identify(src/bluerov2_interfaces) by extension 'ignore_ament_install'
[0.427s] Level 1:colcon.colcon_core.package_identification:_identify(src/bluerov2_interfaces) by extensions ['colcon_pkg']
[0.427s] Level 1:colcon.colcon_core.package_identification:_identify(src/bluerov2_interfaces) by extension 'colcon_pkg'
[0.427s] Level 1:colcon.colcon_core.package_identification:_identify(src/bluerov2_interfaces) by extensions ['colcon_meta']
[0.427s] Level 1:colcon.colcon_core.package_identification:_identify(src/bluerov2_interfaces) by extension 'colcon_meta'
[0.427s] Level 1:colcon.colcon_core.package_identification:_identify(src/bluerov2_interfaces) by extensions ['ros']
[0.427s] Level 1:colcon.colcon_core.package_identification:_identify(src/bluerov2_interfaces) by extension 'ros'
[0.428s] DEBUG:colcon.colcon_core.package_identification:Package 'src/bluerov2_interfaces' with type 'ros.ament_cmake' and name 'bluerov2_interfaces'
[0.428s] Level 1:colcon.colcon_core.package_identification:_identify(src/tritech_micron) by extensions ['ignore', 'ignore_ament_install']
[0.428s] Level 1:colcon.colcon_core.package_identification:_identify(src/tritech_micron) by extension 'ignore'
[0.428s] Level 1:colcon.colcon_core.package_identification:_identify(src/tritech_micron) by extension 'ignore_ament_install'
[0.429s] Level 1:colcon.colcon_core.package_identification:_identify(src/tritech_micron) by extensions ['colcon_pkg']
[0.429s] Level 1:colcon.colcon_core.package_identification:_identify(src/tritech_micron) by extension 'colcon_pkg'
[0.429s] Level 1:colcon.colcon_core.package_identification:_identify(src/tritech_micron) by extensions ['colcon_meta']
[0.429s] Level 1:colcon.colcon_core.package_identification:_identify(src/tritech_micron) by extension 'colcon_meta'
[0.429s] Level 1:colcon.colcon_core.package_identification:_identify(src/tritech_micron) by extensions ['ros']
[0.429s] Level 1:colcon.colcon_core.package_identification:_identify(src/tritech_micron) by extension 'ros'
[0.430s] DEBUG:colcon.colcon_core.package_identification:Package 'src/tritech_micron' with type 'ros.ament_python' and name 'tritech_micron'
[0.430s] Level 1:colcon.colcon_core.package_identification:_identify(src/tritech_micron_interfaces) by extensions ['ignore', 'ignore_ament_install']
[0.430s] Level 1:colcon.colcon_core.package_identification:_identify(src/tritech_micron_interfaces) by extension 'ignore'
[0.430s] Level 1:colcon.colcon_core.package_identification:_identify(src/tritech_micron_interfaces) by extension 'ignore_ament_install'
[0.430s] Level 1:colcon.colcon_core.package_identification:_identify(src/tritech_micron_interfaces) by extensions ['colcon_pkg']
[0.430s] Level 1:colcon.colcon_core.package_identification:_identify(src/tritech_micron_interfaces) by extension 'colcon_pkg'
[0.431s] Level 1:colcon.colcon_core.package_identification:_identify(src/tritech_micron_interfaces) by extensions ['colcon_meta']
[0.431s] Level 1:colcon.colcon_core.package_identification:_identify(src/tritech_micron_interfaces) by extension 'colcon_meta'
[0.431s] Level 1:colcon.colcon_core.package_identification:_identify(src/tritech_micron_interfaces) by extensions ['ros']
[0.431s] Level 1:colcon.colcon_core.package_identification:_identify(src/tritech_micron_interfaces) by extension 'ros'
[0.431s] DEBUG:colcon.colcon_core.package_identification:Package 'src/tritech_micron_interfaces' with type 'ros.ament_cmake' and name 'tritech_micron_interfaces'
[0.432s] Level 1:colcon.colcon_core.package_discovery:discover_packages(recursive) using defaults
[0.432s] Level 1:colcon.colcon_core.package_discovery:discover_packages(ignore) discover
[0.432s] Level 1:colcon.colcon_core.package_discovery:discover_packages(ignore) using defaults
[0.432s] Level 1:colcon.colcon_core.package_discovery:discover_packages(path) discover
[0.432s] Level 1:colcon.colcon_core.package_discovery:discover_packages(path) using defaults
[0.460s] Level 1:colcon.colcon_core.package_discovery:discover_packages(prefix_path) check parameters
[0.460s] Level 1:colcon.colcon_core.package_discovery:discover_packages(prefix_path) discover
[0.463s] DEBUG:colcon.colcon_installed_package_information.package_discovery:Found 5 installed packages in /home/bluerov/ROS-Humble-BlueRov2-Driver/install
[0.465s] DEBUG:colcon.colcon_installed_package_information.package_discovery:Found 270 installed packages in /opt/ros/humble
[0.468s] Level 1:colcon.colcon_core.package_discovery:discover_packages(prefix_path) using defaults
[0.546s] Level 5:colcon.colcon_core.verb:set package 'bluerov2_interfaces' build argument 'cmake_args' from command line to 'None'
[0.547s] Level 5:colcon.colcon_core.verb:set package 'bluerov2_interfaces' build argument 'cmake_target' from command line to 'None'
[0.547s] Level 5:colcon.colcon_core.verb:set package 'bluerov2_interfaces' build argument 'cmake_target_skip_unavailable' from command line to 'False'
[0.547s] Level 5:colcon.colcon_core.verb:set package 'bluerov2_interfaces' build argument 'cmake_clean_cache' from command line to 'False'
[0.547s] Level 5:colcon.colcon_core.verb:set package 'bluerov2_interfaces' build argument 'cmake_clean_first' from command line to 'False'
[0.547s] Level 5:colcon.colcon_core.verb:set package 'bluerov2_interfaces' build argument 'cmake_force_configure' from command line to 'False'
[0.547s] Level 5:colcon.colcon_core.verb:set package 'bluerov2_interfaces' build argument 'ament_cmake_args' from command line to 'None'
[0.547s] Level 5:colcon.colcon_core.verb:set package 'bluerov2_interfaces' build argument 'catkin_cmake_args' from command line to 'None'
[0.547s] Level 5:colcon.colcon_core.verb:set package 'bluerov2_interfaces' build argument 'catkin_skip_building_tests' from command line to 'False'
[0.547s] DEBUG:colcon.colcon_core.verb:Building package 'bluerov2_interfaces' with the following arguments: {'ament_cmake_args': None, 'build_base': '/home/bluerov/ROS-Humble-BlueRov2-Driver/build/bluerov2_interfaces', 'catkin_cmake_args': None, 'catkin_skip_building_tests': False, 'cmake_args': None, 'cmake_clean_cache': False, 'cmake_clean_first': False, 'cmake_force_configure': False, 'cmake_target': None, 'cmake_target_skip_unavailable': False, 'install_base': '/home/bluerov/ROS-Humble-BlueRov2-Driver/install/bluerov2_interfaces', 'merge_install': False, 'path': '/home/bluerov/ROS-Humble-BlueRov2-Driver/src/bluerov2_interfaces', 'symlink_install': False, 'test_result_base': None}
[0.547s] Level 5:colcon.colcon_core.verb:set package 'tritech_micron_interfaces' build argument 'cmake_args' from command line to 'None'
[0.548s] Level 5:colcon.colcon_core.verb:set package 'tritech_micron_interfaces' build argument 'cmake_target' from command line to 'None'
[0.548s] Level 5:colcon.colcon_core.verb:set package 'tritech_micron_interfaces' build argument 'cmake_target_skip_unavailable' from command line to 'False'
[0.548s] Level 5:colcon.colcon_core.verb:set package 'tritech_micron_interfaces' build argument 'cmake_clean_cache' from command line to 'False'
[0.548s] Level 5:colcon.colcon_core.verb:set package 'tritech_micron_interfaces' build argument 'cmake_clean_first' from command line to 'False'
[0.548s] Level 5:colcon.colcon_core.verb:set package 'tritech_micron_interfaces' build argument 'cmake_force_configure' from command line to 'False'
[0.548s] Level 5:colcon.colcon_core.verb:set package 'tritech_micron_interfaces' build argument 'ament_cmake_args' from command line to 'None'
[0.548s] Level 5:colcon.colcon_core.verb:set package 'tritech_micron_interfaces' build argument 'catkin_cmake_args' from command line to 'None'
[0.548s] Level 5:colcon.colcon_core.verb:set package 'tritech_micron_interfaces' build argument 'catkin_skip_building_tests' from command line to 'False'
[0.548s] DEBUG:colcon.colcon_core.verb:Building package 'tritech_micron_interfaces' with the following arguments: {'ament_cmake_args': None, 'build_base': '/home/bluerov/ROS-Humble-BlueRov2-Driver/build/tritech_micron_interfaces', 'catkin_cmake_args': None, 'catkin_skip_building_tests': False, 'cmake_args': None, 'cmake_clean_cache': False, 'cmake_clean_first': False, 'cmake_force_configure': False, 'cmake_target': None, 'cmake_target_skip_unavailable': False, 'install_base': '/home/bluerov/ROS-Humble-BlueRov2-Driver/install/tritech_micron_interfaces', 'merge_install': False, 'path': '/home/bluerov/ROS-Humble-BlueRov2-Driver/src/tritech_micron_interfaces', 'symlink_install': False, 'test_result_base': None}
[0.549s] Level 5:colcon.colcon_core.verb:set package 'bluerov2_controller' build argument 'cmake_args' from command line to 'None'
[0.549s] Level 5:colcon.colcon_core.verb:set package 'bluerov2_controller' build argument 'cmake_target' from command line to 'None'
[0.549s] Level 5:colcon.colcon_core.verb:set package 'bluerov2_controller' build argument 'cmake_target_skip_unavailable' from command line to 'False'
[0.549s] Level 5:colcon.colcon_core.verb:set package 'bluerov2_controller' build argument 'cmake_clean_cache' from command line to 'False'
[0.549s] Level 5:colcon.colcon_core.verb:set package 'bluerov2_controller' build argument 'cmake_clean_first' from command line to 'False'
[0.549s] Level 5:colcon.colcon_core.verb:set package 'bluerov2_controller' build argument 'cmake_force_configure' from command line to 'False'
[0.549s] Level 5:colcon.colcon_core.verb:set package 'bluerov2_controller' build argument 'ament_cmake_args' from command line to 'None'
[0.549s] Level 5:colcon.colcon_core.verb:set package 'bluerov2_controller' build argument 'catkin_cmake_args' from command line to 'None'
[0.549s] Level 5:colcon.colcon_core.verb:set package 'bluerov2_controller' build argument 'catkin_skip_building_tests' from command line to 'False'
[0.549s] DEBUG:colcon.colcon_core.verb:Building package 'bluerov2_controller' with the following arguments: {'ament_cmake_args': None, 'build_base': '/home/bluerov/ROS-Humble-BlueRov2-Driver/build/bluerov2_controller', 'catkin_cmake_args': None, 'catkin_skip_building_tests': False, 'cmake_args': None, 'cmake_clean_cache': False, 'cmake_clean_first': False, 'cmake_force_configure': False, 'cmake_target': None, 'cmake_target_skip_unavailable': False, 'install_base': '/home/bluerov/ROS-Humble-BlueRov2-Driver/install/bluerov2_controller', 'merge_install': False, 'path': '/home/bluerov/ROS-Humble-BlueRov2-Driver/src/bluerov2_controller', 'symlink_install': False, 'test_result_base': None}
[0.550s] Level 5:colcon.colcon_core.verb:set package 'tritech_micron' build argument 'cmake_args' from command line to 'None'
[0.550s] Level 5:colcon.colcon_core.verb:set package 'tritech_micron' build argument 'cmake_target' from command line to 'None'
[0.550s] Level 5:colcon.colcon_core.verb:set package 'tritech_micron' build argument 'cmake_target_skip_unavailable' from command line to 'False'
[0.550s] Level 5:colcon.colcon_core.verb:set package 'tritech_micron' build argument 'cmake_clean_cache' from command line to 'False'
[0.550s] Level 5:colcon.colcon_core.verb:set package 'tritech_micron' build argument 'cmake_clean_first' from command line to 'False'
[0.550s] Level 5:colcon.colcon_core.verb:set package 'tritech_micron' build argument 'cmake_force_configure' from command line to 'False'
[0.550s] Level 5:colcon.colcon_core.verb:set package 'tritech_micron' build argument 'ament_cmake_args' from command line to 'None'
[0.550s] Level 5:colcon.colcon_core.verb:set package 'tritech_micron' build argument 'catkin_cmake_args' from command line to 'None'
[0.550s] Level 5:colcon.colcon_core.verb:set package 'tritech_micron' build argument 'catkin_skip_building_tests' from command line to 'False'
[0.550s] DEBUG:colcon.colcon_core.verb:Building package 'tritech_micron' with the following arguments: {'ament_cmake_args': None, 'build_base': '/home/bluerov/ROS-Humble-BlueRov2-Driver/build/tritech_micron', 'catkin_cmake_args': None, 'catkin_skip_building_tests': False, 'cmake_args': None, 'cmake_clean_cache': False, 'cmake_clean_first': False, 'cmake_force_configure': False, 'cmake_target': None, 'cmake_target_skip_unavailable': False, 'install_base': '/home/bluerov/ROS-Humble-BlueRov2-Driver/install/tritech_micron', 'merge_install': False, 'path': '/home/bluerov/ROS-Humble-BlueRov2-Driver/src/tritech_micron', 'symlink_install': False, 'test_result_base': None}
[0.551s] Level 5:colcon.colcon_core.verb:set package 'bluerov2_bringup' build argument 'cmake_args' from command line to 'None'
[0.551s] Level 5:colcon.colcon_core.verb:set package 'bluerov2_bringup' build argument 'cmake_target' from command line to 'None'
[0.551s] Level 5:colcon.colcon_core.verb:set package 'bluerov2_bringup' build argument 'cmake_target_skip_unavailable' from command line to 'False'
[0.551s] Level 5:colcon.colcon_core.verb:set package 'bluerov2_bringup' build argument 'cmake_clean_cache' from command line to 'False'
[0.551s] Level 5:colcon.colcon_core.verb:set package 'bluerov2_bringup' build argument 'cmake_clean_first' from command line to 'False'
[0.551s] Level 5:colcon.colcon_core.verb:set package 'bluerov2_bringup' build argument 'cmake_force_configure' from command line to 'False'
[0.551s] Level 5:colcon.colcon_core.verb:set package 'bluerov2_bringup' build argument 'ament_cmake_args' from command line to 'None'
[0.551s] Level 5:colcon.colcon_core.verb:set package 'bluerov2_bringup' build argument 'catkin_cmake_args' from command line to 'None'
[0.551s] Level 5:colcon.colcon_core.verb:set package 'bluerov2_bringup' build argument 'catkin_skip_building_tests' from command line to 'False'
[0.551s] DEBUG:colcon.colcon_core.verb:Building package 'bluerov2_bringup' with the following arguments: {'ament_cmake_args': None, 'build_base': '/home/bluerov/ROS-Humble-BlueRov2-Driver/build/bluerov2_bringup', 'catkin_cmake_args': None, 'catkin_skip_building_tests': False, 'cmake_args': None, 'cmake_clean_cache': False, 'cmake_clean_first': False, 'cmake_force_configure': False, 'cmake_target': None, 'cmake_target_skip_unavailable': False, 'install_base': '/home/bluerov/ROS-Humble-BlueRov2-Driver/install/bluerov2_bringup', 'merge_install': False, 'path': '/home/bluerov/ROS-Humble-BlueRov2-Driver/src/bluerov2_bringup', 'symlink_install': False, 'test_result_base': None}
[0.551s] INFO:colcon.colcon_core.executor:Executing jobs using 'parallel' executor
[0.553s] DEBUG:colcon.colcon_parallel_executor.executor.parallel:run_until_complete
[0.553s] INFO:colcon.colcon_ros.task.ament_cmake.build:Building ROS package in '/home/bluerov/ROS-Humble-BlueRov2-Driver/src/bluerov2_interfaces' with build type 'ament_cmake'
[0.553s] INFO:colcon.colcon_cmake.task.cmake.build:Building CMake package in '/home/bluerov/ROS-Humble-BlueRov2-Driver/src/bluerov2_interfaces'
[0.556s] INFO:colcon.colcon_core.plugin_system:Skipping extension 'colcon_core.shell.bat': Not used on non-Windows systems
[0.557s] INFO:colcon.colcon_core.shell:Skip shell extension 'powershell' for command environment: Not usable outside of PowerShell
[0.557s] DEBUG:colcon.colcon_core.shell:Skip shell extension 'dsv' for command environment
[0.562s] INFO:colcon.colcon_ros.task.ament_cmake.build:Building ROS package in '/home/bluerov/ROS-Humble-BlueRov2-Driver/src/tritech_micron_interfaces' with build type 'ament_cmake'
[0.562s] INFO:colcon.colcon_cmake.task.cmake.build:Building CMake package in '/home/bluerov/ROS-Humble-BlueRov2-Driver/src/tritech_micron_interfaces'
[0.563s] INFO:colcon.colcon_core.shell:Skip shell extension 'powershell' for command environment: Not usable outside of PowerShell
[0.563s] DEBUG:colcon.colcon_core.shell:Skip shell extension 'dsv' for command environment
[0.580s] DEBUG:colcon.colcon_core.event_handler.log_command:Invoking command in '/home/bluerov/ROS-Humble-BlueRov2-Driver/build/bluerov2_interfaces': CMAKE_PREFIX_PATH=${CMAKE_PREFIX_PATH}:/home/bluerov/ROS-Humble-BlueRov2-Driver/install/tritech_micron:/home/bluerov/ROS-Humble-BlueRov2-Driver/install/bluerov2_controller:/opt/ros/humble /usr/bin/cmake --build /home/bluerov/ROS-Humble-BlueRov2-Driver/build/bluerov2_interfaces -- -j8 -l8
[0.587s] DEBUG:colcon.colcon_core.event_handler.log_command:Invoking command in '/home/bluerov/ROS-Humble-BlueRov2-Driver/build/tritech_micron_interfaces': CMAKE_PREFIX_PATH=${CMAKE_PREFIX_PATH}:/home/bluerov/ROS-Humble-BlueRov2-Driver/install/tritech_micron:/home/bluerov/ROS-Humble-BlueRov2-Driver/install/bluerov2_controller:/opt/ros/humble /usr/bin/cmake --build /home/bluerov/ROS-Humble-BlueRov2-Driver/build/tritech_micron_interfaces -- -j8 -l8
[1.311s] DEBUG:colcon.colcon_core.event_handler.log_command:Invoked command in '/home/bluerov/ROS-Humble-BlueRov2-Driver/build/tritech_micron_interfaces' returned '0': CMAKE_PREFIX_PATH=${CMAKE_PREFIX_PATH}:/home/bluerov/ROS-Humble-BlueRov2-Driver/install/tritech_micron:/home/bluerov/ROS-Humble-BlueRov2-Driver/install/bluerov2_controller:/opt/ros/humble /usr/bin/cmake --build /home/bluerov/ROS-Humble-BlueRov2-Driver/build/tritech_micron_interfaces -- -j8 -l8
[1.335s] DEBUG:colcon.colcon_core.event_handler.log_command:Invoked command in '/home/bluerov/ROS-Humble-BlueRov2-Driver/build/bluerov2_interfaces' returned '0': CMAKE_PREFIX_PATH=${CMAKE_PREFIX_PATH}:/home/bluerov/ROS-Humble-BlueRov2-Driver/install/tritech_micron:/home/bluerov/ROS-Humble-BlueRov2-Driver/install/bluerov2_controller:/opt/ros/humble /usr/bin/cmake --build /home/bluerov/ROS-Humble-BlueRov2-Driver/build/bluerov2_interfaces -- -j8 -l8
[1.443s] DEBUG:colcon.colcon_core.event_handler.log_command:Invoking command in '/home/bluerov/ROS-Humble-BlueRov2-Driver/build/tritech_micron_interfaces': CMAKE_PREFIX_PATH=${CMAKE_PREFIX_PATH}:/home/bluerov/ROS-Humble-BlueRov2-Driver/install/tritech_micron:/home/bluerov/ROS-Humble-BlueRov2-Driver/install/bluerov2_controller:/opt/ros/humble /usr/bin/cmake --install /home/bluerov/ROS-Humble-BlueRov2-Driver/build/tritech_micron_interfaces
[1.530s] DEBUG:colcon.colcon_core.event_handler.log_command:Invoking command in '/home/bluerov/ROS-Humble-BlueRov2-Driver/build/bluerov2_interfaces': CMAKE_PREFIX_PATH=${CMAKE_PREFIX_PATH}:/home/bluerov/ROS-Humble-BlueRov2-Driver/install/tritech_micron:/home/bluerov/ROS-Humble-BlueRov2-Driver/install/bluerov2_controller:/opt/ros/humble /usr/bin/cmake --install /home/bluerov/ROS-Humble-BlueRov2-Driver/build/bluerov2_interfaces
[1.548s] Level 1:colcon.colcon_core.environment:create_environment_scripts_only(tritech_micron_interfaces)
[1.557s] DEBUG:colcon.colcon_core.event_handler.log_command:Invoked command in '/home/bluerov/ROS-Humble-BlueRov2-Driver/build/tritech_micron_interfaces' returned '0': CMAKE_PREFIX_PATH=${CMAKE_PREFIX_PATH}:/home/bluerov/ROS-Humble-BlueRov2-Driver/install/tritech_micron:/home/bluerov/ROS-Humble-BlueRov2-Driver/install/bluerov2_controller:/opt/ros/humble /usr/bin/cmake --install /home/bluerov/ROS-Humble-BlueRov2-Driver/build/tritech_micron_interfaces
[1.565s] Level 1:colcon.colcon_core.environment:checking '/home/bluerov/ROS-Humble-BlueRov2-Driver/install/tritech_micron_interfaces' for CMake module files
[1.568s] Level 1:colcon.colcon_core.environment:checking '/home/bluerov/ROS-Humble-BlueRov2-Driver/install/tritech_micron_interfaces' for CMake config files
[1.572s] Level 1:colcon.colcon_core.shell:create_environment_hook('tritech_micron_interfaces', 'cmake_prefix_path')
[1.572s] INFO:colcon.colcon_core.shell:Creating environment hook '/home/bluerov/ROS-Humble-BlueRov2-Driver/install/tritech_micron_interfaces/share/tritech_micron_interfaces/hook/cmake_prefix_path.ps1'
[1.577s] INFO:colcon.colcon_core.shell:Creating environment descriptor '/home/bluerov/ROS-Humble-BlueRov2-Driver/install/tritech_micron_interfaces/share/tritech_micron_interfaces/hook/cmake_prefix_path.dsv'
[1.578s] INFO:colcon.colcon_core.shell:Creating environment hook '/home/bluerov/ROS-Humble-BlueRov2-Driver/install/tritech_micron_interfaces/share/tritech_micron_interfaces/hook/cmake_prefix_path.sh'
[1.580s] Level 1:colcon.colcon_core.environment:checking '/home/bluerov/ROS-Humble-BlueRov2-Driver/install/tritech_micron_interfaces/lib'
[1.580s] Level 1:colcon.colcon_core.shell:create_environment_hook('tritech_micron_interfaces', 'ld_library_path_lib')
[1.580s] INFO:colcon.colcon_core.shell:Creating environment hook '/home/bluerov/ROS-Humble-BlueRov2-Driver/install/tritech_micron_interfaces/share/tritech_micron_interfaces/hook/ld_library_path_lib.ps1'
[1.581s] INFO:colcon.colcon_core.shell:Creating environment descriptor '/home/bluerov/ROS-Humble-BlueRov2-Driver/install/tritech_micron_interfaces/share/tritech_micron_interfaces/hook/ld_library_path_lib.dsv'
[1.582s] INFO:colcon.colcon_core.shell:Creating environment hook '/home/bluerov/ROS-Humble-BlueRov2-Driver/install/tritech_micron_interfaces/share/tritech_micron_interfaces/hook/ld_library_path_lib.sh'
[1.583s] Level 1:colcon.colcon_core.environment:checking '/home/bluerov/ROS-Humble-BlueRov2-Driver/install/tritech_micron_interfaces/bin'
[1.583s] Level 1:colcon.colcon_core.environment:checking '/home/bluerov/ROS-Humble-BlueRov2-Driver/install/tritech_micron_interfaces/lib/pkgconfig/tritech_micron_interfaces.pc'
[1.583s] Level 1:colcon.colcon_core.environment:checking '/home/bluerov/ROS-Humble-BlueRov2-Driver/install/tritech_micron_interfaces/lib/python3.10/site-packages'
[1.584s] Level 1:colcon.colcon_core.environment:checking '/home/bluerov/ROS-Humble-BlueRov2-Driver/install/tritech_micron_interfaces/bin'
[1.584s] INFO:colcon.colcon_core.shell:Creating package script '/home/bluerov/ROS-Humble-BlueRov2-Driver/install/tritech_micron_interfaces/share/tritech_micron_interfaces/package.ps1'
[1.585s] INFO:colcon.colcon_core.shell:Creating package descriptor '/home/bluerov/ROS-Humble-BlueRov2-Driver/install/tritech_micron_interfaces/share/tritech_micron_interfaces/package.dsv'
[1.587s] INFO:colcon.colcon_core.shell:Creating package script '/home/bluerov/ROS-Humble-BlueRov2-Driver/install/tritech_micron_interfaces/share/tritech_micron_interfaces/package.sh'
[1.588s] INFO:colcon.colcon_core.shell:Creating package script '/home/bluerov/ROS-Humble-BlueRov2-Driver/install/tritech_micron_interfaces/share/tritech_micron_interfaces/package.bash'
[1.589s] INFO:colcon.colcon_core.shell:Creating package script '/home/bluerov/ROS-Humble-BlueRov2-Driver/install/tritech_micron_interfaces/share/tritech_micron_interfaces/package.zsh'
[1.591s] Level 1:colcon.colcon_core.environment:create_file_with_runtime_dependencies(/home/bluerov/ROS-Humble-BlueRov2-Driver/install/tritech_micron_interfaces/share/colcon-core/packages/tritech_micron_interfaces)
[1.636s] Level 1:colcon.colcon_core.environment:create_environment_scripts_only(bluerov2_interfaces)
[1.636s] Level 1:colcon.colcon_core.environment:checking '/home/bluerov/ROS-Humble-BlueRov2-Driver/install/bluerov2_interfaces' for CMake module files
[1.637s] DEBUG:colcon.colcon_core.event_handler.log_command:Invoked command in '/home/bluerov/ROS-Humble-BlueRov2-Driver/build/bluerov2_interfaces' returned '0': CMAKE_PREFIX_PATH=${CMAKE_PREFIX_PATH}:/home/bluerov/ROS-Humble-BlueRov2-Driver/install/tritech_micron:/home/bluerov/ROS-Humble-BlueRov2-Driver/install/bluerov2_controller:/opt/ros/humble /usr/bin/cmake --install /home/bluerov/ROS-Humble-BlueRov2-Driver/build/bluerov2_interfaces
[1.638s] Level 1:colcon.colcon_core.environment:checking '/home/bluerov/ROS-Humble-BlueRov2-Driver/install/bluerov2_interfaces' for CMake config files
[1.638s] Level 1:colcon.colcon_core.shell:create_environment_hook('bluerov2_interfaces', 'cmake_prefix_path')
[1.639s] INFO:colcon.colcon_core.shell:Creating environment hook '/home/bluerov/ROS-Humble-BlueRov2-Driver/install/bluerov2_interfaces/share/bluerov2_interfaces/hook/cmake_prefix_path.ps1'
[1.640s] INFO:colcon.colcon_core.shell:Creating environment descriptor '/home/bluerov/ROS-Humble-BlueRov2-Driver/install/bluerov2_interfaces/share/bluerov2_interfaces/hook/cmake_prefix_path.dsv'
[1.640s] INFO:colcon.colcon_core.shell:Creating environment hook '/home/bluerov/ROS-Humble-BlueRov2-Driver/install/bluerov2_interfaces/share/bluerov2_interfaces/hook/cmake_prefix_path.sh'
[1.641s] Level 1:colcon.colcon_core.environment:checking '/home/bluerov/ROS-Humble-BlueRov2-Driver/install/bluerov2_interfaces/lib'
[1.642s] Level 1:colcon.colcon_core.shell:create_environment_hook('bluerov2_interfaces', 'ld_library_path_lib')
[1.642s] INFO:colcon.colcon_core.shell:Creating environment hook '/home/bluerov/ROS-Humble-BlueRov2-Driver/install/bluerov2_interfaces/share/bluerov2_interfaces/hook/ld_library_path_lib.ps1'
[1.643s] INFO:colcon.colcon_core.shell:Creating environment descriptor '/home/bluerov/ROS-Humble-BlueRov2-Driver/install/bluerov2_interfaces/share/bluerov2_interfaces/hook/ld_library_path_lib.dsv'
[1.644s] INFO:colcon.colcon_core.shell:Creating environment hook '/home/bluerov/ROS-Humble-BlueRov2-Driver/install/bluerov2_interfaces/share/bluerov2_interfaces/hook/ld_library_path_lib.sh'
[1.645s] Level 1:colcon.colcon_core.environment:checking '/home/bluerov/ROS-Humble-BlueRov2-Driver/install/bluerov2_interfaces/bin'
[1.645s] Level 1:colcon.colcon_core.environment:checking '/home/bluerov/ROS-Humble-BlueRov2-Driver/install/bluerov2_interfaces/lib/pkgconfig/bluerov2_interfaces.pc'
[1.646s] Level 1:colcon.colcon_core.environment:checking '/home/bluerov/ROS-Humble-BlueRov2-Driver/install/bluerov2_interfaces/lib/python3.10/site-packages'
[1.646s] Level 1:colcon.colcon_core.environment:checking '/home/bluerov/ROS-Humble-BlueRov2-Driver/install/bluerov2_interfaces/bin'
[1.646s] INFO:colcon.colcon_core.shell:Creating package script '/home/bluerov/ROS-Humble-BlueRov2-Driver/install/bluerov2_interfaces/share/bluerov2_interfaces/package.ps1'
[1.647s] INFO:colcon.colcon_core.shell:Creating package descriptor '/home/bluerov/ROS-Humble-BlueRov2-Driver/install/bluerov2_interfaces/share/bluerov2_interfaces/package.dsv'
[1.648s] INFO:colcon.colcon_core.shell:Creating package script '/home/bluerov/ROS-Humble-BlueRov2-Driver/install/bluerov2_interfaces/share/bluerov2_interfaces/package.sh'
[1.649s] INFO:colcon.colcon_core.shell:Creating package script '/home/bluerov/ROS-Humble-BlueRov2-Driver/install/bluerov2_interfaces/share/bluerov2_interfaces/package.bash'
[1.650s] INFO:colcon.colcon_core.shell:Creating package script '/home/bluerov/ROS-Humble-BlueRov2-Driver/install/bluerov2_interfaces/share/bluerov2_interfaces/package.zsh'
[1.650s] Level 1:colcon.colcon_core.environment:create_file_with_runtime_dependencies(/home/bluerov/ROS-Humble-BlueRov2-Driver/install/bluerov2_interfaces/share/colcon-core/packages/bluerov2_interfaces)
[1.709s] Level 1:colcon.colcon_core.environment:create_environment_scripts_only(tritech_micron_interfaces)
[1.710s] Level 1:colcon.colcon_core.environment:checking '/home/bluerov/ROS-Humble-BlueRov2-Driver/install/tritech_micron_interfaces' for CMake module files
[1.711s] Level 1:colcon.colcon_core.environment:checking '/home/bluerov/ROS-Humble-BlueRov2-Driver/install/tritech_micron_interfaces' for CMake config files
[1.712s] Level 1:colcon.colcon_core.shell:create_environment_hook('tritech_micron_interfaces', 'cmake_prefix_path')
[1.713s] INFO:colcon.colcon_core.shell:Creating environment hook '/home/bluerov/ROS-Humble-BlueRov2-Driver/install/tritech_micron_interfaces/share/tritech_micron_interfaces/hook/cmake_prefix_path.ps1'
[1.715s] INFO:colcon.colcon_core.shell:Creating environment descriptor '/home/bluerov/ROS-Humble-BlueRov2-Driver/install/tritech_micron_interfaces/share/tritech_micron_interfaces/hook/cmake_prefix_path.dsv'
[1.715s] INFO:colcon.colcon_core.shell:Creating environment hook '/home/bluerov/ROS-Humble-BlueRov2-Driver/install/tritech_micron_interfaces/share/tritech_micron_interfaces/hook/cmake_prefix_path.sh'
[1.717s] Level 1:colcon.colcon_core.environment:checking '/home/bluerov/ROS-Humble-BlueRov2-Driver/install/tritech_micron_interfaces/lib'
[1.717s] Level 1:colcon.colcon_core.shell:create_environment_hook('tritech_micron_interfaces', 'ld_library_path_lib')
[1.717s] INFO:colcon.colcon_core.shell:Creating environment hook '/home/bluerov/ROS-Humble-BlueRov2-Driver/install/tritech_micron_interfaces/share/tritech_micron_interfaces/hook/ld_library_path_lib.ps1'
[1.718s] INFO:colcon.colcon_core.shell:Creating environment descriptor '/home/bluerov/ROS-Humble-BlueRov2-Driver/install/tritech_micron_interfaces/share/tritech_micron_interfaces/hook/ld_library_path_lib.dsv'
[1.718s] INFO:colcon.colcon_core.shell:Creating environment hook '/home/bluerov/ROS-Humble-BlueRov2-Driver/install/tritech_micron_interfaces/share/tritech_micron_interfaces/hook/ld_library_path_lib.sh'
[1.719s] Level 1:colcon.colcon_core.environment:checking '/home/bluerov/ROS-Humble-BlueRov2-Driver/install/tritech_micron_interfaces/bin'
[1.719s] Level 1:colcon.colcon_core.environment:checking '/home/bluerov/ROS-Humble-BlueRov2-Driver/install/tritech_micron_interfaces/lib/pkgconfig/tritech_micron_interfaces.pc'
[1.719s] Level 1:colcon.colcon_core.environment:checking '/home/bluerov/ROS-Humble-BlueRov2-Driver/install/tritech_micron_interfaces/lib/python3.10/site-packages'
[1.720s] Level 1:colcon.colcon_core.environment:checking '/home/bluerov/ROS-Humble-BlueRov2-Driver/install/tritech_micron_interfaces/bin'
[1.720s] INFO:colcon.colcon_core.shell:Creating package script '/home/bluerov/ROS-Humble-BlueRov2-Driver/install/tritech_micron_interfaces/share/tritech_micron_interfaces/package.ps1'
[1.721s] INFO:colcon.colcon_core.shell:Creating package descriptor '/home/bluerov/ROS-Humble-BlueRov2-Driver/install/tritech_micron_interfaces/share/tritech_micron_interfaces/package.dsv'
[1.722s] INFO:colcon.colcon_core.shell:Creating package script '/home/bluerov/ROS-Humble-BlueRov2-Driver/install/tritech_micron_interfaces/share/tritech_micron_interfaces/package.sh'
[1.723s] INFO:colcon.colcon_core.shell:Creating package script '/home/bluerov/ROS-Humble-BlueRov2-Driver/install/tritech_micron_interfaces/share/tritech_micron_interfaces/package.bash'
[1.724s] INFO:colcon.colcon_core.shell:Creating package script '/home/bluerov/ROS-Humble-BlueRov2-Driver/install/tritech_micron_interfaces/share/tritech_micron_interfaces/package.zsh'
[1.725s] Level 1:colcon.colcon_core.environment:create_file_with_runtime_dependencies(/home/bluerov/ROS-Humble-BlueRov2-Driver/install/tritech_micron_interfaces/share/colcon-core/packages/tritech_micron_interfaces)
[1.725s] INFO:colcon.colcon_ros.task.ament_python.build:Building ROS package in '/home/bluerov/ROS-Humble-BlueRov2-Driver/src/tritech_micron' with build type 'ament_python'
[1.726s] Level 1:colcon.colcon_core.shell:create_environment_hook('tritech_micron', 'ament_prefix_path')
[1.726s] INFO:colcon.colcon_core.shell:Creating environment hook '/home/bluerov/ROS-Humble-BlueRov2-Driver/install/tritech_micron/share/tritech_micron/hook/ament_prefix_path.ps1'
[1.728s] INFO:colcon.colcon_core.shell:Creating environment descriptor '/home/bluerov/ROS-Humble-BlueRov2-Driver/install/tritech_micron/share/tritech_micron/hook/ament_prefix_path.dsv'
[1.729s] INFO:colcon.colcon_core.shell:Creating environment hook '/home/bluerov/ROS-Humble-BlueRov2-Driver/install/tritech_micron/share/tritech_micron/hook/ament_prefix_path.sh'
[1.731s] INFO:colcon.colcon_core.shell:Skip shell extension 'powershell' for command environment: Not usable outside of PowerShell
[1.731s] DEBUG:colcon.colcon_core.shell:Skip shell extension 'dsv' for command environment
[2.145s] INFO:colcon.colcon_core.task.python.build:Building Python package in '/home/bluerov/ROS-Humble-BlueRov2-Driver/src/tritech_micron'
[2.146s] INFO:colcon.colcon_core.shell:Skip shell extension 'powershell' for command environment: Not usable outside of PowerShell
[2.146s] DEBUG:colcon.colcon_core.shell:Skip shell extension 'dsv' for command environment
[2.153s] Level 1:colcon.colcon_core.environment:create_environment_scripts_only(bluerov2_interfaces)
[2.153s] Level 1:colcon.colcon_core.environment:checking '/home/bluerov/ROS-Humble-BlueRov2-Driver/install/bluerov2_interfaces' for CMake module files
[2.155s] Level 1:colcon.colcon_core.environment:checking '/home/bluerov/ROS-Humble-BlueRov2-Driver/install/bluerov2_interfaces' for CMake config files
[2.155s] Level 1:colcon.colcon_core.shell:create_environment_hook('bluerov2_interfaces', 'cmake_prefix_path')
[2.155s] INFO:colcon.colcon_core.shell:Creating environment hook '/home/bluerov/ROS-Humble-BlueRov2-Driver/install/bluerov2_interfaces/share/bluerov2_interfaces/hook/cmake_prefix_path.ps1'
[2.156s] INFO:colcon.colcon_core.shell:Creating environment descriptor '/home/bluerov/ROS-Humble-BlueRov2-Driver/install/bluerov2_interfaces/share/bluerov2_interfaces/hook/cmake_prefix_path.dsv'
[2.157s] INFO:colcon.colcon_core.shell:Creating environment hook '/home/bluerov/ROS-Humble-BlueRov2-Driver/install/bluerov2_interfaces/share/bluerov2_interfaces/hook/cmake_prefix_path.sh'
[2.157s] Level 1:colcon.colcon_core.environment:checking '/home/bluerov/ROS-Humble-BlueRov2-Driver/install/bluerov2_interfaces/lib'
[2.158s] Level 1:colcon.colcon_core.shell:create_environment_hook('bluerov2_interfaces', 'ld_library_path_lib')
[2.158s] INFO:colcon.colcon_core.shell:Creating environment hook '/home/bluerov/ROS-Humble-BlueRov2-Driver/install/bluerov2_interfaces/share/bluerov2_interfaces/hook/ld_library_path_lib.ps1'
[2.159s] INFO:colcon.colcon_core.shell:Creating environment descriptor '/home/bluerov/ROS-Humble-BlueRov2-Driver/install/bluerov2_interfaces/share/bluerov2_interfaces/hook/ld_library_path_lib.dsv'
[2.159s] INFO:colcon.colcon_core.shell:Creating environment hook '/home/bluerov/ROS-Humble-BlueRov2-Driver/install/bluerov2_interfaces/share/bluerov2_interfaces/hook/ld_library_path_lib.sh'
[2.160s] Level 1:colcon.colcon_core.environment:checking '/home/bluerov/ROS-Humble-BlueRov2-Driver/install/bluerov2_interfaces/bin'
[2.160s] Level 1:colcon.colcon_core.environment:checking '/home/bluerov/ROS-Humble-BlueRov2-Driver/install/bluerov2_interfaces/lib/pkgconfig/bluerov2_interfaces.pc'
[2.160s] Level 1:colcon.colcon_core.environment:checking '/home/bluerov/ROS-Humble-BlueRov2-Driver/install/bluerov2_interfaces/lib/python3.10/site-packages'
[2.161s] Level 1:colcon.colcon_core.environment:checking '/home/bluerov/ROS-Humble-BlueRov2-Driver/install/bluerov2_interfaces/bin'
[2.161s] INFO:colcon.colcon_core.shell:Creating package script '/home/bluerov/ROS-Humble-BlueRov2-Driver/install/bluerov2_interfaces/share/bluerov2_interfaces/package.ps1'
[2.163s] INFO:colcon.colcon_core.shell:Creating package descriptor '/home/bluerov/ROS-Humble-BlueRov2-Driver/install/bluerov2_interfaces/share/bluerov2_interfaces/package.dsv'
[2.164s] INFO:colcon.colcon_core.shell:Creating package script '/home/bluerov/ROS-Humble-BlueRov2-Driver/install/bluerov2_interfaces/share/bluerov2_interfaces/package.sh'
[2.164s] INFO:colcon.colcon_core.shell:Creating package script '/home/bluerov/ROS-Humble-BlueRov2-Driver/install/bluerov2_interfaces/share/bluerov2_interfaces/package.bash'
[2.165s] INFO:colcon.colcon_core.shell:Creating package script '/home/bluerov/ROS-Humble-BlueRov2-Driver/install/bluerov2_interfaces/share/bluerov2_interfaces/package.zsh'
[2.166s] Level 1:colcon.colcon_core.environment:create_file_with_runtime_dependencies(/home/bluerov/ROS-Humble-BlueRov2-Driver/install/bluerov2_interfaces/share/colcon-core/packages/bluerov2_interfaces)
[2.167s] INFO:colcon.colcon_ros.task.ament_python.build:Building ROS package in '/home/bluerov/ROS-Humble-BlueRov2-Driver/src/bluerov2_controller' with build type 'ament_python'
[2.167s] Level 1:colcon.colcon_core.shell:create_environment_hook('bluerov2_controller', 'ament_prefix_path')
[2.167s] INFO:colcon.colcon_core.shell:Creating environment hook '/home/bluerov/ROS-Humble-BlueRov2-Driver/install/bluerov2_controller/share/bluerov2_controller/hook/ament_prefix_path.ps1'
[2.168s] INFO:colcon.colcon_core.shell:Creating environment descriptor '/home/bluerov/ROS-Humble-BlueRov2-Driver/install/bluerov2_controller/share/bluerov2_controller/hook/ament_prefix_path.dsv'
[2.169s] INFO:colcon.colcon_core.shell:Creating environment hook '/home/bluerov/ROS-Humble-BlueRov2-Driver/install/bluerov2_controller/share/bluerov2_controller/hook/ament_prefix_path.sh'
[2.170s] INFO:colcon.colcon_core.shell:Skip shell extension 'powershell' for command environment: Not usable outside of PowerShell
[2.170s] DEBUG:colcon.colcon_core.shell:Skip shell extension 'dsv' for command environment
[2.635s] INFO:colcon.colcon_core.task.python.build:Building Python package in '/home/bluerov/ROS-Humble-BlueRov2-Driver/src/bluerov2_controller'
[2.635s] INFO:colcon.colcon_core.shell:Skip shell extension 'powershell' for command environment: Not usable outside of PowerShell
[2.635s] DEBUG:colcon.colcon_core.shell:Skip shell extension 'dsv' for command environment
[2.754s] DEBUG:colcon.colcon_core.event_handler.log_command:Invoking command in '/home/bluerov/ROS-Humble-BlueRov2-Driver/src/tritech_micron': PYTHONPATH=/home/bluerov/ROS-Humble-BlueRov2-Driver/build/tritech_micron/prefix_override:/home/bluerov/ROS-Humble-BlueRov2-Driver/install/tritech_micron/lib/python3.10/site-packages:${PYTHONPATH} /usr/bin/python3 -W ignore:setup.py install is deprecated setup.py egg_info --egg-base ../../build/tritech_micron build --build-base /home/bluerov/ROS-Humble-BlueRov2-Driver/build/tritech_micron/build install --record /home/bluerov/ROS-Humble-BlueRov2-Driver/build/tritech_micron/install.log --single-version-externally-managed install_data
[3.297s] DEBUG:colcon.colcon_core.event_handler.log_command:Invoking command in '/home/bluerov/ROS-Humble-BlueRov2-Driver/src/bluerov2_controller': CMAKE_PREFIX_PATH=/home/bluerov/ROS-Humble-BlueRov2-Driver/install/bluerov2_interfaces:/home/bluerov/ROS-Humble-BlueRov2-Driver/install/tritech_micron_interfaces:/home/bluerov/ROS-Humble-BlueRov2-Driver/install/bluerov2_bringup LD_LIBRARY_PATH=/home/bluerov/ROS-Humble-BlueRov2-Driver/install/bluerov2_interfaces/lib:/home/bluerov/ROS-Humble-BlueRov2-Driver/install/tritech_micron_interfaces/lib:/opt/ros/humble/opt/rviz_ogre_vendor/lib:/opt/ros/humble/lib/x86_64-linux-gnu:/opt/ros/humble/lib PYTHONPATH=/home/bluerov/ROS-Humble-BlueRov2-Driver/build/bluerov2_controller/prefix_override:/home/bluerov/ROS-Humble-BlueRov2-Driver/install/bluerov2_controller/lib/python3.10/site-packages:${PYTHONPATH} /usr/bin/python3 -W ignore:setup.py install is deprecated setup.py egg_info --egg-base ../../build/bluerov2_controller build --build-base /home/bluerov/ROS-Humble-BlueRov2-Driver/build/bluerov2_controller/build install --record /home/bluerov/ROS-Humble-BlueRov2-Driver/build/bluerov2_controller/install.log --single-version-externally-managed install_data
[3.337s] Level 1:colcon.colcon_core.environment:checking '/home/bluerov/ROS-Humble-BlueRov2-Driver/install/tritech_micron' for CMake module files
[3.339s] Level 1:colcon.colcon_core.environment:checking '/home/bluerov/ROS-Humble-BlueRov2-Driver/install/tritech_micron' for CMake config files
[3.339s] DEBUG:colcon.colcon_core.event_handler.log_command:Invoked command in '/home/bluerov/ROS-Humble-BlueRov2-Driver/src/tritech_micron' returned '0': PYTHONPATH=/home/bluerov/ROS-Humble-BlueRov2-Driver/build/tritech_micron/prefix_override:/home/bluerov/ROS-Humble-BlueRov2-Driver/install/tritech_micron/lib/python3.10/site-packages:${PYTHONPATH} /usr/bin/python3 -W ignore:setup.py install is deprecated setup.py egg_info --egg-base ../../build/tritech_micron build --build-base /home/bluerov/ROS-Humble-BlueRov2-Driver/build/tritech_micron/build install --record /home/bluerov/ROS-Humble-BlueRov2-Driver/build/tritech_micron/install.log --single-version-externally-managed install_data
[3.341s] Level 1:colcon.colcon_core.environment:checking '/home/bluerov/ROS-Humble-BlueRov2-Driver/install/tritech_micron/lib'
[3.341s] Level 1:colcon.colcon_core.environment:checking '/home/bluerov/ROS-Humble-BlueRov2-Driver/install/tritech_micron/bin'
[3.341s] Level 1:colcon.colcon_core.environment:checking '/home/bluerov/ROS-Humble-BlueRov2-Driver/install/tritech_micron/lib/pkgconfig/tritech_micron.pc'
[3.342s] Level 1:colcon.colcon_core.environment:checking '/home/bluerov/ROS-Humble-BlueRov2-Driver/install/tritech_micron/lib/python3.10/site-packages'
[3.342s] Level 1:colcon.colcon_core.shell:create_environment_hook('tritech_micron', 'pythonpath')
[3.342s] INFO:colcon.colcon_core.shell:Creating environment hook '/home/bluerov/ROS-Humble-BlueRov2-Driver/install/tritech_micron/share/tritech_micron/hook/pythonpath.ps1'
[3.343s] INFO:colcon.colcon_core.shell:Creating environment descriptor '/home/bluerov/ROS-Humble-BlueRov2-Driver/install/tritech_micron/share/tritech_micron/hook/pythonpath.dsv'
[3.344s] INFO:colcon.colcon_core.shell:Creating environment hook '/home/bluerov/ROS-Humble-BlueRov2-Driver/install/tritech_micron/share/tritech_micron/hook/pythonpath.sh'
[3.345s] Level 1:colcon.colcon_core.environment:checking '/home/bluerov/ROS-Humble-BlueRov2-Driver/install/tritech_micron/bin'
[3.346s] Level 1:colcon.colcon_core.environment:create_environment_scripts_only(tritech_micron)
[3.346s] INFO:colcon.colcon_core.shell:Creating package script '/home/bluerov/ROS-Humble-BlueRov2-Driver/install/tritech_micron/share/tritech_micron/package.ps1'
[3.348s] INFO:colcon.colcon_core.shell:Creating package descriptor '/home/bluerov/ROS-Humble-BlueRov2-Driver/install/tritech_micron/share/tritech_micron/package.dsv'
[3.349s] INFO:colcon.colcon_core.shell:Creating package script '/home/bluerov/ROS-Humble-BlueRov2-Driver/install/tritech_micron/share/tritech_micron/package.sh'
[3.350s] INFO:colcon.colcon_core.shell:Creating package script '/home/bluerov/ROS-Humble-BlueRov2-Driver/install/tritech_micron/share/tritech_micron/package.bash'
[3.351s] INFO:colcon.colcon_core.shell:Creating package script '/home/bluerov/ROS-Humble-BlueRov2-Driver/install/tritech_micron/share/tritech_micron/package.zsh'
[3.352s] Level 1:colcon.colcon_core.environment:create_file_with_runtime_dependencies(/home/bluerov/ROS-Humble-BlueRov2-Driver/install/tritech_micron/share/colcon-core/packages/tritech_micron)
[3.858s] Level 1:colcon.colcon_core.environment:checking '/home/bluerov/ROS-Humble-BlueRov2-Driver/install/bluerov2_controller' for CMake module files
[3.860s] DEBUG:colcon.colcon_core.event_handler.log_command:Invoked command in '/home/bluerov/ROS-Humble-BlueRov2-Driver/src/bluerov2_controller' returned '0': CMAKE_PREFIX_PATH=/home/bluerov/ROS-Humble-BlueRov2-Driver/install/bluerov2_interfaces:/home/bluerov/ROS-Humble-BlueRov2-Driver/install/tritech_micron_interfaces:/home/bluerov/ROS-Humble-BlueRov2-Driver/install/bluerov2_bringup LD_LIBRARY_PATH=/home/bluerov/ROS-Humble-BlueRov2-Driver/install/bluerov2_interfaces/lib:/home/bluerov/ROS-Humble-BlueRov2-Driver/install/tritech_micron_interfaces/lib:/opt/ros/humble/opt/rviz_ogre_vendor/lib:/opt/ros/humble/lib/x86_64-linux-gnu:/opt/ros/humble/lib PYTHONPATH=/home/bluerov/ROS-Humble-BlueRov2-Driver/build/bluerov2_controller/prefix_override:/home/bluerov/ROS-Humble-BlueRov2-Driver/install/bluerov2_controller/lib/python3.10/site-packages:${PYTHONPATH} /usr/bin/python3 -W ignore:setup.py install is deprecated setup.py egg_info --egg-base ../../build/bluerov2_controller build --build-base /home/bluerov/ROS-Humble-BlueRov2-Driver/build/bluerov2_controller/build install --record /home/bluerov/ROS-Humble-BlueRov2-Driver/build/bluerov2_controller/install.log --single-version-externally-managed install_data
[3.860s] Level 1:colcon.colcon_core.environment:checking '/home/bluerov/ROS-Humble-BlueRov2-Driver/install/bluerov2_controller' for CMake config files
[3.861s] Level 1:colcon.colcon_core.environment:checking '/home/bluerov/ROS-Humble-BlueRov2-Driver/install/bluerov2_controller/lib'
[3.862s] Level 1:colcon.colcon_core.environment:checking '/home/bluerov/ROS-Humble-BlueRov2-Driver/install/bluerov2_controller/bin'
[3.862s] Level 1:colcon.colcon_core.environment:checking '/home/bluerov/ROS-Humble-BlueRov2-Driver/install/bluerov2_controller/lib/pkgconfig/bluerov2_controller.pc'
[3.862s] Level 1:colcon.colcon_core.environment:checking '/home/bluerov/ROS-Humble-BlueRov2-Driver/install/bluerov2_controller/lib/python3.10/site-packages'
[3.862s] Level 1:colcon.colcon_core.shell:create_environment_hook('bluerov2_controller', 'pythonpath')
[3.863s] INFO:colcon.colcon_core.shell:Creating environment hook '/home/bluerov/ROS-Humble-BlueRov2-Driver/install/bluerov2_controller/share/bluerov2_controller/hook/pythonpath.ps1'
[3.863s] INFO:colcon.colcon_core.shell:Creating environment descriptor '/home/bluerov/ROS-Humble-BlueRov2-Driver/install/bluerov2_controller/share/bluerov2_controller/hook/pythonpath.dsv'
[3.864s] INFO:colcon.colcon_core.shell:Creating environment hook '/home/bluerov/ROS-Humble-BlueRov2-Driver/install/bluerov2_controller/share/bluerov2_controller/hook/pythonpath.sh'
[3.865s] Level 1:colcon.colcon_core.environment:checking '/home/bluerov/ROS-Humble-BlueRov2-Driver/install/bluerov2_controller/bin'
[3.865s] Level 1:colcon.colcon_core.environment:create_environment_scripts_only(bluerov2_controller)
[3.865s] INFO:colcon.colcon_core.shell:Creating package script '/home/bluerov/ROS-Humble-BlueRov2-Driver/install/bluerov2_controller/share/bluerov2_controller/package.ps1'
[3.866s] INFO:colcon.colcon_core.shell:Creating package descriptor '/home/bluerov/ROS-Humble-BlueRov2-Driver/install/bluerov2_controller/share/bluerov2_controller/package.dsv'
[3.867s] INFO:colcon.colcon_core.shell:Creating package script '/home/bluerov/ROS-Humble-BlueRov2-Driver/install/bluerov2_controller/share/bluerov2_controller/package.sh'
[3.868s] INFO:colcon.colcon_core.shell:Creating package script '/home/bluerov/ROS-Humble-BlueRov2-Driver/install/bluerov2_controller/share/bluerov2_controller/package.bash'
[3.869s] INFO:colcon.colcon_core.shell:Creating package script '/home/bluerov/ROS-Humble-BlueRov2-Driver/install/bluerov2_controller/share/bluerov2_controller/package.zsh'
[3.870s] Level 1:colcon.colcon_core.environment:create_file_with_runtime_dependencies(/home/bluerov/ROS-Humble-BlueRov2-Driver/install/bluerov2_controller/share/colcon-core/packages/bluerov2_controller)
[3.871s] INFO:colcon.colcon_ros.task.ament_cmake.build:Building ROS package in '/home/bluerov/ROS-Humble-BlueRov2-Driver/src/bluerov2_bringup' with build type 'ament_cmake'
[3.871s] INFO:colcon.colcon_cmake.task.cmake.build:Building CMake package in '/home/bluerov/ROS-Humble-BlueRov2-Driver/src/bluerov2_bringup'
[3.872s] INFO:colcon.colcon_core.shell:Skip shell extension 'powershell' for command environment: Not usable outside of PowerShell
[3.872s] DEBUG:colcon.colcon_core.shell:Skip shell extension 'dsv' for command environment
[3.892s] DEBUG:colcon.colcon_core.event_handler.log_command:Invoking command in '/home/bluerov/ROS-Humble-BlueRov2-Driver/build/bluerov2_bringup': AMENT_PREFIX_PATH=/home/bluerov/ROS-Humble-BlueRov2-Driver/install/bluerov2_controller:/home/bluerov/ROS-Humble-BlueRov2-Driver/install/tritech_micron:/home/bluerov/ROS-Humble-BlueRov2-Driver/install/tritech_micron_interfaces:/home/bluerov/ROS-Humble-BlueRov2-Driver/install/bluerov2_bringup:/home/bluerov/ROS-Humble-BlueRov2-Driver/install/bluerov2_interfaces:/opt/ros/humble CMAKE_PREFIX_PATH=/home/bluerov/ROS-Humble-BlueRov2-Driver/install/bluerov2_interfaces:/home/bluerov/ROS-Humble-BlueRov2-Driver/install/tritech_micron_interfaces:/home/bluerov/ROS-Humble-BlueRov2-Driver/install/bluerov2_bringup:/home/bluerov/ROS-Humble-BlueRov2-Driver/install/tritech_micron:/home/bluerov/ROS-Humble-BlueRov2-Driver/install/bluerov2_controller:/opt/ros/humble LD_LIBRARY_PATH=/home/bluerov/ROS-Humble-BlueRov2-Driver/install/bluerov2_interfaces/lib:/home/bluerov/ROS-Humble-BlueRov2-Driver/install/tritech_micron_interfaces/lib:/opt/ros/humble/opt/rviz_ogre_vendor/lib:/opt/ros/humble/lib/x86_64-linux-gnu:/opt/ros/humble/lib PYTHONPATH=/home/bluerov/ROS-Humble-BlueRov2-Driver/install/bluerov2_controller/lib/python3.10/site-packages:/home/bluerov/ROS-Humble-BlueRov2-Driver/install/tritech_micron/lib/python3.10/site-packages:/home/bluerov/ROS-Humble-BlueRov2-Driver/install/tritech_micron_interfaces/local/lib/python3.10/dist-packages:/home/bluerov/ROS-Humble-BlueRov2-Driver/install/bluerov2_interfaces/local/lib/python3.10/dist-packages:/opt/ros/humble/lib/python3.10/site-packages:/opt/ros/humble/local/lib/python3.10/dist-packages /usr/bin/cmake --build /home/bluerov/ROS-Humble-BlueRov2-Driver/build/bluerov2_bringup -- -j8 -l8
[3.965s] DEBUG:colcon.colcon_core.event_handler.log_command:Invoked command in '/home/bluerov/ROS-Humble-BlueRov2-Driver/build/bluerov2_bringup' returned '0': AMENT_PREFIX_PATH=/home/bluerov/ROS-Humble-BlueRov2-Driver/install/bluerov2_controller:/home/bluerov/ROS-Humble-BlueRov2-Driver/install/tritech_micron:/home/bluerov/ROS-Humble-BlueRov2-Driver/install/tritech_micron_interfaces:/home/bluerov/ROS-Humble-BlueRov2-Driver/install/bluerov2_bringup:/home/bluerov/ROS-Humble-BlueRov2-Driver/install/bluerov2_interfaces:/opt/ros/humble CMAKE_PREFIX_PATH=/home/bluerov/ROS-Humble-BlueRov2-Driver/install/bluerov2_interfaces:/home/bluerov/ROS-Humble-BlueRov2-Driver/install/tritech_micron_interfaces:/home/bluerov/ROS-Humble-BlueRov2-Driver/install/bluerov2_bringup:/home/bluerov/ROS-Humble-BlueRov2-Driver/install/tritech_micron:/home/bluerov/ROS-Humble-BlueRov2-Driver/install/bluerov2_controller:/opt/ros/humble LD_LIBRARY_PATH=/home/bluerov/ROS-Humble-BlueRov2-Driver/install/bluerov2_interfaces/lib:/home/bluerov/ROS-Humble-BlueRov2-Driver/install/tritech_micron_interfaces/lib:/opt/ros/humble/opt/rviz_ogre_vendor/lib:/opt/ros/humble/lib/x86_64-linux-gnu:/opt/ros/humble/lib PYTHONPATH=/home/bluerov/ROS-Humble-BlueRov2-Driver/install/bluerov2_controller/lib/python3.10/site-packages:/home/bluerov/ROS-Humble-BlueRov2-Driver/install/tritech_micron/lib/python3.10/site-packages:/home/bluerov/ROS-Humble-BlueRov2-Driver/install/tritech_micron_interfaces/local/lib/python3.10/dist-packages:/home/bluerov/ROS-Humble-BlueRov2-Driver/install/bluerov2_interfaces/local/lib/python3.10/dist-packages:/opt/ros/humble/lib/python3.10/site-packages:/opt/ros/humble/local/lib/python3.10/dist-packages /usr/bin/cmake --build /home/bluerov/ROS-Humble-BlueRov2-Driver/build/bluerov2_bringup -- -j8 -l8
[4.014s] DEBUG:colcon.colcon_core.event_handler.log_command:Invoking command in '/home/bluerov/ROS-Humble-BlueRov2-Driver/build/bluerov2_bringup': AMENT_PREFIX_PATH=/home/bluerov/ROS-Humble-BlueRov2-Driver/install/bluerov2_controller:/home/bluerov/ROS-Humble-BlueRov2-Driver/install/tritech_micron:/home/bluerov/ROS-Humble-BlueRov2-Driver/install/tritech_micron_interfaces:/home/bluerov/ROS-Humble-BlueRov2-Driver/install/bluerov2_bringup:/home/bluerov/ROS-Humble-BlueRov2-Driver/install/bluerov2_interfaces:/opt/ros/humble CMAKE_PREFIX_PATH=/home/bluerov/ROS-Humble-BlueRov2-Driver/install/bluerov2_interfaces:/home/bluerov/ROS-Humble-BlueRov2-Driver/install/tritech_micron_interfaces:/home/bluerov/ROS-Humble-BlueRov2-Driver/install/bluerov2_bringup:/home/bluerov/ROS-Humble-BlueRov2-Driver/install/tritech_micron:/home/bluerov/ROS-Humble-BlueRov2-Driver/install/bluerov2_controller:/opt/ros/humble LD_LIBRARY_PATH=/home/bluerov/ROS-Humble-BlueRov2-Driver/install/bluerov2_interfaces/lib:/home/bluerov/ROS-Humble-BlueRov2-Driver/install/tritech_micron_interfaces/lib:/opt/ros/humble/opt/rviz_ogre_vendor/lib:/opt/ros/humble/lib/x86_64-linux-gnu:/opt/ros/humble/lib PYTHONPATH=/home/bluerov/ROS-Humble-BlueRov2-Driver/install/bluerov2_controller/lib/python3.10/site-packages:/home/bluerov/ROS-Humble-BlueRov2-Driver/install/tritech_micron/lib/python3.10/site-packages:/home/bluerov/ROS-Humble-BlueRov2-Driver/install/tritech_micron_interfaces/local/lib/python3.10/dist-packages:/home/bluerov/ROS-Humble-BlueRov2-Driver/install/bluerov2_interfaces/local/lib/python3.10/dist-packages:/opt/ros/humble/lib/python3.10/site-packages:/opt/ros/humble/local/lib/python3.10/dist-packages /usr/bin/cmake --install /home/bluerov/ROS-Humble-BlueRov2-Driver/build/bluerov2_bringup
[4.034s] Level 1:colcon.colcon_core.environment:create_environment_scripts_only(bluerov2_bringup)
[4.035s] DEBUG:colcon.colcon_core.event_handler.log_command:Invoked command in '/home/bluerov/ROS-Humble-BlueRov2-Driver/build/bluerov2_bringup' returned '0': AMENT_PREFIX_PATH=/home/bluerov/ROS-Humble-BlueRov2-Driver/install/bluerov2_controller:/home/bluerov/ROS-Humble-BlueRov2-Driver/install/tritech_micron:/home/bluerov/ROS-Humble-BlueRov2-Driver/install/tritech_micron_interfaces:/home/bluerov/ROS-Humble-BlueRov2-Driver/install/bluerov2_bringup:/home/bluerov/ROS-Humble-BlueRov2-Driver/install/bluerov2_interfaces:/opt/ros/humble CMAKE_PREFIX_PATH=/home/bluerov/ROS-Humble-BlueRov2-Driver/install/bluerov2_interfaces:/home/bluerov/ROS-Humble-BlueRov2-Driver/install/tritech_micron_interfaces:/home/bluerov/ROS-Humble-BlueRov2-Driver/install/bluerov2_bringup:/home/bluerov/ROS-Humble-BlueRov2-Driver/install/tritech_micron:/home/bluerov/ROS-Humble-BlueRov2-Driver/install/bluerov2_controller:/opt/ros/humble LD_LIBRARY_PATH=/home/bluerov/ROS-Humble-BlueRov2-Driver/install/bluerov2_interfaces/lib:/home/bluerov/ROS-Humble-BlueRov2-Driver/install/tritech_micron_interfaces/lib:/opt/ros/humble/opt/rviz_ogre_vendor/lib:/opt/ros/humble/lib/x86_64-linux-gnu:/opt/ros/humble/lib PYTHONPATH=/home/bluerov/ROS-Humble-BlueRov2-Driver/install/bluerov2_controller/lib/python3.10/site-packages:/home/bluerov/ROS-Humble-BlueRov2-Driver/install/tritech_micron/lib/python3.10/site-packages:/home/bluerov/ROS-Humble-BlueRov2-Driver/install/tritech_micron_interfaces/local/lib/python3.10/dist-packages:/home/bluerov/ROS-Humble-BlueRov2-Driver/install/bluerov2_interfaces/local/lib/python3.10/dist-packages:/opt/ros/humble/lib/python3.10/site-packages:/opt/ros/humble/local/lib/python3.10/dist-packages /usr/bin/cmake --install /home/bluerov/ROS-Humble-BlueRov2-Driver/build/bluerov2_bringup
[4.035s] Level 1:colcon.colcon_core.environment:checking '/home/bluerov/ROS-Humble-BlueRov2-Driver/install/bluerov2_bringup' for CMake module files
[4.037s] Level 1:colcon.colcon_core.environment:checking '/home/bluerov/ROS-Humble-BlueRov2-Driver/install/bluerov2_bringup' for CMake config files
[4.037s] Level 1:colcon.colcon_core.shell:create_environment_hook('bluerov2_bringup', 'cmake_prefix_path')
[4.038s] INFO:colcon.colcon_core.shell:Creating environment hook '/home/bluerov/ROS-Humble-BlueRov2-Driver/install/bluerov2_bringup/share/bluerov2_bringup/hook/cmake_prefix_path.ps1'
[4.039s] INFO:colcon.colcon_core.shell:Creating environment descriptor '/home/bluerov/ROS-Humble-BlueRov2-Driver/install/bluerov2_bringup/share/bluerov2_bringup/hook/cmake_prefix_path.dsv'
[4.040s] INFO:colcon.colcon_core.shell:Creating environment hook '/home/bluerov/ROS-Humble-BlueRov2-Driver/install/bluerov2_bringup/share/bluerov2_bringup/hook/cmake_prefix_path.sh'
[4.041s] Level 1:colcon.colcon_core.environment:checking '/home/bluerov/ROS-Humble-BlueRov2-Driver/install/bluerov2_bringup/bin'
[4.041s] Level 1:colcon.colcon_core.environment:checking '/home/bluerov/ROS-Humble-BlueRov2-Driver/install/bluerov2_bringup/lib/pkgconfig/bluerov2_bringup.pc'
[4.042s] Level 1:colcon.colcon_core.environment:checking '/home/bluerov/ROS-Humble-BlueRov2-Driver/install/bluerov2_bringup/lib/python3.10/site-packages'
[4.042s] Level 1:colcon.colcon_core.environment:checking '/home/bluerov/ROS-Humble-BlueRov2-Driver/install/bluerov2_bringup/bin'
[4.043s] INFO:colcon.colcon_core.shell:Creating package script '/home/bluerov/ROS-Humble-BlueRov2-Driver/install/bluerov2_bringup/share/bluerov2_bringup/package.ps1'
[4.043s] INFO:colcon.colcon_core.shell:Creating package descriptor '/home/bluerov/ROS-Humble-BlueRov2-Driver/install/bluerov2_bringup/share/bluerov2_bringup/package.dsv'
[4.044s] INFO:colcon.colcon_core.shell:Creating package script '/home/bluerov/ROS-Humble-BlueRov2-Driver/install/bluerov2_bringup/share/bluerov2_bringup/package.sh'
[4.044s] INFO:colcon.colcon_core.shell:Creating package script '/home/bluerov/ROS-Humble-BlueRov2-Driver/install/bluerov2_bringup/share/bluerov2_bringup/package.bash'
[4.045s] INFO:colcon.colcon_core.shell:Creating package script '/home/bluerov/ROS-Humble-BlueRov2-Driver/install/bluerov2_bringup/share/bluerov2_bringup/package.zsh'
[4.045s] Level 1:colcon.colcon_core.environment:create_file_with_runtime_dependencies(/home/bluerov/ROS-Humble-BlueRov2-Driver/install/bluerov2_bringup/share/colcon-core/packages/bluerov2_bringup)
[4.089s] Level 1:colcon.colcon_core.environment:create_environment_scripts_only(bluerov2_bringup)
[4.090s] Level 1:colcon.colcon_core.environment:checking '/home/bluerov/ROS-Humble-BlueRov2-Driver/install/bluerov2_bringup' for CMake module files
[4.091s] Level 1:colcon.colcon_core.environment:checking '/home/bluerov/ROS-Humble-BlueRov2-Driver/install/bluerov2_bringup' for CMake config files
[4.091s] Level 1:colcon.colcon_core.shell:create_environment_hook('bluerov2_bringup', 'cmake_prefix_path')
[4.092s] INFO:colcon.colcon_core.shell:Creating environment hook '/home/bluerov/ROS-Humble-BlueRov2-Driver/install/bluerov2_bringup/share/bluerov2_bringup/hook/cmake_prefix_path.ps1'
[4.092s] INFO:colcon.colcon_core.shell:Creating environment descriptor '/home/bluerov/ROS-Humble-BlueRov2-Driver/install/bluerov2_bringup/share/bluerov2_bringup/hook/cmake_prefix_path.dsv'
[4.093s] INFO:colcon.colcon_core.shell:Creating environment hook '/home/bluerov/ROS-Humble-BlueRov2-Driver/install/bluerov2_bringup/share/bluerov2_bringup/hook/cmake_prefix_path.sh'
[4.094s] Level 1:colcon.colcon_core.environment:checking '/home/bluerov/ROS-Humble-BlueRov2-Driver/install/bluerov2_bringup/bin'
[4.094s] Level 1:colcon.colcon_core.environment:checking '/home/bluerov/ROS-Humble-BlueRov2-Driver/install/bluerov2_bringup/lib/pkgconfig/bluerov2_bringup.pc'
[4.095s] Level 1:colcon.colcon_core.environment:checking '/home/bluerov/ROS-Humble-BlueRov2-Driver/install/bluerov2_bringup/lib/python3.10/site-packages'
[4.095s] Level 1:colcon.colcon_core.environment:checking '/home/bluerov/ROS-Humble-BlueRov2-Driver/install/bluerov2_bringup/bin'
[4.096s] INFO:colcon.colcon_core.shell:Creating package script '/home/bluerov/ROS-Humble-BlueRov2-Driver/install/bluerov2_bringup/share/bluerov2_bringup/package.ps1'
[4.097s] INFO:colcon.colcon_core.shell:Creating package descriptor '/home/bluerov/ROS-Humble-BlueRov2-Driver/install/bluerov2_bringup/share/bluerov2_bringup/package.dsv'
[4.098s] INFO:colcon.colcon_core.shell:Creating package script '/home/bluerov/ROS-Humble-BlueRov2-Driver/install/bluerov2_bringup/share/bluerov2_bringup/package.sh'
[4.099s] INFO:colcon.colcon_core.shell:Creating package script '/home/bluerov/ROS-Humble-BlueRov2-Driver/install/bluerov2_bringup/share/bluerov2_bringup/package.bash'
[4.099s] INFO:colcon.colcon_core.shell:Creating package script '/home/bluerov/ROS-Humble-BlueRov2-Driver/install/bluerov2_bringup/share/bluerov2_bringup/package.zsh'
[4.100s] Level 1:colcon.colcon_core.environment:create_file_with_runtime_dependencies(/home/bluerov/ROS-Humble-BlueRov2-Driver/install/bluerov2_bringup/share/colcon-core/packages/bluerov2_bringup)
[4.101s] DEBUG:colcon.colcon_parallel_executor.executor.parallel:closing loop
[4.102s] DEBUG:colcon.colcon_parallel_executor.executor.parallel:loop closed
[4.102s] DEBUG:colcon.colcon_parallel_executor.executor.parallel:run_until_complete finished with '0'
[4.102s] DEBUG:colcon.colcon_core.event_reactor:joining thread
[4.112s] INFO:colcon.colcon_core.plugin_system:Skipping extension 'colcon_notification.desktop_notification.terminal_notifier': Not used on non-Darwin systems
[4.112s] INFO:colcon.colcon_core.plugin_system:Skipping extension 'colcon_notification.desktop_notification.win32': Not used on non-Windows systems
[4.112s] INFO:colcon.colcon_notification.desktop_notification:Sending desktop notification using 'notify2'
[4.137s] DEBUG:colcon.colcon_core.event_reactor:joined thread
[4.138s] INFO:colcon.colcon_core.shell:Creating prefix script '/home/bluerov/ROS-Humble-BlueRov2-Driver/install/local_setup.ps1'
[4.139s] INFO:colcon.colcon_core.shell:Creating prefix util module '/home/bluerov/ROS-Humble-BlueRov2-Driver/install/_local_setup_util_ps1.py'
[4.141s] INFO:colcon.colcon_core.shell:Creating prefix chain script '/home/bluerov/ROS-Humble-BlueRov2-Driver/install/setup.ps1'
[4.144s] INFO:colcon.colcon_core.shell:Creating prefix script '/home/bluerov/ROS-Humble-BlueRov2-Driver/install/local_setup.sh'
[4.145s] INFO:colcon.colcon_core.shell:Creating prefix util module '/home/bluerov/ROS-Humble-BlueRov2-Driver/install/_local_setup_util_sh.py'
[4.146s] INFO:colcon.colcon_core.shell:Creating prefix chain script '/home/bluerov/ROS-Humble-BlueRov2-Driver/install/setup.sh'
[4.149s] INFO:colcon.colcon_core.shell:Creating prefix script '/home/bluerov/ROS-Humble-BlueRov2-Driver/install/local_setup.bash'
[4.151s] INFO:colcon.colcon_core.shell:Creating prefix chain script '/home/bluerov/ROS-Humble-BlueRov2-Driver/install/setup.bash'
[4.153s] INFO:colcon.colcon_core.shell:Creating prefix script '/home/bluerov/ROS-Humble-BlueRov2-Driver/install/local_setup.zsh'
[4.154s] INFO:colcon.colcon_core.shell:Creating prefix chain script '/home/bluerov/ROS-Humble-BlueRov2-Driver/install/setup.zsh'
