[1.037s] Invoking command in '/home/bluerov/ROS-Humble-BlueRov2-Driver/src/tritech_micron': PYTHONPATH=/home/bluerov/ROS-Humble-BlueRov2-Driver/build/tritech_micron/prefix_override:/home/bluerov/ROS-Humble-BlueRov2-Driver/install/tritech_micron/lib/python3.10/site-packages:${PYTHONPATH} /usr/bin/python3 -W ignore:setup.py install is deprecated setup.py egg_info --egg-base ../../build/tritech_micron build --build-base /home/bluerov/ROS-Humble-BlueRov2-Driver/build/tritech_micron/build install --record /home/bluerov/ROS-Humble-BlueRov2-Driver/build/tritech_micron/install.log --single-version-externally-managed install_data
[1.431s] running egg_info
[1.432s] writing ../../build/tritech_micron/tritech_micron.egg-info/PKG-INFO
[1.432s] writing dependency_links to ../../build/tritech_micron/tritech_micron.egg-info/dependency_links.txt
[1.433s] writing entry points to ../../build/tritech_micron/tritech_micron.egg-info/entry_points.txt
[1.433s] writing requirements to ../../build/tritech_micron/tritech_micron.egg-info/requires.txt
[1.434s] writing top-level names to ../../build/tritech_micron/tritech_micron.egg-info/top_level.txt
[1.438s] reading manifest file '../../build/tritech_micron/tritech_micron.egg-info/SOURCES.txt'
[1.440s] writing manifest file '../../build/tritech_micron/tritech_micron.egg-info/SOURCES.txt'
[1.441s] running build
[1.441s] running build_py
[1.441s] copying tritech_micron/sonar.py -> /home/bluerov/ROS-Humble-BlueRov2-Driver/build/tritech_micron/build/lib/tritech_micron
[1.442s] running install
[1.442s] running install_lib
[1.444s] copying /home/bluerov/ROS-Humble-BlueRov2-Driver/build/tritech_micron/build/lib/tritech_micron/sonar.py -> /home/bluerov/ROS-Humble-BlueRov2-Driver/install/tritech_micron/lib/python3.10/site-packages/tritech_micron
[1.445s] byte-compiling /home/bluerov/ROS-Humble-BlueRov2-Driver/install/tritech_micron/lib/python3.10/site-packages/tritech_micron/sonar.py to sonar.cpython-310.pyc
[1.453s] running install_data
[1.453s] running install_egg_info
[1.456s] removing '/home/bluerov/ROS-Humble-BlueRov2-Driver/install/tritech_micron/lib/python3.10/site-packages/tritech_micron-0.0.0-py3.10.egg-info' (and everything under it)
[1.457s] Copying ../../build/tritech_micron/tritech_micron.egg-info to /home/bluerov/ROS-Humble-BlueRov2-Driver/install/tritech_micron/lib/python3.10/site-packages/tritech_micron-0.0.0-py3.10.egg-info
[1.458s] running install_scripts
[1.497s] Installing scan script to /home/bluerov/ROS-Humble-BlueRov2-Driver/install/tritech_micron/lib/tritech_micron
[1.499s] writing list of installed files to '/home/bluerov/ROS-Humble-BlueRov2-Driver/build/tritech_micron/install.log'
[1.561s] Invoked command in '/home/bluerov/ROS-Humble-BlueRov2-Driver/src/tritech_micron' returned '0': PYTHONPATH=/home/bluerov/ROS-Humble-BlueRov2-Driver/build/tritech_micron/prefix_override:/home/bluerov/ROS-Humble-BlueRov2-Driver/install/tritech_micron/lib/python3.10/site-packages:${PYTHONPATH} /usr/bin/python3 -W ignore:setup.py install is deprecated setup.py egg_info --egg-base ../../build/tritech_micron build --build-base /home/bluerov/ROS-Humble-BlueRov2-Driver/build/tritech_micron/build install --record /home/bluerov/ROS-Humble-BlueRov2-Driver/build/tritech_micron/install.log --single-version-externally-managed install_data
