[0.237s] Invoking command in '/home/bluerov/ROS-Humble-BlueRov2-Driver/build/bluerov2_interfaces': CMAKE_PREFIX_PATH=${CMAKE_PREFIX_PATH}:/home/bluerov/ROS-Humble-BlueRov2-Driver/install/tritech_micron:/home/bluerov/ROS-Humble-BlueRov2-Driver/install/bluerov2_controller:/opt/ros/humble /usr/bin/cmake --build /home/bluerov/ROS-Humble-BlueRov2-Driver/build/bluerov2_interfaces -- -j4 -l4
[0.321s] [  2%] Built target bluerov2_interfaces__cpp
[0.330s] [  2%] Built target ament_cmake_python_copy_bluerov2_interfaces
[0.336s] [ 12%] Built target bluerov2_interfaces__rosidl_generator_c
[0.392s] [ 23%] Built target bluerov2_interfaces__rosidl_typesupport_cpp
[0.403s] [ 34%] Built target bluerov2_interfaces__rosidl_typesupport_fastrtps_cpp
[0.426s] [ 44%] Built target bluerov2_interfaces__rosidl_typesupport_introspection_cpp
[0.518s] [ 55%] Built target bluerov2_interfaces__rosidl_typesupport_c
[0.531s] [ 65%] Built target bluerov2_interfaces__rosidl_typesupport_fastrtps_c
[0.548s] [ 76%] Built target bluerov2_interfaces__rosidl_typesupport_introspection_c
[0.616s] [ 76%] Built target bluerov2_interfaces
[0.699s] [ 78%] Built target bluerov2_interfaces__py
[0.794s] [ 87%] Built target bluerov2_interfaces__rosidl_generator_py
[0.935s] [ 91%] Built target bluerov2_interfaces__rosidl_typesupport_introspection_c__pyext
[0.935s] [ 95%] Built target bluerov2_interfaces__rosidl_typesupport_fastrtps_c__pyext
[0.937s] [100%] Built target bluerov2_interfaces__rosidl_typesupport_c__pyext
[1.053s] running egg_info
[1.054s] writing bluerov2_interfaces.egg-info/PKG-INFO
[1.055s] writing dependency_links to bluerov2_interfaces.egg-info/dependency_links.txt
[1.056s] writing top-level names to bluerov2_interfaces.egg-info/top_level.txt
[1.060s] reading manifest file 'bluerov2_interfaces.egg-info/SOURCES.txt'
[1.061s] writing manifest file 'bluerov2_interfaces.egg-info/SOURCES.txt'
[1.096s] [100%] Built target ament_cmake_python_build_bluerov2_interfaces_egg
[1.118s] Invoked command in '/home/bluerov/ROS-Humble-BlueRov2-Driver/build/bluerov2_interfaces' returned '0': CMAKE_PREFIX_PATH=${CMAKE_PREFIX_PATH}:/home/bluerov/ROS-Humble-BlueRov2-Driver/install/tritech_micron:/home/bluerov/ROS-Humble-BlueRov2-Driver/install/bluerov2_controller:/opt/ros/humble /usr/bin/cmake --build /home/bluerov/ROS-Humble-BlueRov2-Driver/build/bluerov2_interfaces -- -j4 -l4
[1.249s] Invoking command in '/home/bluerov/ROS-Humble-BlueRov2-Driver/build/bluerov2_interfaces': CMAKE_PREFIX_PATH=${CMAKE_PREFIX_PATH}:/home/bluerov/ROS-Humble-BlueRov2-Driver/install/tritech_micron:/home/bluerov/ROS-Humble-BlueRov2-Driver/install/bluerov2_controller:/opt/ros/humble /usr/bin/cmake --install /home/bluerov/ROS-Humble-BlueRov2-Driver/build/bluerov2_interfaces
[1.270s] -- Install configuration: ""
[1.271s] -- Up-to-date: /home/bluerov/ROS-Humble-BlueRov2-Driver/install/bluerov2_interfaces/share/ament_index/resource_index/rosidl_interfaces/bluerov2_interfaces
[1.271s] -- Up-to-date: /home/bluerov/ROS-Humble-BlueRov2-Driver/install/bluerov2_interfaces/include/bluerov2_interfaces/bluerov2_interfaces
[1.271s] -- Up-to-date: /home/bluerov/ROS-Humble-BlueRov2-Driver/install/bluerov2_interfaces/include/bluerov2_interfaces/bluerov2_interfaces/msg
[1.271s] -- Up-to-date: /home/bluerov/ROS-Humble-BlueRov2-Driver/install/bluerov2_interfaces/include/bluerov2_interfaces/bluerov2_interfaces/msg/detail
[1.271s] -- Up-to-date: /home/bluerov/ROS-Humble-BlueRov2-Driver/install/bluerov2_interfaces/include/bluerov2_interfaces/bluerov2_interfaces/msg/detail/attitude__functions.c
[1.271s] -- Up-to-date: /home/bluerov/ROS-Humble-BlueRov2-Driver/install/bluerov2_interfaces/include/bluerov2_interfaces/bluerov2_interfaces/msg/detail/attitude__type_support.h
[1.272s] -- Up-to-date: /home/bluerov/ROS-Humble-BlueRov2-Driver/install/bluerov2_interfaces/include/bluerov2_interfaces/bluerov2_interfaces/msg/detail/pid__type_support.h
[1.272s] -- Up-to-date: /home/bluerov/ROS-Humble-BlueRov2-Driver/install/bluerov2_interfaces/include/bluerov2_interfaces/bluerov2_interfaces/msg/detail/bar30__struct.h
[1.272s] -- Up-to-date: /home/bluerov/ROS-Humble-BlueRov2-Driver/install/bluerov2_interfaces/include/bluerov2_interfaces/bluerov2_interfaces/msg/detail/bar30__type_support.h
[1.272s] -- Up-to-date: /home/bluerov/ROS-Humble-BlueRov2-Driver/install/bluerov2_interfaces/include/bluerov2_interfaces/bluerov2_interfaces/msg/detail/pid__functions.h
[1.272s] -- Up-to-date: /home/bluerov/ROS-Humble-BlueRov2-Driver/install/bluerov2_interfaces/include/bluerov2_interfaces/bluerov2_interfaces/msg/detail/bar30__functions.h
[1.272s] -- Up-to-date: /home/bluerov/ROS-Humble-BlueRov2-Driver/install/bluerov2_interfaces/include/bluerov2_interfaces/bluerov2_interfaces/msg/detail/pid__struct.h
[1.272s] -- Up-to-date: /home/bluerov/ROS-Humble-BlueRov2-Driver/install/bluerov2_interfaces/include/bluerov2_interfaces/bluerov2_interfaces/msg/detail/attitude__functions.h
[1.273s] -- Up-to-date: /home/bluerov/ROS-Humble-BlueRov2-Driver/install/bluerov2_interfaces/include/bluerov2_interfaces/bluerov2_interfaces/msg/detail/pid__functions.c
[1.273s] -- Up-to-date: /home/bluerov/ROS-Humble-BlueRov2-Driver/install/bluerov2_interfaces/include/bluerov2_interfaces/bluerov2_interfaces/msg/detail/bar30__functions.c
[1.273s] -- Up-to-date: /home/bluerov/ROS-Humble-BlueRov2-Driver/install/bluerov2_interfaces/include/bluerov2_interfaces/bluerov2_interfaces/msg/detail/attitude__struct.h
[1.273s] -- Up-to-date: /home/bluerov/ROS-Humble-BlueRov2-Driver/install/bluerov2_interfaces/include/bluerov2_interfaces/bluerov2_interfaces/msg/rosidl_generator_c__visibility_control.h
[1.273s] -- Up-to-date: /home/bluerov/ROS-Humble-BlueRov2-Driver/install/bluerov2_interfaces/include/bluerov2_interfaces/bluerov2_interfaces/msg/attitude.h
[1.274s] -- Up-to-date: /home/bluerov/ROS-Humble-BlueRov2-Driver/install/bluerov2_interfaces/include/bluerov2_interfaces/bluerov2_interfaces/msg/pid.h
[1.274s] -- Up-to-date: /home/bluerov/ROS-Humble-BlueRov2-Driver/install/bluerov2_interfaces/include/bluerov2_interfaces/bluerov2_interfaces/msg/bar30.h
[1.274s] -- Up-to-date: /home/bluerov/ROS-Humble-BlueRov2-Driver/install/bluerov2_interfaces/share/bluerov2_interfaces/environment/library_path.sh
[1.274s] -- Up-to-date: /home/bluerov/ROS-Humble-BlueRov2-Driver/install/bluerov2_interfaces/share/bluerov2_interfaces/environment/library_path.dsv
[1.274s] -- Up-to-date: /home/bluerov/ROS-Humble-BlueRov2-Driver/install/bluerov2_interfaces/lib/libbluerov2_interfaces__rosidl_generator_c.so
[1.274s] -- Up-to-date: /home/bluerov/ROS-Humble-BlueRov2-Driver/install/bluerov2_interfaces/include/bluerov2_interfaces/bluerov2_interfaces
[1.275s] -- Up-to-date: /home/bluerov/ROS-Humble-BlueRov2-Driver/install/bluerov2_interfaces/include/bluerov2_interfaces/bluerov2_interfaces/msg
[1.275s] -- Up-to-date: /home/bluerov/ROS-Humble-BlueRov2-Driver/install/bluerov2_interfaces/include/bluerov2_interfaces/bluerov2_interfaces/msg/detail
[1.276s] -- Up-to-date: /home/bluerov/ROS-Humble-BlueRov2-Driver/install/bluerov2_interfaces/include/bluerov2_interfaces/bluerov2_interfaces/msg/detail/pid__rosidl_typesupport_fastrtps_c.h
[1.276s] -- Up-to-date: /home/bluerov/ROS-Humble-BlueRov2-Driver/install/bluerov2_interfaces/include/bluerov2_interfaces/bluerov2_interfaces/msg/detail/attitude__rosidl_typesupport_fastrtps_c.h
[1.277s] -- Up-to-date: /home/bluerov/ROS-Humble-BlueRov2-Driver/install/bluerov2_interfaces/include/bluerov2_interfaces/bluerov2_interfaces/msg/detail/bar30__rosidl_typesupport_fastrtps_c.h
[1.277s] -- Up-to-date: /home/bluerov/ROS-Humble-BlueRov2-Driver/install/bluerov2_interfaces/include/bluerov2_interfaces/bluerov2_interfaces/msg/rosidl_typesupport_fastrtps_c__visibility_control.h
[1.277s] -- Up-to-date: /home/bluerov/ROS-Humble-BlueRov2-Driver/install/bluerov2_interfaces/lib/libbluerov2_interfaces__rosidl_typesupport_fastrtps_c.so
[1.279s] -- Up-to-date: /home/bluerov/ROS-Humble-BlueRov2-Driver/install/bluerov2_interfaces/include/bluerov2_interfaces/bluerov2_interfaces
[1.279s] -- Up-to-date: /home/bluerov/ROS-Humble-BlueRov2-Driver/install/bluerov2_interfaces/include/bluerov2_interfaces/bluerov2_interfaces/msg
[1.279s] -- Up-to-date: /home/bluerov/ROS-Humble-BlueRov2-Driver/install/bluerov2_interfaces/include/bluerov2_interfaces/bluerov2_interfaces/msg/detail
[1.279s] -- Up-to-date: /home/bluerov/ROS-Humble-BlueRov2-Driver/install/bluerov2_interfaces/include/bluerov2_interfaces/bluerov2_interfaces/msg/detail/attitude__rosidl_typesupport_introspection_c.h
[1.280s] -- Up-to-date: /home/bluerov/ROS-Humble-BlueRov2-Driver/install/bluerov2_interfaces/include/bluerov2_interfaces/bluerov2_interfaces/msg/detail/pid__type_support.c
[1.280s] -- Up-to-date: /home/bluerov/ROS-Humble-BlueRov2-Driver/install/bluerov2_interfaces/include/bluerov2_interfaces/bluerov2_interfaces/msg/detail/pid__rosidl_typesupport_introspection_c.h
[1.280s] -- Up-to-date: /home/bluerov/ROS-Humble-BlueRov2-Driver/install/bluerov2_interfaces/include/bluerov2_interfaces/bluerov2_interfaces/msg/detail/attitude__type_support.c
[1.280s] -- Up-to-date: /home/bluerov/ROS-Humble-BlueRov2-Driver/install/bluerov2_interfaces/include/bluerov2_interfaces/bluerov2_interfaces/msg/detail/bar30__rosidl_typesupport_introspection_c.h
[1.280s] -- Up-to-date: /home/bluerov/ROS-Humble-BlueRov2-Driver/install/bluerov2_interfaces/include/bluerov2_interfaces/bluerov2_interfaces/msg/detail/bar30__type_support.c
[1.280s] -- Up-to-date: /home/bluerov/ROS-Humble-BlueRov2-Driver/install/bluerov2_interfaces/include/bluerov2_interfaces/bluerov2_interfaces/msg/rosidl_typesupport_introspection_c__visibility_control.h
[1.280s] -- Up-to-date: /home/bluerov/ROS-Humble-BlueRov2-Driver/install/bluerov2_interfaces/lib/libbluerov2_interfaces__rosidl_typesupport_introspection_c.so
[1.281s] -- Up-to-date: /home/bluerov/ROS-Humble-BlueRov2-Driver/install/bluerov2_interfaces/lib/libbluerov2_interfaces__rosidl_typesupport_c.so
[1.281s] -- Up-to-date: /home/bluerov/ROS-Humble-BlueRov2-Driver/install/bluerov2_interfaces/include/bluerov2_interfaces/bluerov2_interfaces
[1.281s] -- Up-to-date: /home/bluerov/ROS-Humble-BlueRov2-Driver/install/bluerov2_interfaces/include/bluerov2_interfaces/bluerov2_interfaces/msg
[1.281s] -- Up-to-date: /home/bluerov/ROS-Humble-BlueRov2-Driver/install/bluerov2_interfaces/include/bluerov2_interfaces/bluerov2_interfaces/msg/attitude.hpp
[1.281s] -- Up-to-date: /home/bluerov/ROS-Humble-BlueRov2-Driver/install/bluerov2_interfaces/include/bluerov2_interfaces/bluerov2_interfaces/msg/detail
[1.281s] -- Up-to-date: /home/bluerov/ROS-Humble-BlueRov2-Driver/install/bluerov2_interfaces/include/bluerov2_interfaces/bluerov2_interfaces/msg/detail/pid__traits.hpp
[1.282s] -- Up-to-date: /home/bluerov/ROS-Humble-BlueRov2-Driver/install/bluerov2_interfaces/include/bluerov2_interfaces/bluerov2_interfaces/msg/detail/pid__struct.hpp
[1.282s] -- Up-to-date: /home/bluerov/ROS-Humble-BlueRov2-Driver/install/bluerov2_interfaces/include/bluerov2_interfaces/bluerov2_interfaces/msg/detail/bar30__struct.hpp
[1.282s] -- Up-to-date: /home/bluerov/ROS-Humble-BlueRov2-Driver/install/bluerov2_interfaces/include/bluerov2_interfaces/bluerov2_interfaces/msg/detail/bar30__builder.hpp
[1.282s] -- Up-to-date: /home/bluerov/ROS-Humble-BlueRov2-Driver/install/bluerov2_interfaces/include/bluerov2_interfaces/bluerov2_interfaces/msg/detail/attitude__builder.hpp
[1.282s] -- Up-to-date: /home/bluerov/ROS-Humble-BlueRov2-Driver/install/bluerov2_interfaces/include/bluerov2_interfaces/bluerov2_interfaces/msg/detail/attitude__struct.hpp
[1.282s] -- Up-to-date: /home/bluerov/ROS-Humble-BlueRov2-Driver/install/bluerov2_interfaces/include/bluerov2_interfaces/bluerov2_interfaces/msg/detail/pid__builder.hpp
[1.287s] -- Up-to-date: /home/bluerov/ROS-Humble-BlueRov2-Driver/install/bluerov2_interfaces/include/bluerov2_interfaces/bluerov2_interfaces/msg/detail/bar30__traits.hpp
[1.287s] -- Up-to-date: /home/bluerov/ROS-Humble-BlueRov2-Driver/install/bluerov2_interfaces/include/bluerov2_interfaces/bluerov2_interfaces/msg/detail/attitude__traits.hpp
[1.287s] -- Up-to-date: /home/bluerov/ROS-Humble-BlueRov2-Driver/install/bluerov2_interfaces/include/bluerov2_interfaces/bluerov2_interfaces/msg/bar30.hpp
[1.287s] -- Up-to-date: /home/bluerov/ROS-Humble-BlueRov2-Driver/install/bluerov2_interfaces/include/bluerov2_interfaces/bluerov2_interfaces/msg/pid.hpp
[1.288s] -- Up-to-date: /home/bluerov/ROS-Humble-BlueRov2-Driver/install/bluerov2_interfaces/include/bluerov2_interfaces/bluerov2_interfaces
[1.299s] -- Up-to-date: /home/bluerov/ROS-Humble-BlueRov2-Driver/install/bluerov2_interfaces/include/bluerov2_interfaces/bluerov2_interfaces/msg
[1.300s] -- Up-to-date: /home/bluerov/ROS-Humble-BlueRov2-Driver/install/bluerov2_interfaces/include/bluerov2_interfaces/bluerov2_interfaces/msg/detail
[1.301s] -- Up-to-date: /home/bluerov/ROS-Humble-BlueRov2-Driver/install/bluerov2_interfaces/include/bluerov2_interfaces/bluerov2_interfaces/msg/detail/bar30__rosidl_typesupport_fastrtps_cpp.hpp
[1.301s] -- Up-to-date: /home/bluerov/ROS-Humble-BlueRov2-Driver/install/bluerov2_interfaces/include/bluerov2_interfaces/bluerov2_interfaces/msg/detail/dds_fastrtps
[1.301s] -- Up-to-date: /home/bluerov/ROS-Humble-BlueRov2-Driver/install/bluerov2_interfaces/include/bluerov2_interfaces/bluerov2_interfaces/msg/detail/pid__rosidl_typesupport_fastrtps_cpp.hpp
[1.301s] -- Up-to-date: /home/bluerov/ROS-Humble-BlueRov2-Driver/install/bluerov2_interfaces/include/bluerov2_interfaces/bluerov2_interfaces/msg/detail/attitude__rosidl_typesupport_fastrtps_cpp.hpp
[1.301s] -- Up-to-date: /home/bluerov/ROS-Humble-BlueRov2-Driver/install/bluerov2_interfaces/include/bluerov2_interfaces/bluerov2_interfaces/msg/rosidl_typesupport_fastrtps_cpp__visibility_control.h
[1.301s] -- Up-to-date: /home/bluerov/ROS-Humble-BlueRov2-Driver/install/bluerov2_interfaces/lib/libbluerov2_interfaces__rosidl_typesupport_fastrtps_cpp.so
[1.301s] -- Up-to-date: /home/bluerov/ROS-Humble-BlueRov2-Driver/install/bluerov2_interfaces/include/bluerov2_interfaces/bluerov2_interfaces
[1.302s] -- Up-to-date: /home/bluerov/ROS-Humble-BlueRov2-Driver/install/bluerov2_interfaces/include/bluerov2_interfaces/bluerov2_interfaces/msg
[1.302s] -- Up-to-date: /home/bluerov/ROS-Humble-BlueRov2-Driver/install/bluerov2_interfaces/include/bluerov2_interfaces/bluerov2_interfaces/msg/detail
[1.302s] -- Up-to-date: /home/bluerov/ROS-Humble-BlueRov2-Driver/install/bluerov2_interfaces/include/bluerov2_interfaces/bluerov2_interfaces/msg/detail/bar30__rosidl_typesupport_introspection_cpp.hpp
[1.302s] -- Up-to-date: /home/bluerov/ROS-Humble-BlueRov2-Driver/install/bluerov2_interfaces/include/bluerov2_interfaces/bluerov2_interfaces/msg/detail/bar30__type_support.cpp
[1.302s] -- Up-to-date: /home/bluerov/ROS-Humble-BlueRov2-Driver/install/bluerov2_interfaces/include/bluerov2_interfaces/bluerov2_interfaces/msg/detail/pid__type_support.cpp
[1.302s] -- Up-to-date: /home/bluerov/ROS-Humble-BlueRov2-Driver/install/bluerov2_interfaces/include/bluerov2_interfaces/bluerov2_interfaces/msg/detail/attitude__type_support.cpp
[1.302s] -- Up-to-date: /home/bluerov/ROS-Humble-BlueRov2-Driver/install/bluerov2_interfaces/include/bluerov2_interfaces/bluerov2_interfaces/msg/detail/pid__rosidl_typesupport_introspection_cpp.hpp
[1.303s] -- Up-to-date: /home/bluerov/ROS-Humble-BlueRov2-Driver/install/bluerov2_interfaces/include/bluerov2_interfaces/bluerov2_interfaces/msg/detail/attitude__rosidl_typesupport_introspection_cpp.hpp
[1.303s] -- Up-to-date: /home/bluerov/ROS-Humble-BlueRov2-Driver/install/bluerov2_interfaces/lib/libbluerov2_interfaces__rosidl_typesupport_introspection_cpp.so
[1.303s] -- Up-to-date: /home/bluerov/ROS-Humble-BlueRov2-Driver/install/bluerov2_interfaces/lib/libbluerov2_interfaces__rosidl_typesupport_cpp.so
[1.303s] -- Up-to-date: /home/bluerov/ROS-Humble-BlueRov2-Driver/install/bluerov2_interfaces/share/bluerov2_interfaces/environment/pythonpath.sh
[1.303s] -- Up-to-date: /home/bluerov/ROS-Humble-BlueRov2-Driver/install/bluerov2_interfaces/share/bluerov2_interfaces/environment/pythonpath.dsv
[1.304s] -- Up-to-date: /home/bluerov/ROS-Humble-BlueRov2-Driver/install/bluerov2_interfaces/local/lib/python3.10/dist-packages/bluerov2_interfaces-0.0.0-py3.10.egg-info
[1.304s] -- Installing: /home/bluerov/ROS-Humble-BlueRov2-Driver/install/bluerov2_interfaces/local/lib/python3.10/dist-packages/bluerov2_interfaces-0.0.0-py3.10.egg-info/dependency_links.txt
[1.304s] -- Installing: /home/bluerov/ROS-Humble-BlueRov2-Driver/install/bluerov2_interfaces/local/lib/python3.10/dist-packages/bluerov2_interfaces-0.0.0-py3.10.egg-info/SOURCES.txt
[1.304s] -- Installing: /home/bluerov/ROS-Humble-BlueRov2-Driver/install/bluerov2_interfaces/local/lib/python3.10/dist-packages/bluerov2_interfaces-0.0.0-py3.10.egg-info/PKG-INFO
[1.304s] -- Installing: /home/bluerov/ROS-Humble-BlueRov2-Driver/install/bluerov2_interfaces/local/lib/python3.10/dist-packages/bluerov2_interfaces-0.0.0-py3.10.egg-info/top_level.txt
[1.304s] -- Up-to-date: /home/bluerov/ROS-Humble-BlueRov2-Driver/install/bluerov2_interfaces/local/lib/python3.10/dist-packages/bluerov2_interfaces
[1.304s] -- Up-to-date: /home/bluerov/ROS-Humble-BlueRov2-Driver/install/bluerov2_interfaces/local/lib/python3.10/dist-packages/bluerov2_interfaces/_bluerov2_interfaces_s.ep.rosidl_typesupport_c.c
[1.305s] -- Up-to-date: /home/bluerov/ROS-Humble-BlueRov2-Driver/install/bluerov2_interfaces/local/lib/python3.10/dist-packages/bluerov2_interfaces/libbluerov2_interfaces__rosidl_generator_py.so
[1.305s] -- Up-to-date: /home/bluerov/ROS-Humble-BlueRov2-Driver/install/bluerov2_interfaces/local/lib/python3.10/dist-packages/bluerov2_interfaces/bluerov2_interfaces_s__rosidl_typesupport_introspection_c.cpython-310-x86_64-linux-gnu.so
[1.305s] -- Up-to-date: /home/bluerov/ROS-Humble-BlueRov2-Driver/install/bluerov2_interfaces/local/lib/python3.10/dist-packages/bluerov2_interfaces/_bluerov2_interfaces_s.ep.rosidl_typesupport_introspection_c.c
[1.305s] -- Up-to-date: /home/bluerov/ROS-Humble-BlueRov2-Driver/install/bluerov2_interfaces/local/lib/python3.10/dist-packages/bluerov2_interfaces/bluerov2_interfaces_s__rosidl_typesupport_fastrtps_c.cpython-310-x86_64-linux-gnu.so
[1.305s] -- Up-to-date: /home/bluerov/ROS-Humble-BlueRov2-Driver/install/bluerov2_interfaces/local/lib/python3.10/dist-packages/bluerov2_interfaces/_bluerov2_interfaces_s.ep.rosidl_typesupport_fastrtps_c.c
[1.305s] -- Up-to-date: /home/bluerov/ROS-Humble-BlueRov2-Driver/install/bluerov2_interfaces/local/lib/python3.10/dist-packages/bluerov2_interfaces/bluerov2_interfaces_s__rosidl_typesupport_c.cpython-310-x86_64-linux-gnu.so
[1.305s] -- Up-to-date: /home/bluerov/ROS-Humble-BlueRov2-Driver/install/bluerov2_interfaces/local/lib/python3.10/dist-packages/bluerov2_interfaces/__init__.py
[1.306s] -- Up-to-date: /home/bluerov/ROS-Humble-BlueRov2-Driver/install/bluerov2_interfaces/local/lib/python3.10/dist-packages/bluerov2_interfaces/msg
[1.306s] -- Up-to-date: /home/bluerov/ROS-Humble-BlueRov2-Driver/install/bluerov2_interfaces/local/lib/python3.10/dist-packages/bluerov2_interfaces/msg/_pid.py
[1.306s] -- Up-to-date: /home/bluerov/ROS-Humble-BlueRov2-Driver/install/bluerov2_interfaces/local/lib/python3.10/dist-packages/bluerov2_interfaces/msg/_attitude_s.c
[1.306s] -- Up-to-date: /home/bluerov/ROS-Humble-BlueRov2-Driver/install/bluerov2_interfaces/local/lib/python3.10/dist-packages/bluerov2_interfaces/msg/_bar30_s.c
[1.306s] -- Up-to-date: /home/bluerov/ROS-Humble-BlueRov2-Driver/install/bluerov2_interfaces/local/lib/python3.10/dist-packages/bluerov2_interfaces/msg/__init__.py
[1.306s] -- Up-to-date: /home/bluerov/ROS-Humble-BlueRov2-Driver/install/bluerov2_interfaces/local/lib/python3.10/dist-packages/bluerov2_interfaces/msg/_pid_s.c
[1.306s] -- Up-to-date: /home/bluerov/ROS-Humble-BlueRov2-Driver/install/bluerov2_interfaces/local/lib/python3.10/dist-packages/bluerov2_interfaces/msg/_attitude.py
[1.314s] -- Up-to-date: /home/bluerov/ROS-Humble-BlueRov2-Driver/install/bluerov2_interfaces/local/lib/python3.10/dist-packages/bluerov2_interfaces/msg/_bar30.py
[1.363s] Listing '/home/bluerov/ROS-Humble-BlueRov2-Driver/install/bluerov2_interfaces/local/lib/python3.10/dist-packages/bluerov2_interfaces'...
[1.364s] Listing '/home/bluerov/ROS-Humble-BlueRov2-Driver/install/bluerov2_interfaces/local/lib/python3.10/dist-packages/bluerov2_interfaces/msg'...
[1.372s] -- Up-to-date: /home/bluerov/ROS-Humble-BlueRov2-Driver/install/bluerov2_interfaces/local/lib/python3.10/dist-packages/bluerov2_interfaces/bluerov2_interfaces_s__rosidl_typesupport_fastrtps_c.cpython-310-x86_64-linux-gnu.so
[1.373s] -- Up-to-date: /home/bluerov/ROS-Humble-BlueRov2-Driver/install/bluerov2_interfaces/local/lib/python3.10/dist-packages/bluerov2_interfaces/bluerov2_interfaces_s__rosidl_typesupport_introspection_c.cpython-310-x86_64-linux-gnu.so
[1.374s] -- Up-to-date: /home/bluerov/ROS-Humble-BlueRov2-Driver/install/bluerov2_interfaces/local/lib/python3.10/dist-packages/bluerov2_interfaces/bluerov2_interfaces_s__rosidl_typesupport_c.cpython-310-x86_64-linux-gnu.so
[1.374s] -- Up-to-date: /home/bluerov/ROS-Humble-BlueRov2-Driver/install/bluerov2_interfaces/lib/libbluerov2_interfaces__rosidl_generator_py.so
[1.375s] -- Up-to-date: /home/bluerov/ROS-Humble-BlueRov2-Driver/install/bluerov2_interfaces/share/bluerov2_interfaces/msg/Bar30.idl
[1.379s] -- Up-to-date: /home/bluerov/ROS-Humble-BlueRov2-Driver/install/bluerov2_interfaces/share/bluerov2_interfaces/msg/Attitude.idl
[1.383s] -- Up-to-date: /home/bluerov/ROS-Humble-BlueRov2-Driver/install/bluerov2_interfaces/share/bluerov2_interfaces/msg/PID.idl
[1.383s] -- Up-to-date: /home/bluerov/ROS-Humble-BlueRov2-Driver/install/bluerov2_interfaces/share/bluerov2_interfaces/msg/Bar30.msg
[1.383s] -- Up-to-date: /home/bluerov/ROS-Humble-BlueRov2-Driver/install/bluerov2_interfaces/share/bluerov2_interfaces/msg/Attitude.msg
[1.384s] -- Up-to-date: /home/bluerov/ROS-Humble-BlueRov2-Driver/install/bluerov2_interfaces/share/bluerov2_interfaces/msg/PID.msg
[1.384s] -- Up-to-date: /home/bluerov/ROS-Humble-BlueRov2-Driver/install/bluerov2_interfaces/share/ament_index/resource_index/package_run_dependencies/bluerov2_interfaces
[1.384s] -- Up-to-date: /home/bluerov/ROS-Humble-BlueRov2-Driver/install/bluerov2_interfaces/share/ament_index/resource_index/parent_prefix_path/bluerov2_interfaces
[1.384s] -- Up-to-date: /home/bluerov/ROS-Humble-BlueRov2-Driver/install/bluerov2_interfaces/share/bluerov2_interfaces/environment/ament_prefix_path.sh
[1.384s] -- Up-to-date: /home/bluerov/ROS-Humble-BlueRov2-Driver/install/bluerov2_interfaces/share/bluerov2_interfaces/environment/ament_prefix_path.dsv
[1.384s] -- Up-to-date: /home/bluerov/ROS-Humble-BlueRov2-Driver/install/bluerov2_interfaces/share/bluerov2_interfaces/environment/path.sh
[1.385s] -- Up-to-date: /home/bluerov/ROS-Humble-BlueRov2-Driver/install/bluerov2_interfaces/share/bluerov2_interfaces/environment/path.dsv
[1.385s] -- Up-to-date: /home/bluerov/ROS-Humble-BlueRov2-Driver/install/bluerov2_interfaces/share/bluerov2_interfaces/local_setup.bash
[1.385s] -- Up-to-date: /home/bluerov/ROS-Humble-BlueRov2-Driver/install/bluerov2_interfaces/share/bluerov2_interfaces/local_setup.sh
[1.385s] -- Up-to-date: /home/bluerov/ROS-Humble-BlueRov2-Driver/install/bluerov2_interfaces/share/bluerov2_interfaces/local_setup.zsh
[1.385s] -- Up-to-date: /home/bluerov/ROS-Humble-BlueRov2-Driver/install/bluerov2_interfaces/share/bluerov2_interfaces/local_setup.dsv
[1.385s] -- Installing: /home/bluerov/ROS-Humble-BlueRov2-Driver/install/bluerov2_interfaces/share/bluerov2_interfaces/package.dsv
[1.386s] -- Up-to-date: /home/bluerov/ROS-Humble-BlueRov2-Driver/install/bluerov2_interfaces/share/ament_index/resource_index/packages/bluerov2_interfaces
[1.386s] -- Up-to-date: /home/bluerov/ROS-Humble-BlueRov2-Driver/install/bluerov2_interfaces/share/bluerov2_interfaces/cmake/export_bluerov2_interfaces__rosidl_generator_cExport.cmake
[1.386s] -- Up-to-date: /home/bluerov/ROS-Humble-BlueRov2-Driver/install/bluerov2_interfaces/share/bluerov2_interfaces/cmake/export_bluerov2_interfaces__rosidl_generator_cExport-noconfig.cmake
[1.386s] -- Up-to-date: /home/bluerov/ROS-Humble-BlueRov2-Driver/install/bluerov2_interfaces/share/bluerov2_interfaces/cmake/export_bluerov2_interfaces__rosidl_typesupport_fastrtps_cExport.cmake
[1.386s] -- Up-to-date: /home/bluerov/ROS-Humble-BlueRov2-Driver/install/bluerov2_interfaces/share/bluerov2_interfaces/cmake/export_bluerov2_interfaces__rosidl_typesupport_fastrtps_cExport-noconfig.cmake
[1.386s] -- Up-to-date: /home/bluerov/ROS-Humble-BlueRov2-Driver/install/bluerov2_interfaces/share/bluerov2_interfaces/cmake/bluerov2_interfaces__rosidl_typesupport_introspection_cExport.cmake
[1.386s] -- Up-to-date: /home/bluerov/ROS-Humble-BlueRov2-Driver/install/bluerov2_interfaces/share/bluerov2_interfaces/cmake/bluerov2_interfaces__rosidl_typesupport_introspection_cExport-noconfig.cmake
[1.399s] -- Up-to-date: /home/bluerov/ROS-Humble-BlueRov2-Driver/install/bluerov2_interfaces/share/bluerov2_interfaces/cmake/bluerov2_interfaces__rosidl_typesupport_cExport.cmake
[1.399s] -- Up-to-date: /home/bluerov/ROS-Humble-BlueRov2-Driver/install/bluerov2_interfaces/share/bluerov2_interfaces/cmake/bluerov2_interfaces__rosidl_typesupport_cExport-noconfig.cmake
[1.399s] -- Up-to-date: /home/bluerov/ROS-Humble-BlueRov2-Driver/install/bluerov2_interfaces/share/bluerov2_interfaces/cmake/export_bluerov2_interfaces__rosidl_generator_cppExport.cmake
[1.399s] -- Up-to-date: /home/bluerov/ROS-Humble-BlueRov2-Driver/install/bluerov2_interfaces/share/bluerov2_interfaces/cmake/export_bluerov2_interfaces__rosidl_typesupport_fastrtps_cppExport.cmake
[1.400s] -- Up-to-date: /home/bluerov/ROS-Humble-BlueRov2-Driver/install/bluerov2_interfaces/share/bluerov2_interfaces/cmake/export_bluerov2_interfaces__rosidl_typesupport_fastrtps_cppExport-noconfig.cmake
[1.400s] -- Up-to-date: /home/bluerov/ROS-Humble-BlueRov2-Driver/install/bluerov2_interfaces/share/bluerov2_interfaces/cmake/bluerov2_interfaces__rosidl_typesupport_introspection_cppExport.cmake
[1.400s] -- Up-to-date: /home/bluerov/ROS-Humble-BlueRov2-Driver/install/bluerov2_interfaces/share/bluerov2_interfaces/cmake/bluerov2_interfaces__rosidl_typesupport_introspection_cppExport-noconfig.cmake
[1.400s] -- Up-to-date: /home/bluerov/ROS-Humble-BlueRov2-Driver/install/bluerov2_interfaces/share/bluerov2_interfaces/cmake/bluerov2_interfaces__rosidl_typesupport_cppExport.cmake
[1.400s] -- Up-to-date: /home/bluerov/ROS-Humble-BlueRov2-Driver/install/bluerov2_interfaces/share/bluerov2_interfaces/cmake/bluerov2_interfaces__rosidl_typesupport_cppExport-noconfig.cmake
[1.400s] -- Up-to-date: /home/bluerov/ROS-Humble-BlueRov2-Driver/install/bluerov2_interfaces/share/bluerov2_interfaces/cmake/export_bluerov2_interfaces__rosidl_generator_pyExport.cmake
[1.401s] -- Up-to-date: /home/bluerov/ROS-Humble-BlueRov2-Driver/install/bluerov2_interfaces/share/bluerov2_interfaces/cmake/export_bluerov2_interfaces__rosidl_generator_pyExport-noconfig.cmake
[1.401s] -- Up-to-date: /home/bluerov/ROS-Humble-BlueRov2-Driver/install/bluerov2_interfaces/share/bluerov2_interfaces/cmake/rosidl_cmake-extras.cmake
[1.401s] -- Up-to-date: /home/bluerov/ROS-Humble-BlueRov2-Driver/install/bluerov2_interfaces/share/bluerov2_interfaces/cmake/ament_cmake_export_include_directories-extras.cmake
[1.401s] -- Up-to-date: /home/bluerov/ROS-Humble-BlueRov2-Driver/install/bluerov2_interfaces/share/bluerov2_interfaces/cmake/ament_cmake_export_libraries-extras.cmake
[1.401s] -- Up-to-date: /home/bluerov/ROS-Humble-BlueRov2-Driver/install/bluerov2_interfaces/share/bluerov2_interfaces/cmake/ament_cmake_export_targets-extras.cmake
[1.402s] -- Up-to-date: /home/bluerov/ROS-Humble-BlueRov2-Driver/install/bluerov2_interfaces/share/bluerov2_interfaces/cmake/rosidl_cmake_export_typesupport_targets-extras.cmake
[1.402s] -- Up-to-date: /home/bluerov/ROS-Humble-BlueRov2-Driver/install/bluerov2_interfaces/share/bluerov2_interfaces/cmake/ament_cmake_export_dependencies-extras.cmake
[1.402s] -- Up-to-date: /home/bluerov/ROS-Humble-BlueRov2-Driver/install/bluerov2_interfaces/share/bluerov2_interfaces/cmake/rosidl_cmake_export_typesupport_libraries-extras.cmake
[1.402s] -- Up-to-date: /home/bluerov/ROS-Humble-BlueRov2-Driver/install/bluerov2_interfaces/share/bluerov2_interfaces/cmake/bluerov2_interfacesConfig.cmake
[1.402s] -- Up-to-date: /home/bluerov/ROS-Humble-BlueRov2-Driver/install/bluerov2_interfaces/share/bluerov2_interfaces/cmake/bluerov2_interfacesConfig-version.cmake
[1.402s] -- Up-to-date: /home/bluerov/ROS-Humble-BlueRov2-Driver/install/bluerov2_interfaces/share/bluerov2_interfaces/package.xml
[1.403s] Invoked command in '/home/bluerov/ROS-Humble-BlueRov2-Driver/build/bluerov2_interfaces' returned '0': CMAKE_PREFIX_PATH=${CMAKE_PREFIX_PATH}:/home/bluerov/ROS-Humble-BlueRov2-Driver/install/tritech_micron:/home/bluerov/ROS-Humble-BlueRov2-Driver/install/bluerov2_controller:/opt/ros/humble /usr/bin/cmake --install /home/bluerov/ROS-Humble-BlueRov2-Driver/build/bluerov2_interfaces
