[0.138s] Invoking command in '/home/bluerov/ROS-Humble-BlueRov2-Driver/build/tritech_micron_interfaces': CMAKE_PREFIX_PATH=${CMAKE_PREFIX_PATH}:/home/bluerov/ROS-Humble-BlueRov2-Driver/install/tritech_micron:/home/bluerov/ROS-Humble-BlueRov2-Driver/install/bluerov2_controller:/opt/ros/humble /usr/bin/cmake --build /home/bluerov/ROS-Humble-BlueRov2-Driver/build/tritech_micron_interfaces -- -j4 -l4
[0.220s] [  3%] Built target tritech_micron_interfaces__cpp
[0.270s] [ 12%] Built target tritech_micron_interfaces__rosidl_generator_c
[0.272s] [ 12%] Built target ament_cmake_python_copy_tritech_micron_interfaces
[0.333s] [ 32%] Built target tritech_micron_interfaces__rosidl_typesupport_fastrtps_cpp
[0.339s] [ 32%] Built target tritech_micron_interfaces__rosidl_typesupport_cpp
[0.368s] [ 41%] Built target tritech_micron_interfaces__rosidl_typesupport_introspection_cpp
[0.439s] [ 51%] Built target tritech_micron_interfaces__rosidl_typesupport_fastrtps_c
[0.444s] [ 61%] Built target tritech_micron_interfaces__rosidl_typesupport_introspection_c
[0.486s] [ 70%] Built target tritech_micron_interfaces__rosidl_typesupport_c
[0.522s] [ 70%] Built target tritech_micron_interfaces
[0.561s] [ 74%] Built target tritech_micron_interfaces__py
[0.618s] [ 80%] Built target tritech_micron_interfaces__rosidl_generator_py
[0.708s] [ 87%] Built target tritech_micron_interfaces__rosidl_typesupport_fastrtps_c__pyext
[0.716s] [ 93%] Built target tritech_micron_interfaces__rosidl_typesupport_c__pyext
[0.732s] [100%] Built target tritech_micron_interfaces__rosidl_typesupport_introspection_c__pyext
[1.018s] running egg_info
[1.020s] writing tritech_micron_interfaces.egg-info/PKG-INFO
[1.020s] writing dependency_links to tritech_micron_interfaces.egg-info/dependency_links.txt
[1.020s] writing top-level names to tritech_micron_interfaces.egg-info/top_level.txt
[1.026s] reading manifest file 'tritech_micron_interfaces.egg-info/SOURCES.txt'
[1.030s] writing manifest file 'tritech_micron_interfaces.egg-info/SOURCES.txt'
[1.085s] [100%] Built target ament_cmake_python_build_tritech_micron_interfaces_egg
[1.108s] Invoked command in '/home/bluerov/ROS-Humble-BlueRov2-Driver/build/tritech_micron_interfaces' returned '0': CMAKE_PREFIX_PATH=${CMAKE_PREFIX_PATH}:/home/bluerov/ROS-Humble-BlueRov2-Driver/install/tritech_micron:/home/bluerov/ROS-Humble-BlueRov2-Driver/install/bluerov2_controller:/opt/ros/humble /usr/bin/cmake --build /home/bluerov/ROS-Humble-BlueRov2-Driver/build/tritech_micron_interfaces -- -j4 -l4
[1.206s] Invoking command in '/home/bluerov/ROS-Humble-BlueRov2-Driver/build/tritech_micron_interfaces': CMAKE_PREFIX_PATH=${CMAKE_PREFIX_PATH}:/home/bluerov/ROS-Humble-BlueRov2-Driver/install/tritech_micron:/home/bluerov/ROS-Humble-BlueRov2-Driver/install/bluerov2_controller:/opt/ros/humble /usr/bin/cmake --install /home/bluerov/ROS-Humble-BlueRov2-Driver/build/tritech_micron_interfaces
[1.219s] -- Install configuration: ""
[1.219s] -- Up-to-date: /home/bluerov/ROS-Humble-BlueRov2-Driver/install/tritech_micron_interfaces/share/ament_index/resource_index/rosidl_interfaces/tritech_micron_interfaces
[1.220s] -- Up-to-date: /home/bluerov/ROS-Humble-BlueRov2-Driver/install/tritech_micron_interfaces/include/tritech_micron_interfaces/tritech_micron_interfaces
[1.220s] -- Up-to-date: /home/bluerov/ROS-Humble-BlueRov2-Driver/install/tritech_micron_interfaces/include/tritech_micron_interfaces/tritech_micron_interfaces/msg
[1.220s] -- Up-to-date: /home/bluerov/ROS-Humble-BlueRov2-Driver/install/tritech_micron_interfaces/include/tritech_micron_interfaces/tritech_micron_interfaces/msg/tritech_micron_config.h
[1.221s] -- Up-to-date: /home/bluerov/ROS-Humble-BlueRov2-Driver/install/tritech_micron_interfaces/include/tritech_micron_interfaces/tritech_micron_interfaces/msg/detail
[1.221s] -- Up-to-date: /home/bluerov/ROS-Humble-BlueRov2-Driver/install/tritech_micron_interfaces/include/tritech_micron_interfaces/tritech_micron_interfaces/msg/detail/tritech_micron_config__functions.h
[1.221s] -- Up-to-date: /home/bluerov/ROS-Humble-BlueRov2-Driver/install/tritech_micron_interfaces/include/tritech_micron_interfaces/tritech_micron_interfaces/msg/detail/tritech_micron_config__functions.c
[1.222s] -- Up-to-date: /home/bluerov/ROS-Humble-BlueRov2-Driver/install/tritech_micron_interfaces/include/tritech_micron_interfaces/tritech_micron_interfaces/msg/detail/tritech_micron_config__struct.h
[1.222s] -- Up-to-date: /home/bluerov/ROS-Humble-BlueRov2-Driver/install/tritech_micron_interfaces/include/tritech_micron_interfaces/tritech_micron_interfaces/msg/detail/tritech_micron_config__type_support.h
[1.222s] -- Up-to-date: /home/bluerov/ROS-Humble-BlueRov2-Driver/install/tritech_micron_interfaces/include/tritech_micron_interfaces/tritech_micron_interfaces/msg/rosidl_generator_c__visibility_control.h
[1.222s] -- Up-to-date: /home/bluerov/ROS-Humble-BlueRov2-Driver/install/tritech_micron_interfaces/share/tritech_micron_interfaces/environment/library_path.sh
[1.223s] -- Up-to-date: /home/bluerov/ROS-Humble-BlueRov2-Driver/install/tritech_micron_interfaces/share/tritech_micron_interfaces/environment/library_path.dsv
[1.223s] -- Up-to-date: /home/bluerov/ROS-Humble-BlueRov2-Driver/install/tritech_micron_interfaces/lib/libtritech_micron_interfaces__rosidl_generator_c.so
[1.226s] -- Up-to-date: /home/bluerov/ROS-Humble-BlueRov2-Driver/install/tritech_micron_interfaces/include/tritech_micron_interfaces/tritech_micron_interfaces
[1.227s] -- Up-to-date: /home/bluerov/ROS-Humble-BlueRov2-Driver/install/tritech_micron_interfaces/include/tritech_micron_interfaces/tritech_micron_interfaces/msg
[1.227s] -- Up-to-date: /home/bluerov/ROS-Humble-BlueRov2-Driver/install/tritech_micron_interfaces/include/tritech_micron_interfaces/tritech_micron_interfaces/msg/detail
[1.228s] -- Up-to-date: /home/bluerov/ROS-Humble-BlueRov2-Driver/install/tritech_micron_interfaces/include/tritech_micron_interfaces/tritech_micron_interfaces/msg/detail/tritech_micron_config__rosidl_typesupport_fastrtps_c.h
[1.228s] -- Up-to-date: /home/bluerov/ROS-Humble-BlueRov2-Driver/install/tritech_micron_interfaces/include/tritech_micron_interfaces/tritech_micron_interfaces/msg/rosidl_typesupport_fastrtps_c__visibility_control.h
[1.229s] -- Up-to-date: /home/bluerov/ROS-Humble-BlueRov2-Driver/install/tritech_micron_interfaces/lib/libtritech_micron_interfaces__rosidl_typesupport_fastrtps_c.so
[1.230s] -- Up-to-date: /home/bluerov/ROS-Humble-BlueRov2-Driver/install/tritech_micron_interfaces/include/tritech_micron_interfaces/tritech_micron_interfaces
[1.230s] -- Up-to-date: /home/bluerov/ROS-Humble-BlueRov2-Driver/install/tritech_micron_interfaces/include/tritech_micron_interfaces/tritech_micron_interfaces/msg
[1.242s] -- Up-to-date: /home/bluerov/ROS-Humble-BlueRov2-Driver/install/tritech_micron_interfaces/include/tritech_micron_interfaces/tritech_micron_interfaces/msg/detail
[1.242s] -- Up-to-date: /home/bluerov/ROS-Humble-BlueRov2-Driver/install/tritech_micron_interfaces/include/tritech_micron_interfaces/tritech_micron_interfaces/msg/detail/tritech_micron_config__type_support.c
[1.242s] -- Up-to-date: /home/bluerov/ROS-Humble-BlueRov2-Driver/install/tritech_micron_interfaces/include/tritech_micron_interfaces/tritech_micron_interfaces/msg/detail/tritech_micron_config__rosidl_typesupport_introspection_c.h
[1.243s] -- Up-to-date: /home/bluerov/ROS-Humble-BlueRov2-Driver/install/tritech_micron_interfaces/include/tritech_micron_interfaces/tritech_micron_interfaces/msg/rosidl_typesupport_introspection_c__visibility_control.h
[1.243s] -- Up-to-date: /home/bluerov/ROS-Humble-BlueRov2-Driver/install/tritech_micron_interfaces/lib/libtritech_micron_interfaces__rosidl_typesupport_introspection_c.so
[1.243s] -- Up-to-date: /home/bluerov/ROS-Humble-BlueRov2-Driver/install/tritech_micron_interfaces/lib/libtritech_micron_interfaces__rosidl_typesupport_c.so
[1.243s] -- Up-to-date: /home/bluerov/ROS-Humble-BlueRov2-Driver/install/tritech_micron_interfaces/include/tritech_micron_interfaces/tritech_micron_interfaces
[1.243s] -- Up-to-date: /home/bluerov/ROS-Humble-BlueRov2-Driver/install/tritech_micron_interfaces/include/tritech_micron_interfaces/tritech_micron_interfaces/msg
[1.244s] -- Up-to-date: /home/bluerov/ROS-Humble-BlueRov2-Driver/install/tritech_micron_interfaces/include/tritech_micron_interfaces/tritech_micron_interfaces/msg/detail
[1.244s] -- Up-to-date: /home/bluerov/ROS-Humble-BlueRov2-Driver/install/tritech_micron_interfaces/include/tritech_micron_interfaces/tritech_micron_interfaces/msg/detail/tritech_micron_config__builder.hpp
[1.244s] -- Up-to-date: /home/bluerov/ROS-Humble-BlueRov2-Driver/install/tritech_micron_interfaces/include/tritech_micron_interfaces/tritech_micron_interfaces/msg/detail/tritech_micron_config__struct.hpp
[1.250s] -- Up-to-date: /home/bluerov/ROS-Humble-BlueRov2-Driver/install/tritech_micron_interfaces/include/tritech_micron_interfaces/tritech_micron_interfaces/msg/detail/tritech_micron_config__traits.hpp
[1.274s] -- Up-to-date: /home/bluerov/ROS-Humble-BlueRov2-Driver/install/tritech_micron_interfaces/include/tritech_micron_interfaces/tritech_micron_interfaces/msg/tritech_micron_config.hpp
[1.274s] -- Up-to-date: /home/bluerov/ROS-Humble-BlueRov2-Driver/install/tritech_micron_interfaces/include/tritech_micron_interfaces/tritech_micron_interfaces
[1.274s] -- Up-to-date: /home/bluerov/ROS-Humble-BlueRov2-Driver/install/tritech_micron_interfaces/include/tritech_micron_interfaces/tritech_micron_interfaces/msg
[1.274s] -- Up-to-date: /home/bluerov/ROS-Humble-BlueRov2-Driver/install/tritech_micron_interfaces/include/tritech_micron_interfaces/tritech_micron_interfaces/msg/detail
[1.274s] -- Up-to-date: /home/bluerov/ROS-Humble-BlueRov2-Driver/install/tritech_micron_interfaces/include/tritech_micron_interfaces/tritech_micron_interfaces/msg/detail/dds_fastrtps
[1.275s] -- Up-to-date: /home/bluerov/ROS-Humble-BlueRov2-Driver/install/tritech_micron_interfaces/include/tritech_micron_interfaces/tritech_micron_interfaces/msg/detail/tritech_micron_config__rosidl_typesupport_fastrtps_cpp.hpp
[1.275s] -- Up-to-date: /home/bluerov/ROS-Humble-BlueRov2-Driver/install/tritech_micron_interfaces/include/tritech_micron_interfaces/tritech_micron_interfaces/msg/rosidl_typesupport_fastrtps_cpp__visibility_control.h
[1.275s] -- Up-to-date: /home/bluerov/ROS-Humble-BlueRov2-Driver/install/tritech_micron_interfaces/lib/libtritech_micron_interfaces__rosidl_typesupport_fastrtps_cpp.so
[1.275s] -- Up-to-date: /home/bluerov/ROS-Humble-BlueRov2-Driver/install/tritech_micron_interfaces/include/tritech_micron_interfaces/tritech_micron_interfaces
[1.275s] -- Up-to-date: /home/bluerov/ROS-Humble-BlueRov2-Driver/install/tritech_micron_interfaces/include/tritech_micron_interfaces/tritech_micron_interfaces/msg
[1.275s] -- Up-to-date: /home/bluerov/ROS-Humble-BlueRov2-Driver/install/tritech_micron_interfaces/include/tritech_micron_interfaces/tritech_micron_interfaces/msg/detail
[1.276s] -- Up-to-date: /home/bluerov/ROS-Humble-BlueRov2-Driver/install/tritech_micron_interfaces/include/tritech_micron_interfaces/tritech_micron_interfaces/msg/detail/tritech_micron_config__rosidl_typesupport_introspection_cpp.hpp
[1.276s] -- Up-to-date: /home/bluerov/ROS-Humble-BlueRov2-Driver/install/tritech_micron_interfaces/include/tritech_micron_interfaces/tritech_micron_interfaces/msg/detail/tritech_micron_config__type_support.cpp
[1.276s] -- Up-to-date: /home/bluerov/ROS-Humble-BlueRov2-Driver/install/tritech_micron_interfaces/lib/libtritech_micron_interfaces__rosidl_typesupport_introspection_cpp.so
[1.276s] -- Up-to-date: /home/bluerov/ROS-Humble-BlueRov2-Driver/install/tritech_micron_interfaces/lib/libtritech_micron_interfaces__rosidl_typesupport_cpp.so
[1.276s] -- Up-to-date: /home/bluerov/ROS-Humble-BlueRov2-Driver/install/tritech_micron_interfaces/share/tritech_micron_interfaces/environment/pythonpath.sh
[1.276s] -- Up-to-date: /home/bluerov/ROS-Humble-BlueRov2-Driver/install/tritech_micron_interfaces/share/tritech_micron_interfaces/environment/pythonpath.dsv
[1.277s] -- Up-to-date: /home/bluerov/ROS-Humble-BlueRov2-Driver/install/tritech_micron_interfaces/local/lib/python3.10/dist-packages/tritech_micron_interfaces-0.0.0-py3.10.egg-info
[1.277s] -- Installing: /home/bluerov/ROS-Humble-BlueRov2-Driver/install/tritech_micron_interfaces/local/lib/python3.10/dist-packages/tritech_micron_interfaces-0.0.0-py3.10.egg-info/dependency_links.txt
[1.277s] -- Installing: /home/bluerov/ROS-Humble-BlueRov2-Driver/install/tritech_micron_interfaces/local/lib/python3.10/dist-packages/tritech_micron_interfaces-0.0.0-py3.10.egg-info/SOURCES.txt
[1.277s] -- Installing: /home/bluerov/ROS-Humble-BlueRov2-Driver/install/tritech_micron_interfaces/local/lib/python3.10/dist-packages/tritech_micron_interfaces-0.0.0-py3.10.egg-info/PKG-INFO
[1.277s] -- Installing: /home/bluerov/ROS-Humble-BlueRov2-Driver/install/tritech_micron_interfaces/local/lib/python3.10/dist-packages/tritech_micron_interfaces-0.0.0-py3.10.egg-info/top_level.txt
[1.277s] -- Up-to-date: /home/bluerov/ROS-Humble-BlueRov2-Driver/install/tritech_micron_interfaces/local/lib/python3.10/dist-packages/tritech_micron_interfaces
[1.278s] -- Up-to-date: /home/bluerov/ROS-Humble-BlueRov2-Driver/install/tritech_micron_interfaces/local/lib/python3.10/dist-packages/tritech_micron_interfaces/_tritech_micron_interfaces_s.ep.rosidl_typesupport_introspection_c.c
[1.278s] -- Up-to-date: /home/bluerov/ROS-Humble-BlueRov2-Driver/install/tritech_micron_interfaces/local/lib/python3.10/dist-packages/tritech_micron_interfaces/tritech_micron_interfaces_s__rosidl_typesupport_introspection_c.cpython-310-x86_64-linux-gnu.so
[1.278s] -- Up-to-date: /home/bluerov/ROS-Humble-BlueRov2-Driver/install/tritech_micron_interfaces/local/lib/python3.10/dist-packages/tritech_micron_interfaces/tritech_micron_interfaces_s__rosidl_typesupport_c.cpython-310-x86_64-linux-gnu.so
[1.278s] -- Up-to-date: /home/bluerov/ROS-Humble-BlueRov2-Driver/install/tritech_micron_interfaces/local/lib/python3.10/dist-packages/tritech_micron_interfaces/libtritech_micron_interfaces__rosidl_generator_py.so
[1.279s] -- Up-to-date: /home/bluerov/ROS-Humble-BlueRov2-Driver/install/tritech_micron_interfaces/local/lib/python3.10/dist-packages/tritech_micron_interfaces/_tritech_micron_interfaces_s.ep.rosidl_typesupport_c.c
[1.279s] -- Up-to-date: /home/bluerov/ROS-Humble-BlueRov2-Driver/install/tritech_micron_interfaces/local/lib/python3.10/dist-packages/tritech_micron_interfaces/tritech_micron_interfaces_s__rosidl_typesupport_fastrtps_c.cpython-310-x86_64-linux-gnu.so
[1.279s] -- Up-to-date: /home/bluerov/ROS-Humble-BlueRov2-Driver/install/tritech_micron_interfaces/local/lib/python3.10/dist-packages/tritech_micron_interfaces/_tritech_micron_interfaces_s.ep.rosidl_typesupport_fastrtps_c.c
[1.279s] -- Up-to-date: /home/bluerov/ROS-Humble-BlueRov2-Driver/install/tritech_micron_interfaces/local/lib/python3.10/dist-packages/tritech_micron_interfaces/__init__.py
[1.279s] -- Up-to-date: /home/bluerov/ROS-Humble-BlueRov2-Driver/install/tritech_micron_interfaces/local/lib/python3.10/dist-packages/tritech_micron_interfaces/msg
[1.279s] -- Up-to-date: /home/bluerov/ROS-Humble-BlueRov2-Driver/install/tritech_micron_interfaces/local/lib/python3.10/dist-packages/tritech_micron_interfaces/msg/_tritech_micron_config.py
[1.280s] -- Up-to-date: /home/bluerov/ROS-Humble-BlueRov2-Driver/install/tritech_micron_interfaces/local/lib/python3.10/dist-packages/tritech_micron_interfaces/msg/_tritech_micron_config_s.c
[1.280s] -- Up-to-date: /home/bluerov/ROS-Humble-BlueRov2-Driver/install/tritech_micron_interfaces/local/lib/python3.10/dist-packages/tritech_micron_interfaces/msg/__init__.py
[1.340s] Listing '/home/bluerov/ROS-Humble-BlueRov2-Driver/install/tritech_micron_interfaces/local/lib/python3.10/dist-packages/tritech_micron_interfaces'...
[1.340s] Listing '/home/bluerov/ROS-Humble-BlueRov2-Driver/install/tritech_micron_interfaces/local/lib/python3.10/dist-packages/tritech_micron_interfaces/msg'...
[1.349s] -- Up-to-date: /home/bluerov/ROS-Humble-BlueRov2-Driver/install/tritech_micron_interfaces/local/lib/python3.10/dist-packages/tritech_micron_interfaces/tritech_micron_interfaces_s__rosidl_typesupport_fastrtps_c.cpython-310-x86_64-linux-gnu.so
[1.349s] -- Up-to-date: /home/bluerov/ROS-Humble-BlueRov2-Driver/install/tritech_micron_interfaces/local/lib/python3.10/dist-packages/tritech_micron_interfaces/tritech_micron_interfaces_s__rosidl_typesupport_introspection_c.cpython-310-x86_64-linux-gnu.so
[1.350s] -- Up-to-date: /home/bluerov/ROS-Humble-BlueRov2-Driver/install/tritech_micron_interfaces/local/lib/python3.10/dist-packages/tritech_micron_interfaces/tritech_micron_interfaces_s__rosidl_typesupport_c.cpython-310-x86_64-linux-gnu.so
[1.350s] -- Up-to-date: /home/bluerov/ROS-Humble-BlueRov2-Driver/install/tritech_micron_interfaces/lib/libtritech_micron_interfaces__rosidl_generator_py.so
[1.350s] -- Up-to-date: /home/bluerov/ROS-Humble-BlueRov2-Driver/install/tritech_micron_interfaces/share/tritech_micron_interfaces/msg/TritechMicronConfig.idl
[1.350s] -- Up-to-date: /home/bluerov/ROS-Humble-BlueRov2-Driver/install/tritech_micron_interfaces/share/tritech_micron_interfaces/msg/TritechMicronConfig.msg
[1.353s] -- Up-to-date: /home/bluerov/ROS-Humble-BlueRov2-Driver/install/tritech_micron_interfaces/share/ament_index/resource_index/package_run_dependencies/tritech_micron_interfaces
[1.353s] -- Up-to-date: /home/bluerov/ROS-Humble-BlueRov2-Driver/install/tritech_micron_interfaces/share/ament_index/resource_index/parent_prefix_path/tritech_micron_interfaces
[1.353s] -- Up-to-date: /home/bluerov/ROS-Humble-BlueRov2-Driver/install/tritech_micron_interfaces/share/tritech_micron_interfaces/environment/ament_prefix_path.sh
[1.353s] -- Up-to-date: /home/bluerov/ROS-Humble-BlueRov2-Driver/install/tritech_micron_interfaces/share/tritech_micron_interfaces/environment/ament_prefix_path.dsv
[1.353s] -- Up-to-date: /home/bluerov/ROS-Humble-BlueRov2-Driver/install/tritech_micron_interfaces/share/tritech_micron_interfaces/environment/path.sh
[1.354s] -- Up-to-date: /home/bluerov/ROS-Humble-BlueRov2-Driver/install/tritech_micron_interfaces/share/tritech_micron_interfaces/environment/path.dsv
[1.354s] -- Up-to-date: /home/bluerov/ROS-Humble-BlueRov2-Driver/install/tritech_micron_interfaces/share/tritech_micron_interfaces/local_setup.bash
[1.357s] -- Up-to-date: /home/bluerov/ROS-Humble-BlueRov2-Driver/install/tritech_micron_interfaces/share/tritech_micron_interfaces/local_setup.sh
[1.357s] -- Up-to-date: /home/bluerov/ROS-Humble-BlueRov2-Driver/install/tritech_micron_interfaces/share/tritech_micron_interfaces/local_setup.zsh
[1.357s] -- Up-to-date: /home/bluerov/ROS-Humble-BlueRov2-Driver/install/tritech_micron_interfaces/share/tritech_micron_interfaces/local_setup.dsv
[1.357s] -- Installing: /home/bluerov/ROS-Humble-BlueRov2-Driver/install/tritech_micron_interfaces/share/tritech_micron_interfaces/package.dsv
[1.358s] -- Up-to-date: /home/bluerov/ROS-Humble-BlueRov2-Driver/install/tritech_micron_interfaces/share/ament_index/resource_index/packages/tritech_micron_interfaces
[1.358s] -- Up-to-date: /home/bluerov/ROS-Humble-BlueRov2-Driver/install/tritech_micron_interfaces/share/tritech_micron_interfaces/cmake/export_tritech_micron_interfaces__rosidl_generator_cExport.cmake
[1.358s] -- Up-to-date: /home/bluerov/ROS-Humble-BlueRov2-Driver/install/tritech_micron_interfaces/share/tritech_micron_interfaces/cmake/export_tritech_micron_interfaces__rosidl_generator_cExport-noconfig.cmake
[1.358s] -- Up-to-date: /home/bluerov/ROS-Humble-BlueRov2-Driver/install/tritech_micron_interfaces/share/tritech_micron_interfaces/cmake/export_tritech_micron_interfaces__rosidl_typesupport_fastrtps_cExport.cmake
[1.358s] -- Up-to-date: /home/bluerov/ROS-Humble-BlueRov2-Driver/install/tritech_micron_interfaces/share/tritech_micron_interfaces/cmake/export_tritech_micron_interfaces__rosidl_typesupport_fastrtps_cExport-noconfig.cmake
[1.358s] -- Up-to-date: /home/bluerov/ROS-Humble-BlueRov2-Driver/install/tritech_micron_interfaces/share/tritech_micron_interfaces/cmake/tritech_micron_interfaces__rosidl_typesupport_introspection_cExport.cmake
[1.359s] -- Up-to-date: /home/bluerov/ROS-Humble-BlueRov2-Driver/install/tritech_micron_interfaces/share/tritech_micron_interfaces/cmake/tritech_micron_interfaces__rosidl_typesupport_introspection_cExport-noconfig.cmake
[1.359s] -- Up-to-date: /home/bluerov/ROS-Humble-BlueRov2-Driver/install/tritech_micron_interfaces/share/tritech_micron_interfaces/cmake/tritech_micron_interfaces__rosidl_typesupport_cExport.cmake
[1.368s] -- Up-to-date: /home/bluerov/ROS-Humble-BlueRov2-Driver/install/tritech_micron_interfaces/share/tritech_micron_interfaces/cmake/tritech_micron_interfaces__rosidl_typesupport_cExport-noconfig.cmake
[1.369s] -- Up-to-date: /home/bluerov/ROS-Humble-BlueRov2-Driver/install/tritech_micron_interfaces/share/tritech_micron_interfaces/cmake/export_tritech_micron_interfaces__rosidl_generator_cppExport.cmake
[1.369s] -- Up-to-date: /home/bluerov/ROS-Humble-BlueRov2-Driver/install/tritech_micron_interfaces/share/tritech_micron_interfaces/cmake/export_tritech_micron_interfaces__rosidl_typesupport_fastrtps_cppExport.cmake
[1.369s] -- Up-to-date: /home/bluerov/ROS-Humble-BlueRov2-Driver/install/tritech_micron_interfaces/share/tritech_micron_interfaces/cmake/export_tritech_micron_interfaces__rosidl_typesupport_fastrtps_cppExport-noconfig.cmake
[1.369s] -- Up-to-date: /home/bluerov/ROS-Humble-BlueRov2-Driver/install/tritech_micron_interfaces/share/tritech_micron_interfaces/cmake/tritech_micron_interfaces__rosidl_typesupport_introspection_cppExport.cmake
[1.369s] -- Up-to-date: /home/bluerov/ROS-Humble-BlueRov2-Driver/install/tritech_micron_interfaces/share/tritech_micron_interfaces/cmake/tritech_micron_interfaces__rosidl_typesupport_introspection_cppExport-noconfig.cmake
[1.370s] -- Up-to-date: /home/bluerov/ROS-Humble-BlueRov2-Driver/install/tritech_micron_interfaces/share/tritech_micron_interfaces/cmake/tritech_micron_interfaces__rosidl_typesupport_cppExport.cmake
[1.374s] -- Up-to-date: /home/bluerov/ROS-Humble-BlueRov2-Driver/install/tritech_micron_interfaces/share/tritech_micron_interfaces/cmake/tritech_micron_interfaces__rosidl_typesupport_cppExport-noconfig.cmake
[1.384s] -- Up-to-date: /home/bluerov/ROS-Humble-BlueRov2-Driver/install/tritech_micron_interfaces/share/tritech_micron_interfaces/cmake/export_tritech_micron_interfaces__rosidl_generator_pyExport.cmake
[1.384s] -- Up-to-date: /home/bluerov/ROS-Humble-BlueRov2-Driver/install/tritech_micron_interfaces/share/tritech_micron_interfaces/cmake/export_tritech_micron_interfaces__rosidl_generator_pyExport-noconfig.cmake
[1.385s] -- Up-to-date: /home/bluerov/ROS-Humble-BlueRov2-Driver/install/tritech_micron_interfaces/share/tritech_micron_interfaces/cmake/rosidl_cmake-extras.cmake
[1.385s] -- Up-to-date: /home/bluerov/ROS-Humble-BlueRov2-Driver/install/tritech_micron_interfaces/share/tritech_micron_interfaces/cmake/ament_cmake_export_dependencies-extras.cmake
[1.385s] -- Up-to-date: /home/bluerov/ROS-Humble-BlueRov2-Driver/install/tritech_micron_interfaces/share/tritech_micron_interfaces/cmake/ament_cmake_export_include_directories-extras.cmake
[1.385s] -- Up-to-date: /home/bluerov/ROS-Humble-BlueRov2-Driver/install/tritech_micron_interfaces/share/tritech_micron_interfaces/cmake/ament_cmake_export_libraries-extras.cmake
[1.386s] -- Up-to-date: /home/bluerov/ROS-Humble-BlueRov2-Driver/install/tritech_micron_interfaces/share/tritech_micron_interfaces/cmake/ament_cmake_export_targets-extras.cmake
[1.386s] -- Up-to-date: /home/bluerov/ROS-Humble-BlueRov2-Driver/install/tritech_micron_interfaces/share/tritech_micron_interfaces/cmake/rosidl_cmake_export_typesupport_targets-extras.cmake
[1.387s] -- Up-to-date: /home/bluerov/ROS-Humble-BlueRov2-Driver/install/tritech_micron_interfaces/share/tritech_micron_interfaces/cmake/rosidl_cmake_export_typesupport_libraries-extras.cmake
[1.387s] -- Up-to-date: /home/bluerov/ROS-Humble-BlueRov2-Driver/install/tritech_micron_interfaces/share/tritech_micron_interfaces/cmake/tritech_micron_interfacesConfig.cmake
[1.388s] -- Up-to-date: /home/bluerov/ROS-Humble-BlueRov2-Driver/install/tritech_micron_interfaces/share/tritech_micron_interfaces/cmake/tritech_micron_interfacesConfig-version.cmake
[1.388s] -- Up-to-date: /home/bluerov/ROS-Humble-BlueRov2-Driver/install/tritech_micron_interfaces/share/tritech_micron_interfaces/package.xml
[1.388s] Invoked command in '/home/bluerov/ROS-Humble-BlueRov2-Driver/build/tritech_micron_interfaces' returned '0': CMAKE_PREFIX_PATH=${CMAKE_PREFIX_PATH}:/home/bluerov/ROS-Humble-BlueRov2-Driver/install/tritech_micron:/home/bluerov/ROS-Humble-BlueRov2-Driver/install/bluerov2_controller:/opt/ros/humble /usr/bin/cmake --install /home/bluerov/ROS-Humble-BlueRov2-Driver/build/tritech_micron_interfaces
