[2.294s] Invoking command in '/home/bluerov/ROS-Humble-BlueRov2-Driver/src/bluerov2_controller': CMAKE_PREFIX_PATH=/home/bluerov/ROS-Humble-BlueRov2-Driver/install/bluerov2_interfaces:/home/bluerov/ROS-Humble-BlueRov2-Driver/install/tritech_micron_interfaces:/home/bluerov/ROS-Humble-BlueRov2-Driver/install/bluerov2_bringup LD_LIBRARY_PATH=/home/bluerov/ROS-Humble-BlueRov2-Driver/install/bluerov2_interfaces/lib:/home/bluerov/ROS-Humble-BlueRov2-Driver/install/tritech_micron_interfaces/lib:/opt/ros/humble/opt/rviz_ogre_vendor/lib:/opt/ros/humble/lib/x86_64-linux-gnu:/opt/ros/humble/lib PYTHONPATH=/home/bluerov/ROS-Humble-BlueRov2-Driver/build/bluerov2_controller/prefix_override:/home/bluerov/ROS-Humble-BlueRov2-Driver/install/bluerov2_controller/lib/python3.10/site-packages:${PYTHONPATH} /usr/bin/python3 setup.py egg_info --egg-base ../../build/bluerov2_controller build --build-base /home/bluerov/ROS-Humble-BlueRov2-Driver/build/bluerov2_controller/build install --record /home/bluerov/ROS-Humble-BlueRov2-Driver/build/bluerov2_controller/install.log --single-version-externally-managed
[2.652s] running egg_info
[2.653s] writing ../../build/bluerov2_controller/bluerov2_controller.egg-info/PKG-INFO
[2.653s] writing dependency_links to ../../build/bluerov2_controller/bluerov2_controller.egg-info/dependency_links.txt
[2.653s] writing entry points to ../../build/bluerov2_controller/bluerov2_controller.egg-info/entry_points.txt
[2.654s] writing requirements to ../../build/bluerov2_controller/bluerov2_controller.egg-info/requires.txt
[2.654s] writing top-level names to ../../build/bluerov2_controller/bluerov2_controller.egg-info/top_level.txt
[2.656s] reading manifest file '../../build/bluerov2_controller/bluerov2_controller.egg-info/SOURCES.txt'
[2.658s] writing manifest file '../../build/bluerov2_controller/bluerov2_controller.egg-info/SOURCES.txt'
[2.658s] running build
[2.659s] running build_py
[2.659s] copying bluerov2_controller/input_controller.py -> /home/bluerov/ROS-Humble-BlueRov2-Driver/build/bluerov2_controller/build/lib/bluerov2_controller
[2.659s] copying bluerov2_controller/pitch_controller.py -> /home/bluerov/ROS-Humble-BlueRov2-Driver/build/bluerov2_controller/build/lib/bluerov2_controller
[2.660s] copying bluerov2_controller/yaw_controller.py -> /home/bluerov/ROS-Humble-BlueRov2-Driver/build/bluerov2_controller/build/lib/bluerov2_controller
[2.660s] copying bluerov2_controller/roll_controller.py -> /home/bluerov/ROS-Humble-BlueRov2-Driver/build/bluerov2_controller/build/lib/bluerov2_controller
[2.660s] running install
[2.661s] running install_lib
[2.662s] copying /home/bluerov/ROS-Humble-BlueRov2-Driver/build/bluerov2_controller/build/lib/bluerov2_controller/input_controller.py -> /home/bluerov/ROS-Humble-BlueRov2-Driver/install/bluerov2_controller/lib/python3.10/site-packages/bluerov2_controller
[2.663s] copying /home/bluerov/ROS-Humble-BlueRov2-Driver/build/bluerov2_controller/build/lib/bluerov2_controller/pitch_controller.py -> /home/bluerov/ROS-Humble-BlueRov2-Driver/install/bluerov2_controller/lib/python3.10/site-packages/bluerov2_controller
[2.663s] copying /home/bluerov/ROS-Humble-BlueRov2-Driver/build/bluerov2_controller/build/lib/bluerov2_controller/yaw_controller.py -> /home/bluerov/ROS-Humble-BlueRov2-Driver/install/bluerov2_controller/lib/python3.10/site-packages/bluerov2_controller
[2.663s] copying /home/bluerov/ROS-Humble-BlueRov2-Driver/build/bluerov2_controller/build/lib/bluerov2_controller/roll_controller.py -> /home/bluerov/ROS-Humble-BlueRov2-Driver/install/bluerov2_controller/lib/python3.10/site-packages/bluerov2_controller
[2.664s] byte-compiling /home/bluerov/ROS-Humble-BlueRov2-Driver/install/bluerov2_controller/lib/python3.10/site-packages/bluerov2_controller/input_controller.py to input_controller.cpython-310.pyc
[2.668s] byte-compiling /home/bluerov/ROS-Humble-BlueRov2-Driver/install/bluerov2_controller/lib/python3.10/site-packages/bluerov2_controller/pitch_controller.py to pitch_controller.cpython-310.pyc
[2.669s] byte-compiling /home/bluerov/ROS-Humble-BlueRov2-Driver/install/bluerov2_controller/lib/python3.10/site-packages/bluerov2_controller/yaw_controller.py to yaw_controller.cpython-310.pyc
[2.671s] byte-compiling /home/bluerov/ROS-Humble-BlueRov2-Driver/install/bluerov2_controller/lib/python3.10/site-packages/bluerov2_controller/roll_controller.py to roll_controller.cpython-310.pyc
[2.672s] running install_data
[2.673s] running install_egg_info
[2.681s] removing '/home/bluerov/ROS-Humble-BlueRov2-Driver/install/bluerov2_controller/lib/python3.10/site-packages/bluerov2_controller-0.0.0-py3.10.egg-info' (and everything under it)
[2.681s] Copying ../../build/bluerov2_controller/bluerov2_controller.egg-info to /home/bluerov/ROS-Humble-BlueRov2-Driver/install/bluerov2_controller/lib/python3.10/site-packages/bluerov2_controller-0.0.0-py3.10.egg-info
[2.681s] running install_scripts
[2.724s] Installing controller script to /home/bluerov/ROS-Humble-BlueRov2-Driver/install/bluerov2_controller/lib/bluerov2_controller
[2.727s] Installing depth_controller script to /home/bluerov/ROS-Humble-BlueRov2-Driver/install/bluerov2_controller/lib/bluerov2_controller
[2.727s] Installing input_controller script to /home/bluerov/ROS-Humble-BlueRov2-Driver/install/bluerov2_controller/lib/bluerov2_controller
[2.728s] Installing pitch_controller script to /home/bluerov/ROS-Humble-BlueRov2-Driver/install/bluerov2_controller/lib/bluerov2_controller
[2.728s] Installing roll_controller script to /home/bluerov/ROS-Humble-BlueRov2-Driver/install/bluerov2_controller/lib/bluerov2_controller
[2.728s] Installing video script to /home/bluerov/ROS-Humble-BlueRov2-Driver/install/bluerov2_controller/lib/bluerov2_controller
[2.729s] Installing yaw_controller script to /home/bluerov/ROS-Humble-BlueRov2-Driver/install/bluerov2_controller/lib/bluerov2_controller
[2.729s] writing list of installed files to '/home/bluerov/ROS-Humble-BlueRov2-Driver/build/bluerov2_controller/install.log'
[2.777s] Invoked command in '/home/bluerov/ROS-Humble-BlueRov2-Driver/src/bluerov2_controller' returned '0': CMAKE_PREFIX_PATH=/home/bluerov/ROS-Humble-BlueRov2-Driver/install/bluerov2_interfaces:/home/bluerov/ROS-Humble-BlueRov2-Driver/install/tritech_micron_interfaces:/home/bluerov/ROS-Humble-BlueRov2-Driver/install/bluerov2_bringup LD_LIBRARY_PATH=/home/bluerov/ROS-Humble-BlueRov2-Driver/install/bluerov2_interfaces/lib:/home/bluerov/ROS-Humble-BlueRov2-Driver/install/tritech_micron_interfaces/lib:/opt/ros/humble/opt/rviz_ogre_vendor/lib:/opt/ros/humble/lib/x86_64-linux-gnu:/opt/ros/humble/lib PYTHONPATH=/home/bluerov/ROS-Humble-BlueRov2-Driver/build/bluerov2_controller/prefix_override:/home/bluerov/ROS-Humble-BlueRov2-Driver/install/bluerov2_controller/lib/python3.10/site-packages:${PYTHONPATH} /usr/bin/python3 setup.py egg_info --egg-base ../../build/bluerov2_controller build --build-base /home/bluerov/ROS-Humble-BlueRov2-Driver/build/bluerov2_controller/build install --record /home/bluerov/ROS-Humble-BlueRov2-Driver/build/bluerov2_controller/install.log --single-version-externally-managed
