[1.039s] Invoking command in '/home/bluerov/ROS-Humble-BlueRov2-Driver/src/tritech_micron': PYTHONPATH=/home/bluerov/ROS-Humble-BlueRov2-Driver/build/tritech_micron/prefix_override:/home/bluerov/ROS-Humble-BlueRov2-Driver/install/tritech_micron/lib/python3.10/site-packages:${PYTHONPATH} /usr/bin/python3 -W ignore:setup.py install is deprecated setup.py egg_info --egg-base ../../build/tritech_micron build --build-base /home/bluerov/ROS-Humble-BlueRov2-Driver/build/tritech_micron/build install --record /home/bluerov/ROS-Humble-BlueRov2-Driver/build/tritech_micron/install.log --single-version-externally-managed install_data
[1.388s] running egg_info
[1.389s] writing ../../build/tritech_micron/tritech_micron.egg-info/PKG-INFO
[1.390s] writing dependency_links to ../../build/tritech_micron/tritech_micron.egg-info/dependency_links.txt
[1.391s] writing entry points to ../../build/tritech_micron/tritech_micron.egg-info/entry_points.txt
[1.391s] writing requirements to ../../build/tritech_micron/tritech_micron.egg-info/requires.txt
[1.391s] writing top-level names to ../../build/tritech_micron/tritech_micron.egg-info/top_level.txt
[1.395s] reading manifest file '../../build/tritech_micron/tritech_micron.egg-info/SOURCES.txt'
[1.397s] writing manifest file '../../build/tritech_micron/tritech_micron.egg-info/SOURCES.txt'
[1.398s] running build
[1.398s] running build_py
[1.398s] copying tritech_micron/socket.py -> /home/bluerov/ROS-Humble-BlueRov2-Driver/build/tritech_micron/build/lib/tritech_micron
[1.399s] running install
[1.400s] running install_lib
[1.402s] copying /home/bluerov/ROS-Humble-BlueRov2-Driver/build/tritech_micron/build/lib/tritech_micron/socket.py -> /home/bluerov/ROS-Humble-BlueRov2-Driver/install/tritech_micron/lib/python3.10/site-packages/tritech_micron
[1.403s] byte-compiling /home/bluerov/ROS-Humble-BlueRov2-Driver/install/tritech_micron/lib/python3.10/site-packages/tritech_micron/socket.py to socket.cpython-310.pyc
[1.405s] running install_data
[1.405s] running install_egg_info
[1.409s] removing '/home/bluerov/ROS-Humble-BlueRov2-Driver/install/tritech_micron/lib/python3.10/site-packages/tritech_micron-0.0.0-py3.10.egg-info' (and everything under it)
[1.409s] Copying ../../build/tritech_micron/tritech_micron.egg-info to /home/bluerov/ROS-Humble-BlueRov2-Driver/install/tritech_micron/lib/python3.10/site-packages/tritech_micron-0.0.0-py3.10.egg-info
[1.411s] running install_scripts
[1.446s] Installing scan script to /home/bluerov/ROS-Humble-BlueRov2-Driver/install/tritech_micron/lib/tritech_micron
[1.447s] writing list of installed files to '/home/bluerov/ROS-Humble-BlueRov2-Driver/build/tritech_micron/install.log'
[1.504s] Invoked command in '/home/bluerov/ROS-Humble-BlueRov2-Driver/src/tritech_micron' returned '0': PYTHONPATH=/home/bluerov/ROS-Humble-BlueRov2-Driver/build/tritech_micron/prefix_override:/home/bluerov/ROS-Humble-BlueRov2-Driver/install/tritech_micron/lib/python3.10/site-packages:${PYTHONPATH} /usr/bin/python3 -W ignore:setup.py install is deprecated setup.py egg_info --egg-base ../../build/tritech_micron build --build-base /home/bluerov/ROS-Humble-BlueRov2-Driver/build/tritech_micron/build install --record /home/bluerov/ROS-Humble-BlueRov2-Driver/build/tritech_micron/install.log --single-version-externally-managed install_data
