[1.499s] Invoking command in '/home/bluerov/ROS-Humble-BlueRov2-Driver/src/tritech_micron': PYTHONPATH=/home/bluerov/ROS-Humble-BlueRov2-Driver/build/tritech_micron/prefix_override:/home/bluerov/ROS-Humble-BlueRov2-Driver/install/tritech_micron/lib/python3.10/site-packages:${PYTHONPATH} /usr/bin/python3 setup.py egg_info --egg-base ../../build/tritech_micron build --build-base /home/bluerov/ROS-Humble-BlueRov2-Driver/build/tritech_micron/build install --record /home/bluerov/ROS-Humble-BlueRov2-Driver/build/tritech_micron/install.log --single-version-externally-managed
[1.877s] running egg_info
[1.878s] writing ../../build/tritech_micron/tritech_micron.egg-info/PKG-INFO
[1.879s] writing dependency_links to ../../build/tritech_micron/tritech_micron.egg-info/dependency_links.txt
[1.879s] writing entry points to ../../build/tritech_micron/tritech_micron.egg-info/entry_points.txt
[1.879s] writing requirements to ../../build/tritech_micron/tritech_micron.egg-info/requires.txt
[1.879s] writing top-level names to ../../build/tritech_micron/tritech_micron.egg-info/top_level.txt
[1.882s] reading manifest file '../../build/tritech_micron/tritech_micron.egg-info/SOURCES.txt'
[1.883s] writing manifest file '../../build/tritech_micron/tritech_micron.egg-info/SOURCES.txt'
[1.883s] running build
[1.884s] running build_py
[1.886s] running install
[1.886s] running install_lib
[1.889s] running install_data
[1.890s] running install_egg_info
[1.893s] removing '/home/bluerov/ROS-Humble-BlueRov2-Driver/install/tritech_micron/lib/python3.10/site-packages/tritech_micron-0.0.0-py3.10.egg-info' (and everything under it)
[1.893s] Copying ../../build/tritech_micron/tritech_micron.egg-info to /home/bluerov/ROS-Humble-BlueRov2-Driver/install/tritech_micron/lib/python3.10/site-packages/tritech_micron-0.0.0-py3.10.egg-info
[1.894s] running install_scripts
[1.923s] Installing scan script to /home/bluerov/ROS-Humble-BlueRov2-Driver/install/tritech_micron/lib/tritech_micron
[1.924s] writing list of installed files to '/home/bluerov/ROS-Humble-BlueRov2-Driver/build/tritech_micron/install.log'
[1.962s] Invoked command in '/home/bluerov/ROS-Humble-BlueRov2-Driver/src/tritech_micron' returned '0': PYTHONPATH=/home/bluerov/ROS-Humble-BlueRov2-Driver/build/tritech_micron/prefix_override:/home/bluerov/ROS-Humble-BlueRov2-Driver/install/tritech_micron/lib/python3.10/site-packages:${PYTHONPATH} /usr/bin/python3 setup.py egg_info --egg-base ../../build/tritech_micron build --build-base /home/bluerov/ROS-Humble-BlueRov2-Driver/build/tritech_micron/build install --record /home/bluerov/ROS-Humble-BlueRov2-Driver/build/tritech_micron/install.log --single-version-externally-managed
