[0.020s] Invoking command in '/home/bluerov/ROS-Humble-BlueRov2-Driver/build/tritech_micron_interfaces': CMAKE_PREFIX_PATH=${CMAKE_PREFIX_PATH}:/home/bluerov/ROS-Humble-BlueRov2-Driver/install/tritech_micron:/home/bluerov/ROS-Humble-BlueRov2-Driver/install/bluerov2_controller:/opt/ros/humble /usr/bin/cmake --build /home/bluerov/ROS-Humble-BlueRov2-Driver/build/tritech_micron_interfaces -- -j8 -l8
[0.110s] [  3%] Built target tritech_micron_interfaces__cpp
[0.111s] [ 12%] Built target tritech_micron_interfaces__rosidl_generator_c
[0.130s] [ 12%] Built target ament_cmake_python_copy_tritech_micron_interfaces
[0.173s] [ 22%] Built target tritech_micron_interfaces__rosidl_typesupport_fastrtps_cpp
[0.175s] [ 32%] Built target tritech_micron_interfaces__rosidl_typesupport_cpp
[0.196s] [ 41%] Built target tritech_micron_interfaces__rosidl_typesupport_introspection_cpp
[0.197s] [ 51%] Built target tritech_micron_interfaces__rosidl_typesupport_fastrtps_c
[0.201s] [ 61%] Built target tritech_micron_interfaces__rosidl_typesupport_introspection_c
[0.208s] [ 70%] Built target tritech_micron_interfaces__rosidl_typesupport_c
[0.246s] [ 70%] Built target tritech_micron_interfaces
[0.285s] [ 74%] Built target tritech_micron_interfaces__py
[0.324s] [ 80%] Built target tritech_micron_interfaces__rosidl_generator_py
[0.366s] [ 87%] Built target tritech_micron_interfaces__rosidl_typesupport_c__pyext
[0.368s] [ 93%] Built target tritech_micron_interfaces__rosidl_typesupport_introspection_c__pyext
[0.369s] [100%] Built target tritech_micron_interfaces__rosidl_typesupport_fastrtps_c__pyext
[0.589s] running egg_info
[0.590s] writing tritech_micron_interfaces.egg-info/PKG-INFO
[0.591s] writing dependency_links to tritech_micron_interfaces.egg-info/dependency_links.txt
[0.591s] writing top-level names to tritech_micron_interfaces.egg-info/top_level.txt
[0.594s] reading manifest file 'tritech_micron_interfaces.egg-info/SOURCES.txt'
[0.595s] writing manifest file 'tritech_micron_interfaces.egg-info/SOURCES.txt'
[0.647s] [100%] Built target ament_cmake_python_build_tritech_micron_interfaces_egg
[0.667s] Invoked command in '/home/bluerov/ROS-Humble-BlueRov2-Driver/build/tritech_micron_interfaces' returned '0': CMAKE_PREFIX_PATH=${CMAKE_PREFIX_PATH}:/home/bluerov/ROS-Humble-BlueRov2-Driver/install/tritech_micron:/home/bluerov/ROS-Humble-BlueRov2-Driver/install/bluerov2_controller:/opt/ros/humble /usr/bin/cmake --build /home/bluerov/ROS-Humble-BlueRov2-Driver/build/tritech_micron_interfaces -- -j8 -l8
[0.796s] Invoking command in '/home/bluerov/ROS-Humble-BlueRov2-Driver/build/tritech_micron_interfaces': CMAKE_PREFIX_PATH=${CMAKE_PREFIX_PATH}:/home/bluerov/ROS-Humble-BlueRov2-Driver/install/tritech_micron:/home/bluerov/ROS-Humble-BlueRov2-Driver/install/bluerov2_controller:/opt/ros/humble /usr/bin/cmake --install /home/bluerov/ROS-Humble-BlueRov2-Driver/build/tritech_micron_interfaces
[0.808s] -- Install configuration: ""
[0.809s] -- Up-to-date: /home/bluerov/ROS-Humble-BlueRov2-Driver/install/tritech_micron_interfaces/share/ament_index/resource_index/rosidl_interfaces/tritech_micron_interfaces
[0.809s] -- Up-to-date: /home/bluerov/ROS-Humble-BlueRov2-Driver/install/tritech_micron_interfaces/include/tritech_micron_interfaces/tritech_micron_interfaces
[0.809s] -- Up-to-date: /home/bluerov/ROS-Humble-BlueRov2-Driver/install/tritech_micron_interfaces/include/tritech_micron_interfaces/tritech_micron_interfaces/msg
[0.809s] -- Up-to-date: /home/bluerov/ROS-Humble-BlueRov2-Driver/install/tritech_micron_interfaces/include/tritech_micron_interfaces/tritech_micron_interfaces/msg/rosidl_generator_c__visibility_control.h
[0.810s] -- Up-to-date: /home/bluerov/ROS-Humble-BlueRov2-Driver/install/tritech_micron_interfaces/include/tritech_micron_interfaces/tritech_micron_interfaces/msg/tritech_micron_config.h
[0.810s] -- Up-to-date: /home/bluerov/ROS-Humble-BlueRov2-Driver/install/tritech_micron_interfaces/include/tritech_micron_interfaces/tritech_micron_interfaces/msg/detail
[0.810s] -- Up-to-date: /home/bluerov/ROS-Humble-BlueRov2-Driver/install/tritech_micron_interfaces/include/tritech_micron_interfaces/tritech_micron_interfaces/msg/detail/tritech_micron_config__functions.h
[0.810s] -- Up-to-date: /home/bluerov/ROS-Humble-BlueRov2-Driver/install/tritech_micron_interfaces/include/tritech_micron_interfaces/tritech_micron_interfaces/msg/detail/tritech_micron_config__type_support.h
[0.811s] -- Up-to-date: /home/bluerov/ROS-Humble-BlueRov2-Driver/install/tritech_micron_interfaces/include/tritech_micron_interfaces/tritech_micron_interfaces/msg/detail/tritech_micron_config__functions.c
[0.811s] -- Up-to-date: /home/bluerov/ROS-Humble-BlueRov2-Driver/install/tritech_micron_interfaces/include/tritech_micron_interfaces/tritech_micron_interfaces/msg/detail/tritech_micron_config__struct.h
[0.811s] -- Up-to-date: /home/bluerov/ROS-Humble-BlueRov2-Driver/install/tritech_micron_interfaces/share/tritech_micron_interfaces/environment/library_path.sh
[0.811s] -- Up-to-date: /home/bluerov/ROS-Humble-BlueRov2-Driver/install/tritech_micron_interfaces/share/tritech_micron_interfaces/environment/library_path.dsv
[0.811s] -- Up-to-date: /home/bluerov/ROS-Humble-BlueRov2-Driver/install/tritech_micron_interfaces/lib/libtritech_micron_interfaces__rosidl_generator_c.so
[0.811s] -- Up-to-date: /home/bluerov/ROS-Humble-BlueRov2-Driver/install/tritech_micron_interfaces/include/tritech_micron_interfaces/tritech_micron_interfaces
[0.811s] -- Up-to-date: /home/bluerov/ROS-Humble-BlueRov2-Driver/install/tritech_micron_interfaces/include/tritech_micron_interfaces/tritech_micron_interfaces/msg
[0.812s] -- Up-to-date: /home/bluerov/ROS-Humble-BlueRov2-Driver/install/tritech_micron_interfaces/include/tritech_micron_interfaces/tritech_micron_interfaces/msg/rosidl_typesupport_fastrtps_c__visibility_control.h
[0.812s] -- Up-to-date: /home/bluerov/ROS-Humble-BlueRov2-Driver/install/tritech_micron_interfaces/include/tritech_micron_interfaces/tritech_micron_interfaces/msg/detail
[0.812s] -- Up-to-date: /home/bluerov/ROS-Humble-BlueRov2-Driver/install/tritech_micron_interfaces/include/tritech_micron_interfaces/tritech_micron_interfaces/msg/detail/tritech_micron_config__rosidl_typesupport_fastrtps_c.h
[0.812s] -- Up-to-date: /home/bluerov/ROS-Humble-BlueRov2-Driver/install/tritech_micron_interfaces/lib/libtritech_micron_interfaces__rosidl_typesupport_fastrtps_c.so
[0.812s] -- Up-to-date: /home/bluerov/ROS-Humble-BlueRov2-Driver/install/tritech_micron_interfaces/include/tritech_micron_interfaces/tritech_micron_interfaces
[0.812s] -- Up-to-date: /home/bluerov/ROS-Humble-BlueRov2-Driver/install/tritech_micron_interfaces/include/tritech_micron_interfaces/tritech_micron_interfaces/msg
[0.812s] -- Up-to-date: /home/bluerov/ROS-Humble-BlueRov2-Driver/install/tritech_micron_interfaces/include/tritech_micron_interfaces/tritech_micron_interfaces/msg/rosidl_typesupport_introspection_c__visibility_control.h
[0.813s] -- Up-to-date: /home/bluerov/ROS-Humble-BlueRov2-Driver/install/tritech_micron_interfaces/include/tritech_micron_interfaces/tritech_micron_interfaces/msg/detail
[0.813s] -- Up-to-date: /home/bluerov/ROS-Humble-BlueRov2-Driver/install/tritech_micron_interfaces/include/tritech_micron_interfaces/tritech_micron_interfaces/msg/detail/tritech_micron_config__type_support.c
[0.813s] -- Up-to-date: /home/bluerov/ROS-Humble-BlueRov2-Driver/install/tritech_micron_interfaces/include/tritech_micron_interfaces/tritech_micron_interfaces/msg/detail/tritech_micron_config__rosidl_typesupport_introspection_c.h
[0.813s] -- Up-to-date: /home/bluerov/ROS-Humble-BlueRov2-Driver/install/tritech_micron_interfaces/lib/libtritech_micron_interfaces__rosidl_typesupport_introspection_c.so
[0.813s] -- Up-to-date: /home/bluerov/ROS-Humble-BlueRov2-Driver/install/tritech_micron_interfaces/lib/libtritech_micron_interfaces__rosidl_typesupport_c.so
[0.814s] -- Up-to-date: /home/bluerov/ROS-Humble-BlueRov2-Driver/install/tritech_micron_interfaces/include/tritech_micron_interfaces/tritech_micron_interfaces
[0.814s] -- Up-to-date: /home/bluerov/ROS-Humble-BlueRov2-Driver/install/tritech_micron_interfaces/include/tritech_micron_interfaces/tritech_micron_interfaces/msg
[0.814s] -- Up-to-date: /home/bluerov/ROS-Humble-BlueRov2-Driver/install/tritech_micron_interfaces/include/tritech_micron_interfaces/tritech_micron_interfaces/msg/tritech_micron_config.hpp
[0.814s] -- Up-to-date: /home/bluerov/ROS-Humble-BlueRov2-Driver/install/tritech_micron_interfaces/include/tritech_micron_interfaces/tritech_micron_interfaces/msg/detail
[0.814s] -- Up-to-date: /home/bluerov/ROS-Humble-BlueRov2-Driver/install/tritech_micron_interfaces/include/tritech_micron_interfaces/tritech_micron_interfaces/msg/detail/tritech_micron_config__builder.hpp
[0.814s] -- Up-to-date: /home/bluerov/ROS-Humble-BlueRov2-Driver/install/tritech_micron_interfaces/include/tritech_micron_interfaces/tritech_micron_interfaces/msg/detail/tritech_micron_config__traits.hpp
[0.814s] -- Up-to-date: /home/bluerov/ROS-Humble-BlueRov2-Driver/install/tritech_micron_interfaces/include/tritech_micron_interfaces/tritech_micron_interfaces/msg/detail/tritech_micron_config__struct.hpp
[0.814s] -- Up-to-date: /home/bluerov/ROS-Humble-BlueRov2-Driver/install/tritech_micron_interfaces/include/tritech_micron_interfaces/tritech_micron_interfaces
[0.815s] -- Up-to-date: /home/bluerov/ROS-Humble-BlueRov2-Driver/install/tritech_micron_interfaces/include/tritech_micron_interfaces/tritech_micron_interfaces/msg
[0.815s] -- Up-to-date: /home/bluerov/ROS-Humble-BlueRov2-Driver/install/tritech_micron_interfaces/include/tritech_micron_interfaces/tritech_micron_interfaces/msg/rosidl_typesupport_fastrtps_cpp__visibility_control.h
[0.815s] -- Up-to-date: /home/bluerov/ROS-Humble-BlueRov2-Driver/install/tritech_micron_interfaces/include/tritech_micron_interfaces/tritech_micron_interfaces/msg/detail
[0.815s] -- Up-to-date: /home/bluerov/ROS-Humble-BlueRov2-Driver/install/tritech_micron_interfaces/include/tritech_micron_interfaces/tritech_micron_interfaces/msg/detail/dds_fastrtps
[0.816s] -- Up-to-date: /home/bluerov/ROS-Humble-BlueRov2-Driver/install/tritech_micron_interfaces/include/tritech_micron_interfaces/tritech_micron_interfaces/msg/detail/tritech_micron_config__rosidl_typesupport_fastrtps_cpp.hpp
[0.816s] -- Up-to-date: /home/bluerov/ROS-Humble-BlueRov2-Driver/install/tritech_micron_interfaces/lib/libtritech_micron_interfaces__rosidl_typesupport_fastrtps_cpp.so
[0.816s] -- Up-to-date: /home/bluerov/ROS-Humble-BlueRov2-Driver/install/tritech_micron_interfaces/include/tritech_micron_interfaces/tritech_micron_interfaces
[0.816s] -- Up-to-date: /home/bluerov/ROS-Humble-BlueRov2-Driver/install/tritech_micron_interfaces/include/tritech_micron_interfaces/tritech_micron_interfaces/msg
[0.816s] -- Up-to-date: /home/bluerov/ROS-Humble-BlueRov2-Driver/install/tritech_micron_interfaces/include/tritech_micron_interfaces/tritech_micron_interfaces/msg/detail
[0.816s] -- Up-to-date: /home/bluerov/ROS-Humble-BlueRov2-Driver/install/tritech_micron_interfaces/include/tritech_micron_interfaces/tritech_micron_interfaces/msg/detail/tritech_micron_config__rosidl_typesupport_introspection_cpp.hpp
[0.817s] -- Up-to-date: /home/bluerov/ROS-Humble-BlueRov2-Driver/install/tritech_micron_interfaces/include/tritech_micron_interfaces/tritech_micron_interfaces/msg/detail/tritech_micron_config__type_support.cpp
[0.817s] -- Up-to-date: /home/bluerov/ROS-Humble-BlueRov2-Driver/install/tritech_micron_interfaces/lib/libtritech_micron_interfaces__rosidl_typesupport_introspection_cpp.so
[0.817s] -- Up-to-date: /home/bluerov/ROS-Humble-BlueRov2-Driver/install/tritech_micron_interfaces/lib/libtritech_micron_interfaces__rosidl_typesupport_cpp.so
[0.817s] -- Up-to-date: /home/bluerov/ROS-Humble-BlueRov2-Driver/install/tritech_micron_interfaces/share/tritech_micron_interfaces/environment/pythonpath.sh
[0.817s] -- Up-to-date: /home/bluerov/ROS-Humble-BlueRov2-Driver/install/tritech_micron_interfaces/share/tritech_micron_interfaces/environment/pythonpath.dsv
[0.817s] -- Up-to-date: /home/bluerov/ROS-Humble-BlueRov2-Driver/install/tritech_micron_interfaces/local/lib/python3.10/dist-packages/tritech_micron_interfaces-0.0.0-py3.10.egg-info
[0.817s] -- Installing: /home/bluerov/ROS-Humble-BlueRov2-Driver/install/tritech_micron_interfaces/local/lib/python3.10/dist-packages/tritech_micron_interfaces-0.0.0-py3.10.egg-info/SOURCES.txt
[0.818s] -- Installing: /home/bluerov/ROS-Humble-BlueRov2-Driver/install/tritech_micron_interfaces/local/lib/python3.10/dist-packages/tritech_micron_interfaces-0.0.0-py3.10.egg-info/PKG-INFO
[0.818s] -- Installing: /home/bluerov/ROS-Humble-BlueRov2-Driver/install/tritech_micron_interfaces/local/lib/python3.10/dist-packages/tritech_micron_interfaces-0.0.0-py3.10.egg-info/dependency_links.txt
[0.818s] -- Installing: /home/bluerov/ROS-Humble-BlueRov2-Driver/install/tritech_micron_interfaces/local/lib/python3.10/dist-packages/tritech_micron_interfaces-0.0.0-py3.10.egg-info/top_level.txt
[0.818s] -- Up-to-date: /home/bluerov/ROS-Humble-BlueRov2-Driver/install/tritech_micron_interfaces/local/lib/python3.10/dist-packages/tritech_micron_interfaces
[0.818s] -- Up-to-date: /home/bluerov/ROS-Humble-BlueRov2-Driver/install/tritech_micron_interfaces/local/lib/python3.10/dist-packages/tritech_micron_interfaces/tritech_micron_interfaces_s__rosidl_typesupport_c.cpython-310-x86_64-linux-gnu.so
[0.818s] -- Up-to-date: /home/bluerov/ROS-Humble-BlueRov2-Driver/install/tritech_micron_interfaces/local/lib/python3.10/dist-packages/tritech_micron_interfaces/_tritech_micron_interfaces_s.ep.rosidl_typesupport_c.c
[0.818s] -- Up-to-date: /home/bluerov/ROS-Humble-BlueRov2-Driver/install/tritech_micron_interfaces/local/lib/python3.10/dist-packages/tritech_micron_interfaces/__init__.py
[0.819s] -- Up-to-date: /home/bluerov/ROS-Humble-BlueRov2-Driver/install/tritech_micron_interfaces/local/lib/python3.10/dist-packages/tritech_micron_interfaces/libtritech_micron_interfaces__rosidl_generator_py.so
[0.819s] -- Up-to-date: /home/bluerov/ROS-Humble-BlueRov2-Driver/install/tritech_micron_interfaces/local/lib/python3.10/dist-packages/tritech_micron_interfaces/tritech_micron_interfaces_s__rosidl_typesupport_fastrtps_c.cpython-310-x86_64-linux-gnu.so
[0.819s] -- Up-to-date: /home/bluerov/ROS-Humble-BlueRov2-Driver/install/tritech_micron_interfaces/local/lib/python3.10/dist-packages/tritech_micron_interfaces/msg
[0.819s] -- Up-to-date: /home/bluerov/ROS-Humble-BlueRov2-Driver/install/tritech_micron_interfaces/local/lib/python3.10/dist-packages/tritech_micron_interfaces/msg/_tritech_micron_config.py
[0.820s] -- Up-to-date: /home/bluerov/ROS-Humble-BlueRov2-Driver/install/tritech_micron_interfaces/local/lib/python3.10/dist-packages/tritech_micron_interfaces/msg/__init__.py
[0.820s] -- Up-to-date: /home/bluerov/ROS-Humble-BlueRov2-Driver/install/tritech_micron_interfaces/local/lib/python3.10/dist-packages/tritech_micron_interfaces/msg/_tritech_micron_config_s.c
[0.820s] -- Up-to-date: /home/bluerov/ROS-Humble-BlueRov2-Driver/install/tritech_micron_interfaces/local/lib/python3.10/dist-packages/tritech_micron_interfaces/tritech_micron_interfaces_s__rosidl_typesupport_introspection_c.cpython-310-x86_64-linux-gnu.so
[0.821s] -- Up-to-date: /home/bluerov/ROS-Humble-BlueRov2-Driver/install/tritech_micron_interfaces/local/lib/python3.10/dist-packages/tritech_micron_interfaces/_tritech_micron_interfaces_s.ep.rosidl_typesupport_introspection_c.c
[0.822s] -- Up-to-date: /home/bluerov/ROS-Humble-BlueRov2-Driver/install/tritech_micron_interfaces/local/lib/python3.10/dist-packages/tritech_micron_interfaces/_tritech_micron_interfaces_s.ep.rosidl_typesupport_fastrtps_c.c
[0.881s] Listing '/home/bluerov/ROS-Humble-BlueRov2-Driver/install/tritech_micron_interfaces/local/lib/python3.10/dist-packages/tritech_micron_interfaces'...
[0.881s] Listing '/home/bluerov/ROS-Humble-BlueRov2-Driver/install/tritech_micron_interfaces/local/lib/python3.10/dist-packages/tritech_micron_interfaces/msg'...
[0.890s] -- Up-to-date: /home/bluerov/ROS-Humble-BlueRov2-Driver/install/tritech_micron_interfaces/local/lib/python3.10/dist-packages/tritech_micron_interfaces/tritech_micron_interfaces_s__rosidl_typesupport_fastrtps_c.cpython-310-x86_64-linux-gnu.so
[0.890s] -- Up-to-date: /home/bluerov/ROS-Humble-BlueRov2-Driver/install/tritech_micron_interfaces/local/lib/python3.10/dist-packages/tritech_micron_interfaces/tritech_micron_interfaces_s__rosidl_typesupport_introspection_c.cpython-310-x86_64-linux-gnu.so
[0.890s] -- Up-to-date: /home/bluerov/ROS-Humble-BlueRov2-Driver/install/tritech_micron_interfaces/local/lib/python3.10/dist-packages/tritech_micron_interfaces/tritech_micron_interfaces_s__rosidl_typesupport_c.cpython-310-x86_64-linux-gnu.so
[0.890s] -- Up-to-date: /home/bluerov/ROS-Humble-BlueRov2-Driver/install/tritech_micron_interfaces/lib/libtritech_micron_interfaces__rosidl_generator_py.so
[0.891s] -- Up-to-date: /home/bluerov/ROS-Humble-BlueRov2-Driver/install/tritech_micron_interfaces/share/tritech_micron_interfaces/msg/TritechMicronConfig.idl
[0.891s] -- Up-to-date: /home/bluerov/ROS-Humble-BlueRov2-Driver/install/tritech_micron_interfaces/share/tritech_micron_interfaces/msg/TritechMicronConfig.msg
[0.891s] -- Up-to-date: /home/bluerov/ROS-Humble-BlueRov2-Driver/install/tritech_micron_interfaces/share/ament_index/resource_index/package_run_dependencies/tritech_micron_interfaces
[0.891s] -- Up-to-date: /home/bluerov/ROS-Humble-BlueRov2-Driver/install/tritech_micron_interfaces/share/ament_index/resource_index/parent_prefix_path/tritech_micron_interfaces
[0.891s] -- Up-to-date: /home/bluerov/ROS-Humble-BlueRov2-Driver/install/tritech_micron_interfaces/share/tritech_micron_interfaces/environment/ament_prefix_path.sh
[0.891s] -- Up-to-date: /home/bluerov/ROS-Humble-BlueRov2-Driver/install/tritech_micron_interfaces/share/tritech_micron_interfaces/environment/ament_prefix_path.dsv
[0.891s] -- Up-to-date: /home/bluerov/ROS-Humble-BlueRov2-Driver/install/tritech_micron_interfaces/share/tritech_micron_interfaces/environment/path.sh
[0.892s] -- Up-to-date: /home/bluerov/ROS-Humble-BlueRov2-Driver/install/tritech_micron_interfaces/share/tritech_micron_interfaces/environment/path.dsv
[0.892s] -- Up-to-date: /home/bluerov/ROS-Humble-BlueRov2-Driver/install/tritech_micron_interfaces/share/tritech_micron_interfaces/local_setup.bash
[0.892s] -- Up-to-date: /home/bluerov/ROS-Humble-BlueRov2-Driver/install/tritech_micron_interfaces/share/tritech_micron_interfaces/local_setup.sh
[0.892s] -- Up-to-date: /home/bluerov/ROS-Humble-BlueRov2-Driver/install/tritech_micron_interfaces/share/tritech_micron_interfaces/local_setup.zsh
[0.892s] -- Up-to-date: /home/bluerov/ROS-Humble-BlueRov2-Driver/install/tritech_micron_interfaces/share/tritech_micron_interfaces/local_setup.dsv
[0.892s] -- Installing: /home/bluerov/ROS-Humble-BlueRov2-Driver/install/tritech_micron_interfaces/share/tritech_micron_interfaces/package.dsv
[0.892s] -- Up-to-date: /home/bluerov/ROS-Humble-BlueRov2-Driver/install/tritech_micron_interfaces/share/ament_index/resource_index/packages/tritech_micron_interfaces
[0.892s] -- Up-to-date: /home/bluerov/ROS-Humble-BlueRov2-Driver/install/tritech_micron_interfaces/share/tritech_micron_interfaces/cmake/export_tritech_micron_interfaces__rosidl_generator_cExport.cmake
[0.893s] -- Up-to-date: /home/bluerov/ROS-Humble-BlueRov2-Driver/install/tritech_micron_interfaces/share/tritech_micron_interfaces/cmake/export_tritech_micron_interfaces__rosidl_generator_cExport-noconfig.cmake
[0.893s] -- Up-to-date: /home/bluerov/ROS-Humble-BlueRov2-Driver/install/tritech_micron_interfaces/share/tritech_micron_interfaces/cmake/export_tritech_micron_interfaces__rosidl_typesupport_fastrtps_cExport.cmake
[0.893s] -- Up-to-date: /home/bluerov/ROS-Humble-BlueRov2-Driver/install/tritech_micron_interfaces/share/tritech_micron_interfaces/cmake/export_tritech_micron_interfaces__rosidl_typesupport_fastrtps_cExport-noconfig.cmake
[0.893s] -- Up-to-date: /home/bluerov/ROS-Humble-BlueRov2-Driver/install/tritech_micron_interfaces/share/tritech_micron_interfaces/cmake/tritech_micron_interfaces__rosidl_typesupport_introspection_cExport.cmake
[0.893s] -- Up-to-date: /home/bluerov/ROS-Humble-BlueRov2-Driver/install/tritech_micron_interfaces/share/tritech_micron_interfaces/cmake/tritech_micron_interfaces__rosidl_typesupport_introspection_cExport-noconfig.cmake
[0.893s] -- Up-to-date: /home/bluerov/ROS-Humble-BlueRov2-Driver/install/tritech_micron_interfaces/share/tritech_micron_interfaces/cmake/tritech_micron_interfaces__rosidl_typesupport_cExport.cmake
[0.894s] -- Up-to-date: /home/bluerov/ROS-Humble-BlueRov2-Driver/install/tritech_micron_interfaces/share/tritech_micron_interfaces/cmake/tritech_micron_interfaces__rosidl_typesupport_cExport-noconfig.cmake
[0.894s] -- Up-to-date: /home/bluerov/ROS-Humble-BlueRov2-Driver/install/tritech_micron_interfaces/share/tritech_micron_interfaces/cmake/export_tritech_micron_interfaces__rosidl_generator_cppExport.cmake
[0.894s] -- Up-to-date: /home/bluerov/ROS-Humble-BlueRov2-Driver/install/tritech_micron_interfaces/share/tritech_micron_interfaces/cmake/export_tritech_micron_interfaces__rosidl_typesupport_fastrtps_cppExport.cmake
[0.894s] -- Up-to-date: /home/bluerov/ROS-Humble-BlueRov2-Driver/install/tritech_micron_interfaces/share/tritech_micron_interfaces/cmake/export_tritech_micron_interfaces__rosidl_typesupport_fastrtps_cppExport-noconfig.cmake
[0.894s] -- Up-to-date: /home/bluerov/ROS-Humble-BlueRov2-Driver/install/tritech_micron_interfaces/share/tritech_micron_interfaces/cmake/tritech_micron_interfaces__rosidl_typesupport_introspection_cppExport.cmake
[0.894s] -- Up-to-date: /home/bluerov/ROS-Humble-BlueRov2-Driver/install/tritech_micron_interfaces/share/tritech_micron_interfaces/cmake/tritech_micron_interfaces__rosidl_typesupport_introspection_cppExport-noconfig.cmake
[0.894s] -- Up-to-date: /home/bluerov/ROS-Humble-BlueRov2-Driver/install/tritech_micron_interfaces/share/tritech_micron_interfaces/cmake/tritech_micron_interfaces__rosidl_typesupport_cppExport.cmake
[0.895s] -- Up-to-date: /home/bluerov/ROS-Humble-BlueRov2-Driver/install/tritech_micron_interfaces/share/tritech_micron_interfaces/cmake/tritech_micron_interfaces__rosidl_typesupport_cppExport-noconfig.cmake
[0.895s] -- Up-to-date: /home/bluerov/ROS-Humble-BlueRov2-Driver/install/tritech_micron_interfaces/share/tritech_micron_interfaces/cmake/export_tritech_micron_interfaces__rosidl_generator_pyExport.cmake
[0.895s] -- Up-to-date: /home/bluerov/ROS-Humble-BlueRov2-Driver/install/tritech_micron_interfaces/share/tritech_micron_interfaces/cmake/export_tritech_micron_interfaces__rosidl_generator_pyExport-noconfig.cmake
[0.895s] -- Up-to-date: /home/bluerov/ROS-Humble-BlueRov2-Driver/install/tritech_micron_interfaces/share/tritech_micron_interfaces/cmake/rosidl_cmake-extras.cmake
[0.895s] -- Up-to-date: /home/bluerov/ROS-Humble-BlueRov2-Driver/install/tritech_micron_interfaces/share/tritech_micron_interfaces/cmake/ament_cmake_export_dependencies-extras.cmake
[0.896s] -- Up-to-date: /home/bluerov/ROS-Humble-BlueRov2-Driver/install/tritech_micron_interfaces/share/tritech_micron_interfaces/cmake/ament_cmake_export_include_directories-extras.cmake
[0.896s] -- Up-to-date: /home/bluerov/ROS-Humble-BlueRov2-Driver/install/tritech_micron_interfaces/share/tritech_micron_interfaces/cmake/ament_cmake_export_libraries-extras.cmake
[0.896s] -- Up-to-date: /home/bluerov/ROS-Humble-BlueRov2-Driver/install/tritech_micron_interfaces/share/tritech_micron_interfaces/cmake/ament_cmake_export_targets-extras.cmake
[0.896s] -- Up-to-date: /home/bluerov/ROS-Humble-BlueRov2-Driver/install/tritech_micron_interfaces/share/tritech_micron_interfaces/cmake/rosidl_cmake_export_typesupport_targets-extras.cmake
[0.896s] -- Up-to-date: /home/bluerov/ROS-Humble-BlueRov2-Driver/install/tritech_micron_interfaces/share/tritech_micron_interfaces/cmake/rosidl_cmake_export_typesupport_libraries-extras.cmake
[0.896s] -- Up-to-date: /home/bluerov/ROS-Humble-BlueRov2-Driver/install/tritech_micron_interfaces/share/tritech_micron_interfaces/cmake/tritech_micron_interfacesConfig.cmake
[0.897s] -- Up-to-date: /home/bluerov/ROS-Humble-BlueRov2-Driver/install/tritech_micron_interfaces/share/tritech_micron_interfaces/cmake/tritech_micron_interfacesConfig-version.cmake
[0.897s] -- Up-to-date: /home/bluerov/ROS-Humble-BlueRov2-Driver/install/tritech_micron_interfaces/share/tritech_micron_interfaces/package.xml
[0.898s] Invoked command in '/home/bluerov/ROS-Humble-BlueRov2-Driver/build/tritech_micron_interfaces' returned '0': CMAKE_PREFIX_PATH=${CMAKE_PREFIX_PATH}:/home/bluerov/ROS-Humble-BlueRov2-Driver/install/tritech_micron:/home/bluerov/ROS-Humble-BlueRov2-Driver/install/bluerov2_controller:/opt/ros/humble /usr/bin/cmake --install /home/bluerov/ROS-Humble-BlueRov2-Driver/build/tritech_micron_interfaces
